533, 3984702, 1, 0
1066, 3166492, 1, 0
1567, 3012712, 1, 0
2023, 3730316, 1, 0
2511, 3718638, 1, 0
3051, 3391747, 1, 0
3522, 2936459, 1, 0
4034, 3280142, 1, 0
4536, 2851592, 1, 0
5020, 3287437, 1, 0
5583, 2926322, 1, 0
6102, 3214570, 1, 0
6604, 3384998, 1, 0
7090, 2979547, 1, 0
7562, 3224951, 1, 0
8033, 3512242, 1, 0
8549, 3051075, 1, 0
9019, 3145234, 1, 0
9573, 3815450, 1, 0
10016, 2526549, 1, 0
10516, 2871190, 1, 0
11062, 3430938, 1, 0
11590, 2972474, 1, 0
12100, 3440446, 1, 0
12520, 2913356, 1, 0
13007, 3652155, 1, 0
13540, 3523626, 1, 0
14057, 2313806, 1, 0
14532, 3614616, 1, 0
15016, 2863480, 1, 0
15575, 3467263, 1, 0
16011, 2861944, 1, 0
16561, 2652540, 1, 0
17039, 3023222, 1, 0
17535, 2893234, 1, 0
18023, 3061490, 1, 0
18574, 2851824, 1, 0
19030, 2706398, 1, 0
19626, 3626056, 1, 0
20054, 3650792, 1, 0
20553, 2874649, 1, 0
21043, 2966852, 1, 0
21585, 3073890, 1, 0
22073, 3428710, 1, 0
22533, 3020550, 1, 0
23034, 1425704, 1, 0
23599, 3593639, 1, 0
24016, 2787824, 1, 0
24527, 2533896, 1, 0
25042, 3928927, 1, 0
25516, 2110480, 1, 0
26043, 2658302, 1, 0
26571, 3176530, 1, 0
27027, 2327481, 1, 0
27581, 3450512, 1, 0
28007, 2739108, 1, 0
28561, 2755249, 1, 0
29035, 3166448, 1, 0
29584, 4087246, 1, 0
30068, 2955404, 1, 0
30598, 2809803, 1, 0
31045, 3098995, 1, 0
31532, 2879185, 1, 0
32018, 2889143, 1, 0
32538, 3012983, 1, 0
33013, 3032660, 1, 0
33568, 4235861, 1, 0
34025, 3216530, 1, 0
34517, 2942270, 1, 0
35090, 2961301, 1, 0
35505, 3036566, 1, 0
36065, 2970428, 1, 0
36518, 2914210, 1, 0
37028, 2927789, 1, 0
37508, 2712007, 1, 0
38001, 2749611, 1, 0
38576, 2897891, 1, 0
39011, 2663120, 1, 0
39511, 3080079, 1, 0
40054, 2900531, 1, 0
40537, 3172357, 1, 0
41015, 2522552, 1, 0
41561, 2900320, 1, 0
42035, 2811030, 1, 0
42509, 2902851, 1, 0
43034, 2549396, 1, 0
43546, 3216328, 1, 0
44078, 2638382, 1, 0
44502, 3230065, 1, 0
45008, 2703144, 1, 0
45512, 3180252, 1, 0
46094, 3109565, 1, 0
46547, 2646343, 1, 0
47030, 2652574, 1, 0
47519, 3233793, 1, 0
48018, 2698055, 1, 0
48582, 2625782, 1, 0
49063, 2591675, 1, 0
49567, 2294888, 1, 0
50020, 2688081, 1, 0
50532, 2838999, 1, 0
51004, 3799421, 1, 0
51607, 3662354, 1, 0
52034, 3379072, 1, 0
52609, 3250440, 1, 0
53018, 3371774, 1, 0
53515, 3205607, 1, 0
54099, 3018309, 1, 0
54557, 2876238, 1, 0
55029, 3294748, 1, 0
55571, 2839359, 1, 0
56015, 2340839, 1, 0
56576, 3397817, 1, 0
57004, 2997873, 1, 0
57593, 3328220, 1, 0
58130, 3752056, 1, 0
58517, 3112346, 1, 0
59008, 2951606, 1, 0
59558, 2678308, 1, 0
60014, 2916914, 1, 0
