516, 8018432, 1, 0
1003, 13142698, 1, 0
1503, 10618257, 1, 0
2011, 12448965, 1, 0
2507, 9130593, 1, 0
3004, 12077994, 1, 0
3520, 11511523, 1, 0
4013, 11804861, 1, 0
4514, 11417106, 1, 0
5008, 13450110, 1, 0
5516, 10845209, 1, 0
6000, 10335287, 1, 0
6513, 10262014, 1, 0
7011, 10953724, 1, 0
7523, 11882325, 1, 0
8002, 9802805, 1, 0
8504, 10664550, 1, 0
9007, 10061520, 1, 0
9512, 9500524, 1, 0
10025, 12201066, 1, 0
10510, 10146904, 1, 0
11003, 8933742, 1, 0
11511, 13485044, 1, 0
12018, 12674485, 1, 0
12525, 11020349, 1, 0
13012, 10941212, 1, 0
13526, 11472623, 1, 0
14002, 10280973, 1, 0
14516, 12064213, 1, 0
15000, 10619387, 1, 0
15506, 11347469, 1, 0
16025, 11331217, 1, 0
16512, 10379442, 1, 0
17000, 10056669, 1, 0
17507, 8920185, 1, 0
18014, 10142074, 1, 0
18505, 9918244, 1, 0
19013, 8880698, 1, 0
19502, 10554983, 1, 0
20004, 10691857, 1, 0
20500, 11005286, 1, 0
21016, 11696076, 1, 0
21513, 12945630, 1, 0
22000, 11379672, 1, 0
22504, 8439583, 1, 0
23007, 10656448, 1, 0
23509, 10189261, 1, 0
24006, 8764132, 1, 0
24513, 11728154, 1, 0
25020, 8329761, 1, 0
25507, 11573718, 1, 0
26000, 11091238, 1, 0
26517, 11979128, 1, 0
27000, 11075459, 1, 0
27500, 11922254, 1, 0
28000, 10686114, 1, 0
28505, 9662369, 1, 0
29000, 9865501, 1, 0
29506, 11986405, 1, 0
30013, 8718939, 1, 0
30512, 11759030, 1, 0
31010, 11770075, 1, 0
31523, 10816889, 1, 0
32016, 12737343, 1, 0
32520, 10568615, 1, 0
33003, 11330091, 1, 0
33503, 9624116, 1, 0
34000, 11059517, 1, 0
34503, 11340309, 1, 0
35025, 10624021, 1, 0
35508, 11054448, 1, 0
36001, 9414144, 1, 0
36507, 11518911, 1, 0
37021, 11547767, 1, 0
37500, 10840365, 1, 0
38000, 11475458, 1, 0
38510, 10546667, 1, 0
39001, 10431544, 1, 0
39508, 9183692, 1, 0
40005, 11108216, 1, 0
40505, 11103670, 1, 0
41012, 10326307, 1, 0
41501, 9794783, 1, 0
42011, 13560411, 1, 0
42515, 9223138, 1, 0
43008, 11812964, 1, 0
43514, 8942390, 1, 0
44012, 10523268, 1, 0
44508, 11919811, 1, 0
45007, 12224815, 1, 0
45504, 11643847, 1, 0
46001, 11260513, 1, 0
46505, 12161839, 1, 0
47012, 10827680, 1, 0
47527, 12378219, 1, 0
48023, 9084030, 1, 0
48532, 10924579, 1, 0
49010, 10897553, 1, 0
49510, 11975711, 1, 0
50001, 11731665, 1, 0
50524, 11015477, 1, 0
51008, 10275567, 1, 0
51501, 11819464, 1, 0
52004, 10666639, 1, 0
52513, 11935015, 1, 0
53001, 9340888, 1, 0
53515, 10911532, 1, 0
54002, 10514532, 1, 0
54504, 9488728, 1, 0
55007, 10244512, 1, 0
55512, 9183714, 1, 0
56001, 10197995, 1, 0
56500, 10931515, 1, 0
57001, 10471927, 1, 0
57507, 10948251, 1, 0
58003, 10743938, 1, 0
58502, 10627619, 1, 0
59012, 10273355, 1, 0
59532, 10325280, 1, 0
60001, 9007418, 1, 0
60009, 29937491, 1, 0
