559, 3943746, 1, 0
1007, 2344888, 1, 0
1522, 3024179, 1, 0
2003, 3043182, 1, 0
2524, 3093269, 1, 0
3062, 3158294, 1, 0
3589, 2975650, 1, 0
4116, 3247156, 1, 0
4520, 3038741, 1, 0
5027, 3203311, 1, 0
5546, 3102856, 1, 0
6088, 3346251, 1, 0
6509, 3180383, 1, 0
7023, 3004814, 1, 0
7569, 3244234, 1, 0
8079, 3067827, 1, 0
8521, 2645469, 1, 0
9072, 2707825, 1, 0
9520, 2760574, 1, 0
10062, 3473381, 1, 0
10569, 2894210, 1, 0
11083, 3056401, 1, 0
11500, 2791631, 1, 0
12017, 3018612, 1, 0
12527, 3310955, 1, 0
13072, 3296627, 1, 0
13508, 3063961, 1, 0
14076, 2822330, 1, 0
14570, 3688111, 1, 0
15066, 3035220, 1, 0
15591, 3239067, 1, 0
16019, 3241728, 1, 0
16524, 3254450, 1, 0
17062, 2753906, 1, 0
17522, 2688629, 1, 0
18013, 3629720, 1, 0
18528, 3235350, 1, 0
19028, 2901020, 1, 0
19567, 2763803, 1, 0
20068, 2960787, 1, 0
20582, 3127062, 1, 0
21098, 5006625, 1, 0
21504, 3048652, 1, 0
22018, 2881189, 1, 0
22534, 3346232, 1, 0
23049, 2719542, 1, 0
23571, 3107413, 1, 0
24004, 3045883, 1, 0
24566, 2984607, 1, 0
25000, 2377247, 1, 0
25519, 2727466, 1, 0
26058, 2911021, 1, 0
26547, 2853419, 1, 0
27008, 2842901, 1, 0
27589, 3119696, 1, 0
28018, 2892074, 1, 0
28528, 3053365, 1, 0
29022, 2884604, 1, 0
29565, 3248467, 1, 0
30014, 2411372, 1, 0
30583, 2784006, 1, 0
31013, 3204864, 1, 0
31607, 3013136, 1, 0
32012, 2059262, 1, 0
32548, 2877852, 1, 0
33070, 3181245, 1, 0
33501, 2472096, 1, 0
34017, 3182056, 1, 0
34558, 2513056, 1, 0
35069, 3127596, 1, 0
35586, 3111520, 1, 0
36011, 2925432, 1, 0
36550, 3385646, 1, 0
37038, 2972724, 1, 0
37545, 2914039, 1, 0
38088, 2246234, 1, 0
38568, 2773340, 1, 0
39081, 3063631, 1, 0
39564, 2787428, 1, 0
40094, 3189705, 1, 0
40540, 2700570, 1, 0
41044, 2645678, 1, 0
41602, 2934027, 1, 0
42072, 3753564, 1, 0
42555, 3655433, 1, 0
43052, 2974601, 1, 0
43579, 3093637, 1, 0
44081, 2710512, 1, 0
44556, 3163030, 1, 0
45077, 3099812, 1, 0
45543, 2977313, 1, 0
46088, 2735225, 1, 0
46576, 2502964, 1, 0
47014, 3263950, 1, 0
47532, 3858145, 1, 0
48022, 2948302, 1, 0
48556, 2629037, 1, 0
49070, 3114683, 1, 0
49563, 2925803, 1, 0
50133, 3293824, 1, 0
50502, 3093498, 1, 0
51009, 3358825, 1, 0
51552, 3224109, 1, 0
52024, 2948516, 1, 0
52505, 2255588, 1, 0
53076, 2809830, 1, 0
53565, 2567447, 1, 0
54062, 3307999, 1, 0
54581, 2961631, 1, 0
55001, 3280167, 1, 0
55523, 2832765, 1, 0
56034, 2946904, 1, 0
56547, 2768163, 1, 0
57038, 2536941, 1, 0
57503, 2665045, 1, 0
58083, 3101491, 1, 0
58569, 2901465, 1, 0
59079, 3035536, 1, 0
59640, 3455270, 1, 0
60010, 2698167, 1, 0
