574, 4211658, 1, 0
1020, 2682029, 1, 0
1540, 3107650, 1, 0
2035, 2602849, 1, 0
2571, 3094734, 1, 0
3085, 3151723, 1, 0
3521, 3344581, 1, 0
4013, 2795456, 1, 0
4578, 2343235, 1, 0
5102, 3004456, 1, 0
5512, 2862353, 1, 0
6072, 3075220, 1, 0
6503, 3186708, 1, 0
7017, 2982572, 1, 0
7555, 2970962, 1, 0
8063, 3109902, 1, 0
8587, 3174516, 1, 0
9027, 2987454, 1, 0
9604, 3475439, 1, 0
10011, 3074824, 1, 0
10529, 3045949, 1, 0
11042, 3049128, 1, 0
11558, 3085737, 1, 0
12070, 3078379, 1, 0
12501, 3168084, 1, 0
13030, 3342120, 1, 0
13558, 2898971, 1, 0
14047, 2805495, 1, 0
14547, 2490939, 1, 0
15069, 2851030, 1, 0
15586, 3125444, 1, 0
16005, 3221455, 1, 0
16608, 2736486, 1, 0
17011, 3151015, 1, 0
17608, 3205658, 1, 0
18083, 3018357, 1, 0
18593, 3053211, 1, 0
19013, 2127412, 1, 0
19553, 3304179, 1, 0
20044, 3225422, 1, 0
20595, 3220555, 1, 0
21037, 2253729, 1, 0
21562, 3295234, 1, 0
22058, 2986209, 1, 0
22581, 3265318, 1, 0
23115, 3100151, 1, 0
23531, 3027190, 1, 0
24063, 3144909, 1, 0
24537, 2800573, 1, 0
25084, 2772962, 1, 0
25513, 3019769, 1, 0
26025, 3076196, 1, 0
26533, 3110872, 1, 0
27022, 2481703, 1, 0
27564, 3056316, 1, 0
28004, 2816466, 1, 0
28523, 3012372, 1, 0
29035, 2969815, 1, 0
29598, 2913812, 1, 0
30029, 3011122, 1, 0
30502, 2360572, 1, 0
31008, 2990582, 1, 0
31516, 2935959, 1, 0
32063, 3433449, 1, 0
32608, 3276462, 1, 0
33020, 3263538, 1, 0
33536, 2592132, 1, 0
34057, 3131946, 1, 0
34560, 3182110, 1, 0
35073, 2018724, 1, 0
35589, 3051940, 1, 0
36026, 3328615, 1, 0
36564, 3358566, 1, 0
37068, 2925648, 1, 0
37564, 2880204, 1, 0
38082, 2994480, 1, 0
38562, 2868249, 1, 0
39067, 2949096, 1, 0
39532, 2829197, 1, 0
40059, 3230906, 1, 0
40575, 2863124, 1, 0
41006, 2816153, 1, 0
41669, 3278069, 1, 0
42020, 3611680, 1, 0
42505, 3673714, 1, 0
43037, 3639950, 1, 0
43565, 3135747, 1, 0
44117, 3304157, 1, 0
44522, 3484927, 1, 0
45040, 3140240, 1, 0
45591, 3161572, 1, 0
46042, 3466489, 1, 0
46549, 1707680, 1, 0
47135, 3061369, 1, 0
47598, 3104707, 1, 0
48077, 2765115, 1, 0
48506, 3454961, 1, 0
49021, 3059641, 1, 0
49595, 2911004, 1, 0
50030, 3143544, 1, 0
50616, 3465837, 1, 0
51040, 3279705, 1, 0
51582, 3205125, 1, 0
52046, 3153954, 1, 0
52544, 3826131, 1, 0
53035, 3500415, 1, 0
53546, 1930558, 1, 0
54011, 2119949, 1, 0
54522, 3041436, 1, 0
55059, 3081537, 1, 0
55564, 3059483, 1, 0
56071, 2891297, 1, 0
56577, 2605108, 1, 0
57070, 2840203, 1, 0
57521, 2664499, 1, 0
58024, 3041480, 1, 0
58516, 3034303, 1, 0
59033, 3333411, 1, 0
59517, 2418840, 1, 0
60004, 1674396, 1, 0
