494, 283, 1, 0
995, 307, 1, 0
1493, 290, 1, 0
1994, 352, 1, 0
2495, 315, 1, 0
2994, 307, 1, 0
3496, 383, 1, 0
3993, 302, 1, 0
4494, 240, 1, 0
4995, 268, 1, 0
5493, 277, 1, 0
5996, 280, 1, 0
6493, 310, 1, 0
6994, 301, 1, 0
7495, 321, 1, 0
7993, 310, 1, 0
8494, 315, 1, 0
8995, 307, 1, 0
9494, 281, 1, 0
9995, 290, 1, 0
10493, 365, 1, 0
10996, 262, 1, 0
11495, 309, 1, 0
11994, 297, 1, 0
12495, 272, 1, 0
12994, 419, 1, 0
13496, 227, 1, 0
13995, 226, 1, 0
14494, 329, 1, 0
14995, 258, 1, 0
15494, 251, 1, 0
15996, 258, 1, 0
16495, 303, 1, 0
16994, 331, 1, 0
17495, 351, 1, 0
17993, 350, 1, 0
18496, 298, 1, 0
18995, 278, 1, 0
19494, 301, 1, 0
19995, 341, 1, 0
20493, 245, 1, 0
20996, 322, 1, 0
21495, 268, 1, 0
21994, 248, 1, 0
22495, 321, 1, 0
22993, 255, 1, 0
23496, 268, 1, 0
23993, 352, 1, 0
24494, 303, 1, 0
24995, 305, 1, 0
25493, 328, 1, 0
25996, 258, 1, 0
26493, 296, 1, 0
26994, 251, 1, 0
27495, 331, 1, 0
27993, 253, 1, 0
28496, 334, 1, 0
28995, 210, 1, 0
29494, 238, 1, 0
29995, 303, 1, 0
30493, 231, 1, 0
30996, 278, 1, 0
31493, 352, 1, 0
31994, 244, 1, 0
32495, 272, 1, 0
32993, 314, 1, 0
33496, 362, 1, 0
33995, 256, 1, 0
34494, 317, 1, 0
34995, 290, 1, 0
35493, 292, 1, 0
35996, 310, 1, 0
36495, 254, 1, 0
36994, 321, 1, 0
37495, 311, 1, 0
37993, 261, 1, 0
38494, 283, 1, 0
38995, 335, 1, 0
39494, 271, 1, 0
39995, 278, 1, 0
40494, 352, 1, 0
40996, 245, 1, 0
41493, 344, 1, 0
41994, 287, 1, 0
42495, 248, 1, 0
42994, 331, 1, 0
43496, 290, 1, 0
43993, 212, 1, 0
44494, 265, 1, 0
44995, 278, 1, 0
45494, 224, 1, 0
45996, 300, 1, 0
46493, 288, 1, 0
46994, 317, 1, 0
47495, 353, 1, 0
47994, 236, 1, 0
48496, 278, 1, 0
48993, 340, 1, 0
49494, 331, 1, 0
49995, 290, 1, 0
50494, 363, 1, 0
50996, 288, 1, 0
51495, 230, 1, 0
51994, 329, 1, 0
52495, 313, 1, 0
52993, 304, 1, 0
53496, 294, 1, 0
53995, 280, 1, 0
54493, 330, 1, 0
54996, 254, 1, 0
55495, 280, 1, 0
55994, 358, 1, 0
56495, 294, 1, 0
56993, 361, 1, 0
57494, 234, 1, 0
57995, 274, 1, 0
58494, 297, 1, 0
58996, 211, 1, 0
59495, 315, 1, 0
59994, 291, 1, 0
