507, 3932173, 1, 0
1005, 6481939, 1, 0
1502, 6409038, 1, 0
2008, 6424694, 1, 0
2504, 6045811, 1, 0
3000, 6082149, 1, 0
3514, 7579564, 1, 0
4013, 6430953, 1, 0
4505, 5521769, 1, 0
5007, 7325055, 1, 0
5504, 5889661, 1, 0
6000, 5720056, 1, 0
6500, 7523392, 1, 0
7008, 7320115, 1, 0
7504, 5994097, 1, 0
8006, 5381171, 1, 0
8502, 6172912, 1, 0
9000, 5427305, 1, 0
9506, 5437441, 1, 0
10009, 7578093, 1, 0
10503, 6626372, 1, 0
11008, 5498259, 1, 0
11514, 6085075, 1, 0
12005, 5576886, 1, 0
12500, 6563832, 1, 0
13010, 6024824, 1, 0
13511, 5511166, 1, 0
14009, 6241240, 1, 0
14507, 5598672, 1, 0
15006, 6487286, 1, 0
15500, 6398454, 1, 0
16004, 5242614, 1, 0
16504, 6201730, 1, 0
17000, 6377653, 1, 0
17502, 5929024, 1, 0
18000, 5460083, 1, 0
18509, 6326598, 1, 0
19005, 6166475, 1, 0
19502, 6563353, 1, 0
20002, 6199787, 1, 0
20500, 6481700, 1, 0
21006, 5857045, 1, 0
21506, 6022929, 1, 0
22007, 5687910, 1, 0
22504, 5924455, 1, 0
23005, 5317627, 1, 0
23502, 6282771, 1, 0
24004, 6517056, 1, 0
24509, 6506416, 1, 0
25008, 5915159, 1, 0
25502, 6263062, 1, 0
26011, 6075708, 1, 0
26504, 5147744, 1, 0
27008, 5744531, 1, 0
27500, 6213585, 1, 0
28001, 6224466, 1, 0
28509, 5726759, 1, 0
29000, 4741067, 1, 0
29500, 6143293, 1, 0
30002, 6113225, 1, 0
30511, 5978008, 1, 0
31013, 5494656, 1, 0
31500, 5404081, 1, 0
32003, 6399762, 1, 0
32507, 5678443, 1, 0
33003, 6120568, 1, 0
33502, 7172442, 1, 0
34000, 6836379, 1, 0
34505, 5504060, 1, 0
35011, 6462777, 1, 0
35518, 5956919, 1, 0
36001, 6319653, 1, 0
36511, 6223616, 1, 0
37010, 5454612, 1, 0
37505, 5766614, 1, 0
38003, 6202341, 1, 0
38501, 5743777, 1, 0
39001, 5756025, 1, 0
39515, 5874278, 1, 0
40007, 6404472, 1, 0
40506, 6352459, 1, 0
41016, 6761516, 1, 0
41512, 8266191, 1, 0
42001, 5710920, 1, 0
42502, 5130266, 1, 0
43000, 6370668, 1, 0
43503, 6227725, 1, 0
44005, 6606630, 1, 0
44508, 5789954, 1, 0
45005, 5172940, 1, 0
45500, 5920305, 1, 0
46013, 6185904, 1, 0
46506, 6392694, 1, 0
47011, 5297046, 1, 0
47502, 5301740, 1, 0
48006, 6611021, 1, 0
48502, 7050196, 1, 0
49018, 6517806, 1, 0
49501, 6616380, 1, 0
50002, 5570258, 1, 0
50507, 5430337, 1, 0
51009, 6758063, 1, 0
51500, 5048823, 1, 0
52005, 5020821, 1, 0
52503, 7584437, 1, 0
53010, 6447245, 1, 0
53508, 5964364, 1, 0
54000, 6045513, 1, 0
54503, 6397297, 1, 0
55017, 7666321, 1, 0
55507, 6076956, 1, 0
56000, 5108253, 1, 0
56506, 5413121, 1, 0
57002, 5416802, 1, 0
57502, 4651578, 1, 0
58002, 6249534, 1, 0
58507, 5617073, 1, 0
59012, 6557183, 1, 0
59500, 6341410, 1, 0
60002, 6565260, 1, 0
60010, 16685483, 1, 0
