508, 20983274, 1, 0
1003, 23440057, 1, 0
1516, 24594902, 1, 0
2000, 22142615, 1, 0
2502, 21530104, 1, 0
3063, 23403594, 1, 0
3520, 22613522, 1, 0
4060, 22194053, 1, 0
4504, 20171099, 1, 0
5004, 24467525, 1, 0
5500, 26372361, 1, 0
6017, 22353324, 1, 0
6520, 19913734, 1, 0
7060, 25798921, 1, 0
7500, 18528495, 1, 0
8011, 24492813, 1, 0
8517, 20574633, 1, 0
9005, 19022013, 1, 0
9534, 22399490, 1, 0
10001, 16314584, 1, 0
10509, 23590372, 1, 0
11008, 23808140, 1, 0
11528, 25160920, 1, 0
12038, 25909649, 1, 0
12538, 24988848, 1, 0
13047, 25208236, 1, 0
13506, 19026003, 1, 0
14048, 24049670, 1, 0
14509, 20215829, 1, 0
15021, 22156373, 1, 0
15511, 22143455, 1, 0
16009, 23111282, 1, 0
16500, 23439924, 1, 0
17045, 18692069, 1, 0
17563, 26018062, 1, 0
18044, 24811749, 1, 0
18502, 20882382, 1, 0
19035, 22434557, 1, 0
19547, 21545328, 1, 0
20006, 22581956, 1, 0
20504, 23709069, 1, 0
21012, 24982285, 1, 0
21528, 23386962, 1, 0
22013, 25188144, 1, 0
22505, 29556676, 1, 0
23077, 21720170, 1, 0
23527, 23062905, 1, 0
24000, 20450589, 1, 0
24541, 25333522, 1, 0
25014, 23764082, 1, 0
25560, 21016819, 1, 0
26003, 20362673, 1, 0
26533, 22640176, 1, 0
27049, 23814845, 1, 0
27518, 25965701, 1, 0
28007, 18687981, 1, 0
28504, 23760118, 1, 0
29007, 20342368, 1, 0
29557, 23901146, 1, 0
30005, 20111522, 1, 0
30536, 23755075, 1, 0
31006, 22547171, 1, 0
31516, 19490038, 1, 0
32049, 20645977, 1, 0
32520, 22420495, 1, 0
33003, 18686826, 1, 0
33505, 22869877, 1, 0
34028, 21611019, 1, 0
34509, 23993971, 1, 0
35001, 20202439, 1, 0
35525, 20538152, 1, 0
36039, 24929169, 1, 0
36546, 22266189, 1, 0
37011, 22245038, 1, 0
37506, 21942237, 1, 0
38007, 17843316, 1, 0
38529, 20360732, 1, 0
39000, 22486648, 1, 0
39503, 21449157, 1, 0
40018, 21080025, 1, 0
40502, 23441807, 1, 0
41045, 21219909, 1, 0
41524, 20179443, 1, 0
42005, 17745405, 1, 0
42501, 21619015, 1, 0
43001, 17371098, 1, 0
43500, 20232387, 1, 0
44001, 21601622, 1, 0
44519, 21667470, 1, 0
45011, 21022964, 1, 0
45530, 21871743, 1, 0
46028, 20550728, 1, 0
46567, 21605963, 1, 0
47016, 25149896, 1, 0
47511, 19069278, 1, 0
48004, 23205428, 1, 0
48558, 21499327, 1, 0
49055, 20397142, 1, 0
49553, 21999924, 1, 0
50046, 20137310, 1, 0
50549, 19123078, 1, 0
51034, 19644666, 1, 0
51519, 22407146, 1, 0
52020, 21786572, 1, 0
52506, 22974333, 1, 0
53059, 21029561, 1, 0
53516, 23060264, 1, 0
54000, 21155057, 1, 0
54526, 20571990, 1, 0
55001, 22029970, 1, 0
55502, 20446680, 1, 0
56012, 19883565, 1, 0
56505, 19424555, 1, 0
57018, 20995577, 1, 0
57534, 19135372, 1, 0
58041, 20526019, 1, 0
58501, 16876324, 1, 0
59016, 19364797, 1, 0
59517, 20357224, 1, 0
60015, 17144526, 1, 0
60033, 55656246, 1, 0
