508, 1545170, 1, 0
1062, 2091383, 1, 0
1565, 2907686, 1, 0
2006, 1716638, 1, 0
2500, 1947753, 1, 0
3009, 2417302, 1, 0
3502, 1920965, 1, 0
4078, 2398080, 1, 0
4502, 2182827, 1, 0
5041, 2909747, 1, 0
5544, 1787227, 1, 0
6000, 1907372, 1, 0
6512, 1929844, 1, 0
7005, 2087034, 1, 0
7512, 1961316, 1, 0
8022, 3172007, 1, 0
8522, 2458551, 1, 0
9004, 2079298, 1, 0
9526, 1451533, 1, 0
10038, 2733430, 1, 0
10556, 2549772, 1, 0
11054, 2860343, 1, 0
11501, 2300794, 1, 0
12068, 2607504, 1, 0
12500, 1574066, 1, 0
13002, 2266578, 1, 0
13525, 2405172, 1, 0
14024, 2175922, 1, 0
14502, 1773127, 1, 0
15021, 1127575, 1, 0
15501, 1923674, 1, 0
16008, 1410694, 1, 0
16519, 1517358, 1, 0
17037, 1666189, 1, 0
17545, 2337871, 1, 0
18035, 2412670, 1, 0
18537, 1798362, 1, 0
19028, 2052438, 1, 0
19530, 1933025, 1, 0
20069, 2458723, 1, 0
20533, 2205457, 1, 0
21013, 2036546, 1, 0
21500, 2981820, 1, 0
22005, 1751179, 1, 0
22515, 2114991, 1, 0
23006, 2271634, 1, 0
23502, 1915643, 1, 0
24001, 1699313, 1, 0
24524, 1963701, 1, 0
25006, 1739790, 1, 0
25515, 2775285, 1, 0
26034, 1699616, 1, 0
26534, 2337274, 1, 0
27041, 2339699, 1, 0
27503, 2171751, 1, 0
28007, 2336702, 1, 0
28517, 1876864, 1, 0
29063, 2447003, 1, 0
29568, 2974511, 1, 0
30000, 1999530, 1, 0
30502, 2286027, 1, 0
31053, 2276799, 1, 0
31500, 2138936, 1, 0
32013, 2051836, 1, 0
32575, 2483493, 1, 0
33003, 1802383, 1, 0
33504, 2121810, 1, 0
34020, 1744666, 1, 0
34510, 1411382, 1, 0
35002, 1694084, 1, 0
35500, 2144627, 1, 0
36012, 2346627, 1, 0
36511, 2368361, 1, 0
37036, 1779113, 1, 0
37503, 1784053, 1, 0
38049, 2367405, 1, 0
38546, 2730666, 1, 0
39000, 1408118, 1, 0
39522, 2986334, 1, 0
40019, 2649834, 1, 0
40540, 2235939, 1, 0
41001, 2488760, 1, 0
41506, 2950649, 1, 0
42006, 2134734, 1, 0
42570, 2347427, 1, 0
43001, 1835457, 1, 0
43540, 1832315, 1, 0
44000, 1914675, 1, 0
44530, 1889370, 1, 0
45013, 2537239, 1, 0
45531, 2354001, 1, 0
46020, 2111980, 1, 0
46503, 1779498, 1, 0
47008, 2642198, 1, 0
47531, 1730640, 1, 0
48004, 1346128, 1, 0
48578, 2385140, 1, 0
49020, 2379835, 1, 0
49526, 2571958, 1, 0
50022, 2328834, 1, 0
50541, 2065178, 1, 0
51019, 1806484, 1, 0
51503, 1248939, 1, 0
52002, 1969156, 1, 0
52501, 1583961, 1, 0
53015, 1877188, 1, 0
53517, 2278042, 1, 0
54004, 2254832, 1, 0
54518, 1330854, 1, 0
55043, 1718272, 1, 0
55509, 1806129, 1, 0
56005, 1853958, 1, 0
56505, 2066083, 1, 0
57010, 1926463, 1, 0
57544, 2170415, 1, 0
58025, 1668212, 1, 0
58500, 1946916, 1, 0
59044, 2287199, 1, 0
59556, 2278068, 1, 0
60024, 1668575, 1, 0
