500, 3178166, 1, 0
1002, 3548000, 1, 0
1505, 3036637, 1, 0
2000, 3068688, 1, 0
2500, 3390524, 1, 0
3006, 2771561, 1, 0
3506, 3078199, 1, 0
4000, 3262768, 1, 0
4503, 3134912, 1, 0
5007, 3809232, 1, 0
5500, 3938370, 1, 0
6002, 4071685, 1, 0
6505, 3304121, 1, 0
7003, 3705276, 1, 0
7503, 2883927, 1, 0
8003, 2969222, 1, 0
8502, 2977234, 1, 0
9000, 3166347, 1, 0
9504, 3046508, 1, 0
10004, 2624150, 1, 0
10504, 2749508, 1, 0
11000, 3320247, 1, 0
11500, 3419682, 1, 0
12001, 3141567, 1, 0
12502, 3468495, 1, 0
13007, 3107375, 1, 0
13503, 4094417, 1, 0
14001, 3471345, 1, 0
14506, 3429300, 1, 0
15002, 4021494, 1, 0
15501, 4658729, 1, 0
16007, 3191328, 1, 0
16505, 2777379, 1, 0
17006, 3119110, 1, 0
17500, 2416747, 1, 0
18003, 3556431, 1, 0
18508, 3333963, 1, 0
19005, 4554951, 1, 0
19502, 3280841, 1, 0
20017, 2987446, 1, 0
20506, 3368149, 1, 0
21005, 3711066, 1, 0
21503, 3451250, 1, 0
22007, 3595419, 1, 0
22503, 3865162, 1, 0
23001, 4435537, 1, 0
23552, 3434313, 1, 0
24006, 2941007, 1, 0
24506, 2846995, 1, 0
25004, 3579895, 1, 0
25503, 3433416, 1, 0
26000, 3420181, 1, 0
26507, 3555972, 1, 0
27006, 3860457, 1, 0
27508, 3343577, 1, 0
28006, 2709642, 1, 0
28503, 3757265, 1, 0
29005, 3796742, 1, 0
29504, 2943435, 1, 0
30003, 4019618, 1, 0
30504, 3142973, 1, 0
31007, 2869221, 1, 0
31501, 3020673, 1, 0
32000, 3383437, 1, 0
32502, 2812544, 1, 0
33000, 3085329, 1, 0
33507, 2517073, 1, 0
34005, 3977085, 1, 0
34504, 2669898, 1, 0
35008, 3351975, 1, 0
35500, 3088241, 1, 0
36001, 2536628, 1, 0
36506, 3148664, 1, 0
37005, 3339447, 1, 0
37502, 3414728, 1, 0
38025, 4356942, 1, 0
38508, 3317437, 1, 0
39007, 3833088, 1, 0
39544, 4427752, 1, 0
40004, 2716315, 1, 0
40587, 3285291, 1, 0
41016, 3657647, 1, 0
41505, 2589391, 1, 0
42001, 4096729, 1, 0
42504, 3278900, 1, 0
43008, 2683548, 1, 0
43567, 4227001, 1, 0
44000, 4241066, 1, 0
44504, 3224701, 1, 0
45066, 4635621, 1, 0
45507, 4191196, 1, 0
46003, 3360892, 1, 0
46507, 4303650, 1, 0
47001, 3790620, 1, 0
47507, 3112634, 1, 0
48019, 4296786, 1, 0
48504, 4003164, 1, 0
49007, 2915287, 1, 0
49500, 3107070, 1, 0
50001, 3680550, 1, 0
50503, 3909406, 1, 0
51004, 3787155, 1, 0
51504, 4617256, 1, 0
52000, 3298537, 1, 0
52555, 3164501, 1, 0
53001, 2908352, 1, 0
53503, 3317374, 1, 0
54000, 3877843, 1, 0
54506, 3299513, 1, 0
55002, 4759859, 1, 0
55504, 4175786, 1, 0
56003, 3432617, 1, 0
56502, 2877249, 1, 0
57008, 3074499, 1, 0
57500, 4275141, 1, 0
58008, 4020492, 1, 0
58503, 3663066, 1, 0
59008, 4660588, 1, 0
59501, 3700698, 1, 0
60004, 3212129, 1, 0
