566, 102401390, 1, 0
1071, 97555279, 1, 0
1501, 78320603, 1, 0
2017, 81562231, 1, 0
2508, 73208201, 1, 0
3080, 101492686, 1, 0
3545, 93501037, 1, 0
4092, 69079774, 1, 0
4576, 101453769, 1, 0
5057, 93765483, 1, 0
5541, 92201766, 1, 0
6053, 92367517, 1, 0
6546, 94071558, 1, 0
7023, 97323597, 1, 0
7586, 92587387, 1, 0
8046, 97961453, 1, 0
8562, 82263150, 1, 0
9050, 88151846, 1, 0
9526, 85401289, 1, 0
10078, 72820818, 1, 0
10561, 98826777, 1, 0
11050, 93575968, 1, 0
11550, 68203174, 1, 0
12078, 115421714, 1, 0
12500, 99010473, 1, 0
13078, 101654974, 1, 0
13542, 83082397, 1, 0
14096, 99637529, 1, 0
14574, 90666422, 1, 0
15047, 108158360, 1, 0
15500, 111618207, 1, 0
16051, 104011082, 1, 0
16583, 102641836, 1, 0
17079, 101488728, 1, 0
17559, 94633226, 1, 0
18055, 93726666, 1, 0
18575, 115710828, 1, 0
19044, 81464222, 1, 0
19528, 79090729, 1, 0
20060, 75631622, 1, 0
20564, 101991769, 1, 0
21057, 101709529, 1, 0
21597, 101090372, 1, 0
22084, 82091897, 1, 0
22555, 90441449, 1, 0
23026, 106426563, 1, 0
23549, 96443333, 1, 0
24039, 84964287, 1, 0
24582, 102998569, 1, 0
25067, 87265441, 1, 0
25571, 85603774, 1, 0
26020, 71917699, 1, 0
26539, 90695484, 1, 0
27065, 103275654, 1, 0
27575, 76911825, 1, 0
28068, 106914660, 1, 0
28534, 73699033, 1, 0
29062, 88894446, 1, 0
29526, 74755850, 1, 0
30081, 81729846, 1, 0
30557, 87635414, 1, 0
31014, 91551176, 1, 0
31517, 90623807, 1, 0
32002, 91839211, 1, 0
32515, 98292452, 1, 0
33014, 82889876, 1, 0
33536, 124102468, 1, 0
34078, 106424632, 1, 0
34567, 103259021, 1, 0
35048, 85823830, 1, 0
35572, 100434580, 1, 0
36009, 90344810, 1, 0
36564, 84161350, 1, 0
37027, 79536576, 1, 0
37548, 90711927, 1, 0
38080, 95814398, 1, 0
38536, 101739088, 1, 0
39072, 88270770, 1, 0
39552, 95516303, 1, 0
40031, 84794127, 1, 0
40514, 96961666, 1, 0
41040, 86413550, 1, 0
41502, 90123143, 1, 0
42065, 91338216, 1, 0
42594, 97949107, 1, 0
43020, 121743588, 1, 0
43565, 80691361, 1, 0
44073, 116051154, 1, 0
44610, 96212621, 1, 0
45084, 79833812, 1, 0
45578, 117385267, 1, 0
46009, 97814766, 1, 0
46579, 81903153, 1, 0
47053, 99047199, 1, 0
47535, 87849489, 1, 0
48043, 76438918, 1, 0
48503, 98260760, 1, 0
49023, 80142515, 1, 0
49519, 72961245, 1, 0
50071, 96080268, 1, 0
50500, 93106562, 1, 0
51092, 99265368, 1, 0
51529, 97700388, 1, 0
52065, 83091603, 1, 0
52524, 88175755, 1, 0
53014, 92048690, 1, 0
53585, 96981085, 1, 0
54058, 87337764, 1, 0
54516, 108888329, 1, 0
55005, 92065829, 1, 0
55578, 66564090, 1, 0
56066, 85991670, 1, 0
56544, 88168437, 1, 0
57003, 86014434, 1, 0
57528, 80411333, 1, 0
58108, 95133943, 1, 0
58575, 93946227, 1, 0
59074, 90178381, 1, 0
59526, 85960718, 1, 0
60001, 83445021, 1, 0
60019, 26932479, 1, 0
