496, 292, 1, 0
996, 318, 1, 0
1495, 349, 1, 0
1996, 296, 1, 0
2496, 298, 1, 0
2996, 352, 1, 0
3495, 339, 1, 0
3996, 294, 1, 0
4496, 362, 1, 0
4996, 308, 1, 0
5496, 360, 1, 0
5996, 280, 1, 0
6496, 336, 1, 0
6996, 300, 1, 0
7496, 348, 1, 0
7996, 350, 1, 0
8496, 368, 1, 0
8996, 395, 1, 0
9495, 428, 1, 0
9996, 274, 1, 0
10496, 266, 1, 0
10996, 318, 1, 0
11496, 411, 1, 0
11995, 242, 1, 0
12496, 445, 1, 0
12996, 338, 1, 0
13496, 330, 1, 0
13996, 360, 1, 0
14496, 429, 1, 0
14996, 350, 1, 0
15496, 397, 1, 0
15996, 356, 1, 0
16496, 284, 1, 0
16996, 338, 1, 0
17496, 292, 1, 0
17996, 296, 1, 0
18496, 415, 1, 0
18996, 298, 1, 0
19496, 326, 1, 0
19996, 377, 1, 0
20496, 314, 1, 0
20996, 336, 1, 0
21495, 365, 1, 0
21996, 284, 1, 0
22496, 391, 1, 0
22995, 290, 1, 0
23496, 338, 1, 0
23996, 364, 1, 0
24496, 328, 1, 0
24996, 338, 1, 0
25496, 332, 1, 0
25996, 334, 1, 0
26496, 310, 1, 0
26995, 337, 1, 0
27496, 346, 1, 0
27996, 324, 1, 0
28496, 306, 1, 0
28995, 335, 1, 0
29496, 350, 1, 0
29996, 254, 1, 0
30496, 360, 1, 0
30996, 340, 1, 0
31496, 286, 1, 0
31996, 352, 1, 0
32496, 280, 1, 0
32996, 346, 1, 0
33496, 340, 1, 0
33995, 339, 1, 0
34496, 336, 1, 0
34996, 328, 1, 0
35496, 338, 1, 0
35996, 254, 1, 0
36496, 318, 1, 0
36995, 315, 1, 0
37496, 328, 1, 0
37996, 381, 1, 0
38496, 318, 1, 0
38996, 330, 1, 0
39495, 335, 1, 0
39996, 358, 1, 0
40496, 336, 1, 0
40996, 310, 1, 0
41496, 294, 1, 0
41996, 324, 1, 0
42496, 318, 1, 0
42996, 350, 1, 0
43496, 330, 1, 0
43996, 356, 1, 0
44496, 334, 1, 0
44996, 342, 1, 0
45496, 328, 1, 0
45996, 336, 1, 0
46496, 409, 1, 0
46996, 356, 1, 0
47496, 433, 1, 0
47996, 360, 1, 0
48496, 383, 1, 0
48995, 402, 1, 0
49496, 316, 1, 0
49996, 375, 1, 0
50496, 419, 1, 0
50996, 395, 1, 0
51495, 365, 1, 0
51996, 338, 1, 0
52496, 346, 1, 0
52996, 322, 1, 0
53496, 346, 1, 0
53996, 322, 1, 0
54496, 433, 1, 0
54996, 304, 1, 0
55496, 332, 1, 0
55996, 368, 1, 0
56496, 377, 1, 0
56996, 375, 1, 0
57496, 274, 1, 0
57996, 370, 1, 0
58495, 309, 1, 0
58996, 338, 1, 0
59496, 288, 1, 0
59996, 336, 1, 0
