494, 300, 1, 0
995, 329, 1, 0
1493, 324, 1, 0
1994, 325, 1, 0
2495, 335, 1, 0
2993, 288, 1, 0
3496, 276, 1, 0
3993, 296, 1, 0
4494, 359, 1, 0
4995, 402, 1, 0
5493, 267, 1, 0
5996, 286, 1, 0
6493, 334, 1, 0
6993, 310, 1, 0
7495, 321, 1, 0
7993, 350, 1, 0
8494, 352, 1, 0
8995, 317, 1, 0
9493, 308, 1, 0
9995, 303, 1, 0
10493, 328, 1, 0
10996, 304, 1, 0
11495, 301, 1, 0
11993, 324, 1, 0
12495, 254, 1, 0
12993, 302, 1, 0
13496, 280, 1, 0
13995, 262, 1, 0
14494, 363, 1, 0
14995, 276, 1, 0
15493, 312, 1, 0
15996, 310, 1, 0
16495, 290, 1, 0
16994, 290, 1, 0
17495, 357, 1, 0
17993, 356, 1, 0
18496, 304, 1, 0
18995, 256, 1, 0
19494, 300, 1, 0
19995, 262, 1, 0
20493, 269, 1, 0
20996, 310, 1, 0
21495, 325, 1, 0
21994, 277, 1, 0
22495, 339, 1, 0
22993, 243, 1, 0
23496, 286, 1, 0
23993, 318, 1, 0
24494, 414, 1, 0
24995, 305, 1, 0
25493, 308, 1, 0
25996, 302, 1, 0
26493, 296, 1, 0
26994, 292, 1, 0
27495, 337, 1, 0
27993, 290, 1, 0
28496, 308, 1, 0
28995, 276, 1, 0
29494, 271, 1, 0
29995, 248, 1, 0
30493, 296, 1, 0
30996, 340, 1, 0
31493, 292, 1, 0
31993, 257, 1, 0
32495, 274, 1, 0
32993, 286, 1, 0
33496, 260, 1, 0
33995, 232, 1, 0
34493, 279, 1, 0
34995, 290, 1, 0
35493, 302, 1, 0
35996, 272, 1, 0
36495, 309, 1, 0
36993, 320, 1, 0
37495, 313, 1, 0
37993, 275, 1, 0
38494, 311, 1, 0
38995, 325, 1, 0
39494, 223, 1, 0
39995, 353, 1, 0
40493, 342, 1, 0
40996, 250, 1, 0
41493, 324, 1, 0
41994, 281, 1, 0
42495, 282, 1, 0
42993, 371, 1, 0
43496, 306, 1, 0
43993, 219, 1, 0
44494, 338, 1, 0
44995, 240, 1, 0
45493, 221, 1, 0
45996, 334, 1, 0
46493, 239, 1, 0
46994, 261, 1, 0
47495, 284, 1, 0
47993, 241, 1, 0
48496, 245, 1, 0
48993, 271, 1, 0
49494, 271, 1, 0
49995, 224, 1, 0
50493, 271, 1, 0
50996, 328, 1, 0
51495, 234, 1, 0
51994, 300, 1, 0
52495, 290, 1, 0
52993, 271, 1, 0
53496, 330, 1, 0
53995, 262, 1, 0
54493, 306, 1, 0
54996, 254, 1, 0
55495, 246, 1, 0
55993, 257, 1, 0
56495, 313, 1, 0
56993, 342, 1, 0
57494, 226, 1, 0
57995, 236, 1, 0
58493, 318, 1, 0
58996, 282, 1, 0
59495, 315, 1, 0
59993, 338, 1, 0
