560, 95010420, 1, 0
1090, 93123711, 1, 0
1569, 108864880, 1, 0
2067, 72899046, 1, 0
2542, 114804070, 1, 0
3103, 105892879, 1, 0
3548, 102879303, 1, 0
4034, 93350678, 1, 0
4533, 98396633, 1, 0
5019, 91058024, 1, 0
5507, 109318037, 1, 0
6010, 97449939, 1, 0
6584, 94023441, 1, 0
7071, 91135903, 1, 0
7543, 99799065, 1, 0
8059, 101628094, 1, 0
8538, 75266229, 1, 0
9028, 101336025, 1, 0
9507, 76843256, 1, 0
10082, 72805692, 1, 0
10565, 112395324, 1, 0
11015, 99128528, 1, 0
11525, 85018807, 1, 0
12063, 96047026, 1, 0
12588, 109673971, 1, 0
13052, 135008347, 1, 0
13503, 94822246, 1, 0
14099, 101443644, 1, 0
14578, 91235382, 1, 0
15051, 108616181, 1, 0
15520, 104011335, 1, 0
16055, 99412301, 1, 0
16503, 109124895, 1, 0
17011, 96826640, 1, 0
17507, 99157397, 1, 0
18014, 98180507, 1, 0
18546, 83990199, 1, 0
19010, 100855222, 1, 0
19615, 98437801, 1, 0
20034, 129936613, 1, 0
20542, 95747574, 1, 0
21060, 107669303, 1, 0
21530, 85839515, 1, 0
22006, 92409478, 1, 0
22594, 89358843, 1, 0
23096, 97796918, 1, 0
23543, 107711544, 1, 0
24034, 88667971, 1, 0
24500, 102400322, 1, 0
25069, 100121506, 1, 0
25566, 126004387, 1, 0
26015, 88108134, 1, 0
26543, 94223978, 1, 0
27069, 106357677, 1, 0
27615, 82273705, 1, 0
28007, 105246071, 1, 0
28549, 97592769, 1, 0
29028, 100421922, 1, 0
29555, 82522274, 1, 0
30058, 82396990, 1, 0
30579, 93900365, 1, 0
31034, 89772649, 1, 0
31521, 92832880, 1, 0
32101, 102440255, 1, 0
32510, 95326215, 1, 0
33114, 106839858, 1, 0
33517, 136865417, 1, 0
34081, 111377514, 1, 0
34588, 101633720, 1, 0
35061, 89634207, 1, 0
35568, 105019625, 1, 0
36013, 92839234, 1, 0
36582, 72721065, 1, 0
37016, 94741840, 1, 0
37535, 112971789, 1, 0
38001, 75044602, 1, 0
38548, 108947876, 1, 0
39021, 100486234, 1, 0
39589, 99517936, 1, 0
40062, 86293131, 1, 0
40546, 96976220, 1, 0
41022, 98999448, 1, 0
41567, 99615966, 1, 0
42024, 99304412, 1, 0
42581, 88146122, 1, 0
43087, 93237860, 1, 0
43518, 90124034, 1, 0
44060, 83350000, 1, 0
44604, 103674683, 1, 0
45071, 97049982, 1, 0
45565, 107145139, 1, 0
46066, 69718537, 1, 0
46519, 89508737, 1, 0
47001, 102801918, 1, 0
47554, 91811601, 1, 0
48045, 114693601, 1, 0
48515, 98673134, 1, 0
49044, 100287960, 1, 0
49548, 97156498, 1, 0
50010, 86862582, 1, 0
50541, 95070949, 1, 0
51011, 104224251, 1, 0
51579, 58537909, 1, 0
52037, 125014835, 1, 0
52518, 69999114, 1, 0
53027, 97782522, 1, 0
53516, 100951544, 1, 0
54089, 92813273, 1, 0
54546, 101182173, 1, 0
55011, 111236759, 1, 0
55573, 118476225, 1, 0
56086, 113957959, 1, 0
56548, 108009298, 1, 0
57038, 96114937, 1, 0
57609, 93264882, 1, 0
58050, 78310427, 1, 0
58543, 82855855, 1, 0
59035, 98291929, 1, 0
59585, 85013991, 1, 0
60004, 89167586, 1, 0
60021, 66474798, 1, 0
