492, 1205, 1, 0
992, 1260, 1, 0
1491, 985, 1, 0
1992, 1626, 1, 0
2491, 1148, 1, 0
2992, 1569, 1, 0
3491, 1376, 1, 0
3992, 1357, 1, 0
4492, 1747, 1, 0
4991, 1458, 1, 0
5492, 1463, 1, 0
5992, 1430, 1, 0
6491, 1327, 1, 0
6992, 1170, 1, 0
7492, 1373, 1, 0
7991, 1547, 1, 0
8492, 1308, 1, 0
8992, 1146, 1, 0
9491, 1523, 1, 0
9992, 1869, 1, 0
10492, 1170, 1, 0
10991, 1450, 1, 0
11492, 1325, 1, 0
11991, 1572, 1, 0
12491, 1547, 1, 0
12992, 1203, 1, 0
13492, 1528, 1, 0
13991, 1181, 1, 0
14492, 1422, 1, 0
14992, 1430, 1, 0
15491, 1384, 1, 0
15992, 1292, 1, 0
16492, 1284, 1, 0
16991, 1042, 1, 0
17492, 1512, 1, 0
17992, 1471, 1, 0
18491, 1515, 1, 0
18992, 1235, 1, 0
19492, 1300, 1, 0
19991, 1213, 1, 0
20492, 1430, 1, 0
20992, 1495, 1, 0
21491, 936, 1, 0
21992, 1276, 1, 0
22492, 1243, 1, 0
22991, 1254, 1, 0
23492, 1243, 1, 0
23992, 1349, 1, 0
24492, 1447, 1, 0
24991, 1303, 1, 0
25492, 1450, 1, 0
25992, 1414, 1, 0
26492, 1170, 1, 0
26991, 1295, 1, 0
27491, 936, 1, 0
27992, 1162, 1, 0
28492, 1447, 1, 0
28991, 1262, 1, 0
29491, 1482, 1, 0
29992, 1593, 1, 0
30492, 1585, 1, 0
30992, 1325, 1, 0
31492, 1173, 1, 0
31992, 1333, 1, 0
32492, 1560, 1, 0
32991, 1401, 1, 0
33492, 1422, 1, 0
33991, 1670, 1, 0
34492, 1292, 1, 0
34991, 1360, 1, 0
35492, 1292, 1, 0
35992, 1439, 1, 0
36492, 1227, 1, 0
36991, 1384, 1, 0
37491, 1344, 1, 0
37992, 1308, 1, 0
38492, 1162, 1, 0
38992, 1325, 1, 0
39491, 1344, 1, 0
39991, 1287, 1, 0
40492, 1439, 1, 0
40992, 1154, 1, 0
41492, 1365, 1, 0
41991, 1360, 1, 0
42492, 1189, 1, 0
42992, 1585, 1, 0
43492, 1398, 1, 0
43992, 1365, 1, 0
44491, 1213, 1, 0
44991, 1181, 1, 0
45492, 1325, 1, 0
45992, 1219, 1, 0
46492, 1300, 1, 0
46991, 1336, 1, 0
47492, 1414, 1, 0
47992, 1414, 1, 0
48492, 1317, 1, 0
48991, 1401, 1, 0
49491, 1384, 1, 0
49992, 1292, 1, 0
50492, 1585, 1, 0
50992, 1504, 1, 0
51491, 1458, 1, 0
51991, 1621, 1, 0
52492, 1406, 1, 0
52992, 1138, 1, 0
53492, 1317, 1, 0
53991, 1344, 1, 0
54492, 1384, 1, 0
54992, 1447, 1, 0
55492, 1422, 1, 0
55992, 1406, 1, 0
56491, 1474, 1, 0
56992, 1414, 1, 0
57492, 1252, 1, 0
57992, 1195, 1, 0
58491, 1531, 1, 0
58991, 1678, 1, 0
59492, 1585, 1, 0
59992, 1089, 1, 0
