533, 144673113, 1, 0
1099, 203600801, 1, 0
1589, 190634635, 1, 0
2005, 186383281, 1, 0
2524, 181828826, 1, 0
3036, 195658203, 1, 0
3564, 195235279, 1, 0
4097, 191999101, 1, 0
4512, 184505216, 1, 0
5045, 186589610, 1, 0
5570, 206620501, 1, 0
6041, 239807893, 1, 0
6564, 214455142, 1, 0
7085, 205922287, 1, 0
7526, 206818707, 1, 0
8032, 188316378, 1, 0
8548, 163232612, 1, 0
9033, 189459013, 1, 0
9602, 186711761, 1, 0
10009, 192613787, 1, 0
10536, 186314841, 1, 0
11049, 195371604, 1, 0
11566, 201201255, 1, 0
12082, 201113257, 1, 0
12510, 209544865, 1, 0
13018, 217568389, 1, 0
13536, 166961410, 1, 0
14013, 175188380, 1, 0
14506, 191551287, 1, 0
15013, 199373384, 1, 0
15548, 195096960, 1, 0
16040, 190257722, 1, 0
16572, 184378534, 1, 0
17090, 182051452, 1, 0
17597, 190416694, 1, 0
18072, 243644354, 1, 0
18503, 200106581, 1, 0
19011, 188321831, 1, 0
19505, 204809308, 1, 0
20097, 184152033, 1, 0
20503, 223399323, 1, 0
21035, 213241222, 1, 0
21542, 192035682, 1, 0
22038, 184527286, 1, 0
22554, 207216730, 1, 0
23068, 200737607, 1, 0
23582, 191896050, 1, 0
24099, 199533353, 1, 0
24550, 180689893, 1, 0
25064, 113116807, 1, 0
25576, 200602057, 1, 0
26094, 195109975, 1, 0
26501, 181038738, 1, 0
27048, 182057370, 1, 0
27510, 174963266, 1, 0
28048, 190040917, 1, 0
28565, 196201990, 1, 0
29093, 168007321, 1, 0
29523, 184807685, 1, 0
30053, 191037008, 1, 0
30510, 180813749, 1, 0
31031, 185110706, 1, 0
31544, 189988222, 1, 0
32098, 137478881, 1, 0
32500, 170649487, 1, 0
33031, 163920115, 1, 0
33560, 161842708, 1, 0
34072, 188429871, 1, 0
34559, 230792148, 1, 0
35079, 104529342, 1, 0
35589, 191732650, 1, 0
36005, 190845712, 1, 0
36534, 197634343, 1, 0
37077, 200770697, 1, 0
37570, 186405843, 1, 0
38080, 173943051, 1, 0
38532, 180144827, 1, 0
39075, 204668919, 1, 0
39555, 175764046, 1, 0
40077, 177549778, 1, 0
40531, 193897593, 1, 0
41053, 192434732, 1, 0
41533, 157990747, 1, 0
42028, 233527700, 1, 0
42520, 208891136, 1, 0
43027, 197196990, 1, 0
43554, 193743904, 1, 0
44130, 155039868, 1, 0
44550, 172969074, 1, 0
45069, 199414897, 1, 0
45535, 172718528, 1, 0
46018, 210966712, 1, 0
46515, 168133411, 1, 0
47032, 306171931, 1, 0
47533, 224793921, 1, 0
48023, 188165812, 1, 0
48547, 171599651, 1, 0
49063, 190000019, 1, 0
49554, 175113425, 1, 0
50117, 160297553, 1, 0
50535, 180677412, 1, 0
51083, 263431910, 1, 0
51536, 185809754, 1, 0
52090, 195729105, 1, 0
52534, 214296139, 1, 0
53060, 168113181, 1, 0
53504, 171446234, 1, 0
54000, 162062814, 1, 0
54521, 187322350, 1, 0
55049, 199740176, 1, 0
55553, 188549128, 1, 0
56060, 184114886, 1, 0
56558, 187171841, 1, 0
57060, 165066288, 1, 0
57501, 168251535, 1, 0
58086, 171989372, 1, 0
58570, 180033947, 1, 0
59078, 187820390, 1, 0
59506, 204970346, 1, 0
60013, 126670930, 1, 0
60028, 157529543, 1, 0
