563, 41508790, 1, 0
1054, 47031674, 1, 0
1504, 43291000, 1, 0
2029, 48186707, 1, 0
2561, 53989615, 1, 0
3103, 48093464, 1, 0
3514, 50113948, 1, 0
4027, 50330757, 1, 0
4553, 51442614, 1, 0
5044, 47374934, 1, 0
5502, 52132323, 1, 0
6010, 45318528, 1, 0
6505, 58424322, 1, 0
7036, 45876960, 1, 0
7546, 46293673, 1, 0
8043, 52565612, 1, 0
8519, 62407797, 1, 0
9002, 49762193, 1, 0
9531, 48003933, 1, 0
10056, 45858695, 1, 0
10605, 49076797, 1, 0
11046, 52587918, 1, 0
11549, 43131354, 1, 0
12001, 50104260, 1, 0
12504, 45658488, 1, 0
13030, 47243493, 1, 0
13516, 53776859, 1, 0
14003, 41161307, 1, 0
14502, 49849049, 1, 0
15007, 44938044, 1, 0
15516, 43670096, 1, 0
16054, 48878106, 1, 0
16562, 40368678, 1, 0
17013, 44694929, 1, 0
17572, 50086505, 1, 0
18069, 47988741, 1, 0
18503, 44496006, 1, 0
19010, 45456550, 1, 0
19573, 41877474, 1, 0
20093, 46817367, 1, 0
20500, 46301073, 1, 0
21025, 39976906, 1, 0
21562, 44256831, 1, 0
22047, 44749662, 1, 0
22562, 44391978, 1, 0
23068, 40971841, 1, 0
23504, 51494340, 1, 0
24029, 46549310, 1, 0
24501, 41256256, 1, 0
25086, 45524500, 1, 0
25547, 50362026, 1, 0
26084, 50071038, 1, 0
26507, 39956617, 1, 0
27100, 45650199, 1, 0
27520, 68381424, 1, 0
28045, 49804273, 1, 0
28570, 46535525, 1, 0
29066, 46093169, 1, 0
29598, 47052812, 1, 0
30023, 38272155, 1, 0
30533, 45560910, 1, 0
31046, 47386089, 1, 0
31575, 46031997, 1, 0
32047, 45313232, 1, 0
32562, 47313672, 1, 0
33090, 49226278, 1, 0
33506, 45232026, 1, 0
34013, 46498889, 1, 0
34552, 40400587, 1, 0
35057, 46206272, 1, 0
35543, 42828421, 1, 0
36028, 43784568, 1, 0
36509, 48739127, 1, 0
37011, 42943450, 1, 0
37527, 45233788, 1, 0
38052, 47741388, 1, 0
38560, 45250781, 1, 0
39074, 46152708, 1, 0
39589, 45910015, 1, 0
40012, 47616723, 1, 0
40537, 45248828, 1, 0
41062, 46246398, 1, 0
41506, 40244494, 1, 0
42025, 49999009, 1, 0
42532, 45373073, 1, 0
43022, 49406588, 1, 0
43514, 44960577, 1, 0
44037, 46225281, 1, 0
44561, 45855180, 1, 0
45063, 46306496, 1, 0
45575, 47842051, 1, 0
46085, 45232036, 1, 0
46552, 44327654, 1, 0
47077, 46650402, 1, 0
47529, 40011338, 1, 0
48025, 40715911, 1, 0
48550, 51966758, 1, 0
49062, 46678021, 1, 0
49567, 46294212, 1, 0
50093, 43510196, 1, 0
50557, 43769460, 1, 0
51060, 43526335, 1, 0
51503, 38982194, 1, 0
52049, 40319836, 1, 0
52560, 45955404, 1, 0
53090, 45624077, 1, 0
53574, 43066918, 1, 0
54088, 46613857, 1, 0
54566, 45745757, 1, 0
55052, 43400461, 1, 0
55576, 43881357, 1, 0
56098, 45311229, 1, 0
56522, 45534161, 1, 0
57041, 45583815, 1, 0
57554, 45834817, 1, 0
58083, 46950875, 1, 0
58547, 39173172, 1, 0
59050, 43934126, 1, 0
59503, 35230952, 1, 0
60014, 49113948, 1, 0
60031, 45050670, 1, 0
