500, 5009485, 1, 0
1004, 6249221, 1, 0
1506, 6046112, 1, 0
2003, 6265042, 1, 0
2500, 6532698, 1, 0
3004, 6310932, 1, 0
3510, 6928548, 1, 0
4008, 7341383, 1, 0
4500, 7381743, 1, 0
5005, 5798462, 1, 0
5508, 5379116, 1, 0
6008, 6404163, 1, 0
6505, 5557086, 1, 0
7011, 5873289, 1, 0
7506, 5991721, 1, 0
8003, 6438312, 1, 0
8501, 6515677, 1, 0
9001, 6085433, 1, 0
9500, 6130084, 1, 0
10004, 6620823, 1, 0
10506, 5745831, 1, 0
11009, 4759600, 1, 0
11501, 5859503, 1, 0
12000, 5825386, 1, 0
12500, 7118592, 1, 0
13015, 5500714, 1, 0
13506, 6515004, 1, 0
14003, 5830136, 1, 0
14502, 5987618, 1, 0
15010, 7301438, 1, 0
15505, 5708193, 1, 0
16000, 6965645, 1, 0
16505, 6057158, 1, 0
17003, 6659517, 1, 0
17506, 5995527, 1, 0
18015, 6219288, 1, 0
18503, 5311788, 1, 0
19000, 5970993, 1, 0
19507, 6725498, 1, 0
20007, 7191249, 1, 0
20504, 6882224, 1, 0
21000, 5250627, 1, 0
21501, 5340884, 1, 0
22002, 6236796, 1, 0
22504, 5259229, 1, 0
23000, 6407196, 1, 0
23506, 6854703, 1, 0
24000, 6195018, 1, 0
24504, 6063826, 1, 0
25003, 5361487, 1, 0
25501, 6023751, 1, 0
26007, 6853275, 1, 0
26500, 6413068, 1, 0
27003, 5663851, 1, 0
27513, 6596905, 1, 0
28016, 5095189, 1, 0
28513, 6101582, 1, 0
29004, 6437526, 1, 0
29503, 6966646, 1, 0
30007, 7527430, 1, 0
30507, 6502327, 1, 0
31017, 5808558, 1, 0
31505, 5300408, 1, 0
32010, 5771802, 1, 0
32502, 6263035, 1, 0
33007, 6385885, 1, 0
33502, 5626851, 1, 0
34007, 5685258, 1, 0
34501, 6176198, 1, 0
35005, 6134478, 1, 0
35513, 6582380, 1, 0
36006, 6260672, 1, 0
36506, 5990201, 1, 0
37005, 4955637, 1, 0
37500, 7313556, 1, 0
38015, 5280100, 1, 0
38504, 6217353, 1, 0
39005, 6401709, 1, 0
39510, 7008685, 1, 0
40002, 5990987, 1, 0
40501, 5961982, 1, 0
41002, 6307346, 1, 0
41500, 6668078, 1, 0
42012, 6332517, 1, 0
42500, 5667800, 1, 0
43004, 6122466, 1, 0
43505, 6610520, 1, 0
44000, 4718899, 1, 0
44511, 6876359, 1, 0
45000, 5793790, 1, 0
45507, 6035088, 1, 0
46000, 5711103, 1, 0
46500, 5433139, 1, 0
47006, 6226729, 1, 0
47502, 5580587, 1, 0
48010, 5152046, 1, 0
48515, 5723009, 1, 0
49003, 6436094, 1, 0
49500, 6791127, 1, 0
50004, 5285856, 1, 0
50501, 5575844, 1, 0
51003, 6480266, 1, 0
51501, 5422481, 1, 0
52000, 5404619, 1, 0
52507, 7667951, 1, 0
53013, 5456083, 1, 0
53501, 4562822, 1, 0
54003, 6064924, 1, 0
54506, 5508972, 1, 0
55002, 4390404, 1, 0
55502, 6589610, 1, 0
56012, 6611463, 1, 0
56500, 7328006, 1, 0
57005, 6548551, 1, 0
57506, 6154273, 1, 0
58001, 5056577, 1, 0
58500, 6501306, 1, 0
59008, 6217691, 1, 0
59503, 5674813, 1, 0
60005, 5490433, 1, 0
60005, 16364574, 1, 0
