497, 201, 1, 0
998, 377, 1, 0
1498, 305, 1, 0
1998, 327, 1, 0
2498, 331, 1, 0
2997, 303, 1, 0
3498, 295, 1, 0
3998, 425, 1, 0
4498, 299, 1, 0
4997, 327, 1, 0
5498, 309, 1, 0
5998, 325, 1, 0
6498, 273, 1, 0
6998, 351, 1, 0
7498, 335, 1, 0
7998, 381, 1, 0
8496, 459, 1, 0
8998, 341, 1, 0
9498, 285, 1, 0
9997, 336, 1, 0
10498, 305, 1, 0
10998, 317, 1, 0
11497, 356, 1, 0
11998, 333, 1, 0
12498, 273, 1, 0
12998, 361, 1, 0
13498, 273, 1, 0
13997, 376, 1, 0
14498, 349, 1, 0
14998, 329, 1, 0
15498, 337, 1, 0
15998, 363, 1, 0
16497, 263, 1, 0
16998, 305, 1, 0
17498, 359, 1, 0
17997, 388, 1, 0
18498, 263, 1, 0
18997, 325, 1, 0
19498, 439, 1, 0
19998, 311, 1, 0
20497, 291, 1, 0
20998, 345, 1, 0
21498, 335, 1, 0
21998, 311, 1, 0
22498, 381, 1, 0
22998, 313, 1, 0
23498, 337, 1, 0
23998, 353, 1, 0
24497, 303, 1, 0
24998, 297, 1, 0
25498, 409, 1, 0
25998, 325, 1, 0
26498, 329, 1, 0
26998, 405, 1, 0
27498, 216, 1, 0
27998, 351, 1, 0
28498, 335, 1, 0
28998, 333, 1, 0
29498, 343, 1, 0
29998, 389, 1, 0
30498, 361, 1, 0
30998, 379, 1, 0
31497, 372, 1, 0
31998, 333, 1, 0
32498, 303, 1, 0
32998, 269, 1, 0
33498, 244, 1, 0
33997, 309, 1, 0
34498, 337, 1, 0
34998, 375, 1, 0
35497, 338, 1, 0
35998, 299, 1, 0
36498, 421, 1, 0
36997, 358, 1, 0
37498, 265, 1, 0
37997, 327, 1, 0
38498, 309, 1, 0
38998, 355, 1, 0
39498, 281, 1, 0
39998, 293, 1, 0
40498, 363, 1, 0
40998, 455, 1, 0
41498, 405, 1, 0
41997, 319, 1, 0
42498, 403, 1, 0
42998, 287, 1, 0
43498, 283, 1, 0
43998, 385, 1, 0
44497, 342, 1, 0
44998, 301, 1, 0
45498, 295, 1, 0
45998, 343, 1, 0
46498, 329, 1, 0
46997, 303, 1, 0
47498, 333, 1, 0
47997, 531, 1, 0
48498, 321, 1, 0
48998, 359, 1, 0
49497, 338, 1, 0
49998, 329, 1, 0
50498, 365, 1, 0
50997, 470, 1, 0
51498, 483, 1, 0
51998, 297, 1, 0
52498, 391, 1, 0
52998, 317, 1, 0
53498, 345, 1, 0
53997, 309, 1, 0
54498, 395, 1, 0
54998, 325, 1, 0
55497, 261, 1, 0
55998, 377, 1, 0
56498, 345, 1, 0
56997, 394, 1, 0
57498, 528, 1, 0
57998, 600, 1, 0
58497, 265, 1, 0
58998, 323, 1, 0
59498, 383, 1, 0
59997, 305, 1, 0
