557, 48775580, 1, 0
1074, 45836893, 1, 0
1506, 55067316, 1, 0
2042, 45691515, 1, 0
2574, 49777271, 1, 0
3038, 53869539, 1, 0
3552, 52428480, 1, 0
4078, 51630284, 1, 0
4502, 52593309, 1, 0
5012, 46223544, 1, 0
5581, 53541844, 1, 0
6023, 49470829, 1, 0
6509, 60108216, 1, 0
7012, 41405721, 1, 0
7540, 50472621, 1, 0
8006, 50921919, 1, 0
8513, 44013466, 1, 0
9090, 52432945, 1, 0
9525, 55948270, 1, 0
10078, 50822483, 1, 0
10530, 52678866, 1, 0
11067, 52532125, 1, 0
11551, 49639141, 1, 0
12102, 49839539, 1, 0
12524, 62774270, 1, 0
13041, 50832347, 1, 0
13510, 58378699, 1, 0
14006, 47978274, 1, 0
14523, 48740249, 1, 0
15029, 47458351, 1, 0
15531, 47282236, 1, 0
16065, 54609929, 1, 0
16584, 52828957, 1, 0
17026, 49724174, 1, 0
17604, 52604419, 1, 0
18004, 51434726, 1, 0
18509, 48137873, 1, 0
19005, 46861867, 1, 0
19501, 38611458, 1, 0
20049, 44573622, 1, 0
20550, 47520141, 1, 0
21009, 44779426, 1, 0
21538, 52863596, 1, 0
22023, 47778205, 1, 0
22547, 50197682, 1, 0
23070, 49405530, 1, 0
23506, 50813009, 1, 0
24011, 47488377, 1, 0
24510, 48419807, 1, 0
25088, 40756095, 1, 0
25531, 43955610, 1, 0
26004, 54409582, 1, 0
26516, 58364089, 1, 0
27116, 55354956, 1, 0
27531, 67096303, 1, 0
28065, 52625459, 1, 0
28600, 51936939, 1, 0
29003, 49130998, 1, 0
29556, 53077513, 1, 0
30062, 48262747, 1, 0
30588, 47730936, 1, 0
31014, 49457534, 1, 0
31541, 49060285, 1, 0
32026, 43614412, 1, 0
32524, 47611716, 1, 0
33073, 46534256, 1, 0
33509, 49268901, 1, 0
34063, 46223045, 1, 0
34597, 51220318, 1, 0
35095, 48039940, 1, 0
35581, 46577547, 1, 0
36060, 49365948, 1, 0
36579, 36045295, 1, 0
37099, 46656585, 1, 0
37521, 48662334, 1, 0
38046, 48103626, 1, 0
38554, 50440706, 1, 0
39067, 49302450, 1, 0
39601, 46161326, 1, 0
40006, 48721061, 1, 0
40521, 49991005, 1, 0
41022, 44987461, 1, 0
41571, 40735001, 1, 0
42074, 52432026, 1, 0
42544, 49908254, 1, 0
43059, 49873207, 1, 0
43562, 49026550, 1, 0
44000, 50273034, 1, 0
44519, 46224348, 1, 0
45066, 42330213, 1, 0
45596, 46438180, 1, 0
46089, 45448541, 1, 0
46546, 47166540, 1, 0
47038, 58241148, 1, 0
47576, 42280800, 1, 0
48006, 44197486, 1, 0
48522, 50484282, 1, 0
49066, 52192485, 1, 0
49583, 48209126, 1, 0
50077, 46179271, 1, 0
50528, 43643273, 1, 0
51025, 46234216, 1, 0
51572, 50456738, 1, 0
52023, 45169189, 1, 0
52528, 48014135, 1, 0
53066, 44760026, 1, 0
53522, 44853093, 1, 0
54037, 47670106, 1, 0
54521, 48169455, 1, 0
55000, 51769803, 1, 0
55522, 50374967, 1, 0
56036, 49763760, 1, 0
56552, 48435377, 1, 0
57072, 48674265, 1, 0
57592, 50562929, 1, 0
58094, 46464948, 1, 0
58505, 48844619, 1, 0
59067, 51208453, 1, 0
59502, 44667780, 1, 0
60007, 43937569, 1, 0
60024, 86163265, 1, 0
