503, 6605582, 1, 0
1003, 5936285, 1, 0
1517, 6251283, 1, 0
2014, 6458414, 1, 0
2502, 5976055, 1, 0
3006, 6375465, 1, 0
3503, 5506519, 1, 0
4019, 6484049, 1, 0
4503, 7210183, 1, 0
5004, 6873051, 1, 0
5510, 5819660, 1, 0
6008, 5991229, 1, 0
6506, 6158124, 1, 0
7004, 7622640, 1, 0
7502, 6505402, 1, 0
8003, 6409822, 1, 0
8500, 6412316, 1, 0
9003, 6369945, 1, 0
9503, 6846245, 1, 0
10007, 6814899, 1, 0
10510, 6665434, 1, 0
11001, 5860816, 1, 0
11503, 5844369, 1, 0
12000, 5611629, 1, 0
12502, 6315767, 1, 0
13008, 6167916, 1, 0
13500, 5613565, 1, 0
14015, 5909271, 1, 0
14500, 5694910, 1, 0
15003, 6244802, 1, 0
15506, 5662461, 1, 0
16000, 6250469, 1, 0
16500, 5827391, 1, 0
17002, 5870851, 1, 0
17506, 6131387, 1, 0
18006, 5549480, 1, 0
18506, 6261570, 1, 0
19002, 6837000, 1, 0
19500, 6393074, 1, 0
20008, 6537746, 1, 0
20516, 5814325, 1, 0
21004, 6880367, 1, 0
21502, 6314350, 1, 0
22003, 5539812, 1, 0
22503, 6452564, 1, 0
23002, 5827858, 1, 0
23501, 6771061, 1, 0
24003, 5978927, 1, 0
24506, 5345698, 1, 0
25014, 5751767, 1, 0
25500, 6269298, 1, 0
26000, 5654644, 1, 0
26501, 6421033, 1, 0
27003, 6186138, 1, 0
27506, 5472784, 1, 0
28007, 7181140, 1, 0
28506, 6694351, 1, 0
29016, 6358003, 1, 0
29500, 6299784, 1, 0
30000, 7059403, 1, 0
30501, 7215171, 1, 0
31000, 6832075, 1, 0
31516, 6554418, 1, 0
32008, 8873401, 1, 0
32506, 5977414, 1, 0
33001, 6641390, 1, 0
33505, 6662677, 1, 0
34004, 4587028, 1, 0
34502, 5501385, 1, 0
35008, 5724643, 1, 0
35504, 5948353, 1, 0
36000, 6150024, 1, 0
36517, 7530323, 1, 0
37006, 6749599, 1, 0
37504, 5170534, 1, 0
38002, 6126688, 1, 0
38502, 6537300, 1, 0
39001, 5542844, 1, 0
39503, 5541426, 1, 0
40005, 5225305, 1, 0
40504, 5814050, 1, 0
41002, 7330462, 1, 0
41503, 6763865, 1, 0
42002, 5921318, 1, 0
42500, 6222002, 1, 0
43000, 6288573, 1, 0
43501, 5821606, 1, 0
44000, 6409735, 1, 0
44505, 6267510, 1, 0
45001, 6519952, 1, 0
45501, 5406980, 1, 0
46005, 5963035, 1, 0
46502, 6232830, 1, 0
47000, 5341686, 1, 0
47504, 4496276, 1, 0
48003, 6154116, 1, 0
48509, 5304378, 1, 0
49015, 6051229, 1, 0
49502, 6069346, 1, 0
50001, 5025514, 1, 0
50504, 5896234, 1, 0
51005, 7373950, 1, 0
51505, 6138888, 1, 0
52003, 6144107, 1, 0
52501, 5621134, 1, 0
53000, 5576607, 1, 0
53506, 5300569, 1, 0
54006, 6612852, 1, 0
54501, 5734483, 1, 0
55004, 6837391, 1, 0
55505, 5663509, 1, 0
56006, 5855747, 1, 0
56512, 6863725, 1, 0
57017, 6222252, 1, 0
57501, 6188868, 1, 0
58000, 5817833, 1, 0
58504, 6241159, 1, 0
59001, 5528126, 1, 0
59505, 6453286, 1, 0
60000, 5534888, 1, 0
60000, 16099324, 1, 0
