509, 8937663, 1, 0
1023, 13525952, 1, 0
1514, 11646350, 1, 0
2007, 12639944, 1, 0
2519, 12852187, 1, 0
3016, 11922378, 1, 0
3514, 11028997, 1, 0
4016, 12277068, 1, 0
4501, 12304885, 1, 0
5020, 10394711, 1, 0
5502, 11507809, 1, 0
6001, 11171550, 1, 0
6507, 13423242, 1, 0
7023, 14748583, 1, 0
7507, 14023183, 1, 0
8005, 13759054, 1, 0
8501, 12451352, 1, 0
9010, 13384705, 1, 0
9507, 11760616, 1, 0
10010, 12364947, 1, 0
10503, 10256140, 1, 0
11005, 12692972, 1, 0
11505, 12418944, 1, 0
12022, 12125879, 1, 0
12500, 13690010, 1, 0
13018, 13651953, 1, 0
13512, 11414936, 1, 0
14005, 12180004, 1, 0
14509, 12488491, 1, 0
15003, 10488684, 1, 0
15508, 12477931, 1, 0
16010, 12933334, 1, 0
16506, 11516965, 1, 0
17003, 13570516, 1, 0
17519, 11557434, 1, 0
18017, 12173712, 1, 0
18507, 9585912, 1, 0
19016, 10331572, 1, 0
19532, 10343953, 1, 0
20001, 12834232, 1, 0
20502, 11512530, 1, 0
21000, 12323557, 1, 0
21506, 11371894, 1, 0
22003, 12709928, 1, 0
22504, 12645175, 1, 0
23010, 9696281, 1, 0
23502, 12247944, 1, 0
24010, 10991758, 1, 0
24533, 13074638, 1, 0
25005, 12109755, 1, 0
25510, 11056584, 1, 0
26004, 12443301, 1, 0
26503, 13474918, 1, 0
27002, 10732329, 1, 0
27512, 11976837, 1, 0
28004, 12694033, 1, 0
28517, 9581895, 1, 0
29001, 13857977, 1, 0
29509, 12222263, 1, 0
30016, 10743970, 1, 0
30506, 13192539, 1, 0
31013, 11775762, 1, 0
31517, 13443118, 1, 0
32010, 13147485, 1, 0
32504, 13336583, 1, 0
33006, 14087954, 1, 0
33507, 11718181, 1, 0
34004, 12565288, 1, 0
34501, 10958285, 1, 0
35019, 12113283, 1, 0
35504, 11508747, 1, 0
36004, 11858360, 1, 0
36501, 13160777, 1, 0
37024, 12324696, 1, 0
37503, 12117846, 1, 0
38003, 12131469, 1, 0
38512, 11055869, 1, 0
39022, 13359329, 1, 0
39511, 14197234, 1, 0
40009, 11223368, 1, 0
40517, 10922475, 1, 0
41001, 15405534, 1, 0
41504, 10945374, 1, 0
42001, 12874966, 1, 0
42500, 9785369, 1, 0
43002, 12646814, 1, 0
43507, 11763262, 1, 0
44014, 10082748, 1, 0
44501, 13922322, 1, 0
45001, 13069570, 1, 0
45516, 12251093, 1, 0
46004, 15962931, 1, 0
46508, 11309694, 1, 0
47000, 11444660, 1, 0
47501, 10315649, 1, 0
48001, 12169026, 1, 0
48502, 11287508, 1, 0
49004, 17002069, 1, 0
49513, 11010189, 1, 0
50013, 11104159, 1, 0
50500, 11660823, 1, 0
51029, 12476598, 1, 0
51503, 11447678, 1, 0
52001, 10886293, 1, 0
52507, 11963877, 1, 0
53024, 14679045, 1, 0
53502, 12460284, 1, 0
54000, 11858405, 1, 0
54502, 10348270, 1, 0
55002, 9563888, 1, 0
55505, 13148872, 1, 0
56005, 11275421, 1, 0
56501, 12152615, 1, 0
57004, 10926944, 1, 0
57500, 10646507, 1, 0
58016, 12239271, 1, 0
58501, 10920418, 1, 0
59000, 13146723, 1, 0
59508, 11284206, 1, 0
60000, 10802956, 1, 0
60001, 20682376, 1, 0
