507, 20159698, 1, 0
1005, 24315961, 1, 0
1504, 31419267, 1, 0
2014, 27951961, 1, 0
2523, 23149319, 1, 0
3016, 23369775, 1, 0
3500, 22851044, 1, 0
4012, 25343395, 1, 0
4500, 22309230, 1, 0
5003, 27358355, 1, 0
5506, 26093692, 1, 0
6005, 24783296, 1, 0
6525, 28098871, 1, 0
7012, 24759526, 1, 0
7526, 20813224, 1, 0
8046, 27246464, 1, 0
8543, 28792387, 1, 0
9022, 25104624, 1, 0
9504, 21094485, 1, 0
10062, 38263677, 1, 0
10507, 20850732, 1, 0
11006, 24122904, 1, 0
11506, 26680302, 1, 0
12028, 23961328, 1, 0
12518, 23525514, 1, 0
13043, 27443339, 1, 0
13514, 21362497, 1, 0
14041, 21369490, 1, 0
14511, 23251000, 1, 0
15010, 22524944, 1, 0
15519, 22064852, 1, 0
16016, 22888278, 1, 0
16525, 24405564, 1, 0
17011, 26529365, 1, 0
17502, 22207093, 1, 0
18033, 19622874, 1, 0
18534, 22706419, 1, 0
19014, 18624803, 1, 0
19507, 24277173, 1, 0
20005, 22770548, 1, 0
20509, 20387489, 1, 0
21010, 22803248, 1, 0
21516, 25690545, 1, 0
22002, 23945723, 1, 0
22504, 23145983, 1, 0
23011, 26518920, 1, 0
23537, 25937275, 1, 0
24006, 24238426, 1, 0
24505, 22114953, 1, 0
25021, 21437884, 1, 0
25513, 24038700, 1, 0
26001, 25392730, 1, 0
26549, 23829236, 1, 0
27038, 23260926, 1, 0
27511, 21571427, 1, 0
28047, 20885642, 1, 0
28500, 19154336, 1, 0
29042, 25384725, 1, 0
29564, 28444293, 1, 0
30048, 27215988, 1, 0
30526, 24091842, 1, 0
31005, 26369424, 1, 0
31515, 24083664, 1, 0
32027, 28609444, 1, 0
32515, 21880212, 1, 0
33019, 23984076, 1, 0
33505, 25234759, 1, 0
34001, 22090190, 1, 0
34507, 21901722, 1, 0
35008, 27225153, 1, 0
35532, 28071619, 1, 0
36046, 25100107, 1, 0
36555, 24249518, 1, 0
37022, 23678046, 1, 0
37503, 20804580, 1, 0
38014, 20044561, 1, 0
38507, 22941546, 1, 0
39007, 20974640, 1, 0
39511, 23799586, 1, 0
40007, 29676112, 1, 0
40503, 23233307, 1, 0
41061, 21722273, 1, 0
41568, 29830561, 1, 0
42013, 24862625, 1, 0
42548, 30276216, 1, 0
43036, 24287293, 1, 0
43507, 22373994, 1, 0
44011, 24959427, 1, 0
44508, 20144827, 1, 0
45038, 26312595, 1, 0
45536, 23899397, 1, 0
46051, 24896308, 1, 0
46508, 26490422, 1, 0
47002, 20295657, 1, 0
47519, 23644226, 1, 0
48025, 23574420, 1, 0
48557, 24098477, 1, 0
49008, 25537672, 1, 0
49505, 21113207, 1, 0
50037, 18825648, 1, 0
50501, 23985167, 1, 0
51005, 26951664, 1, 0
51509, 20552374, 1, 0
52000, 24512623, 1, 0
52525, 23131592, 1, 0
53003, 22797163, 1, 0
53503, 27965166, 1, 0
54007, 28947212, 1, 0
54509, 20640206, 1, 0
55035, 25153698, 1, 0
55526, 18595466, 1, 0
56010, 21992401, 1, 0
56560, 22073761, 1, 0
57043, 25017916, 1, 0
57550, 26817715, 1, 0
58002, 21927146, 1, 0
58501, 21366416, 1, 0
59032, 21497882, 1, 0
59508, 23024178, 1, 0
60013, 25296993, 1, 0
60039, 96589548, 1, 0
