578, 39990583, 1, 0
1070, 43313996, 1, 0
1528, 51147474, 1, 0
2026, 51890346, 1, 0
2533, 50469485, 1, 0
3070, 49948681, 1, 0
3583, 51065604, 1, 0
4109, 53237520, 1, 0
4532, 54844516, 1, 0
5050, 45261250, 1, 0
5508, 58824286, 1, 0
6035, 48637638, 1, 0
6561, 42043077, 1, 0
7033, 33140947, 1, 0
7529, 47552114, 1, 0
8000, 47200267, 1, 0
8549, 55310101, 1, 0
9026, 55123393, 1, 0
9576, 53682940, 1, 0
10008, 56338272, 1, 0
10542, 43423529, 1, 0
11105, 53293830, 1, 0
11500, 56331536, 1, 0
12065, 53482571, 1, 0
12509, 43865838, 1, 0
13062, 44678240, 1, 0
13531, 50764236, 1, 0
14049, 49968615, 1, 0
14590, 49486920, 1, 0
15094, 47980415, 1, 0
15519, 50960329, 1, 0
16061, 53962813, 1, 0
16560, 48692894, 1, 0
17002, 49312304, 1, 0
17539, 53206336, 1, 0
18066, 43958757, 1, 0
18501, 51616666, 1, 0
19003, 41718625, 1, 0
19541, 39013168, 1, 0
20062, 50100741, 1, 0
20562, 49549787, 1, 0
21094, 50347557, 1, 0
21513, 49733185, 1, 0
22016, 47052306, 1, 0
22540, 53038975, 1, 0
23048, 48344761, 1, 0
23503, 50522715, 1, 0
24025, 56420138, 1, 0
24517, 46650155, 1, 0
25101, 49684091, 1, 0
25510, 49777632, 1, 0
26034, 39630239, 1, 0
26513, 53952004, 1, 0
27128, 53025178, 1, 0
27562, 73065981, 1, 0
28001, 54654104, 1, 0
28538, 45877114, 1, 0
29036, 47339423, 1, 0
29559, 50979955, 1, 0
30084, 48779111, 1, 0
30586, 49401139, 1, 0
31000, 51101583, 1, 0
31518, 49453754, 1, 0
32018, 49740136, 1, 0
32546, 45377795, 1, 0
33095, 39591574, 1, 0
33530, 46158913, 1, 0
34076, 51787330, 1, 0
34611, 50775098, 1, 0
35009, 47334170, 1, 0
35504, 48582456, 1, 0
36074, 46458948, 1, 0
36564, 50207708, 1, 0
37087, 47802394, 1, 0
37506, 51031338, 1, 0
38020, 49935263, 1, 0
38540, 47378525, 1, 0
39051, 46632653, 1, 0
39550, 46901545, 1, 0
40083, 52825859, 1, 0
40505, 51352428, 1, 0
41026, 49432817, 1, 0
41502, 43288632, 1, 0
42002, 44592686, 1, 0
42565, 49782906, 1, 0
43062, 50377376, 1, 0
43538, 51222581, 1, 0
44069, 49981471, 1, 0
44576, 49742272, 1, 0
45096, 49482447, 1, 0
45500, 49417879, 1, 0
46037, 44594288, 1, 0
46507, 45765849, 1, 0
47061, 43135896, 1, 0
47544, 37374762, 1, 0
48031, 46724212, 1, 0
48566, 51456273, 1, 0
49088, 51063711, 1, 0
49594, 48293855, 1, 0
50008, 52649152, 1, 0
50556, 42092787, 1, 0
51048, 44686188, 1, 0
51531, 46404175, 1, 0
52082, 48101462, 1, 0
52504, 38555949, 1, 0
53014, 50905752, 1, 0
53599, 47205316, 1, 0
54019, 45764993, 1, 0
54510, 44517212, 1, 0
55077, 46284922, 1, 0
55518, 56104592, 1, 0
56067, 53484157, 1, 0
56573, 51005643, 1, 0
57094, 50211794, 1, 0
57500, 51404443, 1, 0
58017, 45356991, 1, 0
58504, 47693471, 1, 0
59041, 46210713, 1, 0
59500, 43279583, 1, 0
60019, 62322725, 1, 0
60038, 115394996, 1, 0
