502, 3180047, 1, 0
1003, 3564852, 1, 0
1505, 2933473, 1, 0
2001, 2549949, 1, 0
2500, 3086234, 1, 0
3007, 3052874, 1, 0
3506, 2812599, 1, 0
4006, 2792631, 1, 0
4513, 3808852, 1, 0
5008, 2891028, 1, 0
5501, 5261140, 1, 0
6002, 4288858, 1, 0
6506, 2279059, 1, 0
7003, 3675593, 1, 0
7505, 3595632, 1, 0
8005, 2962341, 1, 0
8503, 3516578, 1, 0
9001, 3078218, 1, 0
9505, 3366737, 1, 0
10005, 2998273, 1, 0
10504, 3429172, 1, 0
11000, 3027923, 1, 0
11500, 2772113, 1, 0
12001, 3439338, 1, 0
12502, 3005618, 1, 0
13007, 3192708, 1, 0
13504, 3844607, 1, 0
14001, 4565470, 1, 0
14507, 2631911, 1, 0
15002, 4419862, 1, 0
15502, 3507332, 1, 0
16007, 3143933, 1, 0
16504, 2665077, 1, 0
17007, 2743626, 1, 0
17500, 3208693, 1, 0
18004, 2734552, 1, 0
18500, 3456935, 1, 0
19005, 3377006, 1, 0
19502, 3195328, 1, 0
20017, 3050930, 1, 0
20507, 3124324, 1, 0
21005, 3521910, 1, 0
21504, 3452734, 1, 0
22008, 2931724, 1, 0
22504, 3456582, 1, 0
23001, 3648626, 1, 0
23552, 3517238, 1, 0
24007, 2774679, 1, 0
24507, 2801923, 1, 0
25005, 4220332, 1, 0
25504, 2974342, 1, 0
26007, 3685600, 1, 0
26507, 3257906, 1, 0
27007, 4087210, 1, 0
27500, 3187650, 1, 0
28006, 3147606, 1, 0
28504, 3241200, 1, 0
29005, 4324615, 1, 0
29504, 3862303, 1, 0
30003, 3715487, 1, 0
30504, 3941592, 1, 0
31008, 3035550, 1, 0
31502, 3212458, 1, 0
32000, 3983433, 1, 0
32502, 3047087, 1, 0
33001, 3041604, 1, 0
33507, 3342700, 1, 0
34006, 3716363, 1, 0
34503, 3560954, 1, 0
35008, 3259595, 1, 0
35500, 3694475, 1, 0
36001, 3846483, 1, 0
36506, 3566825, 1, 0
37007, 3514520, 1, 0
37502, 3003443, 1, 0
38000, 3920457, 1, 0
38507, 4085619, 1, 0
39000, 3340362, 1, 0
39543, 4648350, 1, 0
40004, 2625209, 1, 0
40588, 3992696, 1, 0
41007, 4153721, 1, 0
41505, 3238477, 1, 0
42002, 3486817, 1, 0
42506, 3020572, 1, 0
43000, 3323067, 1, 0
43570, 4151121, 1, 0
44000, 3778123, 1, 0
44506, 3377700, 1, 0
45067, 4059285, 1, 0
45508, 3463755, 1, 0
46004, 3928481, 1, 0
46507, 3806148, 1, 0
47009, 3628388, 1, 0
47500, 2885817, 1, 0
48009, 4632763, 1, 0
48505, 4777571, 1, 0
49008, 2821118, 1, 0
49500, 2697246, 1, 0
50002, 3887227, 1, 0
50504, 3355903, 1, 0
51004, 2962783, 1, 0
51504, 4506110, 1, 0
52001, 2937994, 1, 0
52556, 3122821, 1, 0
53005, 3244524, 1, 0
53500, 3019814, 1, 0
54000, 3918818, 1, 0
54507, 2919902, 1, 0
55003, 4868855, 1, 0
55504, 4784026, 1, 0
56003, 3164968, 1, 0
56503, 2624107, 1, 0
57008, 3062890, 1, 0
57500, 5254097, 1, 0
58009, 3906197, 1, 0
58505, 2723555, 1, 0
59008, 3864682, 1, 0
59503, 3350723, 1, 0
60000, 2669560, 1, 0
