491, 268, 1, 0
991, 376, 1, 0
1491, 435, 1, 0
1993, 257, 1, 0
2493, 387, 1, 0
2993, 338, 1, 0
3493, 411, 1, 0
3991, 246, 1, 0
4491, 305, 1, 0
4991, 331, 1, 0
5493, 318, 1, 0
5993, 334, 1, 0
6494, 552, 1, 0
6993, 318, 1, 0
7493, 399, 1, 0
7991, 291, 1, 0
8491, 393, 1, 0
8991, 498, 1, 0
9491, 272, 1, 0
9993, 352, 1, 0
10493, 391, 1, 0
10994, 291, 1, 0
11493, 342, 1, 0
11991, 344, 1, 0
12491, 325, 1, 0
12991, 266, 1, 0
13491, 299, 1, 0
13993, 338, 1, 0
14493, 324, 1, 0
14994, 340, 1, 0
15494, 356, 1, 0
15994, 263, 1, 0
16493, 316, 1, 0
16993, 373, 1, 0
17491, 276, 1, 0
17991, 364, 1, 0
18494, 392, 1, 0
18994, 336, 1, 0
19493, 316, 1, 0
19991, 405, 1, 0
20491, 366, 1, 0
20991, 346, 1, 0
21491, 323, 1, 0
21994, 338, 1, 0
22494, 283, 1, 0
22994, 317, 1, 0
23493, 379, 1, 0
23991, 329, 1, 0
24491, 366, 1, 0
24991, 240, 1, 0
25492, 364, 1, 0
25994, 307, 1, 0
26493, 385, 1, 0
26993, 277, 1, 0
27493, 194, 1, 0
27993, 338, 1, 0
28491, 346, 1, 0
28991, 374, 1, 0
29491, 338, 1, 0
29991, 384, 1, 0
30491, 395, 1, 0
30991, 336, 1, 0
31491, 334, 1, 0
31991, 344, 1, 0
32491, 331, 1, 0
32991, 380, 1, 0
33491, 321, 1, 0
33991, 272, 1, 0
34493, 361, 1, 0
34993, 336, 1, 0
35493, 340, 1, 0
35993, 348, 1, 0
36493, 421, 1, 0
36992, 300, 1, 0
37493, 330, 1, 0
37993, 336, 1, 0
38493, 350, 1, 0
38993, 346, 1, 0
39493, 332, 1, 0
39993, 336, 1, 0
40493, 346, 1, 0
40993, 350, 1, 0
41493, 344, 1, 0
41993, 397, 1, 0
42493, 334, 1, 0
42993, 344, 1, 0
43491, 372, 1, 0
43991, 276, 1, 0
44491, 354, 1, 0
44991, 397, 1, 0
45491, 344, 1, 0
45991, 350, 1, 0
46491, 331, 1, 0
46991, 352, 1, 0
47491, 374, 1, 0
47991, 354, 1, 0
48491, 325, 1, 0
48993, 334, 1, 0
49493, 338, 1, 0
49993, 363, 1, 0
50493, 340, 1, 0
50993, 336, 1, 0
51493, 397, 1, 0
51993, 308, 1, 0
52493, 334, 1, 0
52992, 351, 1, 0
53492, 333, 1, 0
53993, 338, 1, 0
54493, 340, 1, 0
54993, 300, 1, 0
55493, 346, 1, 0
55993, 281, 1, 0
56493, 328, 1, 0
56993, 338, 1, 0
57493, 354, 1, 0
57993, 332, 1, 0
58491, 315, 1, 0
58991, 415, 1, 0
59491, 338, 1, 0
59991, 350, 1, 0
