494, 365, 1, 0
995, 325, 1, 0
1493, 385, 1, 0
1994, 302, 1, 0
2495, 296, 1, 0
2993, 239, 1, 0
3496, 304, 1, 0
3993, 275, 1, 0
4493, 263, 1, 0
4995, 282, 1, 0
5493, 251, 1, 0
5996, 223, 1, 0
6493, 395, 1, 0
6993, 336, 1, 0
7495, 351, 1, 0
7993, 324, 1, 0
8494, 314, 1, 0
8995, 345, 1, 0
9493, 330, 1, 0
9995, 351, 1, 0
10493, 304, 1, 0
10996, 292, 1, 0
11495, 280, 1, 0
11993, 336, 1, 0
12495, 266, 1, 0
12993, 361, 1, 0
13496, 243, 1, 0
13995, 290, 1, 0
14493, 365, 1, 0
14995, 232, 1, 0
15493, 273, 1, 0
15996, 314, 1, 0
16495, 383, 1, 0
16993, 328, 1, 0
17495, 252, 1, 0
17993, 233, 1, 0
18496, 302, 1, 0
18995, 270, 1, 0
19493, 302, 1, 0
19995, 264, 1, 0
20493, 318, 1, 0
20996, 286, 1, 0
21495, 327, 1, 0
21993, 257, 1, 0
22495, 317, 1, 0
22993, 279, 1, 0
23496, 260, 1, 0
23993, 302, 1, 0
24493, 306, 1, 0
24995, 385, 1, 0
25493, 255, 1, 0
25996, 276, 1, 0
26493, 314, 1, 0
26993, 249, 1, 0
27495, 321, 1, 0
27993, 290, 1, 0
28496, 276, 1, 0
28995, 268, 1, 0
29493, 361, 1, 0
29995, 278, 1, 0
30493, 253, 1, 0
30996, 344, 1, 0
31493, 306, 1, 0
31993, 235, 1, 0
32495, 278, 1, 0
32993, 308, 1, 0
33496, 284, 1, 0
33995, 288, 1, 0
34493, 340, 1, 0
34995, 341, 1, 0
35493, 320, 1, 0
35996, 288, 1, 0
36495, 270, 1, 0
36993, 290, 1, 0
37495, 353, 1, 0
37993, 294, 1, 0
38494, 300, 1, 0
38995, 258, 1, 0
39493, 237, 1, 0
39995, 305, 1, 0
40493, 330, 1, 0
40996, 219, 1, 0
41493, 348, 1, 0
41994, 312, 1, 0
42495, 296, 1, 0
42993, 300, 1, 0
43496, 326, 1, 0
43993, 200, 1, 0
44493, 340, 1, 0
44995, 335, 1, 0
45493, 292, 1, 0
45996, 288, 1, 0
46493, 316, 1, 0
46993, 346, 1, 0
47495, 315, 1, 0
47993, 217, 1, 0
48496, 260, 1, 0
48993, 314, 1, 0
49493, 352, 1, 0
49995, 315, 1, 0
50493, 371, 1, 0
50996, 312, 1, 0
51495, 210, 1, 0
51993, 296, 1, 0
52495, 311, 1, 0
52993, 261, 1, 0
53496, 301, 1, 0
53995, 290, 1, 0
54493, 294, 1, 0
54996, 231, 1, 0
55495, 274, 1, 0
55993, 245, 1, 0
56495, 315, 1, 0
56993, 281, 1, 0
57493, 225, 1, 0
57995, 276, 1, 0
58493, 322, 1, 0
58996, 266, 1, 0
59495, 266, 1, 0
59993, 241, 1, 0
