524, 1149824, 1, 0
1004, 1866559, 1, 0
1514, 2685662, 1, 0
2020, 2480186, 1, 0
2548, 2698558, 1, 0
3015, 2435844, 1, 0
3500, 1879570, 1, 0
4059, 2321429, 1, 0
4500, 1765065, 1, 0
5056, 2881729, 1, 0
5551, 2157492, 1, 0
6032, 1600827, 1, 0
6525, 1864433, 1, 0
7038, 2242784, 1, 0
7516, 1955553, 1, 0
8018, 3187264, 1, 0
8546, 2388482, 1, 0
9000, 1894199, 1, 0
9531, 1751189, 1, 0
10024, 1898775, 1, 0
10554, 2134949, 1, 0
11059, 2197147, 1, 0
11553, 2067346, 1, 0
12002, 2260154, 1, 0
12554, 2297410, 1, 0
13008, 2485019, 1, 0
13514, 1458296, 1, 0
14041, 2491536, 1, 0
14526, 2131960, 1, 0
15002, 1161126, 1, 0
15544, 1964735, 1, 0
16016, 1611584, 1, 0
16544, 1995434, 1, 0
17033, 1790645, 1, 0
17521, 2671628, 1, 0
18051, 1892003, 1, 0
18508, 1369064, 1, 0
19022, 2673110, 1, 0
19563, 2285179, 1, 0
20050, 2237014, 1, 0
20548, 2967146, 1, 0
21010, 2067660, 1, 0
21544, 2254472, 1, 0
22010, 1828356, 1, 0
22540, 2526203, 1, 0
23046, 2202635, 1, 0
23506, 2249004, 1, 0
24035, 2209889, 1, 0
24528, 1879349, 1, 0
25014, 2081609, 1, 0
25539, 1561006, 1, 0
26038, 1633603, 1, 0
26559, 2718341, 1, 0
27011, 2141162, 1, 0
27534, 2890017, 1, 0
28011, 1855551, 1, 0
28521, 2265644, 1, 0
29076, 2437525, 1, 0
29510, 2787001, 1, 0
30012, 1567910, 1, 0
30509, 2352339, 1, 0
31022, 2603881, 1, 0
31514, 2172462, 1, 0
32046, 2222989, 1, 0
32535, 2803457, 1, 0
33037, 1633212, 1, 0
33528, 2588146, 1, 0
34008, 940271, 1, 0
34524, 1527472, 1, 0
35017, 2064123, 1, 0
35506, 1692069, 1, 0
36025, 2529158, 1, 0
36515, 2787164, 1, 0
37006, 1730588, 1, 0
37518, 1776720, 1, 0
38056, 2139490, 1, 0
38500, 1991584, 1, 0
39051, 2649791, 1, 0
39546, 2777673, 1, 0
40042, 2519491, 1, 0
40518, 2198238, 1, 0
41014, 2039673, 1, 0
41530, 2746957, 1, 0
42004, 2231193, 1, 0
42570, 2418154, 1, 0
43026, 2102316, 1, 0
43502, 1538773, 1, 0
44003, 2346189, 1, 0
44524, 2209113, 1, 0
45010, 1888978, 1, 0
45527, 2081914, 1, 0
46018, 2485022, 1, 0
46584, 2355365, 1, 0
47024, 2072993, 1, 0
47519, 1491169, 1, 0
48002, 1766349, 1, 0
48529, 2179002, 1, 0
49026, 2161889, 1, 0
49541, 3026035, 1, 0
50061, 1878935, 1, 0
50501, 1911096, 1, 0
51043, 2801242, 1, 0
51518, 1433999, 1, 0
52009, 2267112, 1, 0
52539, 1701946, 1, 0
53039, 2122424, 1, 0
53541, 3048431, 1, 0
54020, 2061786, 1, 0
54509, 1074355, 1, 0
55001, 2320462, 1, 0
55507, 2235538, 1, 0
56003, 1523997, 1, 0
56502, 1888053, 1, 0
57000, 2339765, 1, 0
57513, 2469022, 1, 0
58010, 1808804, 1, 0
58502, 2133094, 1, 0
59023, 2374978, 1, 0
59508, 1227231, 1, 0
60013, 2344264, 1, 0
