505, 22983, 1, 0
1000, 27817, 1, 0
1502, 26264, 1, 0
2007, 28256, 1, 0
2507, 26543, 1, 0
3003, 31207, 1, 0
3503, 27225, 1, 0
4003, 24404, 1, 0
4500, 26017, 1, 0
5004, 25492, 1, 0
5509, 23684, 1, 0
6000, 23954, 1, 0
6502, 27282, 1, 0
7001, 26316, 1, 0
7501, 28447, 1, 0
8001, 26911, 1, 0
8500, 24526, 1, 0
9008, 24149, 1, 0
9502, 28850, 1, 0
10001, 25760, 1, 0
10503, 28044, 1, 0
11002, 27973, 1, 0
11505, 26838, 1, 0
12009, 29724, 1, 0
12509, 26193, 1, 0
13004, 25064, 1, 0
13511, 27455, 1, 0
14006, 26481, 1, 0
14504, 26277, 1, 0
15000, 27610, 1, 0
15507, 27575, 1, 0
16004, 24652, 1, 0
16503, 25910, 1, 0
17003, 24117, 1, 0
17505, 27077, 1, 0
18001, 23451, 1, 0
18505, 26197, 1, 0
19002, 26575, 1, 0
19508, 25276, 1, 0
20015, 26164, 1, 0
20503, 24475, 1, 0
21011, 27984, 1, 0
21500, 32389, 1, 0
22005, 26063, 1, 0
22501, 24118, 1, 0
23003, 25811, 1, 0
23549, 26320, 1, 0
24004, 25279, 1, 0
24504, 25648, 1, 0
25002, 26073, 1, 0
25501, 27748, 1, 0
26004, 28728, 1, 0
26505, 26561, 1, 0
27003, 27891, 1, 0
27506, 30931, 1, 0
28003, 24666, 1, 0
28500, 24712, 1, 0
29002, 25893, 1, 0
29501, 25836, 1, 0
30000, 23337, 1, 0
30500, 23928, 1, 0
31005, 25246, 1, 0
31508, 26189, 1, 0
32005, 25502, 1, 0
32500, 23206, 1, 0
33008, 27111, 1, 0
33504, 28531, 1, 0
34003, 27901, 1, 0
34501, 25616, 1, 0
35004, 28312, 1, 0
35500, 24676, 1, 0
36000, 25467, 1, 0
36503, 24556, 1, 0
37003, 28656, 1, 0
37621, 24029, 1, 0
38006, 25378, 1, 0
38505, 26013, 1, 0
39004, 29076, 1, 0
39541, 26621, 1, 0
40002, 27360, 1, 0
40585, 29754, 1, 0
41004, 25432, 1, 0
41503, 27045, 1, 0
42002, 25277, 1, 0
42502, 28555, 1, 0
43006, 25914, 1, 0
43564, 25984, 1, 0
44006, 25510, 1, 0
44502, 23983, 1, 0
45064, 26128, 1, 0
45505, 30809, 1, 0
46000, 31690, 1, 0
46504, 26349, 1, 0
47006, 26715, 1, 0
47505, 28231, 1, 0
48006, 26097, 1, 0
48502, 24708, 1, 0
49004, 28287, 1, 0
49506, 31230, 1, 0
50000, 24810, 1, 0
50501, 25704, 1, 0
51001, 27884, 1, 0
51501, 27994, 1, 0
52006, 26065, 1, 0
52553, 28657, 1, 0
53003, 24165, 1, 0
53500, 20958, 1, 0
54001, 17508, 1, 0
54503, 19664, 1, 0
55000, 26976, 1, 0
55501, 26582, 1, 0
56000, 28746, 1, 0
56500, 32221, 1, 0
57005, 24518, 1, 0
57532, 25407, 1, 0
58005, 28779, 1, 0
58501, 25094, 1, 0
59004, 28157, 1, 0
59503, 27630, 1, 0
60001, 27099, 1, 0
