520, 10661961, 1, 0
1013, 13758726, 1, 0
1506, 11338926, 1, 0
2000, 12976437, 1, 0
2510, 11657441, 1, 0
3016, 13661053, 1, 0
3515, 11820579, 1, 0
4000, 10603847, 1, 0
4526, 12552875, 1, 0
5011, 15327756, 1, 0
5511, 12471669, 1, 0
6001, 12628001, 1, 0
6516, 14380312, 1, 0
7004, 14701147, 1, 0
7506, 15296824, 1, 0
8005, 11539500, 1, 0
8502, 11914357, 1, 0
9002, 11820173, 1, 0
9506, 11383991, 1, 0
10001, 13847113, 1, 0
10512, 12647197, 1, 0
11006, 10160484, 1, 0
11513, 12544020, 1, 0
12006, 12409318, 1, 0
12518, 15375111, 1, 0
13000, 12540781, 1, 0
13506, 9594460, 1, 0
14005, 12440293, 1, 0
14510, 11008298, 1, 0
15014, 9594961, 1, 0
15502, 11637510, 1, 0
16010, 10742441, 1, 0
16525, 12295543, 1, 0
17003, 12369051, 1, 0
17500, 12761559, 1, 0
18006, 15793199, 1, 0
18501, 12483247, 1, 0
19000, 12520154, 1, 0
19522, 10701784, 1, 0
20007, 12455519, 1, 0
20502, 9638709, 1, 0
21000, 13475166, 1, 0
21507, 11330792, 1, 0
22004, 13233094, 1, 0
22524, 10668748, 1, 0
23002, 13117783, 1, 0
23501, 10775527, 1, 0
24010, 11031885, 1, 0
24508, 12021773, 1, 0
25006, 11864598, 1, 0
25510, 13146995, 1, 0
26003, 13994917, 1, 0
26502, 12311861, 1, 0
27007, 11595874, 1, 0
27513, 10779785, 1, 0
28004, 12173479, 1, 0
28500, 9676952, 1, 0
29004, 12741367, 1, 0
29510, 12387682, 1, 0
30016, 13999576, 1, 0
30506, 10030622, 1, 0
31003, 12701553, 1, 0
31500, 9487555, 1, 0
32019, 11431175, 1, 0
32514, 14556250, 1, 0
33006, 14440039, 1, 0
33502, 12914666, 1, 0
34004, 12972277, 1, 0
34500, 12232142, 1, 0
35009, 12422576, 1, 0
35511, 12581163, 1, 0
36013, 11286469, 1, 0
36502, 12466445, 1, 0
37003, 11724446, 1, 0
37503, 11147575, 1, 0
38003, 12005273, 1, 0
38520, 11603223, 1, 0
39004, 11106779, 1, 0
39501, 10847893, 1, 0
40009, 14349477, 1, 0
40508, 11885917, 1, 0
41001, 10677834, 1, 0
41503, 10506363, 1, 0
42015, 12664481, 1, 0
42507, 12289354, 1, 0
43011, 12888798, 1, 0
43517, 11608011, 1, 0
44023, 13198799, 1, 0
44511, 14742042, 1, 0
45000, 12618888, 1, 0
45516, 10902441, 1, 0
46014, 10635677, 1, 0
46509, 11178859, 1, 0
47000, 11047753, 1, 0
47510, 11235642, 1, 0
48008, 12581573, 1, 0
48501, 10783880, 1, 0
49014, 12574479, 1, 0
49503, 10755776, 1, 0
50004, 12177323, 1, 0
50509, 11362971, 1, 0
51002, 10122416, 1, 0
51504, 9803739, 1, 0
52001, 10150861, 1, 0
52507, 13455665, 1, 0
53005, 11976187, 1, 0
53525, 12728178, 1, 0
54001, 10844708, 1, 0
54500, 11831265, 1, 0
55002, 10823489, 1, 0
55505, 10966988, 1, 0
56013, 10535587, 1, 0
56501, 11336284, 1, 0
57004, 14754550, 1, 0
57501, 10544590, 1, 0
58006, 11789799, 1, 0
58505, 10987547, 1, 0
59007, 12692997, 1, 0
59516, 11314094, 1, 0
60010, 11306271, 1, 0
60020, 28559765, 1, 0
