493, 318, 1, 0
994, 323, 1, 0
1493, 286, 1, 0
1994, 303, 1, 0
2493, 318, 1, 0
2994, 336, 1, 0
3493, 415, 1, 0
3993, 261, 1, 0
4494, 419, 1, 0
4993, 371, 1, 0
5494, 329, 1, 0
5994, 402, 1, 0
6493, 361, 1, 0
6994, 289, 1, 0
7494, 342, 1, 0
7993, 259, 1, 0
8493, 269, 1, 0
8994, 346, 1, 0
9493, 391, 1, 0
9993, 434, 1, 0
10494, 315, 1, 0
10993, 346, 1, 0
11494, 329, 1, 0
11993, 405, 1, 0
12493, 359, 1, 0
12994, 325, 1, 0
13494, 386, 1, 0
13993, 359, 1, 0
14494, 352, 1, 0
14994, 336, 1, 0
15493, 359, 1, 0
15994, 348, 1, 0
16494, 319, 1, 0
16993, 320, 1, 0
17493, 342, 1, 0
17994, 346, 1, 0
18493, 367, 1, 0
18993, 302, 1, 0
19494, 309, 1, 0
19993, 346, 1, 0
20493, 365, 1, 0
20994, 425, 1, 0
21493, 273, 1, 0
21993, 381, 1, 0
22494, 317, 1, 0
22993, 255, 1, 0
23493, 379, 1, 0
23994, 323, 1, 0
24494, 329, 1, 0
24993, 316, 1, 0
25493, 352, 1, 0
25994, 455, 1, 0
26494, 362, 1, 0
26993, 375, 1, 0
27493, 332, 1, 0
27993, 369, 1, 0
28494, 388, 1, 0
28993, 283, 1, 0
29493, 354, 1, 0
29993, 292, 1, 0
30494, 364, 1, 0
30994, 329, 1, 0
31493, 352, 1, 0
31994, 295, 1, 0
32494, 317, 1, 0
32993, 348, 1, 0
33493, 371, 1, 0
33993, 346, 1, 0
34494, 305, 1, 0
34993, 419, 1, 0
35493, 314, 1, 0
35994, 315, 1, 0
36494, 299, 1, 0
36993, 391, 1, 0
37493, 359, 1, 0
37993, 342, 1, 0
38494, 396, 1, 0
38994, 327, 1, 0
39493, 399, 1, 0
39993, 306, 1, 0
40493, 330, 1, 0
40994, 279, 1, 0
41494, 305, 1, 0
41993, 308, 1, 0
42493, 340, 1, 0
42994, 277, 1, 0
43494, 307, 1, 0
43994, 356, 1, 0
44493, 352, 1, 0
44993, 279, 1, 0
45494, 338, 1, 0
45994, 380, 1, 0
46494, 398, 1, 0
46993, 265, 1, 0
47493, 342, 1, 0
47994, 305, 1, 0
48494, 283, 1, 0
48993, 340, 1, 0
49493, 288, 1, 0
49993, 342, 1, 0
50494, 366, 1, 0
50994, 301, 1, 0
51493, 352, 1, 0
51993, 385, 1, 0
52493, 334, 1, 0
52994, 321, 1, 0
53494, 360, 1, 0
53993, 292, 1, 0
54493, 356, 1, 0
54994, 285, 1, 0
55494, 380, 1, 0
55994, 352, 1, 0
56493, 379, 1, 0
56993, 389, 1, 0
57494, 301, 1, 0
57994, 317, 1, 0
58493, 373, 1, 0
58993, 346, 1, 0
59493, 430, 1, 0
59994, 315, 1, 0
