497, 309, 1, 0
997, 348, 1, 0
1497, 317, 1, 0
1997, 348, 1, 0
2497, 299, 1, 0
2997, 334, 1, 0
3497, 331, 1, 0
3997, 336, 1, 0
4497, 273, 1, 0
4997, 348, 1, 0
5497, 344, 1, 0
5996, 310, 1, 0
6497, 311, 1, 0
6997, 279, 1, 0
7496, 318, 1, 0
7997, 313, 1, 0
8497, 362, 1, 0
8997, 350, 1, 0
9497, 342, 1, 0
9997, 420, 1, 0
10496, 288, 1, 0
10997, 336, 1, 0
11497, 346, 1, 0
11997, 303, 1, 0
12497, 368, 1, 0
12997, 271, 1, 0
13496, 276, 1, 0
13997, 342, 1, 0
14497, 358, 1, 0
14996, 352, 1, 0
15497, 336, 1, 0
15997, 323, 1, 0
16497, 331, 1, 0
16997, 327, 1, 0
17497, 323, 1, 0
17997, 336, 1, 0
18497, 323, 1, 0
18997, 414, 1, 0
19497, 340, 1, 0
19997, 372, 1, 0
20497, 319, 1, 0
20997, 346, 1, 0
21497, 412, 1, 0
21997, 386, 1, 0
22497, 313, 1, 0
22997, 301, 1, 0
23497, 340, 1, 0
23997, 400, 1, 0
24496, 340, 1, 0
24997, 366, 1, 0
25497, 291, 1, 0
25997, 422, 1, 0
26497, 287, 1, 0
26997, 309, 1, 0
27497, 334, 1, 0
27997, 356, 1, 0
28497, 362, 1, 0
28997, 295, 1, 0
29497, 346, 1, 0
29997, 370, 1, 0
30497, 358, 1, 0
30997, 281, 1, 0
31497, 249, 1, 0
31997, 368, 1, 0
32497, 360, 1, 0
32997, 334, 1, 0
33497, 291, 1, 0
33998, 349, 1, 0
34496, 356, 1, 0
34997, 382, 1, 0
35497, 346, 1, 0
35997, 346, 1, 0
36497, 334, 1, 0
36997, 305, 1, 0
37497, 362, 1, 0
37997, 364, 1, 0
38497, 334, 1, 0
38996, 306, 1, 0
39497, 356, 1, 0
39997, 374, 1, 0
40497, 325, 1, 0
40997, 273, 1, 0
41496, 417, 1, 0
41997, 400, 1, 0
42497, 350, 1, 0
42997, 342, 1, 0
43497, 402, 1, 0
43996, 352, 1, 0
44497, 396, 1, 0
44997, 346, 1, 0
45497, 253, 1, 0
45997, 295, 1, 0
46497, 352, 1, 0
46997, 325, 1, 0
47497, 368, 1, 0
47997, 321, 1, 0
48497, 307, 1, 0
48997, 305, 1, 0
49497, 366, 1, 0
49997, 327, 1, 0
50497, 325, 1, 0
50997, 368, 1, 0
51497, 277, 1, 0
51997, 384, 1, 0
52497, 338, 1, 0
52997, 352, 1, 0
53496, 340, 1, 0
53997, 344, 1, 0
54497, 376, 1, 0
54997, 464, 1, 0
55497, 404, 1, 0
55997, 315, 1, 0
56497, 303, 1, 0
56997, 291, 1, 0
57497, 362, 1, 0
57996, 326, 1, 0
58497, 289, 1, 0
58997, 338, 1, 0
59497, 394, 1, 0
59997, 336, 1, 0
