500, 378, 1, 0
999, 292, 1, 0
1500, 366, 1, 0
2000, 316, 1, 0
2500, 386, 1, 0
3000, 312, 1, 0
3500, 346, 1, 0
4000, 400, 1, 0
4499, 328, 1, 0
5000, 306, 1, 0
5500, 314, 1, 0
5999, 352, 1, 0
6500, 322, 1, 0
7000, 262, 1, 0
7500, 276, 1, 0
8000, 332, 1, 0
8500, 352, 1, 0
9000, 270, 1, 0
9500, 354, 1, 0
10000, 306, 1, 0
10500, 294, 1, 0
11000, 356, 1, 0
11499, 310, 1, 0
12000, 296, 1, 0
12500, 308, 1, 0
13000, 272, 1, 0
13500, 298, 1, 0
14000, 332, 1, 0
14500, 320, 1, 0
15000, 324, 1, 0
15499, 338, 1, 0
16000, 334, 1, 0
16500, 356, 1, 0
17000, 278, 1, 0
17500, 342, 1, 0
17999, 368, 1, 0
18500, 368, 1, 0
19000, 352, 1, 0
19500, 346, 1, 0
19999, 368, 1, 0
20500, 322, 1, 0
21000, 282, 1, 0
21500, 336, 1, 0
22000, 294, 1, 0
22499, 374, 1, 0
23000, 354, 1, 0
23500, 336, 1, 0
24000, 368, 1, 0
24500, 356, 1, 0
24999, 290, 1, 0
25500, 384, 1, 0
26000, 350, 1, 0
26500, 348, 1, 0
27000, 300, 1, 0
27500, 280, 1, 0
28000, 282, 1, 0
28500, 374, 1, 0
29000, 400, 1, 0
29499, 292, 1, 0
30000, 382, 1, 0
30500, 350, 1, 0
31000, 298, 1, 0
31500, 276, 1, 0
31999, 308, 1, 0
32500, 368, 1, 0
33000, 380, 1, 0
33500, 360, 1, 0
34001, 371, 1, 0
34500, 386, 1, 0
35000, 350, 1, 0
35500, 318, 1, 0
36000, 358, 1, 0
36499, 350, 1, 0
37000, 272, 1, 0
37500, 340, 1, 0
38000, 294, 1, 0
38499, 342, 1, 0
39000, 312, 1, 0
39500, 332, 1, 0
40000, 374, 1, 0
40500, 406, 1, 0
40999, 294, 1, 0
41500, 406, 1, 0
42000, 296, 1, 0
42500, 338, 1, 0
43000, 306, 1, 0
43500, 362, 1, 0
43999, 380, 1, 0
44500, 348, 1, 0
45000, 336, 1, 0
45499, 336, 1, 0
46000, 268, 1, 0
46500, 344, 1, 0
47000, 360, 1, 0
47499, 338, 1, 0
48000, 296, 1, 0
48500, 338, 1, 0
49000, 342, 1, 0
49499, 360, 1, 0
50000, 340, 1, 0
50500, 312, 1, 0
51000, 330, 1, 0
51500, 340, 1, 0
51999, 370, 1, 0
52500, 334, 1, 0
53000, 298, 1, 0
53500, 366, 1, 0
53999, 340, 1, 0
54500, 352, 1, 0
55000, 364, 1, 0
55500, 392, 1, 0
56000, 314, 1, 0
56499, 334, 1, 0
57000, 346, 1, 0
57500, 376, 1, 0
58000, 334, 1, 0
58499, 322, 1, 0
59000, 380, 1, 0
59500, 330, 1, 0
60000, 382, 1, 0
