501, 24313499, 1, 0
1002, 20062762, 1, 0
1522, 29305162, 1, 0
2021, 19692354, 1, 0
2513, 18809398, 1, 0
3013, 17873413, 1, 0
3545, 20385155, 1, 0
4066, 23181586, 1, 0
4571, 24571845, 1, 0
5000, 28689387, 1, 0
5505, 21111788, 1, 0
6013, 23120455, 1, 0
6515, 25670310, 1, 0
7001, 21326214, 1, 0
7525, 20634778, 1, 0
8055, 27758754, 1, 0
8517, 24909460, 1, 0
9004, 19240226, 1, 0
9521, 21289262, 1, 0
10023, 22399287, 1, 0
10525, 21802072, 1, 0
11013, 26479615, 1, 0
11523, 20871808, 1, 0
12034, 22035453, 1, 0
12516, 24349165, 1, 0
13032, 23469589, 1, 0
13538, 23606378, 1, 0
14030, 26520498, 1, 0
14523, 22746860, 1, 0
15010, 25635534, 1, 0
15534, 19731175, 1, 0
16024, 21256653, 1, 0
16504, 21867423, 1, 0
17001, 25890056, 1, 0
17510, 21858074, 1, 0
18002, 21541358, 1, 0
18541, 21266129, 1, 0
19003, 20681666, 1, 0
19529, 18413773, 1, 0
20058, 20138444, 1, 0
20500, 23095249, 1, 0
21017, 21814559, 1, 0
21533, 23636452, 1, 0
22000, 19094309, 1, 0
22529, 20783283, 1, 0
23036, 22507892, 1, 0
23510, 21605533, 1, 0
24005, 21458336, 1, 0
24504, 19142709, 1, 0
25004, 22957244, 1, 0
25512, 23839189, 1, 0
26008, 21592071, 1, 0
26529, 23887833, 1, 0
27045, 23905324, 1, 0
27523, 28904247, 1, 0
28047, 18106325, 1, 0
28519, 22863367, 1, 0
29056, 18988678, 1, 0
29554, 22636958, 1, 0
30010, 20428486, 1, 0
30508, 27494766, 1, 0
31003, 18367172, 1, 0
31514, 19747474, 1, 0
32036, 21190067, 1, 0
32524, 19728687, 1, 0
33008, 23801719, 1, 0
33510, 22968426, 1, 0
34000, 22064947, 1, 0
34535, 24388683, 1, 0
35006, 26995407, 1, 0
35513, 25425495, 1, 0
36007, 21771647, 1, 0
36525, 23334957, 1, 0
37003, 18993085, 1, 0
37501, 19831691, 1, 0
38045, 19764436, 1, 0
38526, 17743740, 1, 0
39006, 19761111, 1, 0
39500, 22520431, 1, 0
40005, 24398213, 1, 0
40535, 18641274, 1, 0
41043, 21663972, 1, 0
41501, 27331939, 1, 0
42010, 22810027, 1, 0
42538, 29262271, 1, 0
43025, 18907304, 1, 0
43501, 21841386, 1, 0
44000, 23973664, 1, 0
44543, 24053496, 1, 0
45017, 19682619, 1, 0
45507, 16948963, 1, 0
46007, 23046817, 1, 0
46502, 21623526, 1, 0
47001, 23896193, 1, 0
47500, 17973401, 1, 0
48023, 24617028, 1, 0
48564, 19589627, 1, 0
49006, 21839624, 1, 0
49503, 26043044, 1, 0
50010, 29077069, 1, 0
50500, 23065060, 1, 0
51025, 15966482, 1, 0
51503, 23481196, 1, 0
52025, 19902305, 1, 0
52514, 20547453, 1, 0
53002, 21682618, 1, 0
53521, 20560182, 1, 0
54002, 21560148, 1, 0
54504, 22974562, 1, 0
55003, 21710588, 1, 0
55550, 21964092, 1, 0
56001, 21230520, 1, 0
56501, 23402104, 1, 0
57061, 22326445, 1, 0
57503, 22197063, 1, 0
58008, 24476572, 1, 0
58513, 20614919, 1, 0
59039, 19443677, 1, 0
59541, 22285543, 1, 0
60011, 22248978, 1, 0
60011, 26214165, 1, 0
