626, 2140724, 1, 0
1049, 3732074, 1, 0
1566, 3290734, 1, 0
2038, 3625262, 1, 0
2531, 2959208, 1, 0
3092, 3431860, 1, 0
3568, 3164813, 1, 0
4063, 3016945, 1, 0
4536, 3109749, 1, 0
5020, 3401660, 1, 0
5516, 2909295, 1, 0
6029, 3183247, 1, 0
6532, 3218089, 1, 0
7018, 3210709, 1, 0
7587, 3266365, 1, 0
8053, 3412905, 1, 0
8586, 2694628, 1, 0
9039, 2791950, 1, 0
9581, 3015974, 1, 0
10018, 3105706, 1, 0
10507, 3485901, 1, 0
11016, 2690131, 1, 0
11591, 3169228, 1, 0
12100, 3441834, 1, 0
12521, 3204560, 1, 0
13089, 3154477, 1, 0
13540, 3308425, 1, 0
14084, 2763367, 1, 0
14562, 2873863, 1, 0
15044, 2951300, 1, 0
15514, 3352611, 1, 0
16065, 2553431, 1, 0
16589, 3146388, 1, 0
17077, 3007611, 1, 0
17546, 2997563, 1, 0
18044, 3656861, 1, 0
18575, 3145405, 1, 0
19037, 2711436, 1, 0
19505, 2449889, 1, 0
20083, 3016327, 1, 0
20588, 3275251, 1, 0
21000, 3305080, 1, 0
21548, 2546368, 1, 0
22035, 3261931, 1, 0
22505, 2660600, 1, 0
23027, 3627367, 1, 0
23543, 4321331, 1, 0
24062, 3389359, 1, 0
24542, 2215183, 1, 0
25008, 3338668, 1, 0
25527, 2818146, 1, 0
26106, 3379791, 1, 0
26500, 2409079, 1, 0
27019, 4150067, 1, 0
27536, 2945295, 1, 0
28063, 3226627, 1, 0
28548, 2386594, 1, 0
29085, 3026412, 1, 0
29567, 2894267, 1, 0
30069, 2305847, 1, 0
30508, 2535663, 1, 0
31008, 3061954, 1, 0
31504, 3293866, 1, 0
32072, 2865158, 1, 0
32585, 3141022, 1, 0
33083, 3141203, 1, 0
33615, 4574605, 1, 0
34079, 3177232, 1, 0
34562, 2645766, 1, 0
35033, 3178496, 1, 0
35544, 3079519, 1, 0
36085, 1764911, 1, 0
36518, 2755236, 1, 0
37055, 2898086, 1, 0
37500, 3219433, 1, 0
38019, 2994864, 1, 0
38505, 3253144, 1, 0
39050, 3164506, 1, 0
39561, 3314332, 1, 0
40017, 2704438, 1, 0
40512, 3047313, 1, 0
41047, 2776097, 1, 0
41587, 2913951, 1, 0
42079, 3049935, 1, 0
42509, 3733614, 1, 0
43025, 2994458, 1, 0
43530, 2979456, 1, 0
44058, 2661117, 1, 0
44502, 2592160, 1, 0
45116, 2818575, 1, 0
45512, 2923885, 1, 0
46074, 2998321, 1, 0
46521, 2715566, 1, 0
47022, 2903322, 1, 0
47574, 3152770, 1, 0
48065, 3593472, 1, 0
48521, 2617782, 1, 0
49018, 3419696, 1, 0
49524, 3118989, 1, 0
50011, 3074480, 1, 0
50551, 2966720, 1, 0
51026, 3158660, 1, 0
51608, 2820371, 1, 0
52042, 3236362, 1, 0
52509, 2978626, 1, 0
53009, 3934403, 1, 0
53507, 3181498, 1, 0
54080, 2998920, 1, 0
54548, 3222528, 1, 0
55029, 2965512, 1, 0
55563, 2574582, 1, 0
56007, 2748856, 1, 0
56561, 2834145, 1, 0
57028, 3303038, 1, 0
57524, 2431920, 1, 0
58059, 3086426, 1, 0
58590, 3311361, 1, 0
59000, 2899621, 1, 0
59558, 2772936, 1, 0
60014, 2644454, 1, 0
