499, 454, 1, 0
999, 547, 1, 0
1499, 324, 1, 0
1999, 310, 1, 0
2499, 270, 1, 0
2999, 340, 1, 0
3499, 328, 1, 0
3999, 434, 1, 0
4499, 268, 1, 0
4999, 348, 1, 0
5499, 338, 1, 0
5999, 342, 1, 0
6499, 262, 1, 0
6999, 334, 1, 0
7499, 348, 1, 0
7999, 330, 1, 0
8499, 272, 1, 0
8999, 478, 1, 0
9499, 382, 1, 0
9999, 332, 1, 0
10499, 336, 1, 0
10999, 334, 1, 0
11499, 382, 1, 0
11999, 332, 1, 0
12499, 312, 1, 0
12999, 262, 1, 0
13499, 354, 1, 0
13999, 342, 1, 0
14499, 496, 1, 0
14999, 328, 1, 0
15499, 280, 1, 0
15999, 332, 1, 0
16499, 298, 1, 0
16999, 324, 1, 0
17500, 340, 1, 0
17999, 254, 1, 0
18499, 250, 1, 0
19000, 360, 1, 0
19499, 384, 1, 0
19999, 352, 1, 0
20499, 278, 1, 0
20999, 272, 1, 0
21499, 348, 1, 0
21999, 334, 1, 0
22499, 394, 1, 0
22999, 326, 1, 0
23499, 266, 1, 0
23999, 334, 1, 0
24499, 346, 1, 0
24999, 344, 1, 0
25499, 330, 1, 0
25999, 336, 1, 0
26499, 336, 1, 0
26999, 334, 1, 0
27499, 382, 1, 0
27999, 304, 1, 0
28499, 338, 1, 0
28999, 412, 1, 0
29499, 324, 1, 0
29999, 252, 1, 0
30499, 438, 1, 0
30999, 272, 1, 0
31499, 346, 1, 0
31999, 398, 1, 0
32499, 344, 1, 0
32999, 408, 1, 0
33499, 400, 1, 0
33999, 322, 1, 0
34499, 448, 1, 0
34999, 310, 1, 0
35499, 334, 1, 0
35999, 330, 1, 0
36499, 232, 1, 0
36999, 456, 1, 0
37499, 362, 1, 0
37999, 394, 1, 0
38499, 332, 1, 0
38999, 328, 1, 0
39499, 330, 1, 0
39999, 330, 1, 0
40499, 360, 1, 0
40999, 298, 1, 0
41499, 360, 1, 0
41999, 274, 1, 0
42499, 272, 1, 0
42999, 332, 1, 0
43499, 328, 1, 0
43999, 404, 1, 0
44499, 402, 1, 0
44999, 272, 1, 0
45499, 336, 1, 0
45999, 272, 1, 0
46499, 318, 1, 0
46999, 308, 1, 0
47499, 328, 1, 0
47999, 340, 1, 0
48499, 276, 1, 0
48999, 304, 1, 0
49499, 406, 1, 0
49999, 294, 1, 0
50499, 498, 1, 0
50999, 314, 1, 0
51499, 336, 1, 0
51999, 264, 1, 0
52499, 434, 1, 0
52999, 314, 1, 0
53499, 276, 1, 0
53999, 482, 1, 0
54499, 268, 1, 0
54999, 348, 1, 0
55499, 348, 1, 0
55999, 316, 1, 0
56499, 324, 1, 0
56999, 274, 1, 0
57499, 398, 1, 0
57999, 328, 1, 0
58499, 332, 1, 0
58999, 374, 1, 0
59499, 388, 1, 0
59999, 266, 1, 0
