580, 3612166, 1, 0
1039, 2863293, 1, 0
1535, 3003213, 1, 0
2004, 3775350, 1, 0
2601, 2960457, 1, 0
3052, 3288043, 1, 0
3522, 4430058, 1, 0
4053, 2947397, 1, 0
4545, 2565805, 1, 0
5047, 3299938, 1, 0
5535, 3406073, 1, 0
6056, 3470289, 1, 0
6559, 2989553, 1, 0
7044, 2935454, 1, 0
7535, 3119795, 1, 0
8068, 2675931, 1, 0
8566, 2717426, 1, 0
9057, 3198649, 1, 0
9580, 2723149, 1, 0
10020, 2581168, 1, 0
10507, 3155664, 1, 0
11023, 2563733, 1, 0
11590, 2702159, 1, 0
12110, 3284460, 1, 0
12551, 3208732, 1, 0
13036, 2991421, 1, 0
13612, 2964067, 1, 0
14003, 4032553, 1, 0
14562, 2785877, 1, 0
15053, 2901653, 1, 0
15605, 2882884, 1, 0
16029, 2564795, 1, 0
16561, 3253746, 1, 0
17058, 3164321, 1, 0
17518, 2868982, 1, 0
18115, 3082892, 1, 0
18530, 3185094, 1, 0
19079, 3246934, 1, 0
19525, 3319694, 1, 0
20109, 2581685, 1, 0
20523, 3133772, 1, 0
21025, 3088720, 1, 0
21559, 3114989, 1, 0
22044, 3123528, 1, 0
22505, 2869403, 1, 0
23019, 5041848, 1, 0
23581, 2693042, 1, 0
24081, 2468258, 1, 0
24500, 2570237, 1, 0
25026, 2747077, 1, 0
25542, 2679057, 1, 0
26097, 3958707, 1, 0
26612, 3318560, 1, 0
27066, 2870347, 1, 0
27519, 2772852, 1, 0
28016, 2947631, 1, 0
28531, 2247735, 1, 0
29036, 2456048, 1, 0
29558, 2717208, 1, 0
30069, 2088570, 1, 0
30508, 2849163, 1, 0
31063, 2713152, 1, 0
31573, 3396938, 1, 0
32034, 2721153, 1, 0
32575, 3355993, 1, 0
33060, 3063437, 1, 0
33615, 4653437, 1, 0
34044, 3043378, 1, 0
34526, 2953891, 1, 0
35007, 2835185, 1, 0
35522, 2943183, 1, 0
36015, 2884682, 1, 0
36565, 2789729, 1, 0
37006, 2636027, 1, 0
37587, 2898923, 1, 0
38019, 2559776, 1, 0
38585, 3721128, 1, 0
39040, 3067319, 1, 0
39519, 3146117, 1, 0
40110, 3152066, 1, 0
40502, 3240554, 1, 0
41057, 3244701, 1, 0
41515, 3005581, 1, 0
42088, 3164977, 1, 0
42537, 3089387, 1, 0
43089, 2906223, 1, 0
43506, 3496581, 1, 0
44050, 2280951, 1, 0
44578, 3212143, 1, 0
45017, 2389504, 1, 0
45557, 1653077, 1, 0
46032, 3537715, 1, 0
46593, 3638068, 1, 0
47074, 3004272, 1, 0
47548, 2939706, 1, 0
48046, 2864244, 1, 0
48566, 2913196, 1, 0
49018, 2313795, 1, 0
49524, 3119414, 1, 0
50074, 3289640, 1, 0
50518, 2814187, 1, 0
51004, 2317594, 1, 0
51570, 3043545, 1, 0
52010, 2890920, 1, 0
52526, 3147663, 1, 0
53028, 2994325, 1, 0
53598, 3162925, 1, 0
54063, 2831982, 1, 0
54503, 2931332, 1, 0
55000, 2814384, 1, 0
55525, 3858517, 1, 0
56007, 2389184, 1, 0
56561, 2734313, 1, 0
57028, 2875638, 1, 0
57593, 3053485, 1, 0
58031, 3265103, 1, 0
58543, 3096412, 1, 0
59026, 3149597, 1, 0
59582, 3265883, 1, 0
60024, 2535661, 1, 0
