506, 23874423, 1, 0
1079, 42533319, 1, 0
1502, 52570861, 1, 0
2034, 42912926, 1, 0
2551, 48793589, 1, 0
3002, 51638862, 1, 0
3510, 48520929, 1, 0
4033, 52749694, 1, 0
4577, 53313489, 1, 0
5068, 51430215, 1, 0
5527, 55518779, 1, 0
6004, 47265557, 1, 0
6530, 53723356, 1, 0
7052, 50021600, 1, 0
7553, 52676134, 1, 0
8086, 38645818, 1, 0
8525, 77040134, 1, 0
9045, 54663631, 1, 0
9589, 53078046, 1, 0
10017, 54645575, 1, 0
10542, 47036961, 1, 0
11089, 53184165, 1, 0
11582, 48282463, 1, 0
12036, 51097870, 1, 0
12507, 56826193, 1, 0
13011, 43493622, 1, 0
13585, 48799423, 1, 0
14093, 49423634, 1, 0
14518, 51236423, 1, 0
15031, 48085518, 1, 0
15554, 47875890, 1, 0
16106, 50481877, 1, 0
16504, 50734154, 1, 0
17028, 46216662, 1, 0
17598, 52430135, 1, 0
18002, 49206009, 1, 0
18577, 47016693, 1, 0
19035, 49399621, 1, 0
19576, 50285553, 1, 0
20090, 50096505, 1, 0
20583, 46994011, 1, 0
21023, 51224348, 1, 0
21512, 51810852, 1, 0
22033, 48834239, 1, 0
22549, 47429149, 1, 0
23074, 50817303, 1, 0
23519, 55800578, 1, 0
24033, 53862909, 1, 0
24512, 38504650, 1, 0
25057, 34650596, 1, 0
25553, 43451719, 1, 0
26052, 49094245, 1, 0
26514, 52975540, 1, 0
27078, 51482690, 1, 0
27527, 64221344, 1, 0
28052, 53843801, 1, 0
28585, 50372786, 1, 0
29007, 51206910, 1, 0
29514, 50165504, 1, 0
30019, 45746872, 1, 0
30556, 45300853, 1, 0
31001, 51456467, 1, 0
31518, 49339448, 1, 0
32018, 48619782, 1, 0
32505, 43405276, 1, 0
33033, 46877436, 1, 0
33548, 48745408, 1, 0
34085, 50918450, 1, 0
34602, 48843776, 1, 0
35008, 50486605, 1, 0
35505, 45852839, 1, 0
36000, 45722012, 1, 0
36583, 45457220, 1, 0
37116, 47662266, 1, 0
37515, 49059943, 1, 0
38037, 47747313, 1, 0
38540, 46256092, 1, 0
39060, 49057375, 1, 0
39502, 50295963, 1, 0
40037, 46034708, 1, 0
40569, 47567588, 1, 0
41002, 49588284, 1, 0
41521, 49124673, 1, 0
42049, 47731504, 1, 0
42584, 45081269, 1, 0
43091, 49803655, 1, 0
43583, 47637306, 1, 0
44098, 51695897, 1, 0
44513, 48176291, 1, 0
45048, 46328838, 1, 0
45564, 49019949, 1, 0
46063, 48164467, 1, 0
46530, 46101982, 1, 0
47013, 50214063, 1, 0
47576, 44145560, 1, 0
48066, 47798342, 1, 0
48583, 49234762, 1, 0
49034, 42655145, 1, 0
49574, 51055031, 1, 0
50081, 48762769, 1, 0
50535, 44961837, 1, 0
51022, 46025743, 1, 0
51508, 47542677, 1, 0
52027, 43911758, 1, 0
52522, 45750288, 1, 0
53054, 43017563, 1, 0
53515, 45993222, 1, 0
54040, 48278975, 1, 0
54526, 43972386, 1, 0
55010, 50448567, 1, 0
55518, 49721765, 1, 0
56033, 51656545, 1, 0
56573, 50043607, 1, 0
57074, 49364936, 1, 0
57588, 48148365, 1, 0
58089, 46862901, 1, 0
58505, 47788193, 1, 0
59058, 45205984, 1, 0
59519, 44355468, 1, 0
60001, 42859091, 1, 0
60020, 123625239, 1, 0
