493, 1152, 1, 0
992, 1121, 1, 0
1492, 1373, 1, 0
1992, 1341, 1, 0
2492, 1528, 1, 0
2993, 1152, 1, 0
3492, 1365, 1, 0
3992, 1308, 1, 0
4492, 1154, 1, 0
4992, 1365, 1, 0
5493, 1484, 1, 0
5992, 1284, 1, 0
6492, 1260, 1, 0
6993, 1152, 1, 0
7492, 1243, 1, 0
7992, 1495, 1, 0
8493, 1444, 1, 0
8993, 1200, 1, 0
9492, 1796, 1, 0
9992, 1577, 1, 0
10492, 1227, 1, 0
10993, 1338, 1, 0
11492, 1211, 1, 0
11992, 1536, 1, 0
12492, 1178, 1, 0
12993, 1379, 1, 0
13493, 1517, 1, 0
13992, 1333, 1, 0
14492, 1219, 1, 0
14993, 1533, 1, 0
15492, 1349, 1, 0
15992, 1373, 1, 0
16492, 1252, 1, 0
16992, 1195, 1, 0
17493, 1233, 1, 0
17992, 1097, 1, 0
18492, 1601, 1, 0
18992, 1455, 1, 0
19493, 1541, 1, 0
19992, 1495, 1, 0
20492, 1317, 1, 0
20992, 1349, 1, 0
21492, 1626, 1, 0
21993, 1801, 1, 0
22492, 1252, 1, 0
22992, 1317, 1, 0
23492, 1235, 1, 0
23993, 1241, 1, 0
24493, 1298, 1, 0
24992, 1260, 1, 0
25492, 1552, 1, 0
25992, 1235, 1, 0
26493, 1273, 1, 0
26993, 1322, 1, 0
27492, 1373, 1, 0
27992, 1365, 1, 0
28492, 1528, 1, 0
28993, 1436, 1, 0
29492, 1373, 1, 0
29992, 1512, 1, 0
30492, 1292, 1, 0
30993, 1119, 1, 0
31493, 1468, 1, 0
31992, 1170, 1, 0
32492, 1292, 1, 0
32992, 1105, 1, 0
33493, 1444, 1, 0
33993, 1257, 1, 0
34492, 1593, 1, 0
34992, 1276, 1, 0
35492, 1121, 1, 0
35993, 1387, 1, 0
36492, 1382, 1, 0
36992, 1447, 1, 0
37492, 1463, 1, 0
37993, 1338, 1, 0
38492, 1487, 1, 0
38992, 1186, 1, 0
39492, 1154, 1, 0
39992, 1479, 1, 0
40493, 1411, 1, 0
40992, 1260, 1, 0
41492, 1487, 1, 0
41992, 1349, 1, 0
42493, 1338, 1, 0
42992, 1430, 1, 0
43492, 1260, 1, 0
43992, 1308, 1, 0
44492, 1186, 1, 0
44993, 1338, 1, 0
45492, 1341, 1, 0
45992, 1317, 1, 0
46493, 1306, 1, 0
46993, 1200, 1, 0
47492, 1390, 1, 0
47992, 1203, 1, 0
48492, 1382, 1, 0
48993, 1647, 1, 0
49492, 1382, 1, 0
49992, 1138, 1, 0
50492, 1593, 1, 0
50992, 1674, 1, 0
51493, 1273, 1, 0
51992, 1463, 1, 0
52492, 1528, 1, 0
52992, 1097, 1, 0
53493, 1638, 1, 0
53992, 1292, 1, 0
54492, 1642, 1, 0
54992, 1569, 1, 0
55493, 1525, 1, 0
55993, 1525, 1, 0
56492, 1414, 1, 0
56992, 1406, 1, 0
57492, 1487, 1, 0
57993, 1379, 1, 0
58492, 1479, 1, 0
58992, 1260, 1, 0
59492, 1544, 1, 0
59992, 1715, 1, 0
