548, 46600319, 1, 0
1000, 50613648, 1, 0
1534, 42892240, 1, 0
2051, 46073866, 1, 0
2573, 46776563, 1, 0
3000, 49559362, 1, 0
3534, 48988801, 1, 0
4058, 52611926, 1, 0
4568, 48511062, 1, 0
5079, 43844368, 1, 0
5524, 53300470, 1, 0
6071, 50132995, 1, 0
6509, 40356540, 1, 0
7002, 51974751, 1, 0
7516, 49364895, 1, 0
8001, 46837996, 1, 0
8575, 43715454, 1, 0
9081, 38936204, 1, 0
9514, 50359527, 1, 0
10058, 54413277, 1, 0
10607, 51104699, 1, 0
11039, 58624886, 1, 0
11523, 47578705, 1, 0
12082, 54949488, 1, 0
12503, 46791659, 1, 0
13023, 49542073, 1, 0
13581, 40393521, 1, 0
14090, 48388142, 1, 0
14505, 57918351, 1, 0
15009, 47467024, 1, 0
15509, 43411700, 1, 0
16039, 52258709, 1, 0
16538, 46991131, 1, 0
17094, 53034663, 1, 0
17565, 54087661, 1, 0
18072, 47987612, 1, 0
18501, 45471008, 1, 0
19012, 45591492, 1, 0
19509, 38165384, 1, 0
20024, 49672002, 1, 0
20524, 48237717, 1, 0
21080, 51975911, 1, 0
21519, 53622522, 1, 0
22011, 46352585, 1, 0
22535, 49696093, 1, 0
23053, 48818148, 1, 0
23513, 45569185, 1, 0
24023, 50476648, 1, 0
24540, 51400309, 1, 0
25000, 47756798, 1, 0
25502, 44890579, 1, 0
26012, 41883674, 1, 0
26515, 53884412, 1, 0
27004, 54944487, 1, 0
27548, 75125715, 1, 0
28020, 42891771, 1, 0
28536, 51339992, 1, 0
29032, 47738627, 1, 0
29556, 50398001, 1, 0
30080, 51120546, 1, 0
30588, 48865892, 1, 0
31022, 51483363, 1, 0
31530, 49166135, 1, 0
32032, 46217312, 1, 0
32515, 41730607, 1, 0
33064, 39742706, 1, 0
33500, 49850744, 1, 0
34006, 46643419, 1, 0
34502, 48643896, 1, 0
35023, 49479384, 1, 0
35517, 48218884, 1, 0
36021, 45403051, 1, 0
36502, 44177022, 1, 0
37016, 45078235, 1, 0
37538, 48051572, 1, 0
38055, 51063676, 1, 0
38572, 46468622, 1, 0
39084, 49006160, 1, 0
39519, 49312133, 1, 0
40052, 53401830, 1, 0
40555, 49440331, 1, 0
41070, 43636803, 1, 0
41503, 49745221, 1, 0
42026, 41401723, 1, 0
42562, 44326209, 1, 0
43078, 45567241, 1, 0
43561, 46044595, 1, 0
44093, 47647983, 1, 0
44500, 51360631, 1, 0
45014, 45667187, 1, 0
45551, 50611936, 1, 0
46041, 48079344, 1, 0
46516, 46541695, 1, 0
47078, 43572389, 1, 0
47522, 43792970, 1, 0
48018, 49936122, 1, 0
48581, 45498101, 1, 0
49029, 49306687, 1, 0
49543, 47646760, 1, 0
50049, 46298160, 1, 0
50505, 45138480, 1, 0
51000, 47356807, 1, 0
51508, 45825725, 1, 0
52060, 46427306, 1, 0
52553, 49264051, 1, 0
53066, 47683901, 1, 0
53558, 45035618, 1, 0
54064, 50369944, 1, 0
54551, 46909295, 1, 0
55055, 41138240, 1, 0
55559, 53483871, 1, 0
56010, 52300058, 1, 0
56542, 49888733, 1, 0
57051, 48200579, 1, 0
57557, 49884465, 1, 0
58067, 40685871, 1, 0
58541, 51639580, 1, 0
59027, 44026935, 1, 0
59501, 41967832, 1, 0
60007, 48321213, 1, 0
60025, 77123129, 1, 0
