507, 2754803, 1, 0
1002, 6030312, 1, 0
1511, 6382616, 1, 0
2000, 8326148, 1, 0
2523, 5620908, 1, 0
3010, 6995031, 1, 0
3506, 6086994, 1, 0
4001, 6064570, 1, 0
4506, 6447398, 1, 0
5008, 6252920, 1, 0
5503, 5980134, 1, 0
6000, 6054061, 1, 0
6501, 6577941, 1, 0
7008, 7032420, 1, 0
7505, 6426077, 1, 0
8000, 6330855, 1, 0
8512, 5985715, 1, 0
9000, 5971839, 1, 0
9516, 6952693, 1, 0
10002, 6060797, 1, 0
10508, 5246067, 1, 0
11005, 4817843, 1, 0
11506, 5906112, 1, 0
12000, 5771723, 1, 0
12514, 5818242, 1, 0
13002, 5411331, 1, 0
13502, 6500987, 1, 0
14001, 5621229, 1, 0
14504, 6961619, 1, 0
15007, 6011831, 1, 0
15500, 5785146, 1, 0
16003, 5653923, 1, 0
16502, 5099305, 1, 0
17004, 6877211, 1, 0
17501, 5897843, 1, 0
18002, 6318900, 1, 0
18510, 6034553, 1, 0
19005, 5829328, 1, 0
19504, 6151462, 1, 0
20001, 7010809, 1, 0
20501, 6006802, 1, 0
21006, 5470044, 1, 0
21501, 4729390, 1, 0
22000, 5663067, 1, 0
22507, 6056385, 1, 0
23006, 5105217, 1, 0
23512, 8583651, 1, 0
24006, 5764843, 1, 0
24501, 5425946, 1, 0
25001, 6500805, 1, 0
25503, 5044786, 1, 0
26003, 6397558, 1, 0
26506, 5787763, 1, 0
27000, 6135299, 1, 0
27501, 7085314, 1, 0
28011, 6245549, 1, 0
28500, 5918408, 1, 0
29001, 6509274, 1, 0
29501, 5687976, 1, 0
30004, 6109875, 1, 0
30505, 5501168, 1, 0
31013, 6402354, 1, 0
31501, 6678053, 1, 0
32012, 4947017, 1, 0
32500, 5259647, 1, 0
33005, 5239534, 1, 0
33500, 5925103, 1, 0
34000, 6520039, 1, 0
34500, 5679668, 1, 0
35003, 6774059, 1, 0
35500, 7045263, 1, 0
36000, 6154392, 1, 0
36501, 6645686, 1, 0
37009, 5797253, 1, 0
37500, 6042888, 1, 0
38006, 5418673, 1, 0
38502, 6099654, 1, 0
39004, 5097115, 1, 0
39507, 5789228, 1, 0
40000, 5586490, 1, 0
40508, 6226611, 1, 0
41007, 6013550, 1, 0
41500, 5874759, 1, 0
42012, 6815805, 1, 0
42501, 6328299, 1, 0
43001, 5728176, 1, 0
43505, 6226463, 1, 0
44005, 5909981, 1, 0
44509, 6977184, 1, 0
45016, 6393255, 1, 0
45502, 5139224, 1, 0
46001, 6152609, 1, 0
46516, 5383857, 1, 0
47011, 5308277, 1, 0
47508, 5117989, 1, 0
48007, 6551009, 1, 0
48503, 6510119, 1, 0
49009, 6183692, 1, 0
49503, 5489576, 1, 0
50004, 5802641, 1, 0
50508, 6176095, 1, 0
51000, 5980827, 1, 0
51508, 5853732, 1, 0
52001, 5715818, 1, 0
52504, 6739558, 1, 0
53002, 6827789, 1, 0
53502, 5933524, 1, 0
54000, 4877563, 1, 0
54504, 5014749, 1, 0
55000, 5870752, 1, 0
55500, 5856896, 1, 0
56010, 6189689, 1, 0
56507, 6647514, 1, 0
57003, 5805338, 1, 0
57505, 5937372, 1, 0
58004, 4861259, 1, 0
58507, 5866184, 1, 0
59005, 5624715, 1, 0
59509, 6493057, 1, 0
60012, 6913028, 1, 0
60013, 16146156, 1, 0
