504, 5783759, 1, 0
1018, 6574541, 1, 0
1501, 6336240, 1, 0
2002, 5995571, 1, 0
2503, 6562357, 1, 0
3000, 5929749, 1, 0
3504, 5674441, 1, 0
4004, 5798836, 1, 0
4503, 6820550, 1, 0
5000, 6489978, 1, 0
5503, 5872724, 1, 0
6003, 5895367, 1, 0
6500, 6220164, 1, 0
7015, 5617429, 1, 0
7500, 6062229, 1, 0
8005, 5728914, 1, 0
8509, 6775139, 1, 0
9005, 6057920, 1, 0
9505, 5390522, 1, 0
10009, 7017341, 1, 0
10502, 5953348, 1, 0
11004, 5601057, 1, 0
11504, 5758964, 1, 0
12004, 6103373, 1, 0
12511, 5894250, 1, 0
13001, 6105207, 1, 0
13501, 5906476, 1, 0
14007, 4836543, 1, 0
14506, 5803303, 1, 0
15006, 6324361, 1, 0
15500, 5478195, 1, 0
16002, 5422509, 1, 0
16500, 5842428, 1, 0
17001, 5820420, 1, 0
17501, 5508565, 1, 0
18000, 5834870, 1, 0
18500, 4721921, 1, 0
19003, 6722843, 1, 0
19501, 5189290, 1, 0
20003, 6192773, 1, 0
20500, 7190634, 1, 0
21006, 6325647, 1, 0
21503, 6034084, 1, 0
22006, 6084174, 1, 0
22509, 6399489, 1, 0
23004, 6119292, 1, 0
23502, 5581816, 1, 0
24003, 5983658, 1, 0
24508, 5647682, 1, 0
25016, 5613849, 1, 0
25500, 5379696, 1, 0
26002, 5409431, 1, 0
26504, 5558862, 1, 0
27006, 5786580, 1, 0
27509, 6337633, 1, 0
28010, 6914160, 1, 0
28500, 6460445, 1, 0
29000, 5106312, 1, 0
29505, 5474160, 1, 0
30001, 6611923, 1, 0
30502, 6177614, 1, 0
31002, 6817738, 1, 0
31510, 5886414, 1, 0
32005, 4558926, 1, 0
32515, 6069176, 1, 0
33002, 6103026, 1, 0
33501, 6518507, 1, 0
34002, 6587104, 1, 0
34513, 5847458, 1, 0
35000, 6177498, 1, 0
35500, 5938003, 1, 0
36001, 6892497, 1, 0
36501, 5899854, 1, 0
37008, 6677321, 1, 0
37503, 5752006, 1, 0
38000, 6105516, 1, 0
38506, 6015601, 1, 0
39009, 6606154, 1, 0
39506, 5484787, 1, 0
40007, 6362867, 1, 0
40515, 6518874, 1, 0
41015, 5975369, 1, 0
41502, 6080951, 1, 0
42007, 4827736, 1, 0
42502, 5570507, 1, 0
43000, 6122343, 1, 0
43500, 6184277, 1, 0
44004, 6428128, 1, 0
44507, 5490636, 1, 0
45005, 6350775, 1, 0
45502, 5607181, 1, 0
46003, 6166209, 1, 0
46514, 6575581, 1, 0
47010, 6011328, 1, 0
47504, 5489757, 1, 0
48006, 6272157, 1, 0
48502, 5643166, 1, 0
49000, 5585313, 1, 0
49500, 6101385, 1, 0
50010, 4764575, 1, 0
50500, 5453909, 1, 0
51008, 5887732, 1, 0
51504, 5508851, 1, 0
52004, 6445555, 1, 0
52501, 6650202, 1, 0
53000, 6635066, 1, 0
53506, 5234953, 1, 0
54001, 5694034, 1, 0
54501, 6402659, 1, 0
55008, 5739549, 1, 0
55515, 6147522, 1, 0
56007, 7947537, 1, 0
56504, 5436996, 1, 0
57001, 5523165, 1, 0
57510, 6155010, 1, 0
58002, 4856739, 1, 0
58509, 6120854, 1, 0
59003, 5528115, 1, 0
59508, 5863463, 1, 0
60000, 6399059, 1, 0
60000, 16615097, 1, 0
