552, 51050787, 1, 0
1054, 50786629, 1, 0
1566, 38458840, 1, 0
2025, 50809108, 1, 0
2578, 39085282, 1, 0
3033, 50953050, 1, 0
3540, 49979579, 1, 0
4073, 49215420, 1, 0
4579, 50279727, 1, 0
5094, 46738289, 1, 0
5547, 57003877, 1, 0
6027, 47580422, 1, 0
6505, 52473494, 1, 0
7036, 40980371, 1, 0
7539, 46677654, 1, 0
8060, 40435409, 1, 0
8501, 37613887, 1, 0
9047, 48221812, 1, 0
9603, 51349679, 1, 0
10028, 54590235, 1, 0
10593, 47761783, 1, 0
11033, 51650779, 1, 0
11537, 46199775, 1, 0
12087, 52584026, 1, 0
12509, 55342283, 1, 0
13038, 45971068, 1, 0
13540, 46401596, 1, 0
14042, 47291798, 1, 0
14555, 52324462, 1, 0
15078, 41177810, 1, 0
15615, 49711248, 1, 0
16035, 57192338, 1, 0
16561, 49004587, 1, 0
17004, 49194210, 1, 0
17560, 52232561, 1, 0
18048, 49308813, 1, 0
18542, 49206923, 1, 0
19026, 48202091, 1, 0
19603, 39231784, 1, 0
20000, 49067079, 1, 0
20506, 48107344, 1, 0
21033, 49871383, 1, 0
21533, 50794060, 1, 0
22046, 37961359, 1, 0
22561, 46912532, 1, 0
23067, 47853631, 1, 0
23528, 51970890, 1, 0
24046, 42458474, 1, 0
24505, 49788336, 1, 0
25087, 50108144, 1, 0
25581, 51017806, 1, 0
26073, 52088166, 1, 0
26559, 50424362, 1, 0
27040, 52625176, 1, 0
27573, 72846793, 1, 0
28106, 45928231, 1, 0
28531, 50655873, 1, 0
29028, 49561731, 1, 0
29560, 49985618, 1, 0
30057, 46463313, 1, 0
30590, 50498817, 1, 0
31002, 51182845, 1, 0
31519, 52096952, 1, 0
32010, 46064239, 1, 0
32547, 45215389, 1, 0
33035, 52985747, 1, 0
33569, 51940274, 1, 0
34096, 48344379, 1, 0
34517, 54549338, 1, 0
35029, 51780054, 1, 0
35522, 51472053, 1, 0
36006, 42528902, 1, 0
36500, 57046490, 1, 0
37000, 49120836, 1, 0
37545, 35260424, 1, 0
38067, 48674663, 1, 0
38586, 48254948, 1, 0
39091, 46430188, 1, 0
39569, 51037645, 1, 0
40085, 46227139, 1, 0
40578, 47536337, 1, 0
41092, 48372026, 1, 0
41507, 45131931, 1, 0
42015, 50449793, 1, 0
42523, 49371228, 1, 0
43003, 50137770, 1, 0
43504, 43654303, 1, 0
44035, 51620817, 1, 0
44551, 48683949, 1, 0
45071, 50758362, 1, 0
45583, 47738747, 1, 0
46073, 43942466, 1, 0
46545, 45152937, 1, 0
47043, 57337323, 1, 0
47583, 44177820, 1, 0
48086, 48262750, 1, 0
48519, 55901529, 1, 0
49036, 48589938, 1, 0
49548, 48162229, 1, 0
50054, 49927355, 1, 0
50512, 43198084, 1, 0
51014, 41081804, 1, 0
51501, 48475365, 1, 0
52029, 43370586, 1, 0
52533, 47318101, 1, 0
53064, 50700084, 1, 0
53536, 45941123, 1, 0
54051, 50389328, 1, 0
54542, 47949312, 1, 0
55014, 51218120, 1, 0
55518, 49513970, 1, 0
56033, 50547758, 1, 0
56537, 49567668, 1, 0
57049, 45747931, 1, 0
57554, 51256738, 1, 0
58064, 50033901, 1, 0
58521, 48743108, 1, 0
59072, 44652811, 1, 0
59584, 56537760, 1, 0
60013, 48248008, 1, 0
60038, 105124127, 1, 0
