513, 13440158, 1, 0
1007, 12971683, 1, 0
1502, 13639580, 1, 0
2002, 12257307, 1, 0
2529, 11484485, 1, 0
3000, 12862198, 1, 0
3526, 12756009, 1, 0
4000, 11002463, 1, 0
4502, 12554950, 1, 0
5004, 10516434, 1, 0
5513, 14450757, 1, 0
6002, 12406358, 1, 0
6509, 12091537, 1, 0
7027, 13857506, 1, 0
7510, 12707931, 1, 0
8004, 13158000, 1, 0
8502, 11809620, 1, 0
9003, 10962251, 1, 0
9518, 10527471, 1, 0
10012, 12288438, 1, 0
10506, 10888016, 1, 0
11018, 14001990, 1, 0
11506, 11732362, 1, 0
12018, 10617991, 1, 0
12511, 14085356, 1, 0
13021, 12457551, 1, 0
13513, 13167141, 1, 0
14002, 10837696, 1, 0
14502, 12428197, 1, 0
15006, 11643874, 1, 0
15503, 11724838, 1, 0
16012, 11936091, 1, 0
16500, 13347828, 1, 0
17008, 9952829, 1, 0
17501, 12857571, 1, 0
18001, 12152477, 1, 0
18510, 11668727, 1, 0
19011, 11980836, 1, 0
19517, 14122965, 1, 0
20010, 12385024, 1, 0
20512, 12752007, 1, 0
21012, 11993580, 1, 0
21510, 13347079, 1, 0
22005, 10024855, 1, 0
22509, 12549846, 1, 0
23003, 11656912, 1, 0
23502, 11999485, 1, 0
24012, 12088128, 1, 0
24508, 14081348, 1, 0
25000, 10745861, 1, 0
25503, 12871084, 1, 0
26004, 10786047, 1, 0
26501, 11671619, 1, 0
27003, 11016661, 1, 0
27506, 12583373, 1, 0
28004, 10892778, 1, 0
28501, 11174394, 1, 0
29005, 10905409, 1, 0
29504, 13025023, 1, 0
30000, 11656148, 1, 0
30500, 14152415, 1, 0
31030, 10931820, 1, 0
31500, 14720139, 1, 0
32003, 12262450, 1, 0
32516, 11190223, 1, 0
33017, 15362138, 1, 0
33506, 12024091, 1, 0
34000, 11898402, 1, 0
34502, 9855555, 1, 0
35012, 12436602, 1, 0
35500, 12485651, 1, 0
36016, 12246899, 1, 0
36503, 10787894, 1, 0
37017, 13914330, 1, 0
37503, 10408228, 1, 0
38001, 11361302, 1, 0
38512, 10267950, 1, 0
39026, 11008888, 1, 0
39505, 12588570, 1, 0
40001, 12009027, 1, 0
40510, 11410517, 1, 0
41006, 11260559, 1, 0
41512, 11599446, 1, 0
42008, 13325047, 1, 0
42511, 10367703, 1, 0
43003, 13064163, 1, 0
43501, 15128381, 1, 0
44007, 14497655, 1, 0
44505, 12386862, 1, 0
45001, 12899389, 1, 0
45500, 13832809, 1, 0
46007, 13720510, 1, 0
46509, 9694697, 1, 0
47000, 10061402, 1, 0
47514, 11531163, 1, 0
48004, 10843364, 1, 0
48511, 14267512, 1, 0
49018, 11483809, 1, 0
49516, 11569861, 1, 0
50006, 12768677, 1, 0
50502, 13102231, 1, 0
51005, 12533907, 1, 0
51502, 11409717, 1, 0
52005, 10267529, 1, 0
52511, 13140498, 1, 0
53000, 13181891, 1, 0
53517, 10911410, 1, 0
54002, 10557656, 1, 0
54503, 10486071, 1, 0
55002, 11457134, 1, 0
55500, 12064044, 1, 0
56004, 10177586, 1, 0
56523, 10984871, 1, 0
57026, 10734442, 1, 0
57505, 11997672, 1, 0
58000, 12136411, 1, 0
58508, 13349010, 1, 0
59015, 12649316, 1, 0
59509, 11848941, 1, 0
60004, 11135421, 1, 0
60012, 15660999, 1, 0
