492, 341, 1, 0
993, 454, 1, 0
1493, 326, 1, 0
1992, 353, 1, 0
2493, 338, 1, 0
2992, 310, 1, 0
3492, 284, 1, 0
3993, 488, 1, 0
4492, 308, 1, 0
4993, 292, 1, 0
5492, 376, 1, 0
5993, 251, 1, 0
6492, 384, 1, 0
6993, 330, 1, 0
7492, 325, 1, 0
7993, 348, 1, 0
8492, 353, 1, 0
8992, 394, 1, 0
9493, 267, 1, 0
9992, 426, 1, 0
10492, 327, 1, 0
10993, 415, 1, 0
11492, 369, 1, 0
11993, 262, 1, 0
12493, 330, 1, 0
12992, 304, 1, 0
13493, 565, 1, 0
13992, 272, 1, 0
14492, 404, 1, 0
14993, 281, 1, 0
15492, 327, 1, 0
15993, 375, 1, 0
16492, 506, 1, 0
16992, 290, 1, 0
17493, 300, 1, 0
17992, 355, 1, 0
18493, 314, 1, 0
18992, 461, 1, 0
19492, 268, 1, 0
19993, 261, 1, 0
20492, 298, 1, 0
20993, 322, 1, 0
21493, 393, 1, 0
21992, 333, 1, 0
22493, 298, 1, 0
22992, 308, 1, 0
23492, 280, 1, 0
23993, 332, 1, 0
24492, 325, 1, 0
24993, 350, 1, 0
25493, 363, 1, 0
25992, 378, 1, 0
26493, 330, 1, 0
26993, 239, 1, 0
27492, 398, 1, 0
27993, 324, 1, 0
28493, 415, 1, 0
28992, 315, 1, 0
29493, 474, 1, 0
29993, 265, 1, 0
30492, 371, 1, 0
30993, 320, 1, 0
31492, 319, 1, 0
31993, 367, 1, 0
32493, 259, 1, 0
32992, 333, 1, 0
33493, 245, 1, 0
33992, 315, 1, 0
34492, 343, 1, 0
34993, 312, 1, 0
35492, 361, 1, 0
35992, 317, 1, 0
36493, 322, 1, 0
36992, 333, 1, 0
37493, 480, 1, 0
37992, 256, 1, 0
38492, 355, 1, 0
38993, 403, 1, 0
39492, 306, 1, 0
39993, 391, 1, 0
40493, 328, 1, 0
40992, 408, 1, 0
41493, 255, 1, 0
41992, 402, 1, 0
42492, 300, 1, 0
42993, 371, 1, 0
43492, 355, 1, 0
43993, 334, 1, 0
44492, 294, 1, 0
44992, 371, 1, 0
45493, 265, 1, 0
45992, 359, 1, 0
46493, 267, 1, 0
46992, 310, 1, 0
47493, 401, 1, 0
47992, 408, 1, 0
48492, 317, 1, 0
48993, 320, 1, 0
49492, 432, 1, 0
49993, 292, 1, 0
50493, 308, 1, 0
50992, 373, 1, 0
51493, 393, 1, 0
51993, 324, 1, 0
52492, 432, 1, 0
52993, 308, 1, 0
53493, 356, 1, 0
53992, 398, 1, 0
54493, 331, 1, 0
54993, 334, 1, 0
55492, 284, 1, 0
55992, 396, 1, 0
56493, 361, 1, 0
56992, 402, 1, 0
57492, 361, 1, 0
57993, 356, 1, 0
58492, 329, 1, 0
58992, 384, 1, 0
59493, 324, 1, 0
59992, 339, 1, 0
