533, 100787337, 1, 0
1066, 103061758, 1, 0
1567, 93690178, 1, 0
2023, 116984686, 1, 0
2511, 121219206, 1, 0
3051, 98015062, 1, 0
3522, 92844431, 1, 0
4034, 104187369, 1, 0
4536, 90465347, 1, 0
5020, 99394078, 1, 0
5583, 90088842, 1, 0
6102, 98260875, 1, 0
6604, 97157911, 1, 0
7090, 102917476, 1, 0
7562, 101733331, 1, 0
8033, 99609322, 1, 0
8549, 100889936, 1, 0
9019, 107311368, 1, 0
9573, 104024270, 1, 0
10016, 78347390, 1, 0
10516, 111718937, 1, 0
11062, 90463474, 1, 0
11590, 97524272, 1, 0
12100, 104218894, 1, 0
12520, 97424647, 1, 0
13007, 111172678, 1, 0
13540, 103826012, 1, 0
14058, 79722305, 1, 0
14532, 112164678, 1, 0
15016, 90146079, 1, 0
15575, 102928491, 1, 0
16011, 92810939, 1, 0
16561, 75427310, 1, 0
17039, 107538464, 1, 0
17535, 88623968, 1, 0
18023, 93294453, 1, 0
18574, 88019375, 1, 0
19030, 86446711, 1, 0
19626, 102364638, 1, 0
20054, 126280026, 1, 0
20553, 92131224, 1, 0
21043, 92081211, 1, 0
21585, 92466708, 1, 0
22073, 110120013, 1, 0
22533, 95791757, 1, 0
23034, 49415232, 1, 0
23599, 99381532, 1, 0
24016, 92136095, 1, 0
24527, 87887113, 1, 0
25042, 108957887, 1, 0
25516, 70839431, 1, 0
26043, 80759470, 1, 0
26571, 93735766, 1, 0
27027, 82099526, 1, 0
27581, 101920020, 1, 0
28007, 92386670, 1, 0
28561, 88525610, 1, 0
29035, 92030591, 1, 0
29584, 129121134, 1, 0
30068, 94503516, 1, 0
30598, 87768594, 1, 0
31045, 101831361, 1, 0
31532, 84185931, 1, 0
32018, 88815750, 1, 0
32538, 94515767, 1, 0
33013, 98182309, 1, 0
33568, 125439547, 1, 0
34025, 107386897, 1, 0
34517, 88309829, 1, 0
35090, 94756382, 1, 0
35505, 95893518, 1, 0
36065, 97950504, 1, 0
36518, 90559656, 1, 0
37028, 93841263, 1, 0
37508, 80503444, 1, 0
38001, 84372127, 1, 0
38576, 91970905, 1, 0
39011, 83464751, 1, 0
39511, 93391009, 1, 0
40054, 91417242, 1, 0
40537, 98046445, 1, 0
41015, 86825973, 1, 0
41561, 84432959, 1, 0
42035, 82374272, 1, 0
42509, 89038914, 1, 0
43034, 84140299, 1, 0
43546, 91219249, 1, 0
44078, 87734099, 1, 0
44502, 98208044, 1, 0
45008, 91340714, 1, 0
45512, 91874402, 1, 0
46094, 93441096, 1, 0
46547, 84992709, 1, 0
47030, 86708316, 1, 0
47519, 98115104, 1, 0
48018, 85554856, 1, 0
48582, 86967253, 1, 0
49063, 84593016, 1, 0
49567, 72795841, 1, 0
50020, 84372126, 1, 0
50532, 95915471, 1, 0
51004, 107648918, 1, 0
51607, 107418431, 1, 0
52034, 119630183, 1, 0
52609, 92105842, 1, 0
53018, 109713563, 1, 0
53516, 97620995, 1, 0
54099, 88037540, 1, 0
54557, 97713520, 1, 0
55029, 105723492, 1, 0
55571, 87407995, 1, 0
56015, 79697384, 1, 0
56576, 98529075, 1, 0
57004, 90278268, 1, 0
57593, 103758601, 1, 0
58130, 116246308, 1, 0
58517, 107479421, 1, 0
59008, 91040714, 1, 0
59558, 85608543, 1, 0
60014, 87585532, 1, 0
60032, 106778670, 1, 0
