535, 47309916, 1, 0
1008, 43001654, 1, 0
1523, 49447704, 1, 0
2058, 43721822, 1, 0
2571, 44725188, 1, 0
3112, 44700634, 1, 0
3513, 48435638, 1, 0
4056, 49483501, 1, 0
4574, 47006551, 1, 0
5084, 45636822, 1, 0
5559, 57043798, 1, 0
6005, 42274559, 1, 0
6502, 52242244, 1, 0
7009, 41530603, 1, 0
7532, 46498540, 1, 0
8009, 40294506, 1, 0
8575, 50310417, 1, 0
9021, 39447505, 1, 0
9560, 52532858, 1, 0
10084, 47741002, 1, 0
10517, 47272784, 1, 0
11074, 50494152, 1, 0
11549, 46085532, 1, 0
12098, 46309681, 1, 0
12513, 48227758, 1, 0
13039, 46924332, 1, 0
13559, 54958862, 1, 0
14053, 41833931, 1, 0
14584, 45447002, 1, 0
15089, 45781474, 1, 0
15505, 43875742, 1, 0
16055, 50568099, 1, 0
16582, 41315806, 1, 0
17043, 40010885, 1, 0
17504, 52159111, 1, 0
18023, 47555024, 1, 0
18508, 47028614, 1, 0
19006, 49575085, 1, 0
19582, 42212151, 1, 0
20002, 47887334, 1, 0
20509, 46190155, 1, 0
21044, 48094317, 1, 0
21563, 52243114, 1, 0
22048, 46862780, 1, 0
22581, 44758976, 1, 0
23077, 49222748, 1, 0
23502, 42730815, 1, 0
24040, 51669116, 1, 0
24503, 41659794, 1, 0
25073, 41159431, 1, 0
25557, 52331537, 1, 0
26074, 42901083, 1, 0
26516, 47303897, 1, 0
27093, 48666905, 1, 0
27526, 66943022, 1, 0
28036, 44653472, 1, 0
28553, 45815510, 1, 0
29048, 44435441, 1, 0
29581, 47030034, 1, 0
30004, 50144164, 1, 0
30533, 47227012, 1, 0
31048, 47330746, 1, 0
31567, 43823520, 1, 0
32042, 44025259, 1, 0
32500, 42743665, 1, 0
33063, 37182137, 1, 0
33597, 47264164, 1, 0
34005, 46845458, 1, 0
34519, 45305307, 1, 0
35022, 47508662, 1, 0
35507, 43728215, 1, 0
36002, 42892213, 1, 0
36550, 45582680, 1, 0
37072, 44264226, 1, 0
37574, 43898584, 1, 0
38073, 44246166, 1, 0
38534, 42832719, 1, 0
39065, 38739116, 1, 0
39526, 41592786, 1, 0
40060, 43578005, 1, 0
40591, 50079063, 1, 0
41031, 37517448, 1, 0
41535, 46333677, 1, 0
42052, 51618091, 1, 0
42579, 42338300, 1, 0
43094, 42514723, 1, 0
43596, 43841341, 1, 0
44019, 47842321, 1, 0
44544, 45688492, 1, 0
45053, 43942170, 1, 0
45575, 49265613, 1, 0
46086, 43608370, 1, 0
46547, 43680693, 1, 0
47054, 43951940, 1, 0
47578, 41278053, 1, 0
48069, 47830224, 1, 0
48590, 44233373, 1, 0
49046, 48272739, 1, 0
49577, 37382372, 1, 0
50076, 44546184, 1, 0
50544, 41580174, 1, 0
51051, 44593361, 1, 0
51524, 44949060, 1, 0
52068, 43059613, 1, 0
52570, 43833993, 1, 0
53082, 48049014, 1, 0
53554, 41076859, 1, 0
54071, 42412096, 1, 0
54544, 45205326, 1, 0
55005, 55060890, 1, 0
55512, 46680018, 1, 0
56035, 47375292, 1, 0
56568, 45072976, 1, 0
57014, 48623056, 1, 0
57519, 48716171, 1, 0
58029, 44788614, 1, 0
58507, 41279362, 1, 0
59003, 43332041, 1, 0
59609, 47363818, 1, 0
60023, 46714147, 1, 0
60040, 76027918, 1, 0
