495, 263, 1, 0
995, 298, 1, 0
1494, 327, 1, 0
1994, 329, 1, 0
2496, 339, 1, 0
2994, 271, 1, 0
3496, 304, 1, 0
3994, 301, 1, 0
4494, 301, 1, 0
4995, 262, 1, 0
5494, 255, 1, 0
5996, 258, 1, 0
6494, 293, 1, 0
6994, 297, 1, 0
7495, 250, 1, 0
7994, 382, 1, 0
8494, 291, 1, 0
8996, 312, 1, 0
9494, 352, 1, 0
9995, 335, 1, 0
10494, 331, 1, 0
10996, 304, 1, 0
11496, 312, 1, 0
11994, 325, 1, 0
12495, 284, 1, 0
12994, 293, 1, 0
13496, 280, 1, 0
13996, 243, 1, 0
14494, 299, 1, 0
14995, 238, 1, 0
15494, 267, 1, 0
15996, 280, 1, 0
16496, 340, 1, 0
16994, 307, 1, 0
17495, 335, 1, 0
17994, 313, 1, 0
18496, 330, 1, 0
18996, 241, 1, 0
19494, 287, 1, 0
19995, 303, 1, 0
20494, 311, 1, 0
20996, 280, 1, 0
21496, 258, 1, 0
21994, 242, 1, 0
22496, 305, 1, 0
22994, 281, 1, 0
23496, 256, 1, 0
23994, 331, 1, 0
24494, 338, 1, 0
24995, 224, 1, 0
25494, 327, 1, 0
25996, 284, 1, 0
26494, 263, 1, 0
26994, 281, 1, 0
27495, 311, 1, 0
27994, 317, 1, 0
28496, 366, 1, 0
28996, 252, 1, 0
29494, 311, 1, 0
29995, 280, 1, 0
30494, 244, 1, 0
30996, 320, 1, 0
31494, 297, 1, 0
31994, 283, 1, 0
32495, 317, 1, 0
32994, 305, 1, 0
33496, 348, 1, 0
33996, 290, 1, 0
34494, 327, 1, 0
34995, 252, 1, 0
35494, 321, 1, 0
35996, 306, 1, 0
36496, 300, 1, 0
36994, 261, 1, 0
37495, 284, 1, 0
37994, 340, 1, 0
38494, 305, 1, 0
38996, 306, 1, 0
39494, 228, 1, 0
39995, 294, 1, 0
40494, 299, 1, 0
40996, 227, 1, 0
41494, 311, 1, 0
41994, 283, 1, 0
42496, 323, 1, 0
42994, 350, 1, 0
43496, 282, 1, 0
43994, 232, 1, 0
44494, 338, 1, 0
44996, 307, 1, 0
45494, 289, 1, 0
45996, 284, 1, 0
46494, 271, 1, 0
46994, 236, 1, 0
47496, 339, 1, 0
47994, 240, 1, 0
48496, 195, 1, 0
48994, 319, 1, 0
49494, 338, 1, 0
49996, 290, 1, 0
50494, 303, 1, 0
50996, 397, 1, 0
51496, 193, 1, 0
51994, 317, 1, 0
52496, 272, 1, 0
52994, 285, 1, 0
53496, 354, 1, 0
53996, 303, 1, 0
54494, 261, 1, 0
54996, 237, 1, 0
55496, 260, 1, 0
55994, 265, 1, 0
56495, 323, 1, 0
56994, 261, 1, 0
57494, 212, 1, 0
57996, 303, 1, 0
58494, 299, 1, 0
58996, 266, 1, 0
59496, 364, 1, 0
59994, 279, 1, 0
