494, 1208, 1, 0
993, 1073, 1, 0
1493, 1249, 1, 0
1993, 1419, 1, 0
2493, 1290, 1, 0
2993, 1509, 1, 0
3493, 1225, 1, 0
3993, 1281, 1, 0
4493, 1363, 1, 0
4993, 1338, 1, 0
5493, 1184, 1, 0
5993, 1265, 1, 0
6493, 1784, 1, 0
6992, 1146, 1, 0
7493, 1314, 1, 0
7993, 1217, 1, 0
8493, 1371, 1, 0
8992, 1065, 1, 0
9493, 1501, 1, 0
9993, 1087, 1, 0
10493, 1168, 1, 0
10993, 1314, 1, 0
11493, 1565, 1, 0
11993, 1379, 1, 0
12493, 1233, 1, 0
12993, 1273, 1, 0
13492, 1642, 1, 0
13993, 1354, 1, 0
14493, 1436, 1, 0
14993, 1338, 1, 0
15492, 1203, 1, 0
15993, 1419, 1, 0
16493, 1160, 1, 0
16993, 1330, 1, 0
17493, 1314, 1, 0
17992, 1536, 1, 0
18493, 1160, 1, 0
18993, 1233, 1, 0
19493, 1395, 1, 0
19993, 1284, 1, 0
20493, 1492, 1, 0
20993, 1281, 1, 0
21493, 1273, 1, 0
21993, 1208, 1, 0
22493, 1371, 1, 0
22993, 1338, 1, 0
23493, 1314, 1, 0
23993, 1476, 1, 0
24492, 1520, 1, 0
24993, 1127, 1, 0
25493, 1273, 1, 0
25993, 1363, 1, 0
26493, 1395, 1, 0
26992, 1308, 1, 0
27493, 1290, 1, 0
27993, 1119, 1, 0
28493, 1492, 1, 0
28993, 1265, 1, 0
29492, 1325, 1, 0
29993, 1549, 1, 0
30493, 1346, 1, 0
30993, 1427, 1, 0
31493, 1371, 1, 0
31993, 1387, 1, 0
32493, 1281, 1, 0
32993, 1427, 1, 0
33493, 1460, 1, 0
33993, 1460, 1, 0
34493, 1460, 1, 0
34993, 1403, 1, 0
35493, 1217, 1, 0
35993, 1492, 1, 0
36493, 1395, 1, 0
36993, 1403, 1, 0
37493, 1525, 1, 0
37993, 1354, 1, 0
38492, 1487, 1, 0
38993, 1590, 1, 0
39493, 1200, 1, 0
39993, 1330, 1, 0
40493, 1444, 1, 0
40993, 1273, 1, 0
41493, 1452, 1, 0
41993, 1225, 1, 0
42494, 1368, 1, 0
42993, 1484, 1, 0
43493, 1144, 1, 0
43993, 1365, 1, 0
44493, 1363, 1, 0
44993, 1354, 1, 0
45493, 1322, 1, 0
45993, 1184, 1, 0
46493, 1241, 1, 0
46993, 1582, 1, 0
47493, 1217, 1, 0
47993, 1306, 1, 0
48493, 1314, 1, 0
48993, 1411, 1, 0
49493, 1211, 1, 0
49993, 1768, 1, 0
50493, 1411, 1, 0
50993, 1371, 1, 0
51493, 1387, 1, 0
51993, 1484, 1, 0
52493, 1184, 1, 0
52993, 1314, 1, 0
53493, 1468, 1, 0
53993, 1298, 1, 0
54493, 1330, 1, 0
54993, 1622, 1, 0
55493, 1565, 1, 0
55992, 1658, 1, 0
56493, 1557, 1, 0
56993, 1217, 1, 0
57493, 1452, 1, 0
57993, 1135, 1, 0
58493, 1365, 1, 0
58993, 1387, 1, 0
59493, 1346, 1, 0
59993, 1858, 1, 0
