506, 21004800, 1, 0
1005, 22793497, 1, 0
1523, 25238051, 1, 0
2005, 20364301, 1, 0
2540, 22660125, 1, 0
3025, 19056422, 1, 0
3501, 24302630, 1, 0
4030, 21773089, 1, 0
4546, 23296927, 1, 0
5037, 20753498, 1, 0
5534, 19396784, 1, 0
6017, 22945532, 1, 0
6507, 29542009, 1, 0
7039, 25547039, 1, 0
7506, 22075748, 1, 0
8018, 26963678, 1, 0
8519, 19924684, 1, 0
9001, 24301358, 1, 0
9532, 20964979, 1, 0
10024, 18429524, 1, 0
10544, 22195433, 1, 0
11034, 20550939, 1, 0
11553, 23800314, 1, 0
12000, 23607493, 1, 0
12510, 19700808, 1, 0
13017, 17695714, 1, 0
13505, 22226141, 1, 0
14014, 19590658, 1, 0
14503, 22065337, 1, 0
15001, 26467381, 1, 0
15519, 20240830, 1, 0
16016, 23492747, 1, 0
16503, 23219840, 1, 0
17011, 23095038, 1, 0
17530, 21660710, 1, 0
18042, 21932468, 1, 0
18519, 20196192, 1, 0
19022, 25496910, 1, 0
19509, 23811838, 1, 0
20004, 22206817, 1, 0
20509, 17924345, 1, 0
21028, 30277785, 1, 0
21562, 22589709, 1, 0
22021, 22783927, 1, 0
22513, 28311081, 1, 0
23002, 20881817, 1, 0
23536, 23639039, 1, 0
24001, 21551113, 1, 0
24528, 22801190, 1, 0
25005, 22321930, 1, 0
25566, 23669992, 1, 0
26010, 23623082, 1, 0
26559, 25950853, 1, 0
27011, 19697378, 1, 0
27503, 27278321, 1, 0
28047, 20001901, 1, 0
28500, 19092244, 1, 0
29004, 24693445, 1, 0
29502, 23659562, 1, 0
30004, 22088283, 1, 0
30535, 30378179, 1, 0
31060, 21387448, 1, 0
31557, 21650845, 1, 0
32001, 19585206, 1, 0
32500, 18076806, 1, 0
33003, 19995398, 1, 0
33536, 18609822, 1, 0
34036, 21586849, 1, 0
34525, 23007993, 1, 0
35005, 22759511, 1, 0
35532, 19796533, 1, 0
36046, 20873522, 1, 0
36501, 23145836, 1, 0
37037, 20371958, 1, 0
37535, 20383117, 1, 0
38013, 19394903, 1, 0
38500, 22863560, 1, 0
39008, 21203352, 1, 0
39510, 25794780, 1, 0
40016, 24961346, 1, 0
40510, 27590983, 1, 0
41006, 20257794, 1, 0
41503, 22023678, 1, 0
42004, 26028032, 1, 0
42517, 22351378, 1, 0
43059, 22101204, 1, 0
43501, 23976269, 1, 0
44004, 19675743, 1, 0
44545, 23932521, 1, 0
45011, 23340599, 1, 0
45519, 20952292, 1, 0
46036, 23327649, 1, 0
46508, 18554902, 1, 0
47002, 21443130, 1, 0
47500, 17422299, 1, 0
48010, 19529409, 1, 0
48501, 24303095, 1, 0
49009, 23687020, 1, 0
49522, 22114512, 1, 0
50008, 24148798, 1, 0
50510, 21639896, 1, 0
51005, 24307278, 1, 0
51500, 18550857, 1, 0
52001, 21640485, 1, 0
52516, 23450311, 1, 0
53022, 21334233, 1, 0
53513, 21754553, 1, 0
54028, 20210573, 1, 0
54506, 23460676, 1, 0
55009, 18574635, 1, 0
55526, 21612044, 1, 0
56003, 19951847, 1, 0
56550, 22071448, 1, 0
57052, 22852730, 1, 0
57568, 25946098, 1, 0
58021, 18950597, 1, 0
58509, 25328464, 1, 0
59016, 23051563, 1, 0
59534, 20355570, 1, 0
60022, 23545624, 1, 0
60040, 66303949, 1, 0
