503, 25762, 1, 0
1005, 21209, 1, 0
1507, 26550, 1, 0
2002, 28444, 1, 0
2501, 28843, 1, 0
3008, 27321, 1, 0
3508, 29639, 1, 0
4005, 27300, 1, 0
4505, 27127, 1, 0
5000, 26772, 1, 0
5500, 26885, 1, 0
6003, 25003, 1, 0
6500, 26437, 1, 0
7005, 31283, 1, 0
7507, 26872, 1, 0
8007, 26923, 1, 0
8505, 29530, 1, 0
9003, 27615, 1, 0
9508, 25624, 1, 0
10007, 27379, 1, 0
10507, 27486, 1, 0
11001, 26963, 1, 0
11502, 27158, 1, 0
12003, 29987, 1, 0
12503, 32158, 1, 0
13009, 26656, 1, 0
13504, 24283, 1, 0
14001, 33054, 1, 0
14502, 24765, 1, 0
15002, 24137, 1, 0
15504, 28426, 1, 0
16000, 26975, 1, 0
16508, 26116, 1, 0
17000, 25256, 1, 0
17502, 26928, 1, 0
18005, 26055, 1, 0
18502, 26620, 1, 0
19001, 25467, 1, 0
19504, 26383, 1, 0
20028, 26476, 1, 0
20509, 26221, 1, 0
21007, 26190, 1, 0
21503, 30420, 1, 0
22008, 24428, 1, 0
22505, 27502, 1, 0
23006, 26390, 1, 0
23564, 26490, 1, 0
24000, 26073, 1, 0
24501, 26678, 1, 0
25007, 24172, 1, 0
25506, 25866, 1, 0
26004, 26445, 1, 0
26501, 23302, 1, 0
27009, 25941, 1, 0
27501, 28359, 1, 0
28000, 28258, 1, 0
28504, 26410, 1, 0
29006, 27026, 1, 0
29507, 27949, 1, 0
30005, 26860, 1, 0
30506, 26152, 1, 0
31001, 25859, 1, 0
31503, 26342, 1, 0
32003, 27725, 1, 0
32513, 24862, 1, 0
33001, 27935, 1, 0
33509, 26811, 1, 0
34000, 26477, 1, 0
34505, 26500, 1, 0
35000, 27477, 1, 0
35501, 26715, 1, 0
36003, 29546, 1, 0
36506, 26950, 1, 0
37000, 29265, 1, 0
37504, 29957, 1, 0
38002, 27774, 1, 0
38509, 27291, 1, 0
39001, 26985, 1, 0
39556, 26384, 1, 0
40000, 28771, 1, 0
40600, 28961, 1, 0
41000, 24681, 1, 0
41508, 29049, 1, 0
42013, 29380, 1, 0
42507, 25697, 1, 0
43003, 27654, 1, 0
43578, 24984, 1, 0
44003, 23205, 1, 0
44500, 27700, 1, 0
45078, 26994, 1, 0
45509, 29498, 1, 0
46006, 29570, 1, 0
46519, 26591, 1, 0
47000, 24532, 1, 0
47500, 30081, 1, 0
48009, 24828, 1, 0
48500, 24151, 1, 0
49000, 29488, 1, 0
49501, 28492, 1, 0
50005, 27419, 1, 0
50503, 22800, 1, 0
51008, 26913, 1, 0
51508, 26532, 1, 0
52002, 27269, 1, 0
52568, 27069, 1, 0
53007, 21147, 1, 0
53502, 21036, 1, 0
54002, 16935, 1, 0
54500, 19033, 1, 0
55003, 24393, 1, 0
55505, 29545, 1, 0
56005, 26966, 1, 0
56504, 26954, 1, 0
57000, 26770, 1, 0
57503, 33497, 1, 0
58009, 26968, 1, 0
58507, 26597, 1, 0
59000, 27122, 1, 0
59503, 23286, 1, 0
60002, 26430, 1, 0
