496, 903, 1, 0
996, 1298, 1, 0
1496, 1298, 1, 0
1996, 1620, 1, 0
2496, 1104, 1, 0
2996, 1354, 1, 0
3496, 1508, 1, 0
3996, 975, 1, 0
4496, 1419, 1, 0
4996, 1282, 1, 0
5496, 1233, 1, 0
5996, 1338, 1, 0
6496, 1064, 1, 0
6996, 1193, 1, 0
7496, 1379, 1, 0
7996, 1306, 1, 0
8496, 943, 1, 0
8996, 1362, 1, 0
9496, 1535, 1, 0
9996, 1201, 1, 0
10496, 1233, 1, 0
10996, 1209, 1, 0
11496, 1282, 1, 0
11995, 1163, 1, 0
12496, 1370, 1, 0
12996, 1225, 1, 0
13496, 1290, 1, 0
13996, 1604, 1, 0
14496, 1314, 1, 0
14996, 1258, 1, 0
15496, 1185, 1, 0
15996, 1290, 1, 0
16496, 1524, 1, 0
16996, 1500, 1, 0
17496, 1225, 1, 0
17996, 1346, 1, 0
18496, 1741, 1, 0
18996, 1298, 1, 0
19496, 1620, 1, 0
19996, 1107, 1, 0
20496, 1604, 1, 0
20996, 1346, 1, 0
21496, 1389, 1, 0
21996, 1443, 1, 0
22496, 1193, 1, 0
22996, 1503, 1, 0
23496, 1225, 1, 0
23996, 1330, 1, 0
24496, 1346, 1, 0
24996, 1217, 1, 0
25496, 1306, 1, 0
25996, 1338, 1, 0
26496, 1435, 1, 0
26996, 1163, 1, 0
27496, 1387, 1, 0
27996, 1177, 1, 0
28496, 1693, 1, 0
28995, 1276, 1, 0
29496, 1209, 1, 0
29996, 1298, 1, 0
30496, 1604, 1, 0
30999, 1547, 1, 0
31496, 1032, 1, 0
31996, 1435, 1, 0
32496, 1330, 1, 0
32996, 1524, 1, 0
33496, 1427, 1, 0
33996, 1500, 1, 0
34496, 1290, 1, 0
34996, 1129, 1, 0
35496, 1282, 1, 0
35996, 1225, 1, 0
36496, 1233, 1, 0
36995, 1446, 1, 0
37496, 1298, 1, 0
37996, 1193, 1, 0
38496, 1524, 1, 0
38996, 1491, 1, 0
39495, 1381, 1, 0
39996, 1266, 1, 0
40496, 1298, 1, 0
40996, 1161, 1, 0
41496, 1241, 1, 0
41996, 1500, 1, 0
42496, 1338, 1, 0
42996, 1725, 1, 0
43496, 1137, 1, 0
43996, 1427, 1, 0
44496, 1338, 1, 0
44996, 1370, 1, 0
45496, 1080, 1, 0
45996, 1177, 1, 0
46499, 1587, 1, 0
46996, 1677, 1, 0
47496, 1370, 1, 0
47996, 1475, 1, 0
48496, 1500, 1, 0
48995, 1187, 1, 0
49496, 1419, 1, 0
49996, 1346, 1, 0
50496, 1604, 1, 0
50996, 1330, 1, 0
51495, 1462, 1, 0
51996, 1177, 1, 0
52496, 1080, 1, 0
52996, 1548, 1, 0
53496, 1096, 1, 0
53996, 1387, 1, 0
54496, 1419, 1, 0
54996, 1395, 1, 0
55496, 1330, 1, 0
55996, 1725, 1, 0
56496, 1298, 1, 0
56996, 1250, 1, 0
57496, 1322, 1, 0
57996, 1314, 1, 0
58495, 1713, 1, 0
58996, 1241, 1, 0
59496, 1379, 1, 0
59996, 1209, 1, 0
