500, 1320485, 1, 0
1012, 1392852, 1, 0
1504, 1227068, 1, 0
2003, 573156, 1, 0
2500, 1190792, 1, 0
3006, 1660939, 1, 0
3523, 1505355, 1, 0
4015, 1216774, 1, 0
4507, 1957769, 1, 0
5001, 1169575, 1, 0
5500, 1868874, 1, 0
6003, 1120647, 1, 0
6505, 1551800, 1, 0
7015, 1522361, 1, 0
7533, 1965654, 1, 0
8016, 1049067, 1, 0
8502, 279085, 1, 0
9000, 1297041, 1, 0
9504, 970856, 1, 0
10037, 1315117, 1, 0
10521, 1644560, 1, 0
11015, 1346752, 1, 0
11503, 1632986, 1, 0
12015, 1383417, 1, 0
12509, 1889972, 1, 0
13010, 1616447, 1, 0
13502, 1383454, 1, 0
14005, 574340, 1, 0
14508, 560622, 1, 0
15004, 1394408, 1, 0
15507, 1444216, 1, 0
16018, 744963, 1, 0
16542, 1628685, 1, 0
17004, 1499822, 1, 0
17509, 1352643, 1, 0
18016, 1503382, 1, 0
18506, 1439253, 1, 0
19008, 1018458, 1, 0
19503, 1271432, 1, 0
20006, 795604, 1, 0
20537, 1658569, 1, 0
21019, 1527678, 1, 0
21507, 1498208, 1, 0
22012, 1784843, 1, 0
22505, 1115118, 1, 0
23000, 874207, 1, 0
23500, 744503, 1, 0
24009, 1311923, 1, 0
24514, 1878285, 1, 0
25004, 1468864, 1, 0
25500, 1391373, 1, 0
26010, 1925016, 1, 0
26505, 788455, 1, 0
27005, 874906, 1, 0
27512, 1739750, 1, 0
28002, 1496721, 1, 0
28507, 1012754, 1, 0
29004, 995004, 1, 0
29500, 568449, 1, 0
30006, 1364650, 1, 0
30504, 1188359, 1, 0
31010, 904064, 1, 0
31507, 1485213, 1, 0
32017, 1543198, 1, 0
32542, 1671171, 1, 0
33005, 1736302, 1, 0
33503, 877996, 1, 0
34000, 429395, 1, 0
34501, 523829, 1, 0
35000, 983017, 1, 0
35502, 1407248, 1, 0
36001, 1438768, 1, 0
36509, 936189, 1, 0
37036, 1650789, 1, 0
37500, 780896, 1, 0
38000, 237589, 1, 0
38507, 1558627, 1, 0
39003, 1330685, 1, 0
39501, 1287374, 1, 0
40027, 1378797, 1, 0
40515, 1526512, 1, 0
41019, 1825457, 1, 0
41521, 725988, 1, 0
42016, 1162385, 1, 0
42516, 989599, 1, 0
43004, 694441, 1, 0
43515, 1486379, 1, 0
44013, 1590256, 1, 0
44519, 1277207, 1, 0
45008, 548787, 1, 0
45505, 800810, 1, 0
46003, 1933716, 1, 0
46506, 1184116, 1, 0
47012, 1195674, 1, 0
47511, 906620, 1, 0
48001, 1463964, 1, 0
48508, 1002893, 1, 0
49041, 1672121, 1, 0
49512, 1788920, 1, 0
50011, 1428238, 1, 0
50508, 1392662, 1, 0
51010, 1778867, 1, 0
51507, 790334, 1, 0
52001, 77935, 1, 0
52515, 1684526, 1, 0
53015, 2006161, 1, 0
53530, 1257555, 1, 0
54003, 515509, 1, 0
54500, 1130205, 1, 0
55010, 495285, 1, 0
55504, 1266809, 1, 0
56001, 1186588, 1, 0
56529, 947972, 1, 0
57005, 1718796, 1, 0
57502, 527903, 1, 0
58031, 1077569, 1, 0
58504, 950057, 1, 0
59012, 1558646, 1, 0
59505, 1486217, 1, 0
60006, 1317563, 1, 0
