542, 96229302, 1, 0
1090, 97865069, 1, 0
1577, 100660047, 1, 0
2075, 109617771, 1, 0
2550, 123035010, 1, 0
3111, 104855836, 1, 0
3575, 105945118, 1, 0
4083, 102594142, 1, 0
4579, 105159051, 1, 0
5082, 101443266, 1, 0
5562, 98750819, 1, 0
6064, 104103201, 1, 0
6567, 101168572, 1, 0
7053, 98787927, 1, 0
7534, 104880144, 1, 0
8004, 99543879, 1, 0
8555, 169345176, 1, 0
9110, 95560063, 1, 0
9559, 95099963, 1, 0
10002, 72558933, 1, 0
10536, 94659174, 1, 0
11034, 91826693, 1, 0
11533, 117626130, 1, 0
12080, 98380558, 1, 0
12531, 117924790, 1, 0
13108, 98378508, 1, 0
13564, 81635746, 1, 0
14046, 99250773, 1, 0
14522, 77257903, 1, 0
15085, 90783393, 1, 0
15537, 102677286, 1, 0
16063, 87628426, 1, 0
16595, 78956210, 1, 0
17102, 103681264, 1, 0
17588, 93284999, 1, 0
18049, 92871797, 1, 0
18577, 107721344, 1, 0
19059, 110580957, 1, 0
19579, 91554434, 1, 0
20025, 115067059, 1, 0
20514, 105118102, 1, 0
21096, 104498121, 1, 0
21565, 109011112, 1, 0
22053, 105289795, 1, 0
22523, 104626719, 1, 0
23104, 83997610, 1, 0
23589, 89209897, 1, 0
24099, 100360574, 1, 0
24507, 94774269, 1, 0
25086, 79938947, 1, 0
25507, 84700563, 1, 0
26087, 92328554, 1, 0
26508, 92112153, 1, 0
27073, 98995720, 1, 0
27519, 89017950, 1, 0
28042, 122066179, 1, 0
28519, 93433749, 1, 0
29110, 94896680, 1, 0
29564, 128893007, 1, 0
30084, 72006260, 1, 0
30522, 89692207, 1, 0
31086, 92683894, 1, 0
31585, 106963401, 1, 0
32060, 83979713, 1, 0
32574, 114185071, 1, 0
33039, 111507470, 1, 0
33587, 132236741, 1, 0
34032, 94051987, 1, 0
34516, 90183594, 1, 0
35086, 84520733, 1, 0
35516, 100220782, 1, 0
36030, 70053749, 1, 0
36526, 88789047, 1, 0
37025, 87631698, 1, 0
37560, 105616072, 1, 0
38054, 109462592, 1, 0
38521, 99449201, 1, 0
39063, 99200953, 1, 0
39564, 100927086, 1, 0
40042, 94475505, 1, 0
40546, 115008730, 1, 0
41030, 92193527, 1, 0
41586, 108124719, 1, 0
42049, 105489868, 1, 0
42517, 95682369, 1, 0
43060, 90587379, 1, 0
43585, 113212760, 1, 0
44094, 114385596, 1, 0
44510, 101251833, 1, 0
45088, 84762860, 1, 0
45590, 111125490, 1, 0
46074, 85057473, 1, 0
46527, 88170733, 1, 0
47019, 93941176, 1, 0
47501, 87129674, 1, 0
48026, 76523263, 1, 0
48501, 92845159, 1, 0
49083, 102637546, 1, 0
49586, 94723600, 1, 0
50035, 114704085, 1, 0
50596, 96182076, 1, 0
51094, 88882536, 1, 0
51532, 101001176, 1, 0
52005, 101798616, 1, 0
52570, 91185283, 1, 0
53082, 95411216, 1, 0
53577, 93328633, 1, 0
54088, 102721896, 1, 0
54538, 115147433, 1, 0
55009, 95766977, 1, 0
55551, 101613600, 1, 0
56005, 85593237, 1, 0
56581, 92797945, 1, 0
57046, 95588582, 1, 0
57616, 100868369, 1, 0
58048, 94793468, 1, 0
58570, 109527732, 1, 0
59052, 98425935, 1, 0
59505, 91516335, 1, 0
60012, 89387733, 1, 0
60029, 75500516, 1, 0
