494, 307, 1, 0
994, 340, 1, 0
1494, 297, 1, 0
1994, 372, 1, 0
2494, 287, 1, 0
2994, 285, 1, 0
3493, 277, 1, 0
3994, 380, 1, 0
4494, 317, 1, 0
4993, 281, 1, 0
5494, 358, 1, 0
5994, 386, 1, 0
6494, 277, 1, 0
6994, 340, 1, 0
7494, 384, 1, 0
7993, 204, 1, 0
8494, 380, 1, 0
8994, 374, 1, 0
9493, 342, 1, 0
9994, 414, 1, 0
10494, 342, 1, 0
10994, 327, 1, 0
11494, 350, 1, 0
11993, 324, 1, 0
12493, 375, 1, 0
12994, 307, 1, 0
13494, 334, 1, 0
13993, 381, 1, 0
14494, 323, 1, 0
14994, 356, 1, 0
15493, 330, 1, 0
15994, 315, 1, 0
16494, 346, 1, 0
16993, 359, 1, 0
17494, 269, 1, 0
17994, 293, 1, 0
18493, 375, 1, 0
18994, 356, 1, 0
19494, 392, 1, 0
19993, 253, 1, 0
20494, 402, 1, 0
20994, 372, 1, 0
21493, 267, 1, 0
21994, 370, 1, 0
22494, 338, 1, 0
22993, 334, 1, 0
23494, 331, 1, 0
23994, 338, 1, 0
24494, 348, 1, 0
24993, 304, 1, 0
25494, 327, 1, 0
25994, 362, 1, 0
26494, 366, 1, 0
26993, 369, 1, 0
27494, 374, 1, 0
27994, 317, 1, 0
28494, 370, 1, 0
28993, 356, 1, 0
29493, 359, 1, 0
29994, 289, 1, 0
30494, 313, 1, 0
30997, 336, 1, 0
31494, 251, 1, 0
31994, 358, 1, 0
32494, 334, 1, 0
32993, 411, 1, 0
33494, 346, 1, 0
33994, 352, 1, 0
34494, 291, 1, 0
34993, 361, 1, 0
35494, 396, 1, 0
35994, 291, 1, 0
36494, 348, 1, 0
36993, 413, 1, 0
37493, 336, 1, 0
37994, 329, 1, 0
38494, 350, 1, 0
38994, 279, 1, 0
39493, 302, 1, 0
39993, 336, 1, 0
40494, 293, 1, 0
40994, 394, 1, 0
41494, 336, 1, 0
41993, 359, 1, 0
42494, 386, 1, 0
42994, 364, 1, 0
43494, 388, 1, 0
43994, 303, 1, 0
44493, 470, 1, 0
44994, 305, 1, 0
45494, 336, 1, 0
45994, 334, 1, 0
46497, 317, 1, 0
46993, 277, 1, 0
47494, 406, 1, 0
47994, 287, 1, 0
48494, 368, 1, 0
48993, 344, 1, 0
49493, 407, 1, 0
49994, 382, 1, 0
50494, 350, 1, 0
50994, 257, 1, 0
51493, 354, 1, 0
51993, 415, 1, 0
52494, 327, 1, 0
52994, 390, 1, 0
53494, 303, 1, 0
53993, 348, 1, 0
54494, 380, 1, 0
54994, 364, 1, 0
55494, 388, 1, 0
55994, 356, 1, 0
56493, 377, 1, 0
56994, 327, 1, 0
57494, 414, 1, 0
57994, 404, 1, 0
58493, 336, 1, 0
58993, 363, 1, 0
59494, 340, 1, 0
59994, 287, 1, 0
