535, 98006215, 1, 0
1093, 108081460, 1, 0
1541, 104266020, 1, 0
2031, 114716073, 1, 0
2594, 98339924, 1, 0
3044, 104761680, 1, 0
3596, 90214669, 1, 0
4036, 94935586, 1, 0
4536, 92015384, 1, 0
5030, 94749973, 1, 0
5518, 114021231, 1, 0
6030, 109524972, 1, 0
6506, 94441961, 1, 0
7082, 92327303, 1, 0
7554, 99771556, 1, 0
8026, 109475469, 1, 0
8596, 75707237, 1, 0
9078, 100324270, 1, 0
9525, 89981112, 1, 0
10004, 122436746, 1, 0
10500, 93416228, 1, 0
11054, 70586886, 1, 0
11592, 99637334, 1, 0
12014, 117005032, 1, 0
12565, 128034210, 1, 0
13037, 93563598, 1, 0
13595, 83993795, 1, 0
14084, 149288524, 1, 0
14590, 113044770, 1, 0
15072, 96706531, 1, 0
15531, 107144611, 1, 0
16076, 96312212, 1, 0
16500, 92718951, 1, 0
17014, 85150633, 1, 0
17518, 102174104, 1, 0
18108, 90407996, 1, 0
18533, 98498714, 1, 0
19058, 94987758, 1, 0
19532, 113202647, 1, 0
20045, 101958266, 1, 0
20562, 94711165, 1, 0
21063, 91520673, 1, 0
21522, 106067321, 1, 0
22009, 86637414, 1, 0
22580, 90832327, 1, 0
23073, 82362531, 1, 0
23574, 110243629, 1, 0
24054, 81854914, 1, 0
24510, 96045242, 1, 0
25035, 98606262, 1, 0
25525, 96347988, 1, 0
26098, 112759773, 1, 0
26502, 95158829, 1, 0
27060, 73751709, 1, 0
27582, 103197415, 1, 0
28007, 93331628, 1, 0
28514, 95868626, 1, 0
29096, 93582673, 1, 0
29505, 77860446, 1, 0
30087, 88635086, 1, 0
30525, 90620104, 1, 0
31063, 92657239, 1, 0
31556, 97737288, 1, 0
32036, 91017545, 1, 0
32540, 104440933, 1, 0
33029, 94662739, 1, 0
33597, 134060607, 1, 0
34028, 104915497, 1, 0
34509, 96951036, 1, 0
35089, 91991469, 1, 0
35587, 89042424, 1, 0
36101, 102151962, 1, 0
36548, 88001871, 1, 0
37004, 78928677, 1, 0
37576, 92603583, 1, 0
38065, 112952851, 1, 0
38533, 95147633, 1, 0
39077, 99631845, 1, 0
39567, 96102669, 1, 0
40028, 90174496, 1, 0
40512, 103534039, 1, 0
41007, 95375870, 1, 0
41517, 85045394, 1, 0
42008, 94316473, 1, 0
42553, 99257560, 1, 0
43072, 87554602, 1, 0
43500, 101854459, 1, 0
44071, 64753691, 1, 0
44503, 106872362, 1, 0
45000, 84608878, 1, 0
45506, 86386813, 1, 0
46049, 73644212, 1, 0
46503, 88124108, 1, 0
47076, 103449867, 1, 0
47541, 93556230, 1, 0
48029, 109509123, 1, 0
48579, 95035264, 1, 0
49055, 92958081, 1, 0
49560, 108687022, 1, 0
50038, 94694945, 1, 0
50590, 93011936, 1, 0
51082, 109302764, 1, 0
51505, 107151300, 1, 0
52025, 90856802, 1, 0
52593, 81035529, 1, 0
53010, 105028893, 1, 0
53600, 102310356, 1, 0
54000, 91583074, 1, 0
54574, 94608705, 1, 0
55033, 101486122, 1, 0
55502, 98990793, 1, 0
56062, 87726051, 1, 0
56517, 87956601, 1, 0
57066, 103022540, 1, 0
57576, 105491844, 1, 0
58014, 126603114, 1, 0
58517, 101886809, 1, 0
59008, 104628722, 1, 0
59563, 94788630, 1, 0
60007, 88582714, 1, 0
60025, 104201350, 1, 0
