498, 279, 1, 0
999, 366, 1, 0
1499, 268, 1, 0
1999, 371, 1, 0
2499, 318, 1, 0
2998, 248, 1, 0
3499, 328, 1, 0
3999, 400, 1, 0
4498, 393, 1, 0
4998, 317, 1, 0
5499, 352, 1, 0
5999, 306, 1, 0
6499, 270, 1, 0
6999, 400, 1, 0
7498, 317, 1, 0
7999, 268, 1, 0
8497, 203, 1, 0
8998, 315, 1, 0
9499, 390, 1, 0
9998, 520, 1, 0
10499, 416, 1, 0
10999, 296, 1, 0
11498, 337, 1, 0
11999, 338, 1, 0
12499, 242, 1, 0
12999, 329, 1, 0
13499, 424, 1, 0
13998, 307, 1, 0
14499, 296, 1, 0
14999, 274, 1, 0
15499, 383, 1, 0
15999, 280, 1, 0
16498, 359, 1, 0
16999, 328, 1, 0
17499, 308, 1, 0
17998, 323, 1, 0
18499, 274, 1, 0
18998, 295, 1, 0
19498, 275, 1, 0
19999, 376, 1, 0
20498, 341, 1, 0
20999, 286, 1, 0
21499, 296, 1, 0
21998, 299, 1, 0
22499, 386, 1, 0
22999, 216, 1, 0
23498, 269, 1, 0
23999, 332, 1, 0
24498, 309, 1, 0
24999, 416, 1, 0
25499, 352, 1, 0
25998, 337, 1, 0
26499, 410, 1, 0
26999, 318, 1, 0
27498, 373, 1, 0
27999, 280, 1, 0
28499, 326, 1, 0
28998, 385, 1, 0
29499, 392, 1, 0
29999, 400, 1, 0
30499, 350, 1, 0
30999, 322, 1, 0
31498, 377, 1, 0
31999, 308, 1, 0
32499, 318, 1, 0
32998, 232, 1, 0
33499, 262, 1, 0
33998, 291, 1, 0
34499, 303, 1, 0
34999, 294, 1, 0
35498, 339, 1, 0
35998, 375, 1, 0
36499, 350, 1, 0
36998, 319, 1, 0
37499, 318, 1, 0
37998, 397, 1, 0
38499, 274, 1, 0
38999, 302, 1, 0
39498, 275, 1, 0
39999, 378, 1, 0
40499, 376, 1, 0
40998, 327, 1, 0
41499, 354, 1, 0
41998, 343, 1, 0
42499, 400, 1, 0
42999, 358, 1, 0
43498, 301, 1, 0
43999, 368, 1, 0
44498, 331, 1, 0
44999, 296, 1, 0
45499, 537, 1, 0
45998, 263, 1, 0
46499, 336, 1, 0
46998, 319, 1, 0
47499, 392, 1, 0
47998, 359, 1, 0
48499, 342, 1, 0
48999, 362, 1, 0
49498, 361, 1, 0
49999, 322, 1, 0
50499, 346, 1, 0
50998, 331, 1, 0
51499, 527, 1, 0
51999, 288, 1, 0
52498, 423, 1, 0
52999, 324, 1, 0
53499, 376, 1, 0
53998, 339, 1, 0
54499, 326, 1, 0
54999, 338, 1, 0
55498, 347, 1, 0
55999, 360, 1, 0
56499, 304, 1, 0
56998, 343, 1, 0
57499, 254, 1, 0
57999, 372, 1, 0
58498, 309, 1, 0
58999, 366, 1, 0
59499, 314, 1, 0
59998, 391, 1, 0
