504, 10183120, 1, 0
1007, 13738070, 1, 0
1508, 13088254, 1, 0
2003, 12450432, 1, 0
2513, 12360072, 1, 0
3000, 10473341, 1, 0
3500, 10491856, 1, 0
4001, 12296191, 1, 0
4502, 12809931, 1, 0
5014, 9699804, 1, 0
5514, 13022289, 1, 0
6002, 12747731, 1, 0
6519, 11564721, 1, 0
7018, 14235806, 1, 0
7501, 12766470, 1, 0
8004, 12495003, 1, 0
8503, 11780951, 1, 0
9004, 13077500, 1, 0
9502, 12475423, 1, 0
10013, 13753687, 1, 0
10524, 12799633, 1, 0
11019, 12763676, 1, 0
11516, 9714731, 1, 0
12006, 12211884, 1, 0
12503, 12073242, 1, 0
13003, 13139816, 1, 0
13505, 12050612, 1, 0
14000, 11117552, 1, 0
14500, 11730512, 1, 0
15007, 11920906, 1, 0
15513, 11367402, 1, 0
16001, 11399864, 1, 0
16510, 11599703, 1, 0
17000, 13316803, 1, 0
17504, 12189776, 1, 0
18001, 15953104, 1, 0
18519, 10822902, 1, 0
19002, 11027924, 1, 0
19517, 13046683, 1, 0
20001, 11335289, 1, 0
20504, 10710774, 1, 0
21002, 10850729, 1, 0
21511, 13316098, 1, 0
22016, 12808977, 1, 0
22500, 11089692, 1, 0
23000, 10507903, 1, 0
23503, 12650370, 1, 0
24012, 11663947, 1, 0
24500, 13640602, 1, 0
25000, 11672527, 1, 0
25504, 13282437, 1, 0
26023, 11020129, 1, 0
26505, 12709099, 1, 0
27000, 11803455, 1, 0
27506, 11700972, 1, 0
28003, 10573384, 1, 0
28502, 10863773, 1, 0
29006, 10631006, 1, 0
29513, 13518031, 1, 0
30019, 10898891, 1, 0
30500, 13167140, 1, 0
31005, 11443663, 1, 0
31501, 10796155, 1, 0
32004, 12120265, 1, 0
32507, 11954752, 1, 0
33000, 11513940, 1, 0
33500, 10802817, 1, 0
34001, 12061618, 1, 0
34503, 10936518, 1, 0
35013, 11850671, 1, 0
35500, 13536105, 1, 0
36000, 10127585, 1, 0
36504, 11619448, 1, 0
37009, 12541342, 1, 0
37514, 12002663, 1, 0
38002, 11751341, 1, 0
38511, 11061701, 1, 0
39000, 14260575, 1, 0
39505, 10439373, 1, 0
40002, 13767610, 1, 0
40519, 13616046, 1, 0
41022, 13577226, 1, 0
41512, 11420701, 1, 0
42008, 14723508, 1, 0
42502, 11305408, 1, 0
43010, 14468803, 1, 0
43527, 12493699, 1, 0
44017, 13356952, 1, 0
44505, 11266543, 1, 0
45001, 12822555, 1, 0
45501, 11068335, 1, 0
46007, 12245013, 1, 0
46510, 12531990, 1, 0
47000, 13637409, 1, 0
47505, 11983676, 1, 0
48000, 12048655, 1, 0
48503, 11988110, 1, 0
49009, 11513801, 1, 0
49534, 11468647, 1, 0
50007, 13396506, 1, 0
50531, 13558407, 1, 0
51005, 12592109, 1, 0
51510, 12485980, 1, 0
52005, 10420584, 1, 0
52500, 12696962, 1, 0
53000, 12117954, 1, 0
53510, 12751880, 1, 0
54002, 10965861, 1, 0
54501, 10805810, 1, 0
55004, 10630166, 1, 0
55500, 14096412, 1, 0
56011, 9906126, 1, 0
56505, 13709708, 1, 0
57008, 10760169, 1, 0
57503, 10696770, 1, 0
58010, 14889972, 1, 0
58500, 12110755, 1, 0
59007, 11180294, 1, 0
59509, 9523254, 1, 0
60005, 11884368, 1, 0
60010, 13849349, 1, 0
