501, 2769313, 1, 0
1003, 4200421, 1, 0
1505, 3856659, 1, 0
2001, 2763463, 1, 0
2501, 2816279, 1, 0
3006, 2908849, 1, 0
3500, 3567980, 1, 0
4006, 2988224, 1, 0
4513, 3330655, 1, 0
5007, 3307505, 1, 0
5501, 5297082, 1, 0
6002, 4545679, 1, 0
6507, 3167033, 1, 0
7004, 3646581, 1, 0
7504, 2772380, 1, 0
8005, 2559359, 1, 0
8502, 3045069, 1, 0
9001, 2843882, 1, 0
9504, 3412035, 1, 0
10005, 2883544, 1, 0
10506, 2488556, 1, 0
11005, 3090203, 1, 0
11500, 3546428, 1, 0
12001, 3596755, 1, 0
12502, 3311320, 1, 0
13007, 3471133, 1, 0
13503, 4198091, 1, 0
14001, 3031111, 1, 0
14507, 2949624, 1, 0
15002, 4752358, 1, 0
15502, 3037801, 1, 0
16007, 3297660, 1, 0
16505, 3244775, 1, 0
17007, 3475074, 1, 0
17500, 3304985, 1, 0
18003, 3300607, 1, 0
18500, 3194318, 1, 0
19005, 3253983, 1, 0
19502, 2605293, 1, 0
20018, 3783216, 1, 0
20507, 3276345, 1, 0
21005, 2805189, 1, 0
21504, 2733719, 1, 0
22009, 3967928, 1, 0
22503, 3357361, 1, 0
23002, 3828164, 1, 0
23552, 4188013, 1, 0
24006, 2961008, 1, 0
24507, 2886863, 1, 0
25005, 3621289, 1, 0
25504, 3194760, 1, 0
26007, 3276639, 1, 0
26507, 3561642, 1, 0
27006, 3484906, 1, 0
27500, 3516609, 1, 0
28006, 2952928, 1, 0
28504, 3522471, 1, 0
29005, 4765399, 1, 0
29504, 3891357, 1, 0
30003, 4980528, 1, 0
30504, 4232870, 1, 0
31008, 3727533, 1, 0
31501, 3462882, 1, 0
32000, 4333446, 1, 0
32511, 3567374, 1, 0
33000, 2750537, 1, 0
33507, 3926211, 1, 0
34006, 4443576, 1, 0
34503, 3263961, 1, 0
35008, 3184932, 1, 0
35500, 3862253, 1, 0
36001, 3764516, 1, 0
36506, 3109231, 1, 0
37007, 3726236, 1, 0
37501, 4148713, 1, 0
38026, 4636521, 1, 0
38507, 3035861, 1, 0
39000, 2958268, 1, 0
39544, 4451920, 1, 0
40004, 3281156, 1, 0
40588, 3636815, 1, 0
41007, 3517241, 1, 0
41506, 3455111, 1, 0
42002, 3721952, 1, 0
42505, 3982772, 1, 0
43000, 2988798, 1, 0
43567, 3959592, 1, 0
44000, 3696615, 1, 0
44506, 2913426, 1, 0
45067, 4274384, 1, 0
45508, 4781900, 1, 0
46004, 3435193, 1, 0
46507, 3026550, 1, 0
47009, 3164533, 1, 0
47508, 3362593, 1, 0
48009, 4680309, 1, 0
48505, 4340381, 1, 0
49007, 2810197, 1, 0
49500, 3388736, 1, 0
50003, 3302355, 1, 0
50501, 3358224, 1, 0
51004, 3138576, 1, 0
51504, 4189547, 1, 0
52000, 3367584, 1, 0
52556, 3359922, 1, 0
53002, 3469212, 1, 0
53503, 2908728, 1, 0
54000, 4430730, 1, 0
54507, 3637476, 1, 0
55003, 4229508, 1, 0
55504, 3734989, 1, 0
56003, 3297827, 1, 0
56502, 3529541, 1, 0
57008, 3189605, 1, 0
57501, 4686495, 1, 0
58009, 3052934, 1, 0
58505, 3300268, 1, 0
59008, 3952649, 1, 0
59502, 3543357, 1, 0
60000, 2700297, 1, 0
