494, 263, 1, 0
993, 385, 1, 0
1493, 318, 1, 0
1994, 321, 1, 0
2494, 313, 1, 0
2994, 295, 1, 0
3494, 356, 1, 0
3994, 309, 1, 0
4493, 344, 1, 0
4994, 313, 1, 0
5494, 334, 1, 0
5993, 336, 1, 0
6494, 358, 1, 0
6993, 379, 1, 0
7494, 230, 1, 0
7994, 368, 1, 0
8494, 348, 1, 0
8993, 310, 1, 0
9493, 310, 1, 0
9994, 323, 1, 0
10494, 331, 1, 0
10994, 350, 1, 0
11493, 322, 1, 0
11994, 321, 1, 0
12494, 307, 1, 0
12994, 275, 1, 0
13493, 413, 1, 0
13993, 365, 1, 0
14494, 317, 1, 0
14994, 319, 1, 0
15493, 350, 1, 0
15993, 334, 1, 0
16494, 352, 1, 0
16994, 382, 1, 0
17494, 346, 1, 0
17993, 346, 1, 0
18494, 334, 1, 0
18994, 392, 1, 0
19494, 277, 1, 0
19993, 346, 1, 0
20493, 314, 1, 0
20994, 317, 1, 0
21494, 303, 1, 0
21994, 325, 1, 0
22493, 448, 1, 0
22994, 348, 1, 0
23494, 321, 1, 0
23994, 295, 1, 0
24493, 334, 1, 0
24993, 312, 1, 0
25494, 404, 1, 0
25994, 334, 1, 0
26494, 299, 1, 0
26993, 320, 1, 0
27493, 330, 1, 0
27994, 325, 1, 0
28494, 364, 1, 0
28994, 400, 1, 0
29493, 344, 1, 0
29993, 387, 1, 0
30494, 315, 1, 0
30994, 289, 1, 0
31494, 327, 1, 0
31993, 310, 1, 0
32494, 334, 1, 0
32994, 325, 1, 0
33494, 327, 1, 0
33993, 334, 1, 0
34494, 379, 1, 0
34994, 348, 1, 0
35494, 348, 1, 0
35994, 315, 1, 0
36493, 324, 1, 0
36994, 372, 1, 0
37494, 382, 1, 0
37994, 319, 1, 0
38493, 367, 1, 0
38994, 324, 1, 0
39494, 336, 1, 0
39994, 356, 1, 0
40494, 277, 1, 0
40993, 269, 1, 0
41494, 329, 1, 0
41994, 342, 1, 0
42494, 408, 1, 0
42994, 344, 1, 0
43494, 336, 1, 0
43993, 300, 1, 0
44494, 378, 1, 0
44994, 313, 1, 0
45494, 344, 1, 0
45994, 382, 1, 0
46494, 342, 1, 0
46994, 360, 1, 0
47493, 342, 1, 0
47994, 356, 1, 0
48494, 360, 1, 0
48994, 305, 1, 0
49493, 367, 1, 0
49994, 354, 1, 0
50494, 348, 1, 0
50994, 354, 1, 0
51494, 382, 1, 0
51993, 399, 1, 0
52494, 299, 1, 0
52994, 342, 1, 0
53494, 299, 1, 0
53993, 336, 1, 0
54494, 291, 1, 0
54994, 408, 1, 0
55494, 344, 1, 0
55993, 421, 1, 0
56493, 340, 1, 0
56994, 366, 1, 0
57494, 350, 1, 0
57994, 380, 1, 0
58493, 342, 1, 0
58994, 359, 1, 0
59494, 356, 1, 0
59994, 285, 1, 0
