507, 2013874, 1, 0
1009, 3794856, 1, 0
1501, 2964537, 1, 0
2002, 3214393, 1, 0
2506, 3348110, 1, 0
3003, 3278011, 1, 0
3502, 3659268, 1, 0
4000, 3493109, 1, 0
4500, 3341124, 1, 0
5005, 3041841, 1, 0
5506, 4873359, 1, 0
6007, 4437080, 1, 0
6506, 3267324, 1, 0
7000, 3854595, 1, 0
7503, 3362233, 1, 0
8002, 3507446, 1, 0
8501, 2560123, 1, 0
9007, 3132492, 1, 0
9501, 2536724, 1, 0
10001, 2726740, 1, 0
10503, 3117754, 1, 0
11003, 2997572, 1, 0
11507, 3390276, 1, 0
12008, 3089472, 1, 0
12508, 3934261, 1, 0
13003, 2853635, 1, 0
13509, 3127385, 1, 0
14007, 3597636, 1, 0
14506, 3386984, 1, 0
15008, 4443367, 1, 0
15508, 2893342, 1, 0
16004, 3105478, 1, 0
16503, 2664771, 1, 0
17005, 3159663, 1, 0
17506, 2831923, 1, 0
18001, 2861624, 1, 0
18506, 3037735, 1, 0
19003, 3849436, 1, 0
19509, 3431666, 1, 0
20033, 3125525, 1, 0
20503, 3205239, 1, 0
21003, 3323822, 1, 0
21507, 3615527, 1, 0
22000, 3147459, 1, 0
22501, 3192807, 1, 0
23001, 3348264, 1, 0
23568, 3572692, 1, 0
24005, 2765924, 1, 0
24503, 3355387, 1, 0
25000, 3670646, 1, 0
25501, 3099783, 1, 0
26000, 3525070, 1, 0
26505, 3623805, 1, 0
27002, 3705839, 1, 0
27506, 3533720, 1, 0
28004, 3222245, 1, 0
28501, 2804686, 1, 0
29000, 3687066, 1, 0
29502, 3742450, 1, 0
30009, 3986184, 1, 0
30503, 3472131, 1, 0
31005, 2679469, 1, 0
31508, 3384898, 1, 0
32008, 3091670, 1, 0
32509, 2915301, 1, 0
33005, 3461607, 1, 0
33504, 3122393, 1, 0
34002, 3599908, 1, 0
34500, 2907371, 1, 0
35004, 3959057, 1, 0
35505, 3203247, 1, 0
36007, 3377928, 1, 0
36501, 3235110, 1, 0
37004, 3380059, 1, 0
37501, 2822191, 1, 0
38007, 3953698, 1, 0
38503, 3640578, 1, 0
39006, 3105763, 1, 0
39560, 5919748, 1, 0
40003, 2895114, 1, 0
40500, 3465892, 1, 0
41005, 3818220, 1, 0
41504, 2754041, 1, 0
42018, 3664382, 1, 0
42502, 3152619, 1, 0
43007, 3466511, 1, 0
43586, 3493426, 1, 0
44007, 4171700, 1, 0
44504, 2777273, 1, 0
45083, 4348186, 1, 0
45503, 4165993, 1, 0
46002, 3828953, 1, 0
46524, 3615804, 1, 0
47004, 3188234, 1, 0
47504, 3235682, 1, 0
48001, 4788797, 1, 0
48505, 3843871, 1, 0
49005, 2903465, 1, 0
49505, 3365108, 1, 0
50008, 4379682, 1, 0
50501, 3183519, 1, 0
51004, 2888207, 1, 0
51503, 4952334, 1, 0
52007, 3510650, 1, 0
52572, 3267506, 1, 0
53003, 2865906, 1, 0
53501, 3198320, 1, 0
54007, 3058460, 1, 0
54504, 2906476, 1, 0
55009, 3609615, 1, 0
55510, 3965507, 1, 0
56000, 2920597, 1, 0
56500, 2812179, 1, 0
57005, 2949746, 1, 0
57507, 4554969, 1, 0
58002, 3239457, 1, 0
58500, 3232504, 1, 0
59004, 3924396, 1, 0
59504, 2828732, 1, 0
60004, 3537436, 1, 0
