525, 101348982, 1, 0
1001, 71069720, 1, 0
1525, 96017465, 1, 0
2024, 116572578, 1, 0
2523, 80976225, 1, 0
3075, 98567175, 1, 0
3530, 96129286, 1, 0
4027, 91316922, 1, 0
4500, 97661527, 1, 0
5085, 101428322, 1, 0
5556, 103577832, 1, 0
6049, 95098454, 1, 0
6551, 96189379, 1, 0
7038, 78334269, 1, 0
7591, 94267065, 1, 0
8061, 93713105, 1, 0
8541, 95390371, 1, 0
9088, 87282032, 1, 0
9507, 104907564, 1, 0
10004, 100336344, 1, 0
10500, 94212969, 1, 0
11015, 90973377, 1, 0
11564, 108966252, 1, 0
12083, 100705086, 1, 0
12514, 109048078, 1, 0
13092, 92967812, 1, 0
13602, 69750245, 1, 0
14012, 97995008, 1, 0
14506, 95851279, 1, 0
15080, 84960557, 1, 0
15524, 99142443, 1, 0
16066, 91825440, 1, 0
16598, 104906298, 1, 0
17093, 95985554, 1, 0
17565, 95363452, 1, 0
18052, 97705159, 1, 0
18597, 85756392, 1, 0
19021, 96735121, 1, 0
19636, 80227219, 1, 0
20066, 90379141, 1, 0
20590, 99943901, 1, 0
21081, 94945400, 1, 0
21531, 83177335, 1, 0
22018, 94550330, 1, 0
22569, 89113918, 1, 0
23038, 130496162, 1, 0
23534, 112315251, 1, 0
24019, 91759028, 1, 0
24509, 96213860, 1, 0
25025, 96398105, 1, 0
25559, 85599120, 1, 0
26000, 81729611, 1, 0
26529, 90858267, 1, 0
27076, 99318186, 1, 0
27502, 93522894, 1, 0
28045, 117676376, 1, 0
28595, 124054865, 1, 0
29086, 81762931, 1, 0
29532, 79302099, 1, 0
30005, 97777578, 1, 0
30525, 81448388, 1, 0
31001, 94072454, 1, 0
31596, 86444123, 1, 0
32093, 99843219, 1, 0
32595, 90151597, 1, 0
33082, 129678400, 1, 0
33615, 130004510, 1, 0
34062, 102668090, 1, 0
34527, 141117809, 1, 0
35016, 80124266, 1, 0
35535, 96170492, 1, 0
36040, 75573994, 1, 0
36529, 84789689, 1, 0
37067, 90254309, 1, 0
37500, 84082953, 1, 0
38074, 86240261, 1, 0
38550, 93365297, 1, 0
39096, 83163607, 1, 0
39585, 78581072, 1, 0
40045, 85291187, 1, 0
40539, 88611544, 1, 0
41016, 73306159, 1, 0
41526, 107134134, 1, 0
42097, 92597786, 1, 0
42565, 100173450, 1, 0
43072, 92956535, 1, 0
43595, 82035487, 1, 0
44061, 70108320, 1, 0
44605, 93978655, 1, 0
45082, 88697237, 1, 0
45577, 103917273, 1, 0
46096, 81877702, 1, 0
46539, 109297068, 1, 0
47013, 92011330, 1, 0
47582, 93717480, 1, 0
48082, 82476932, 1, 0
48542, 81792708, 1, 0
49069, 84932560, 1, 0
49570, 106699985, 1, 0
50029, 107827793, 1, 0
50581, 90156473, 1, 0
51049, 96090240, 1, 0
51591, 83021749, 1, 0
52032, 110796515, 1, 0
52509, 88567304, 1, 0
53019, 98413644, 1, 0
53508, 97635273, 1, 0
54000, 91494264, 1, 0
54566, 95857897, 1, 0
55060, 87766682, 1, 0
55517, 70782380, 1, 0
56000, 76983517, 1, 0
56584, 80485140, 1, 0
57034, 87584365, 1, 0
57577, 98317575, 1, 0
58042, 92245935, 1, 0
58545, 101978804, 1, 0
59028, 93288927, 1, 0
59508, 87640273, 1, 0
60015, 81335891, 1, 0
60033, 70508776, 1, 0
