500, 460, 1, 0
1000, 306, 1, 0
1500, 310, 1, 0
2000, 262, 1, 0
2500, 272, 1, 0
3000, 332, 1, 0
3500, 298, 1, 0
4000, 202, 1, 0
4499, 298, 1, 0
5000, 348, 1, 0
5500, 310, 1, 0
6000, 306, 1, 0
6499, 316, 1, 0
7000, 344, 1, 0
7500, 308, 1, 0
8000, 364, 1, 0
8500, 428, 1, 0
9000, 362, 1, 0
9500, 238, 1, 0
10000, 282, 1, 0
10500, 324, 1, 0
11000, 424, 1, 0
11500, 250, 1, 0
12000, 292, 1, 0
12500, 326, 1, 0
13000, 338, 1, 0
13500, 260, 1, 0
14000, 380, 1, 0
14500, 302, 1, 0
15000, 296, 1, 0
15499, 370, 1, 0
16000, 360, 1, 0
16500, 330, 1, 0
17000, 310, 1, 0
17500, 332, 1, 0
18000, 324, 1, 0
18500, 380, 1, 0
19000, 298, 1, 0
19500, 390, 1, 0
20000, 380, 1, 0
20500, 350, 1, 0
21000, 344, 1, 0
21500, 290, 1, 0
22000, 346, 1, 0
22500, 374, 1, 0
23000, 382, 1, 0
23500, 332, 1, 0
24000, 338, 1, 0
24500, 498, 1, 0
24999, 318, 1, 0
25500, 346, 1, 0
25999, 240, 1, 0
26500, 322, 1, 0
27000, 390, 1, 0
27500, 276, 1, 0
28000, 340, 1, 0
28500, 386, 1, 0
28999, 362, 1, 0
29500, 312, 1, 0
30000, 470, 1, 0
30500, 310, 1, 0
31000, 398, 1, 0
31500, 356, 1, 0
32000, 334, 1, 0
32500, 328, 1, 0
33000, 312, 1, 0
33500, 244, 1, 0
34000, 302, 1, 0
34500, 326, 1, 0
35000, 304, 1, 0
35500, 326, 1, 0
35999, 318, 1, 0
36500, 292, 1, 0
37000, 382, 1, 0
37500, 330, 1, 0
38000, 522, 1, 0
38500, 330, 1, 0
39000, 354, 1, 0
39500, 312, 1, 0
40000, 308, 1, 0
40500, 304, 1, 0
40999, 378, 1, 0
41500, 252, 1, 0
42000, 358, 1, 0
42500, 242, 1, 0
43000, 372, 1, 0
43500, 312, 1, 0
44000, 314, 1, 0
44500, 290, 1, 0
45000, 362, 1, 0
45500, 298, 1, 0
46000, 400, 1, 0
46500, 298, 1, 0
47000, 364, 1, 0
47500, 340, 1, 0
48000, 428, 1, 0
48500, 346, 1, 0
49000, 332, 1, 0
49500, 318, 1, 0
50000, 384, 1, 0
50500, 314, 1, 0
51000, 384, 1, 0
51500, 284, 1, 0
52000, 310, 1, 0
52500, 402, 1, 0
53000, 308, 1, 0
53500, 326, 1, 0
54000, 306, 1, 0
54500, 316, 1, 0
55000, 356, 1, 0
55500, 280, 1, 0
56000, 414, 1, 0
56500, 298, 1, 0
57000, 348, 1, 0
57500, 328, 1, 0
58000, 336, 1, 0
58500, 356, 1, 0
59000, 318, 1, 0
59500, 358, 1, 0
60000, 328, 1, 0
