552, 3206405, 1, 0
1054, 2892953, 1, 0
1566, 1793930, 1, 0
2025, 2566777, 1, 0
2578, 2031753, 1, 0
3033, 3163307, 1, 0
3540, 2848575, 1, 0
4073, 3128016, 1, 0
4579, 2932048, 1, 0
5094, 2896159, 1, 0
5547, 3629341, 1, 0
6027, 2430905, 1, 0
6505, 3002452, 1, 0
7036, 1969448, 1, 0
7539, 2870581, 1, 0
8060, 1808244, 1, 0
8501, 1658223, 1, 0
9047, 2762961, 1, 0
9603, 3210478, 1, 0
10028, 3119537, 1, 0
10593, 2989871, 1, 0
11033, 3144566, 1, 0
11537, 2536488, 1, 0
12087, 3121025, 1, 0
12509, 3153430, 1, 0
13038, 2357377, 1, 0
13540, 2301263, 1, 0
14042, 2901629, 1, 0
14555, 3216000, 1, 0
15078, 2461141, 1, 0
15615, 3130643, 1, 0
16035, 3330496, 1, 0
16561, 2933521, 1, 0
17004, 3252250, 1, 0
17560, 3206949, 1, 0
18048, 2875525, 1, 0
18542, 2635586, 1, 0
19026, 2639639, 1, 0
19603, 2249833, 1, 0
20000, 2972823, 1, 0
20506, 2971267, 1, 0
21033, 2973514, 1, 0
21533, 2980695, 1, 0
22046, 2192897, 1, 0
22561, 2886864, 1, 0
23067, 2795484, 1, 0
23528, 2639387, 1, 0
24046, 2192930, 1, 0
24505, 2932269, 1, 0
25087, 2899802, 1, 0
25581, 2619602, 1, 0
26073, 2507893, 1, 0
26559, 2552393, 1, 0
27040, 3518108, 1, 0
27573, 4134271, 1, 0
28106, 2929099, 1, 0
28531, 3116125, 1, 0
29028, 2922963, 1, 0
29560, 3024822, 1, 0
30057, 2872861, 1, 0
30590, 3011872, 1, 0
31002, 3121340, 1, 0
31519, 3155965, 1, 0
32010, 2757941, 1, 0
32547, 2557382, 1, 0
33035, 3265934, 1, 0
33569, 3225679, 1, 0
34096, 2782579, 1, 0
34517, 2550874, 1, 0
35029, 3721538, 1, 0
35522, 2978496, 1, 0
36006, 2591375, 1, 0
36500, 2493511, 1, 0
37000, 2980002, 1, 0
37545, 2626544, 1, 0
38067, 2992360, 1, 0
38586, 3035504, 1, 0
39091, 2803439, 1, 0
39569, 2599775, 1, 0
40085, 2750328, 1, 0
40578, 2894310, 1, 0
41092, 2959564, 1, 0
41507, 2636502, 1, 0
42015, 2814847, 1, 0
42523, 2672371, 1, 0
43003, 2684663, 1, 0
43504, 2905284, 1, 0
44035, 3121989, 1, 0
44551, 2954719, 1, 0
45071, 3181234, 1, 0
45583, 2838325, 1, 0
46073, 2674606, 1, 0
46545, 2691945, 1, 0
47043, 3226734, 1, 0
47583, 2334981, 1, 0
48086, 2722399, 1, 0
48519, 3150924, 1, 0
49036, 3069781, 1, 0
49548, 2932042, 1, 0
50054, 3068321, 1, 0
50512, 2596068, 1, 0
51014, 2539770, 1, 0
51501, 2263128, 1, 0
52029, 2737974, 1, 0
52533, 2941592, 1, 0
53064, 2844083, 1, 0
53536, 2720190, 1, 0
54051, 3020386, 1, 0
54542, 2874180, 1, 0
55014, 3007978, 1, 0
55518, 2966232, 1, 0
56033, 3173525, 1, 0
56537, 3007428, 1, 0
57049, 2961568, 1, 0
57554, 3049120, 1, 0
58064, 3071492, 1, 0
58521, 2619761, 1, 0
59072, 2753187, 1, 0
59584, 2847675, 1, 0
60013, 2815567, 1, 0
