495, 712, 1, 0
995, 1874, 1, 0
1495, 1260, 1, 0
1995, 1157, 1, 0
2495, 1171, 1, 0
2994, 995, 1, 0
3495, 1244, 1, 0
3995, 1373, 1, 0
4495, 1284, 1, 0
4995, 1236, 1, 0
5495, 1365, 1, 0
5995, 1341, 1, 0
6495, 1381, 1, 0
6995, 1381, 1, 0
7495, 1279, 1, 0
7995, 1220, 1, 0
8494, 1400, 1, 0
8995, 1611, 1, 0
9495, 1066, 1, 0
9994, 1149, 1, 0
10495, 1252, 1, 0
10995, 2117, 1, 0
11494, 1668, 1, 0
11995, 1090, 1, 0
12495, 1333, 1, 0
12995, 1268, 1, 0
13495, 1939, 1, 0
13994, 1684, 1, 0
14495, 1179, 1, 0
14995, 1301, 1, 0
15495, 1519, 1, 0
15995, 1301, 1, 0
16494, 1514, 1, 0
16995, 1260, 1, 0
17495, 1292, 1, 0
17994, 1279, 1, 0
18495, 1333, 1, 0
18994, 1295, 1, 0
19495, 1793, 1, 0
19995, 1559, 1, 0
20494, 1311, 1, 0
20995, 1107, 1, 0
21495, 1478, 1, 0
21994, 1206, 1, 0
22495, 1228, 1, 0
22994, 1732, 1, 0
23495, 1777, 1, 0
23995, 1729, 1, 0
24494, 1327, 1, 0
24995, 1155, 1, 0
25495, 1567, 1, 0
25994, 1230, 1, 0
26495, 985, 1, 0
26995, 1745, 1, 0
27494, 1174, 1, 0
27995, 1365, 1, 0
28495, 1139, 1, 0
28995, 1417, 1, 0
29495, 1341, 1, 0
29995, 1616, 1, 0
30495, 1406, 1, 0
30995, 1341, 1, 0
31494, 1692, 1, 0
31995, 1454, 1, 0
32495, 1341, 1, 0
32994, 1093, 1, 0
33495, 1058, 1, 0
33994, 1141, 1, 0
34495, 1454, 1, 0
34995, 1389, 1, 0
35494, 1246, 1, 0
35995, 1511, 1, 0
36495, 1591, 1, 0
36994, 1408, 1, 0
37495, 1244, 1, 0
37994, 1578, 1, 0
38495, 1236, 1, 0
38995, 1543, 1, 0
39494, 1214, 1, 0
39995, 1551, 1, 0
40495, 1301, 1, 0
40995, 1058, 1, 0
41495, 1292, 1, 0
41994, 1287, 1, 0
42495, 1074, 1, 0
42995, 1535, 1, 0
43494, 1085, 1, 0
43995, 1527, 1, 0
44494, 1174, 1, 0
44995, 1309, 1, 0
45495, 1753, 1, 0
45994, 1101, 1, 0
46495, 1438, 1, 0
46994, 1255, 1, 0
47495, 1365, 1, 0
47994, 1797, 1, 0
48495, 1333, 1, 0
48995, 1301, 1, 0
49494, 1230, 1, 0
49995, 1139, 1, 0
50495, 1349, 1, 0
50994, 1206, 1, 0
51495, 1292, 1, 0
51995, 1551, 1, 0
52494, 1676, 1, 0
52995, 1260, 1, 0
53495, 1349, 1, 0
53994, 1327, 1, 0
54495, 1187, 1, 0
54995, 1454, 1, 0
55494, 1028, 1, 0
55995, 1268, 1, 0
56495, 1317, 1, 0
56994, 1489, 1, 0
57495, 1058, 1, 0
57995, 1381, 1, 0
58494, 1198, 1, 0
58995, 1317, 1, 0
59495, 1567, 1, 0
59994, 1327, 1, 0
