497, 1295, 1, 0
997, 1376, 1, 0
1497, 1158, 1, 0
1997, 1110, 1, 0
2497, 1158, 1, 0
2997, 1529, 1, 0
3496, 1032, 1, 0
3997, 1344, 1, 0
4497, 1810, 1, 0
4997, 1207, 1, 0
5497, 1440, 1, 0
5996, 1266, 1, 0
6497, 1513, 1, 0
6997, 1102, 1, 0
7496, 1491, 1, 0
7997, 1054, 1, 0
8497, 1352, 1, 0
8997, 1360, 1, 0
9496, 1532, 1, 0
9997, 1191, 1, 0
10496, 1298, 1, 0
10997, 1505, 1, 0
11497, 1191, 1, 0
11996, 1120, 1, 0
12497, 1207, 1, 0
12997, 1287, 1, 0
13496, 1088, 1, 0
13997, 1384, 1, 0
14497, 1593, 1, 0
14996, 1314, 1, 0
15497, 1311, 1, 0
15997, 1223, 1, 0
16497, 1271, 1, 0
16997, 1263, 1, 0
17497, 1295, 1, 0
17997, 1279, 1, 0
18497, 1577, 1, 0
18997, 1327, 1, 0
19497, 1279, 1, 0
19997, 1416, 1, 0
20497, 1400, 1, 0
20997, 1271, 1, 0
21496, 1193, 1, 0
21997, 1480, 1, 0
22497, 1376, 1, 0
22997, 1561, 1, 0
23497, 1150, 1, 0
23997, 1199, 1, 0
24496, 1524, 1, 0
24997, 1384, 1, 0
25497, 877, 1, 0
25997, 1633, 1, 0
26497, 1223, 1, 0
26996, 1225, 1, 0
27497, 1505, 1, 0
27997, 1513, 1, 0
28497, 1432, 1, 0
28996, 1298, 1, 0
29497, 1239, 1, 0
29997, 1062, 1, 0
30497, 1167, 1, 0
30996, 1282, 1, 0
31497, 1344, 1, 0
31997, 1440, 1, 0
32497, 1416, 1, 0
32997, 1480, 1, 0
33497, 1295, 1, 0
33997, 1464, 1, 0
34496, 1491, 1, 0
34997, 1295, 1, 0
35497, 1392, 1, 0
35997, 1118, 1, 0
36497, 1102, 1, 0
36996, 1588, 1, 0
37497, 1424, 1, 0
37997, 1408, 1, 0
38497, 1360, 1, 0
38996, 1193, 1, 0
39496, 1258, 1, 0
39997, 1706, 1, 0
40497, 1134, 1, 0
40997, 1311, 1, 0
41496, 1370, 1, 0
41997, 1319, 1, 0
42497, 1513, 1, 0
42997, 1641, 1, 0
43497, 1601, 1, 0
43996, 1750, 1, 0
44497, 1319, 1, 0
44997, 1255, 1, 0
45497, 1062, 1, 0
45997, 1416, 1, 0
46496, 1532, 1, 0
46997, 965, 1, 0
47497, 1480, 1, 0
47997, 1448, 1, 0
48497, 1537, 1, 0
48996, 1322, 1, 0
49497, 1843, 1, 0
49997, 1336, 1, 0
50497, 1287, 1, 0
50997, 1577, 1, 0
51496, 1508, 1, 0
51997, 1295, 1, 0
52497, 1360, 1, 0
52997, 1424, 1, 0
53496, 1540, 1, 0
53997, 1521, 1, 0
54497, 1633, 1, 0
54997, 1167, 1, 0
55497, 1311, 1, 0
55996, 1169, 1, 0
56497, 1424, 1, 0
56997, 1247, 1, 0
57497, 1537, 1, 0
57996, 1314, 1, 0
58496, 1653, 1, 0
58997, 1561, 1, 0
59497, 1601, 1, 0
59997, 1247, 1, 0
