505, 21374, 1, 0
1000, 24476, 1, 0
1500, 27075, 1, 0
2008, 26202, 1, 0
2504, 26595, 1, 0
3008, 30803, 1, 0
3505, 23601, 1, 0
4011, 25007, 1, 0
4504, 23783, 1, 0
5006, 24457, 1, 0
5502, 27745, 1, 0
6000, 25741, 1, 0
6500, 25973, 1, 0
7007, 24610, 1, 0
7503, 26743, 1, 0
8005, 26991, 1, 0
8501, 26808, 1, 0
9006, 25659, 1, 0
9504, 25907, 1, 0
10001, 28688, 1, 0
10502, 25281, 1, 0
11003, 27401, 1, 0
11504, 25818, 1, 0
12003, 26241, 1, 0
12504, 22370, 1, 0
13000, 26228, 1, 0
13508, 26687, 1, 0
14008, 25558, 1, 0
14502, 26162, 1, 0
15015, 23436, 1, 0
15509, 26824, 1, 0
16001, 25098, 1, 0
16500, 25933, 1, 0
17003, 27842, 1, 0
17500, 27575, 1, 0
18000, 25273, 1, 0
18507, 25214, 1, 0
19003, 26466, 1, 0
19502, 27998, 1, 0
20010, 27756, 1, 0
20508, 23888, 1, 0
21006, 25593, 1, 0
21500, 28375, 1, 0
22007, 26289, 1, 0
22505, 25692, 1, 0
23013, 26801, 1, 0
23503, 28540, 1, 0
24004, 25487, 1, 0
24508, 26962, 1, 0
25006, 22644, 1, 0
25501, 26636, 1, 0
26001, 25931, 1, 0
26504, 24165, 1, 0
27005, 28537, 1, 0
27500, 25536, 1, 0
28010, 26021, 1, 0
28507, 23557, 1, 0
29009, 24421, 1, 0
29501, 26334, 1, 0
30002, 27721, 1, 0
30511, 23919, 1, 0
31001, 27433, 1, 0
31500, 26131, 1, 0
32011, 24579, 1, 0
32500, 22326, 1, 0
33012, 26493, 1, 0
33507, 26019, 1, 0
34000, 23681, 1, 0
34505, 24638, 1, 0
35001, 25701, 1, 0
35517, 25812, 1, 0
36002, 27841, 1, 0
36500, 26835, 1, 0
37000, 25586, 1, 0
37506, 23714, 1, 0
38004, 26931, 1, 0
38501, 26461, 1, 0
39009, 28064, 1, 0
39505, 28473, 1, 0
40007, 27901, 1, 0
40515, 27182, 1, 0
41004, 26156, 1, 0
41505, 25098, 1, 0
42000, 27927, 1, 0
42506, 26775, 1, 0
43000, 27607, 1, 0
43507, 25805, 1, 0
44013, 27344, 1, 0
44506, 26498, 1, 0
45004, 28724, 1, 0
45500, 26117, 1, 0
46000, 23124, 1, 0
46514, 24311, 1, 0
47001, 26122, 1, 0
47507, 22038, 1, 0
48000, 25186, 1, 0
48500, 27039, 1, 0
49006, 22971, 1, 0
49501, 21718, 1, 0
50011, 25492, 1, 0
50506, 25520, 1, 0
51018, 25620, 1, 0
51500, 26186, 1, 0
52005, 26082, 1, 0
52503, 26143, 1, 0
53009, 30842, 1, 0
53500, 26328, 1, 0
54000, 33427, 1, 0
54502, 28849, 1, 0
55006, 28336, 1, 0
55507, 30126, 1, 0
56008, 28334, 1, 0
56506, 23236, 1, 0
57001, 24737, 1, 0
57503, 31450, 1, 0
58003, 27200, 1, 0
58505, 25830, 1, 0
59013, 26205, 1, 0
59517, 29473, 1, 0
60010, 27672, 1, 0
