525, 10968816, 1, 0
1006, 23849630, 1, 0
1524, 24492865, 1, 0
2024, 23669101, 1, 0
2500, 26617834, 1, 0
3050, 21113035, 1, 0
3501, 21128197, 1, 0
4041, 25035052, 1, 0
4547, 19311492, 1, 0
5048, 18566540, 1, 0
5535, 28593952, 1, 0
6006, 22815759, 1, 0
6517, 25848386, 1, 0
7048, 25192251, 1, 0
7505, 19032115, 1, 0
8038, 23678604, 1, 0
8534, 25480841, 1, 0
9002, 21645732, 1, 0
9505, 17865817, 1, 0
10008, 26284386, 1, 0
10526, 22107657, 1, 0
11024, 19895322, 1, 0
11515, 20109674, 1, 0
12021, 22229422, 1, 0
12500, 19377317, 1, 0
13009, 22345294, 1, 0
13540, 24820014, 1, 0
14015, 23670098, 1, 0
14504, 17431264, 1, 0
15002, 25232774, 1, 0
15528, 19483006, 1, 0
16026, 27284066, 1, 0
16516, 24838579, 1, 0
17009, 26338203, 1, 0
17511, 19622206, 1, 0
18005, 20339203, 1, 0
18520, 15858640, 1, 0
19014, 22579291, 1, 0
19520, 24178037, 1, 0
20006, 22663800, 1, 0
20510, 25670384, 1, 0
21047, 29427279, 1, 0
21554, 19995997, 1, 0
22011, 23646093, 1, 0
22521, 18699202, 1, 0
23012, 27916920, 1, 0
23507, 21400971, 1, 0
24009, 21482612, 1, 0
24506, 18251638, 1, 0
25006, 19419266, 1, 0
25513, 22732929, 1, 0
26040, 20911179, 1, 0
26540, 23872064, 1, 0
27065, 21816306, 1, 0
27506, 18762428, 1, 0
28004, 20017634, 1, 0
28512, 24733156, 1, 0
29025, 23704131, 1, 0
29548, 23573054, 1, 0
30004, 23424853, 1, 0
30500, 23301419, 1, 0
31014, 23702676, 1, 0
31516, 21886274, 1, 0
32027, 16071522, 1, 0
32508, 17382418, 1, 0
33011, 21821125, 1, 0
33503, 23045276, 1, 0
34010, 21266154, 1, 0
34508, 22723874, 1, 0
35008, 27787626, 1, 0
35515, 20693416, 1, 0
36037, 20095507, 1, 0
36536, 24336134, 1, 0
37008, 18912767, 1, 0
37504, 21148665, 1, 0
38014, 21767021, 1, 0
38518, 20888574, 1, 0
39009, 21993059, 1, 0
39501, 20022948, 1, 0
40036, 22794501, 1, 0
40510, 24642803, 1, 0
41006, 21848125, 1, 0
41521, 18200711, 1, 0
42004, 17113520, 1, 0
42505, 23620379, 1, 0
43026, 22993164, 1, 0
43536, 22877769, 1, 0
44000, 22076943, 1, 0
44536, 16989646, 1, 0
45002, 24217873, 1, 0
45502, 19393742, 1, 0
46026, 18146192, 1, 0
46514, 19542444, 1, 0
47009, 22030899, 1, 0
47521, 18824655, 1, 0
48003, 22348177, 1, 0
48502, 22815288, 1, 0
49018, 20674349, 1, 0
49514, 26150066, 1, 0
50008, 19511947, 1, 0
50502, 19973329, 1, 0
51006, 21983352, 1, 0
51501, 22901940, 1, 0
52002, 21515698, 1, 0
52507, 20869375, 1, 0
53013, 25226692, 1, 0
53523, 21288192, 1, 0
54014, 20957255, 1, 0
54500, 19841626, 1, 0
55010, 23626306, 1, 0
55552, 19293888, 1, 0
56011, 23285849, 1, 0
56521, 29975591, 1, 0
57008, 19108103, 1, 0
57541, 19066109, 1, 0
58040, 23946939, 1, 0
58524, 17944785, 1, 0
59040, 23504810, 1, 0
59553, 21447445, 1, 0
60031, 21208691, 1, 0
60049, 63095544, 1, 0
