492, 1235, 1, 0
992, 1723, 1, 0
1491, 1197, 1, 0
1991, 1254, 1, 0
2492, 1560, 1, 0
2991, 1140, 1, 0
3491, 1295, 1, 0
3992, 1398, 1, 0
4492, 1284, 1, 0
4992, 1292, 1, 0
5492, 1243, 1, 0
5991, 1629, 1, 0
6492, 975, 1, 0
6992, 1276, 1, 0
7491, 1221, 1, 0
7992, 1276, 1, 0
8492, 1292, 1, 0
8992, 1382, 1, 0
9491, 1368, 1, 0
9991, 1368, 1, 0
10492, 1544, 1, 0
10992, 1065, 1, 0
11491, 1547, 1, 0
11991, 1254, 1, 0
12492, 1073, 1, 0
12992, 1430, 1, 0
13492, 1560, 1, 0
13991, 1368, 1, 0
14491, 1344, 1, 0
14992, 1544, 1, 0
15492, 1373, 1, 0
15991, 1295, 1, 0
16491, 1433, 1, 0
16992, 1195, 1, 0
17492, 1471, 1, 0
17992, 1121, 1, 0
18491, 1466, 1, 0
18992, 1544, 1, 0
19492, 1569, 1, 0
19992, 1300, 1, 0
20491, 1393, 1, 0
20991, 1107, 1, 0
21492, 1422, 1, 0
21992, 1260, 1, 0
22492, 1666, 1, 0
22991, 1393, 1, 0
23492, 1360, 1, 0
23992, 1439, 1, 0
24492, 1178, 1, 0
24991, 1417, 1, 0
25491, 1254, 1, 0
25992, 1479, 1, 0
26492, 1284, 1, 0
26992, 1382, 1, 0
27491, 1083, 1, 0
27991, 1433, 1, 0
28492, 1552, 1, 0
28992, 1300, 1, 0
29492, 1349, 1, 0
29991, 1140, 1, 0
30491, 1344, 1, 0
30992, 1325, 1, 0
31492, 1325, 1, 0
31992, 1520, 1, 0
32491, 1230, 1, 0
32991, 1246, 1, 0
33492, 1317, 1, 0
33992, 1504, 1, 0
34491, 1613, 1, 0
34991, 1327, 1, 0
35492, 1617, 1, 0
35992, 1203, 1, 0
36491, 1352, 1, 0
36991, 1295, 1, 0
37492, 1430, 1, 0
37992, 1382, 1, 0
38492, 1040, 1, 0
38991, 1409, 1, 0
39491, 1319, 1, 0
39992, 1300, 1, 0
40492, 1739, 1, 0
40992, 1211, 1, 0
41491, 1523, 1, 0
41992, 1189, 1, 0
42492, 1552, 1, 0
42991, 1466, 1, 0
43492, 1252, 1, 0
43992, 1528, 1, 0
44492, 1406, 1, 0
44992, 1430, 1, 0
45491, 1450, 1, 0
45991, 1344, 1, 0
46492, 1227, 1, 0
46992, 1178, 1, 0
47491, 1287, 1, 0
47991, 1401, 1, 0
48492, 1300, 1, 0
48992, 1471, 1, 0
49492, 1219, 1, 0
49991, 1221, 1, 0
50491, 1336, 1, 0
50992, 1495, 1, 0
51492, 1430, 1, 0
51992, 1414, 1, 0
52491, 1458, 1, 0
52992, 1186, 1, 0
53492, 1674, 1, 0
53992, 1227, 1, 0
54491, 1384, 1, 0
54991, 1490, 1, 0
55492, 1455, 1, 0
55992, 1495, 1, 0
56491, 1319, 1, 0
56991, 1189, 1, 0
57492, 1357, 1, 0
57992, 1495, 1, 0
58492, 1504, 1, 0
58991, 1604, 1, 0
59491, 1409, 1, 0
