501, 23721354, 1, 0
1057, 20984813, 1, 0
1507, 29293616, 1, 0
2007, 17572651, 1, 0
2533, 23292287, 1, 0
3008, 23907246, 1, 0
3530, 21500864, 1, 0
4069, 22329274, 1, 0
4566, 20528992, 1, 0
5040, 23298669, 1, 0
5534, 25186014, 1, 0
6038, 18995289, 1, 0
6517, 20481327, 1, 0
7022, 23747425, 1, 0
7509, 23338607, 1, 0
8011, 31395326, 1, 0
8503, 25219333, 1, 0
9005, 21297094, 1, 0
9542, 21971480, 1, 0
10035, 25375353, 1, 0
10529, 23119998, 1, 0
11051, 18522846, 1, 0
11552, 18634501, 1, 0
12004, 24428828, 1, 0
12547, 18969310, 1, 0
13000, 21326362, 1, 0
13560, 23369507, 1, 0
14048, 17034658, 1, 0
14510, 20731078, 1, 0
15011, 25369524, 1, 0
15547, 23248028, 1, 0
16028, 21223022, 1, 0
16508, 24980957, 1, 0
17011, 25250916, 1, 0
17514, 19334313, 1, 0
18006, 22170326, 1, 0
18510, 25465283, 1, 0
19017, 21416700, 1, 0
19507, 22848788, 1, 0
20014, 22052992, 1, 0
20514, 24624207, 1, 0
21056, 18568453, 1, 0
21546, 23527479, 1, 0
22012, 22002662, 1, 0
22541, 29987104, 1, 0
23030, 21570795, 1, 0
23513, 21980138, 1, 0
24010, 19942942, 1, 0
24503, 21066089, 1, 0
25005, 20169338, 1, 0
25539, 22238217, 1, 0
26032, 25362019, 1, 0
26523, 26040147, 1, 0
27014, 24010525, 1, 0
27507, 21335912, 1, 0
28014, 22867621, 1, 0
28505, 30208730, 1, 0
29051, 20144918, 1, 0
29504, 23129141, 1, 0
30032, 26703632, 1, 0
30500, 26820203, 1, 0
31014, 22146968, 1, 0
31542, 20300790, 1, 0
32002, 21170493, 1, 0
32500, 21545699, 1, 0
33030, 21608855, 1, 0
33534, 21880459, 1, 0
34002, 21545412, 1, 0
34501, 23760894, 1, 0
35005, 23297090, 1, 0
35541, 22280776, 1, 0
36001, 20698146, 1, 0
36510, 19261304, 1, 0
37027, 23250111, 1, 0
37502, 20459040, 1, 0
38006, 19767987, 1, 0
38555, 19214056, 1, 0
39026, 27420984, 1, 0
39540, 23660570, 1, 0
40027, 22071389, 1, 0
40512, 21966613, 1, 0
41037, 26911347, 1, 0
41551, 20972551, 1, 0
42005, 21305206, 1, 0
42543, 19860468, 1, 0
43019, 21574679, 1, 0
43529, 22097680, 1, 0
44000, 20540004, 1, 0
44519, 20636758, 1, 0
45022, 23521527, 1, 0
45539, 22834987, 1, 0
46019, 17776700, 1, 0
46567, 23351106, 1, 0
47015, 23196114, 1, 0
47503, 19753079, 1, 0
48003, 26286068, 1, 0
48512, 21871998, 1, 0
49038, 26420849, 1, 0
49534, 24136965, 1, 0
50013, 21001472, 1, 0
50539, 19654929, 1, 0
51011, 20777460, 1, 0
51547, 22832387, 1, 0
52020, 21155585, 1, 0
52523, 21068497, 1, 0
53022, 21897150, 1, 0
53515, 25239615, 1, 0
54012, 24979564, 1, 0
54517, 21132212, 1, 0
55011, 23562847, 1, 0
55535, 22740163, 1, 0
56012, 22235952, 1, 0
56513, 21878672, 1, 0
57064, 18741469, 1, 0
57514, 20576685, 1, 0
58005, 24369697, 1, 0
58500, 20654042, 1, 0
59000, 19820286, 1, 0
59526, 18994076, 1, 0
60014, 28415960, 1, 0
60032, 63311578, 1, 0
