542, 2915596, 1, 0
1080, 4262966, 1, 0
1573, 2766346, 1, 0
2023, 2727959, 1, 0
2551, 3151542, 1, 0
3065, 3055133, 1, 0
3583, 3120307, 1, 0
4099, 3504566, 1, 0
4512, 3010487, 1, 0
5019, 3290790, 1, 0
5547, 3140603, 1, 0
6111, 3350279, 1, 0
6527, 3079780, 1, 0
7055, 2834645, 1, 0
7589, 2916681, 1, 0
8002, 2987259, 1, 0
8557, 2930482, 1, 0
9091, 3651506, 1, 0
9584, 4003382, 1, 0
10000, 3146277, 1, 0
10518, 3449290, 1, 0
11048, 3115799, 1, 0
11557, 3021751, 1, 0
12058, 3037520, 1, 0
12589, 3465769, 1, 0
13017, 3366294, 1, 0
13535, 3153284, 1, 0
14021, 2835196, 1, 0
14544, 2301425, 1, 0
15048, 3067249, 1, 0
15574, 3055927, 1, 0
16010, 2512947, 1, 0
16552, 2643294, 1, 0
17089, 2823937, 1, 0
17580, 3007222, 1, 0
18052, 2870143, 1, 0
18554, 2934455, 1, 0
19064, 2652835, 1, 0
19533, 2855042, 1, 0
20015, 2641907, 1, 0
20565, 2109767, 1, 0
21098, 3887015, 1, 0
21504, 3139869, 1, 0
22001, 2854924, 1, 0
22526, 3101908, 1, 0
23032, 3100257, 1, 0
23563, 3178470, 1, 0
24080, 3128839, 1, 0
24550, 2879004, 1, 0
25000, 2335917, 1, 0
25530, 4073824, 1, 0
26041, 2118165, 1, 0
26548, 3260072, 1, 0
27028, 2608597, 1, 0
27591, 2602172, 1, 0
28018, 3226785, 1, 0
28538, 3060503, 1, 0
29049, 2948449, 1, 0
29615, 3301115, 1, 0
30043, 3239664, 1, 0
30501, 2707351, 1, 0
31023, 3428530, 1, 0
31543, 2584439, 1, 0
32070, 3313498, 1, 0
32640, 2964101, 1, 0
33031, 2847862, 1, 0
33560, 2603717, 1, 0
34064, 3123312, 1, 0
34534, 2831560, 1, 0
35043, 3025377, 1, 0
35560, 2999987, 1, 0
36097, 2626640, 1, 0
36522, 2887412, 1, 0
37056, 2296293, 1, 0
37560, 3054238, 1, 0
38004, 2648201, 1, 0
38561, 2839564, 1, 0
39075, 3127883, 1, 0
39575, 2889115, 1, 0
40095, 3105391, 1, 0
40507, 1637869, 1, 0
41009, 3826402, 1, 0
41614, 4583252, 1, 0
42071, 3211051, 1, 0
42558, 3802910, 1, 0
43088, 3286789, 1, 0
43527, 3247949, 1, 0
44089, 3341579, 1, 0
44539, 2826314, 1, 0
45061, 3028139, 1, 0
45526, 2884375, 1, 0
46071, 2792342, 1, 0
46570, 2637351, 1, 0
47141, 3827414, 1, 0
47505, 4131172, 1, 0
48014, 3078408, 1, 0
48532, 3140347, 1, 0
49054, 3080078, 1, 0
49540, 2872703, 1, 0
50107, 3329756, 1, 0
50605, 3357651, 1, 0
51028, 3065937, 1, 0
51570, 3113033, 1, 0
52035, 3288821, 1, 0
52527, 4164327, 1, 0
53015, 3610582, 1, 0
53588, 3350972, 1, 0
54027, 3507900, 1, 0
54530, 2819617, 1, 0
55065, 3219355, 1, 0
55571, 3218950, 1, 0
56082, 3019389, 1, 0
56558, 2933844, 1, 0
57060, 3483952, 1, 0
57509, 2734745, 1, 0
58004, 2790855, 1, 0
58589, 2796249, 1, 0
59004, 3092953, 1, 0
59608, 1589871, 1, 0
60013, 2953273, 1, 0
