513, 202909621, 1, 0
1078, 140160824, 1, 0
1582, 206232762, 1, 0
2012, 200574331, 1, 0
2541, 191530578, 1, 0
3054, 202000366, 1, 0
3580, 187489728, 1, 0
4113, 168753315, 1, 0
4512, 210118007, 1, 0
5036, 199706320, 1, 0
5555, 196670454, 1, 0
6108, 207612181, 1, 0
6544, 222785668, 1, 0
7062, 185981971, 1, 0
7606, 203170961, 1, 0
8028, 200590682, 1, 0
8540, 154918393, 1, 0
9060, 187583341, 1, 0
9530, 191793373, 1, 0
10081, 124259030, 1, 0
10607, 189811250, 1, 0
11022, 205070031, 1, 0
11546, 192823706, 1, 0
12054, 195647984, 1, 0
12596, 200706460, 1, 0
13008, 208390145, 1, 0
13544, 177444800, 1, 0
14045, 182599547, 1, 0
14541, 186523405, 1, 0
15055, 206258466, 1, 0
15582, 202786357, 1, 0
16026, 199660106, 1, 0
16503, 142186279, 1, 0
17000, 133364082, 1, 0
17551, 191009135, 1, 0
18049, 185540772, 1, 0
18570, 196790887, 1, 0
19073, 189259734, 1, 0
19595, 160870405, 1, 0
20078, 187635166, 1, 0
20582, 204094300, 1, 0
21025, 216347648, 1, 0
21540, 190375216, 1, 0
22036, 189707173, 1, 0
22561, 187427392, 1, 0
23076, 199588480, 1, 0
23598, 192911644, 1, 0
24024, 207041202, 1, 0
24505, 194139647, 1, 0
25044, 205736321, 1, 0
25564, 208878462, 1, 0
26085, 168561039, 1, 0
26574, 188934421, 1, 0
27080, 186258752, 1, 0
27551, 171678333, 1, 0
28082, 159628149, 1, 0
28602, 198013854, 1, 0
29021, 212792174, 1, 0
29565, 210549348, 1, 0
30024, 166838979, 1, 0
30583, 185009973, 1, 0
31004, 184763706, 1, 0
31607, 188537616, 1, 0
32040, 207775253, 1, 0
32566, 203343324, 1, 0
33078, 209322486, 1, 0
33508, 152774124, 1, 0
34017, 186240403, 1, 0
34513, 204764757, 1, 0
35014, 134407585, 1, 0
35541, 189003866, 1, 0
36079, 194095615, 1, 0
36503, 209153254, 1, 0
37093, 180048102, 1, 0
37506, 211459695, 1, 0
38012, 188691396, 1, 0
38595, 172718133, 1, 0
39003, 191547154, 1, 0
39571, 181193302, 1, 0
40094, 193666373, 1, 0
40540, 183559595, 1, 0
41060, 190902578, 1, 0
41615, 181506159, 1, 0
42088, 255772578, 1, 0
42575, 238960740, 1, 0
43105, 182536220, 1, 0
43516, 200411672, 1, 0
44013, 223314760, 1, 0
44547, 183058540, 1, 0
45077, 210939802, 1, 0
45526, 178361036, 1, 0
46079, 188974109, 1, 0
46500, 201442316, 1, 0
47031, 191570528, 1, 0
47532, 190639565, 1, 0
48040, 197249309, 1, 0
48543, 149221448, 1, 0
49054, 186664842, 1, 0
49523, 194429769, 1, 0
50080, 177973136, 1, 0
50594, 234215276, 1, 0
51036, 179400862, 1, 0
51578, 204869952, 1, 0
52115, 188770556, 1, 0
52505, 179397742, 1, 0
53076, 187004389, 1, 0
53565, 176880963, 1, 0
54007, 151353324, 1, 0
54518, 199712319, 1, 0
55065, 190904110, 1, 0
55579, 197383784, 1, 0
56084, 190067370, 1, 0
56574, 192823606, 1, 0
57076, 221953313, 1, 0
57535, 185767155, 1, 0
58029, 181763154, 1, 0
58520, 193367190, 1, 0
59028, 197187373, 1, 0
59650, 216960080, 1, 0
60022, 131788284, 1, 0
60037, 143569114, 1, 0
