506, 3954805, 1, 0
1005, 6509728, 1, 0
1502, 6437946, 1, 0
2008, 6450615, 1, 0
2504, 6073148, 1, 0
3000, 6108562, 1, 0
3514, 7608770, 1, 0
4013, 6455860, 1, 0
4505, 5545154, 1, 0
5007, 7356778, 1, 0
5504, 5915326, 1, 0
6000, 5746665, 1, 0
6500, 7550126, 1, 0
7008, 7349079, 1, 0
7504, 6020536, 1, 0
8006, 5408764, 1, 0
8502, 6199661, 1, 0
9000, 5451803, 1, 0
9506, 5463551, 1, 0
10009, 7606829, 1, 0
10503, 6654611, 1, 0
11008, 5526310, 1, 0
11514, 6113237, 1, 0
12005, 5602040, 1, 0
12500, 6591162, 1, 0
13010, 6051847, 1, 0
13511, 5537092, 1, 0
14009, 6268563, 1, 0
14507, 5625259, 1, 0
15006, 6516189, 1, 0
15500, 6424522, 1, 0
16004, 5269279, 1, 0
16504, 6227493, 1, 0
17000, 6402367, 1, 0
17502, 5959032, 1, 0
18000, 5487883, 1, 0
18509, 6353750, 1, 0
19005, 6193546, 1, 0
19502, 6591443, 1, 0
20002, 6225552, 1, 0
20500, 6506881, 1, 0
21006, 5885532, 1, 0
21506, 6052890, 1, 0
22007, 5714448, 1, 0
22504, 5952412, 1, 0
23005, 5346604, 1, 0
23502, 6310220, 1, 0
24004, 6546375, 1, 0
24509, 6533781, 1, 0
25008, 5941422, 1, 0
25502, 6291763, 1, 0
26011, 6106624, 1, 0
26504, 5178633, 1, 0
27008, 5770633, 1, 0
27500, 6240025, 1, 0
28001, 6250858, 1, 0
28509, 5753236, 1, 0
29000, 4766152, 1, 0
29500, 6169816, 1, 0
30002, 6140363, 1, 0
30511, 6006832, 1, 0
31013, 5522613, 1, 0
31500, 5430700, 1, 0
32003, 6429906, 1, 0
32507, 5705850, 1, 0
33003, 6147914, 1, 0
33502, 7202988, 1, 0
34000, 6864283, 1, 0
34505, 5528224, 1, 0
35011, 6489319, 1, 0
35518, 5984073, 1, 0
36001, 6347258, 1, 0
36511, 6249684, 1, 0
37010, 5483729, 1, 0
37505, 5793457, 1, 0
38003, 6231355, 1, 0
38501, 5770115, 1, 0
39001, 5782894, 1, 0
39515, 5900110, 1, 0
40007, 6432175, 1, 0
40506, 6379429, 1, 0
41016, 6787768, 1, 0
41512, 8299583, 1, 0
42001, 5737694, 1, 0
42502, 5155760, 1, 0
43000, 6401195, 1, 0
43503, 6255948, 1, 0
44005, 6634723, 1, 0
44508, 5817908, 1, 0
45005, 5200119, 1, 0
45500, 5948602, 1, 0
46013, 6214223, 1, 0
46506, 6419139, 1, 0
47011, 5326077, 1, 0
47502, 5322090, 1, 0
48006, 6637520, 1, 0
48502, 7071037, 1, 0
49018, 6543626, 1, 0
49501, 6643166, 1, 0
50002, 5598726, 1, 0
50507, 5457784, 1, 0
51009, 6783447, 1, 0
51500, 5077930, 1, 0
52005, 5050307, 1, 0
52503, 7613192, 1, 0
53010, 6476721, 1, 0
53508, 5994132, 1, 0
54000, 6074444, 1, 0
54503, 6428001, 1, 0
55017, 7698970, 1, 0
55507, 6104398, 1, 0
56000, 5135181, 1, 0
56506, 5438447, 1, 0
57002, 5443401, 1, 0
57502, 4677369, 1, 0
58002, 6280922, 1, 0
58507, 5644094, 1, 0
59012, 6586792, 1, 0
59500, 6369500, 1, 0
60002, 6595450, 1, 0
60010, 16723479, 1, 0
