500, 5801151, 1, 0
1002, 6101105, 1, 0
1503, 5898715, 1, 0
2001, 5527155, 1, 0
2506, 5988932, 1, 0
3002, 6371484, 1, 0
3507, 7657358, 1, 0
4003, 6551072, 1, 0
4516, 5624210, 1, 0
5000, 6250841, 1, 0
5505, 7249771, 1, 0
6004, 5721151, 1, 0
6502, 5509714, 1, 0
7000, 5848689, 1, 0
7505, 5932253, 1, 0
8007, 6160180, 1, 0
8503, 6939583, 1, 0
9008, 6363214, 1, 0
9507, 6901484, 1, 0
10002, 6880188, 1, 0
10505, 5484029, 1, 0
11000, 5338790, 1, 0
11507, 6214375, 1, 0
12009, 6086524, 1, 0
12501, 5604922, 1, 0
13002, 5755407, 1, 0
13502, 6829544, 1, 0
14001, 5432530, 1, 0
14502, 5961532, 1, 0
15008, 6369395, 1, 0
15502, 6954788, 1, 0
16004, 5429965, 1, 0
16502, 5384337, 1, 0
17002, 6342973, 1, 0
17504, 6106398, 1, 0
18001, 6289801, 1, 0
18500, 7535400, 1, 0
19015, 5753975, 1, 0
19504, 7188364, 1, 0
20013, 6572820, 1, 0
20501, 6144689, 1, 0
21007, 5572059, 1, 0
21508, 5968610, 1, 0
22001, 6326605, 1, 0
22510, 6383572, 1, 0
23006, 6016706, 1, 0
23513, 6738093, 1, 0
24015, 6428492, 1, 0
24502, 7104491, 1, 0
25009, 6176453, 1, 0
25503, 5467211, 1, 0
26004, 6547753, 1, 0
26506, 4873724, 1, 0
27009, 5596190, 1, 0
27510, 6180959, 1, 0
28003, 6053915, 1, 0
28510, 7604861, 1, 0
29002, 5594000, 1, 0
29501, 5815237, 1, 0
30004, 6346771, 1, 0
30505, 5528734, 1, 0
31005, 6356809, 1, 0
31502, 5939345, 1, 0
32004, 7357500, 1, 0
32501, 5534933, 1, 0
33005, 6650287, 1, 0
33500, 6121948, 1, 0
34002, 7073671, 1, 0
34506, 5809633, 1, 0
35003, 6468708, 1, 0
35510, 5458079, 1, 0
36003, 5190346, 1, 0
36503, 5810175, 1, 0
37000, 6626378, 1, 0
37500, 6106167, 1, 0
38004, 5592228, 1, 0
38502, 5954291, 1, 0
39003, 5525780, 1, 0
39507, 6246175, 1, 0
40000, 5450888, 1, 0
40508, 6158468, 1, 0
41008, 7350943, 1, 0
41500, 5753694, 1, 0
42003, 5528495, 1, 0
42503, 5953336, 1, 0
43002, 6070611, 1, 0
43505, 6730138, 1, 0
44006, 6606110, 1, 0
44500, 6499041, 1, 0
45008, 5407576, 1, 0
45502, 6157564, 1, 0
46000, 5464200, 1, 0
46507, 5676559, 1, 0
47003, 6113339, 1, 0
47500, 6011762, 1, 0
48008, 5646099, 1, 0
48503, 5948638, 1, 0
49011, 7647619, 1, 0
49505, 6527690, 1, 0
50012, 6692883, 1, 0
50508, 5846013, 1, 0
51011, 5893818, 1, 0
51502, 5524201, 1, 0
52000, 5790330, 1, 0
52505, 6100851, 1, 0
53011, 6415255, 1, 0
53500, 6066627, 1, 0
54002, 5767214, 1, 0
54513, 6211763, 1, 0
55000, 8286183, 1, 0
55500, 6401290, 1, 0
56002, 5652152, 1, 0
56508, 6356511, 1, 0
57012, 5563708, 1, 0
57504, 5217945, 1, 0
58004, 5972088, 1, 0
58506, 5601115, 1, 0
59006, 4718957, 1, 0
59501, 5653278, 1, 0
60003, 7477206, 1, 0
60003, 16594527, 1, 0
