525, 103904606, 1, 0
1001, 73312993, 1, 0
1525, 99261796, 1, 0
2024, 120067570, 1, 0
2523, 83728664, 1, 0
3075, 101624853, 1, 0
3530, 99410084, 1, 0
4027, 93548198, 1, 0
4500, 101388651, 1, 0
5085, 104968269, 1, 0
5556, 106628556, 1, 0
6049, 98275648, 1, 0
6551, 99230025, 1, 0
7038, 80846748, 1, 0
7591, 97525043, 1, 0
8061, 96164366, 1, 0
8541, 98921804, 1, 0
9088, 90346609, 1, 0
9507, 107965388, 1, 0
10004, 103774516, 1, 0
10500, 96816307, 1, 0
11015, 93799297, 1, 0
11564, 112084264, 1, 0
12083, 104240523, 1, 0
12514, 112170198, 1, 0
13092, 96067700, 1, 0
13602, 72264082, 1, 0
14012, 100471997, 1, 0
14506, 98935006, 1, 0
15080, 87827806, 1, 0
15524, 102336689, 1, 0
16066, 94799702, 1, 0
16598, 108065249, 1, 0
17093, 99194694, 1, 0
17565, 98017896, 1, 0
18052, 101158473, 1, 0
18597, 88410203, 1, 0
19021, 100032640, 1, 0
19636, 83024667, 1, 0
20066, 92854129, 1, 0
20590, 103012552, 1, 0
21081, 97938413, 1, 0
21531, 86026003, 1, 0
22018, 97552823, 1, 0
22569, 91759085, 1, 0
23038, 135437447, 1, 0
23534, 115627750, 1, 0
24019, 94689252, 1, 0
24509, 99158295, 1, 0
25025, 99699751, 1, 0
25559, 88263964, 1, 0
26000, 84552946, 1, 0
26529, 93469144, 1, 0
27076, 102617380, 1, 0
27502, 96652472, 1, 0
28045, 121309198, 1, 0
28595, 128284603, 1, 0
29086, 84116449, 1, 0
29532, 82032219, 1, 0
30005, 100744817, 1, 0
30525, 84049729, 1, 0
31001, 97140874, 1, 0
31596, 89283615, 1, 0
32093, 103001450, 1, 0
32595, 93056172, 1, 0
33082, 133786808, 1, 0
33615, 134259412, 1, 0
34062, 105982084, 1, 0
34527, 145693381, 1, 0
35016, 82659261, 1, 0
35535, 99105184, 1, 0
36040, 77941604, 1, 0
36529, 87486549, 1, 0
37067, 92736945, 1, 0
37500, 87032583, 1, 0
38074, 89049485, 1, 0
38550, 96434844, 1, 0
39096, 85970815, 1, 0
39585, 80947778, 1, 0
40045, 88112375, 1, 0
40539, 91469343, 1, 0
41016, 76093928, 1, 0
41526, 109989066, 1, 0
42097, 95433911, 1, 0
42565, 103752010, 1, 0
43072, 95841321, 1, 0
43595, 85056243, 1, 0
44061, 71958825, 1, 0
44605, 96839223, 1, 0
45082, 91634611, 1, 0
45577, 107176686, 1, 0
46096, 84370884, 1, 0
46539, 112461476, 1, 0
47013, 95303038, 1, 0
47582, 96403612, 1, 0
48082, 85144446, 1, 0
48542, 84640553, 1, 0
49069, 87247562, 1, 0
49570, 110105105, 1, 0
50029, 111411927, 1, 0
50581, 93287800, 1, 0
51049, 99292620, 1, 0
51590, 85567579, 1, 0
52032, 114237550, 1, 0
52509, 91364574, 1, 0
53019, 101380121, 1, 0
53508, 100782627, 1, 0
54000, 94552518, 1, 0
54566, 98940782, 1, 0
55060, 90601753, 1, 0
55517, 73020958, 1, 0
56000, 79504226, 1, 0
56584, 82797778, 1, 0
57034, 90375799, 1, 0
57577, 101359676, 1, 0
58042, 95106993, 1, 0
58545, 105357410, 1, 0
59028, 96209553, 1, 0
59508, 90633917, 1, 0
60015, 83899379, 1, 0
60033, 75227470, 1, 0
