574, 39448060, 1, 0
1011, 57146198, 1, 0
1570, 50345494, 1, 0
2011, 54829069, 1, 0
2529, 47706531, 1, 0
3057, 47756723, 1, 0
3570, 48811893, 1, 0
4001, 42496544, 1, 0
4511, 51329904, 1, 0
5028, 43758650, 1, 0
5608, 55492924, 1, 0
6007, 55827545, 1, 0
6516, 52282846, 1, 0
7056, 46270854, 1, 0
7548, 45771011, 1, 0
8054, 42860715, 1, 0
8529, 60428510, 1, 0
9014, 46560730, 1, 0
9553, 54003607, 1, 0
10087, 52297747, 1, 0
10501, 50874604, 1, 0
11049, 53128159, 1, 0
11532, 48361801, 1, 0
12081, 51516208, 1, 0
12506, 52377679, 1, 0
13024, 51628441, 1, 0
13508, 57601085, 1, 0
14015, 47696774, 1, 0
14532, 50462583, 1, 0
15047, 45227265, 1, 0
15550, 47803304, 1, 0
16074, 50190507, 1, 0
16502, 38357764, 1, 0
17054, 49503416, 1, 0
17507, 49891775, 1, 0
18016, 52302489, 1, 0
18527, 49929431, 1, 0
19029, 56600172, 1, 0
19519, 45772967, 1, 0
20050, 53780445, 1, 0
20551, 46950910, 1, 0
21072, 47256428, 1, 0
21590, 47573843, 1, 0
22004, 51739423, 1, 0
22518, 47785134, 1, 0
23026, 49438764, 1, 0
23550, 49513265, 1, 0
24088, 49980540, 1, 0
24502, 47185613, 1, 0
25017, 46771886, 1, 0
25500, 49846083, 1, 0
26003, 36473809, 1, 0
26570, 50095420, 1, 0
27056, 50905074, 1, 0
27514, 66401013, 1, 0
28039, 53913784, 1, 0
28554, 49284206, 1, 0
29050, 47316356, 1, 0
29565, 51090029, 1, 0
30071, 47805384, 1, 0
30584, 47313910, 1, 0
31001, 51261985, 1, 0
31513, 46424274, 1, 0
32002, 48745462, 1, 0
32565, 44449171, 1, 0
33073, 37669940, 1, 0
33506, 51934720, 1, 0
34026, 43926898, 1, 0
34563, 53026476, 1, 0
35067, 46031344, 1, 0
35564, 44938368, 1, 0
36030, 46310026, 1, 0
36551, 54283549, 1, 0
37074, 46403116, 1, 0
37594, 48606100, 1, 0
38015, 49661815, 1, 0
38544, 49554248, 1, 0
39048, 49679012, 1, 0
39572, 53226866, 1, 0
40096, 52736877, 1, 0
40501, 50494462, 1, 0
41014, 48097849, 1, 0
41546, 45539090, 1, 0
42082, 43561344, 1, 0
42526, 49163372, 1, 0
43006, 51978931, 1, 0
43508, 45136559, 1, 0
44030, 51005452, 1, 0
44546, 48396939, 1, 0
45075, 50174323, 1, 0
45586, 48485768, 1, 0
46087, 46339069, 1, 0
46554, 44043700, 1, 0
47080, 47690616, 1, 0
47531, 51479551, 1, 0
48018, 50171204, 1, 0
48572, 46285081, 1, 0
49002, 50562222, 1, 0
49516, 48070589, 1, 0
50014, 48538756, 1, 0
50500, 46470644, 1, 0
51000, 41308642, 1, 0
51528, 48523241, 1, 0
52015, 38694219, 1, 0
52537, 47661435, 1, 0
53059, 46188876, 1, 0
53521, 42726142, 1, 0
54036, 44884217, 1, 0
54544, 45718502, 1, 0
55046, 42280117, 1, 0
55539, 49040429, 1, 0
56072, 47104659, 1, 0
56595, 49593662, 1, 0
57098, 47584440, 1, 0
57503, 48764946, 1, 0
58039, 54072841, 1, 0
58516, 47543379, 1, 0
59005, 49943667, 1, 0
59594, 56863225, 1, 0
60016, 46382546, 1, 0
60034, 68960617, 1, 0
