496, 310, 1, 0
996, 264, 1, 0
1495, 311, 1, 0
1996, 372, 1, 0
2496, 385, 1, 0
2995, 385, 1, 0
3496, 368, 1, 0
3995, 307, 1, 0
4496, 288, 1, 0
4996, 356, 1, 0
5495, 242, 1, 0
5996, 183, 1, 0
6495, 327, 1, 0
6996, 288, 1, 0
7496, 296, 1, 0
7995, 311, 1, 0
8496, 348, 1, 0
8996, 387, 1, 0
9495, 296, 1, 0
9996, 286, 1, 0
10495, 301, 1, 0
10996, 288, 1, 0
11496, 328, 1, 0
11995, 282, 1, 0
12496, 290, 1, 0
12996, 330, 1, 0
13496, 274, 1, 0
13996, 217, 1, 0
14496, 328, 1, 0
14996, 195, 1, 0
15495, 282, 1, 0
15996, 322, 1, 0
16496, 280, 1, 0
16996, 334, 1, 0
17496, 354, 1, 0
17995, 296, 1, 0
18496, 328, 1, 0
18996, 274, 1, 0
19496, 334, 1, 0
19996, 328, 1, 0
20495, 307, 1, 0
20996, 312, 1, 0
21496, 298, 1, 0
21996, 262, 1, 0
22496, 306, 1, 0
22995, 250, 1, 0
23496, 292, 1, 0
23995, 323, 1, 0
24496, 288, 1, 0
24996, 288, 1, 0
25495, 317, 1, 0
25996, 320, 1, 0
26495, 305, 1, 0
26996, 304, 1, 0
27496, 304, 1, 0
27995, 315, 1, 0
28496, 294, 1, 0
28996, 195, 1, 0
29496, 309, 1, 0
29996, 272, 1, 0
30495, 309, 1, 0
30996, 344, 1, 0
31495, 290, 1, 0
31996, 250, 1, 0
32496, 298, 1, 0
32995, 307, 1, 0
33496, 304, 1, 0
33996, 274, 1, 0
34496, 432, 1, 0
34996, 306, 1, 0
35495, 280, 1, 0
35996, 282, 1, 0
36496, 276, 1, 0
36996, 284, 1, 0
37496, 290, 1, 0
37995, 250, 1, 0
38496, 322, 1, 0
38996, 366, 1, 0
39496, 232, 1, 0
39996, 243, 1, 0
40495, 389, 1, 0
40996, 258, 1, 0
41495, 335, 1, 0
41996, 316, 1, 0
42496, 312, 1, 0
42995, 335, 1, 0
43496, 298, 1, 0
43995, 189, 1, 0
44496, 332, 1, 0
44996, 262, 1, 0
45495, 252, 1, 0
45996, 262, 1, 0
46495, 242, 1, 0
46996, 294, 1, 0
47496, 332, 1, 0
47995, 264, 1, 0
48496, 225, 1, 0
48995, 341, 1, 0
49496, 280, 1, 0
49996, 278, 1, 0
50495, 317, 1, 0
50996, 280, 1, 0
51496, 254, 1, 0
51996, 330, 1, 0
52496, 288, 1, 0
52995, 230, 1, 0
53496, 417, 1, 0
53996, 296, 1, 0
54495, 321, 1, 0
54996, 219, 1, 0
55496, 322, 1, 0
55995, 284, 1, 0
56496, 302, 1, 0
56995, 375, 1, 0
57496, 177, 1, 0
57996, 316, 1, 0
58495, 294, 1, 0
58996, 270, 1, 0
59496, 348, 1, 0
59996, 308, 1, 0
