499, 408, 1, 0
999, 336, 1, 0
1500, 304, 1, 0
2000, 260, 1, 0
2500, 360, 1, 0
3000, 336, 1, 0
3500, 334, 1, 0
3999, 334, 1, 0
4499, 276, 1, 0
5000, 300, 1, 0
5500, 328, 1, 0
6000, 318, 1, 0
6500, 314, 1, 0
7000, 304, 1, 0
7500, 320, 1, 0
7999, 328, 1, 0
8499, 302, 1, 0
9000, 378, 1, 0
9500, 260, 1, 0
10000, 332, 1, 0
10500, 344, 1, 0
11000, 274, 1, 0
11500, 362, 1, 0
11999, 306, 1, 0
12499, 358, 1, 0
13000, 346, 1, 0
13500, 352, 1, 0
14000, 368, 1, 0
14500, 330, 1, 0
15000, 272, 1, 0
15500, 330, 1, 0
16000, 322, 1, 0
16500, 354, 1, 0
17000, 264, 1, 0
17499, 350, 1, 0
18000, 338, 1, 0
18500, 282, 1, 0
19000, 390, 1, 0
19500, 332, 1, 0
19999, 338, 1, 0
20499, 350, 1, 0
20999, 344, 1, 0
21500, 328, 1, 0
22000, 328, 1, 0
22500, 342, 1, 0
23000, 274, 1, 0
23500, 344, 1, 0
23999, 294, 1, 0
24499, 330, 1, 0
25000, 352, 1, 0
25500, 308, 1, 0
26000, 324, 1, 0
26502, 310, 1, 0
27000, 328, 1, 0
27500, 194, 1, 0
28000, 330, 1, 0
28499, 274, 1, 0
28999, 346, 1, 0
29499, 346, 1, 0
29999, 364, 1, 0
30499, 334, 1, 0
30999, 268, 1, 0
31499, 356, 1, 0
32000, 350, 1, 0
32500, 384, 1, 0
33000, 302, 1, 0
33500, 406, 1, 0
34000, 282, 1, 0
34500, 318, 1, 0
35000, 336, 1, 0
35500, 338, 1, 0
36000, 336, 1, 0
36500, 412, 1, 0
37000, 340, 1, 0
37500, 392, 1, 0
38000, 274, 1, 0
38500, 348, 1, 0
39000, 342, 1, 0
39500, 322, 1, 0
40000, 342, 1, 0
40500, 342, 1, 0
41000, 380, 1, 0
41500, 504, 1, 0
42000, 342, 1, 0
42500, 298, 1, 0
43000, 272, 1, 0
43499, 332, 1, 0
43999, 332, 1, 0
44499, 262, 1, 0
44999, 336, 1, 0
45499, 332, 1, 0
45999, 344, 1, 0
46500, 344, 1, 0
47000, 352, 1, 0
47500, 404, 1, 0
48000, 342, 1, 0
48500, 412, 1, 0
49000, 314, 1, 0
49500, 326, 1, 0
50000, 336, 1, 0
50500, 342, 1, 0
51000, 344, 1, 0
51500, 380, 1, 0
52000, 280, 1, 0
52500, 328, 1, 0
53000, 326, 1, 0
53500, 336, 1, 0
54000, 356, 1, 0
54500, 378, 1, 0
55000, 350, 1, 0
55500, 334, 1, 0
56000, 348, 1, 0
56500, 252, 1, 0
57000, 336, 1, 0
57500, 354, 1, 0
58000, 344, 1, 0
58499, 330, 1, 0
58999, 320, 1, 0
59499, 304, 1, 0
59999, 296, 1, 0
