542, 178347931, 1, 0
1080, 221233382, 1, 0
1565, 180674165, 1, 0
2071, 247051034, 1, 0
2589, 203345103, 1, 0
3010, 201407897, 1, 0
3538, 201495248, 1, 0
4010, 190415883, 1, 0
4559, 219141877, 1, 0
5109, 198606481, 1, 0
5529, 208206007, 1, 0
6111, 205310324, 1, 0
6537, 208060088, 1, 0
7056, 194004454, 1, 0
7599, 204082171, 1, 0
8019, 204314184, 1, 0
8531, 150839408, 1, 0
9046, 176554669, 1, 0
9503, 236920839, 1, 0
10055, 212526583, 1, 0
10581, 196650421, 1, 0
11105, 192700169, 1, 0
11529, 190967022, 1, 0
12038, 185000988, 1, 0
12551, 201283397, 1, 0
13091, 196279633, 1, 0
13518, 192635281, 1, 0
14013, 195530147, 1, 0
14514, 192739180, 1, 0
15029, 208135249, 1, 0
15558, 199909001, 1, 0
16060, 201744013, 1, 0
16620, 180950302, 1, 0
17081, 159645959, 1, 0
17562, 186027546, 1, 0
18062, 178000058, 1, 0
18562, 192812245, 1, 0
19073, 205977450, 1, 0
19596, 198506377, 1, 0
20088, 201064211, 1, 0
20502, 227738612, 1, 0
21035, 142622337, 1, 0
21568, 216700424, 1, 0
22082, 187184064, 1, 0
22508, 206314740, 1, 0
23021, 200081114, 1, 0
23537, 192232034, 1, 0
24060, 190130784, 1, 0
24534, 181650562, 1, 0
25000, 174569365, 1, 0
25511, 211678804, 1, 0
26023, 195035735, 1, 0
26540, 188468131, 1, 0
27000, 199851982, 1, 0
27543, 179207891, 1, 0
28082, 194455708, 1, 0
28597, 189796986, 1, 0
29130, 186725953, 1, 0
29568, 145368967, 1, 0
30060, 172403954, 1, 0
30534, 161947015, 1, 0
31043, 191587504, 1, 0
31568, 175304052, 1, 0
32004, 151251935, 1, 0
32558, 184899246, 1, 0
33077, 197903334, 1, 0
33508, 163628952, 1, 0
34037, 184906030, 1, 0
34558, 138914809, 1, 0
35061, 174458300, 1, 0
35578, 191105315, 1, 0
36015, 205239399, 1, 0
36566, 216775677, 1, 0
37047, 189506683, 1, 0
37552, 186854795, 1, 0
38079, 196463947, 1, 0
38551, 177912943, 1, 0
39064, 195946973, 1, 0
39547, 197433308, 1, 0
40087, 194890949, 1, 0
40563, 183404676, 1, 0
41002, 190014276, 1, 0
41503, 215408678, 1, 0
42015, 253904011, 1, 0
42512, 239441923, 1, 0
43019, 243002019, 1, 0
43545, 208330500, 1, 0
44106, 183387178, 1, 0
44559, 212199822, 1, 0
45084, 200995992, 1, 0
45535, 188136859, 1, 0
46018, 215311455, 1, 0
46547, 158897990, 1, 0
47059, 173754079, 1, 0
47558, 211562797, 1, 0
48066, 190896718, 1, 0
48502, 191852969, 1, 0
49110, 207600851, 1, 0
49593, 186060646, 1, 0
50044, 194744268, 1, 0
50578, 200491631, 1, 0
51020, 211924096, 1, 0
51570, 210976367, 1, 0
52099, 181575022, 1, 0
52503, 192720962, 1, 0
53088, 181248222, 1, 0
53580, 177252078, 1, 0
54055, 202354090, 1, 0
54574, 209122168, 1, 0
55021, 225167576, 1, 0
55535, 198113818, 1, 0
56034, 212789334, 1, 0
56531, 191513066, 1, 0
57049, 195127910, 1, 0
57544, 167122999, 1, 0
58039, 189353786, 1, 0
58543, 198052694, 1, 0
59062, 149849937, 1, 0
59623, 163833819, 1, 0
60013, 276208869, 1, 0
60028, 167637889, 1, 0
