495, 240, 1, 0
996, 278, 1, 0
1494, 289, 1, 0
1995, 353, 1, 0
2496, 354, 1, 0
2994, 384, 1, 0
3497, 344, 1, 0
3994, 342, 1, 0
4494, 285, 1, 0
4996, 322, 1, 0
5494, 261, 1, 0
5997, 301, 1, 0
6494, 297, 1, 0
6994, 285, 1, 0
7496, 300, 1, 0
7994, 301, 1, 0
8495, 381, 1, 0
8996, 381, 1, 0
9494, 273, 1, 0
9996, 324, 1, 0
10494, 360, 1, 0
10997, 283, 1, 0
11496, 304, 1, 0
11994, 301, 1, 0
12496, 326, 1, 0
12994, 338, 1, 0
13497, 309, 1, 0
13996, 229, 1, 0
14494, 344, 1, 0
14996, 282, 1, 0
15494, 275, 1, 0
15997, 319, 1, 0
16496, 332, 1, 0
16994, 315, 1, 0
17496, 356, 1, 0
17994, 344, 1, 0
18497, 287, 1, 0
18996, 215, 1, 0
19494, 307, 1, 0
19996, 262, 1, 0
20494, 273, 1, 0
20997, 299, 1, 0
21496, 276, 1, 0
21994, 251, 1, 0
22496, 272, 1, 0
22994, 279, 1, 0
23497, 281, 1, 0
23994, 340, 1, 0
24494, 275, 1, 0
24996, 286, 1, 0
25494, 307, 1, 0
25997, 340, 1, 0
26494, 251, 1, 0
26994, 313, 1, 0
27496, 320, 1, 0
27994, 285, 1, 0
28497, 309, 1, 0
28996, 247, 1, 0
29494, 317, 1, 0
29996, 272, 1, 0
30494, 212, 1, 0
30997, 241, 1, 0
31494, 261, 1, 0
31994, 275, 1, 0
32496, 350, 1, 0
32994, 386, 1, 0
33497, 311, 1, 0
33996, 268, 1, 0
34494, 289, 1, 0
34996, 288, 1, 0
35494, 334, 1, 0
35997, 360, 1, 0
36496, 266, 1, 0
36994, 313, 1, 0
37496, 276, 1, 0
37994, 275, 1, 0
38495, 276, 1, 0
38996, 354, 1, 0
39494, 287, 1, 0
39996, 312, 1, 0
40494, 323, 1, 0
40997, 203, 1, 0
41494, 352, 1, 0
41995, 289, 1, 0
42496, 320, 1, 0
42994, 342, 1, 0
43497, 277, 1, 0
43994, 327, 1, 0
44494, 342, 1, 0
44996, 352, 1, 0
45494, 251, 1, 0
45997, 331, 1, 0
46494, 281, 1, 0
46995, 242, 1, 0
47496, 264, 1, 0
47994, 313, 1, 0
48497, 229, 1, 0
48994, 291, 1, 0
49495, 281, 1, 0
49996, 284, 1, 0
50494, 368, 1, 0
50997, 285, 1, 0
51496, 223, 1, 0
51994, 354, 1, 0
52496, 308, 1, 0
52994, 285, 1, 0
53497, 281, 1, 0
53996, 310, 1, 0
54494, 236, 1, 0
54997, 245, 1, 0
55496, 272, 1, 0
55994, 275, 1, 0
56496, 358, 1, 0
56994, 336, 1, 0
57495, 238, 1, 0
57996, 235, 1, 0
58494, 299, 1, 0
58997, 299, 1, 0
59496, 326, 1, 0
59994, 269, 1, 0
