502, 3169176, 1, 0
1005, 3607141, 1, 0
1504, 3745052, 1, 0
2003, 3066070, 1, 0
2502, 2783770, 1, 0
3009, 2927479, 1, 0
3508, 3362435, 1, 0
4000, 3223847, 1, 0
4508, 3620315, 1, 0
5007, 3185620, 1, 0
5506, 4461673, 1, 0
6002, 4646730, 1, 0
6507, 3097711, 1, 0
7008, 3729435, 1, 0
7508, 3190560, 1, 0
8006, 2659319, 1, 0
8504, 2996186, 1, 0
9005, 3840845, 1, 0
9505, 3192100, 1, 0
10006, 2523094, 1, 0
10500, 3054810, 1, 0
11000, 4129154, 1, 0
11502, 2663137, 1, 0
12006, 2910975, 1, 0
12516, 3889809, 1, 0
13000, 2929737, 1, 0
13510, 3834563, 1, 0
14002, 4061106, 1, 0
14500, 3020985, 1, 0
15000, 4470210, 1, 0
15502, 2666106, 1, 0
16007, 2818092, 1, 0
16540, 3379879, 1, 0
17000, 3226218, 1, 0
17501, 3255631, 1, 0
18007, 3483286, 1, 0
18500, 2494244, 1, 0
19008, 4190104, 1, 0
19503, 2811725, 1, 0
20004, 2987267, 1, 0
20501, 3228968, 1, 0
21007, 3229332, 1, 0
21500, 3876051, 1, 0
22003, 3987555, 1, 0
22506, 3385446, 1, 0
23000, 3416098, 1, 0
23526, 3951216, 1, 0
24018, 4310521, 1, 0
24500, 3050805, 1, 0
25004, 3592867, 1, 0
25505, 3306311, 1, 0
26001, 3609277, 1, 0
26507, 3088034, 1, 0
27007, 3842498, 1, 0
27502, 3399085, 1, 0
28008, 2875494, 1, 0
28507, 3605883, 1, 0
29001, 5268721, 1, 0
29504, 3317163, 1, 0
30010, 2978966, 1, 0
30506, 4240239, 1, 0
31004, 3857143, 1, 0
31505, 2812552, 1, 0
32000, 4018523, 1, 0
32503, 2629180, 1, 0
33003, 3538344, 1, 0
33501, 3853269, 1, 0
34000, 4152995, 1, 0
34504, 3190908, 1, 0
35057, 3443415, 1, 0
35503, 3324414, 1, 0
36005, 3652456, 1, 0
36506, 3199061, 1, 0
37008, 3850291, 1, 0
37598, 4306003, 1, 0
38000, 3311180, 1, 0
38501, 3567097, 1, 0
39000, 2769218, 1, 0
39517, 3773973, 1, 0
40006, 2869307, 1, 0
40561, 3904129, 1, 0
41003, 3497335, 1, 0
41506, 2716649, 1, 0
42012, 3630879, 1, 0
42507, 3334636, 1, 0
43009, 3028858, 1, 0
43504, 3328767, 1, 0
44000, 3964104, 1, 0
44507, 2846580, 1, 0
45041, 4161684, 1, 0
45506, 3314520, 1, 0
46005, 3660193, 1, 0
46502, 4177621, 1, 0
47004, 4012223, 1, 0
47500, 2849440, 1, 0
48006, 3627994, 1, 0
48508, 3833164, 1, 0
49000, 3153214, 1, 0
49504, 3095305, 1, 0
50007, 4226688, 1, 0
50506, 2873447, 1, 0
51095, 3367411, 1, 0
51504, 3071392, 1, 0
52000, 3004193, 1, 0
52530, 3942363, 1, 0
53000, 3759788, 1, 0
53505, 3577384, 1, 0
54001, 3269488, 1, 0
54506, 2860859, 1, 0
55009, 4080035, 1, 0
55502, 4506358, 1, 0
56006, 3144131, 1, 0
56507, 3706407, 1, 0
57002, 2875747, 1, 0
57509, 4280377, 1, 0
58004, 3840488, 1, 0
58505, 3269741, 1, 0
59002, 3547465, 1, 0
59506, 3939537, 1, 0
60000, 2033867, 1, 0
