506, 29545945, 1, 0
1000, 29384939, 1, 0
1520, 33297488, 1, 0
2021, 31112314, 1, 0
2521, 38794572, 1, 0
3009, 33152140, 1, 0
3515, 33029871, 1, 0
4012, 30527482, 1, 0
4524, 32005085, 1, 0
5011, 36902349, 1, 0
5512, 35089725, 1, 0
6029, 31552674, 1, 0
6507, 36622594, 1, 0
7016, 34704869, 1, 0
7519, 31364243, 1, 0
8007, 32854795, 1, 0
8517, 31584100, 1, 0
9014, 32908034, 1, 0
9523, 31768668, 1, 0
10023, 30763188, 1, 0
10515, 36365450, 1, 0
11003, 29314576, 1, 0
11501, 34707082, 1, 0
12011, 31811182, 1, 0
12514, 31519661, 1, 0
13016, 31911636, 1, 0
13512, 30416416, 1, 0
14000, 33024964, 1, 0
14502, 34525617, 1, 0
15030, 33581972, 1, 0
15516, 35596286, 1, 0
16015, 31174867, 1, 0
16503, 29714245, 1, 0
17012, 35487999, 1, 0
17518, 34878768, 1, 0
18015, 29902340, 1, 0
18511, 29039362, 1, 0
19012, 34949902, 1, 0
19508, 35227294, 1, 0
20017, 30502527, 1, 0
20501, 31450952, 1, 0
21035, 34493902, 1, 0
21515, 32380257, 1, 0
22005, 32297201, 1, 0
22513, 29737821, 1, 0
23008, 35352101, 1, 0
23512, 31115503, 1, 0
24005, 31753868, 1, 0
24539, 30295300, 1, 0
25004, 32813164, 1, 0
25501, 30954707, 1, 0
26008, 31042900, 1, 0
26515, 31366852, 1, 0
27002, 31381293, 1, 0
27503, 33658883, 1, 0
28001, 28174316, 1, 0
28507, 28420735, 1, 0
29009, 36600893, 1, 0
29512, 31082423, 1, 0
30013, 30576853, 1, 0
30500, 33911497, 1, 0
31001, 31181260, 1, 0
31508, 33906823, 1, 0
32010, 27780899, 1, 0
32505, 34875323, 1, 0
33028, 31216472, 1, 0
33508, 33594431, 1, 0
34017, 36176348, 1, 0
34508, 33824749, 1, 0
35010, 35139239, 1, 0
35513, 34560595, 1, 0
36005, 29868333, 1, 0
36527, 29227279, 1, 0
37030, 35429341, 1, 0
37531, 34907079, 1, 0
38013, 34208128, 1, 0
38513, 37355543, 1, 0
39005, 32448878, 1, 0
39531, 30353344, 1, 0
40035, 31387551, 1, 0
40504, 33017330, 1, 0
41014, 28915106, 1, 0
41529, 27758853, 1, 0
42015, 36186147, 1, 0
42509, 28962608, 1, 0
43015, 31374051, 1, 0
43514, 33345989, 1, 0
44010, 35127356, 1, 0
44513, 32351586, 1, 0
45022, 30005258, 1, 0
45507, 28589495, 1, 0
46025, 29606850, 1, 0
46533, 33796597, 1, 0
47007, 32077681, 1, 0
47523, 36363189, 1, 0
48023, 35954417, 1, 0
48504, 30251216, 1, 0
49029, 32685037, 1, 0
49510, 34020076, 1, 0
50012, 32722869, 1, 0
50522, 33777940, 1, 0
51006, 32598643, 1, 0
51504, 35144440, 1, 0
52031, 35323854, 1, 0
52500, 28958073, 1, 0
53025, 32873939, 1, 0
53502, 32009985, 1, 0
54005, 31493040, 1, 0
54512, 29179563, 1, 0
55002, 31494801, 1, 0
55531, 32746240, 1, 0
56006, 37983284, 1, 0
56508, 29925750, 1, 0
57013, 32741264, 1, 0
57509, 29348465, 1, 0
58007, 32195941, 1, 0
58517, 34355618, 1, 0
59012, 35638000, 1, 0
59501, 34512772, 1, 0
60014, 33780244, 1, 0
60014, 18171405, 1, 0
