496, 475, 1, 0
996, 330, 1, 0
1497, 450, 1, 0
1996, 580, 1, 0
2496, 451, 1, 0
2996, 435, 1, 0
3496, 330, 1, 0
3997, 450, 1, 0
4496, 387, 1, 0
4996, 330, 1, 0
5496, 387, 1, 0
5996, 306, 1, 0
6497, 564, 1, 0
6996, 395, 1, 0
7496, 387, 1, 0
7996, 322, 1, 0
8496, 411, 1, 0
8997, 466, 1, 0
9496, 403, 1, 0
9996, 395, 1, 0
10496, 387, 1, 0
10996, 379, 1, 0
11497, 386, 1, 0
11996, 532, 1, 0
12496, 395, 1, 0
12996, 459, 1, 0
13496, 508, 1, 0
13997, 321, 1, 0
14496, 516, 1, 0
14996, 419, 1, 0
15496, 354, 1, 0
15997, 516, 1, 0
16496, 387, 1, 0
16996, 330, 1, 0
17496, 508, 1, 0
17996, 580, 1, 0
18497, 515, 1, 0
18996, 387, 1, 0
19496, 387, 1, 0
19996, 387, 1, 0
20496, 451, 1, 0
20997, 507, 1, 0
21496, 588, 1, 0
21996, 338, 1, 0
22496, 379, 1, 0
22996, 403, 1, 0
23497, 450, 1, 0
23996, 508, 1, 0
24496, 395, 1, 0
24996, 451, 1, 0
25496, 387, 1, 0
25997, 579, 1, 0
26496, 451, 1, 0
26996, 451, 1, 0
27496, 475, 1, 0
27996, 459, 1, 0
28496, 548, 1, 0
28996, 459, 1, 0
29496, 451, 1, 0
29996, 395, 1, 0
30497, 386, 1, 0
30996, 387, 1, 0
31496, 451, 1, 0
31996, 387, 1, 0
32496, 491, 1, 0
32997, 458, 1, 0
33496, 451, 1, 0
33996, 516, 1, 0
34496, 516, 1, 0
34996, 387, 1, 0
35497, 386, 1, 0
35996, 451, 1, 0
36496, 443, 1, 0
36996, 346, 1, 0
37496, 443, 1, 0
37997, 756, 1, 0
38496, 387, 1, 0
38996, 419, 1, 0
39496, 451, 1, 0
39996, 403, 1, 0
40496, 475, 1, 0
40996, 451, 1, 0
41496, 362, 1, 0
41996, 451, 1, 0
42496, 483, 1, 0
42996, 451, 1, 0
43496, 572, 1, 0
43996, 483, 1, 0
44496, 508, 1, 0
44997, 321, 1, 0
45496, 306, 1, 0
45996, 483, 1, 0
46496, 508, 1, 0
46996, 451, 1, 0
47497, 490, 1, 0
47996, 266, 1, 0
48496, 387, 1, 0
48996, 508, 1, 0
49496, 330, 1, 0
49997, 458, 1, 0
50496, 580, 1, 0
50996, 483, 1, 0
51496, 387, 1, 0
51996, 548, 1, 0
52497, 450, 1, 0
52996, 548, 1, 0
53496, 395, 1, 0
53996, 580, 1, 0
54496, 451, 1, 0
54997, 442, 1, 0
55496, 459, 1, 0
55996, 387, 1, 0
56496, 379, 1, 0
56996, 330, 1, 0
57496, 500, 1, 0
57996, 387, 1, 0
58496, 459, 1, 0
58996, 387, 1, 0
59496, 395, 1, 0
59996, 451, 1, 0
