605, 181167916, 1, 0
1133, 162306640, 1, 0
1661, 169304593, 1, 0
2006, 121443155, 1, 0
2608, 191583025, 1, 0
3017, 157429912, 1, 0
3545, 165494093, 1, 0
4138, 164676256, 1, 0
4542, 172182536, 1, 0
5117, 148567425, 1, 0
5517, 186228642, 1, 0
6093, 128674481, 1, 0
6655, 201014555, 1, 0
7040, 125688814, 1, 0
7631, 147855938, 1, 0
8050, 112638646, 1, 0
8597, 187212496, 1, 0
9008, 143643727, 1, 0
9573, 117187987, 1, 0
10152, 191688339, 1, 0
10551, 200285180, 1, 0
11153, 187439925, 1, 0
11508, 197054660, 1, 0
12090, 186537299, 1, 0
12636, 164807303, 1, 0
13014, 124817077, 1, 0
13527, 173246046, 1, 0
14087, 135964013, 1, 0
14628, 185955309, 1, 0
15022, 134382804, 1, 0
15565, 150078370, 1, 0
16113, 179754566, 1, 0
16637, 186469664, 1, 0
17012, 155309939, 1, 0
17576, 132671406, 1, 0
18000, 97121955, 1, 0
18513, 186534213, 1, 0
19093, 114504713, 1, 0
19643, 132394803, 1, 0
20042, 186318386, 1, 0
20610, 148800017, 1, 0
21009, 188684932, 1, 0
21572, 108803115, 1, 0
22108, 146273795, 1, 0
22512, 138068798, 1, 0
23005, 171152622, 1, 0
23556, 173249840, 1, 0
24078, 111981472, 1, 0
24649, 136187264, 1, 0
25057, 130035394, 1, 0
25588, 183046091, 1, 0
26121, 186309531, 1, 0
26504, 187312259, 1, 0
27065, 128187313, 1, 0
27636, 145589009, 1, 0
28002, 149752328, 1, 0
28589, 112898610, 1, 0
29133, 128655207, 1, 0
29503, 143173944, 1, 0
30044, 145393121, 1, 0
30580, 192130390, 1, 0
31138, 137860107, 1, 0
31523, 193274307, 1, 0
32073, 142991374, 1, 0
32614, 180582616, 1, 0
33018, 139646289, 1, 0
33551, 187896200, 1, 0
34012, 114982377, 1, 0
34561, 137027501, 1, 0
35157, 115490371, 1, 0
35552, 78800016, 1, 0
36086, 133856357, 1, 0
36632, 190318542, 1, 0
37012, 187627061, 1, 0
37590, 137494434, 1, 0
38003, 128296164, 1, 0
38562, 148868744, 1, 0
39175, 128321903, 1, 0
39564, 131607110, 1, 0
40123, 175791259, 1, 0
40511, 217500039, 1, 0
41056, 115933706, 1, 0
41634, 142480860, 1, 0
42034, 126815888, 1, 0
42614, 131103866, 1, 0
43005, 191006471, 1, 0
43548, 142805346, 1, 0
44082, 194713422, 1, 0
44616, 140865243, 1, 0
45124, 160620519, 1, 0
45668, 187322163, 1, 0
46071, 123520426, 1, 0
46670, 103097627, 1, 0
47060, 120511540, 1, 0
47616, 123983338, 1, 0
48024, 179501331, 1, 0
48631, 133075460, 1, 0
49012, 125184047, 1, 0
49590, 158031922, 1, 0
50184, 158299319, 1, 0
50528, 128527798, 1, 0
51089, 114480304, 1, 0
51549, 129218520, 1, 0
52097, 192397271, 1, 0
52664, 173749357, 1, 0
53031, 132270710, 1, 0
53611, 165698518, 1, 0
54000, 172078045, 1, 0
54585, 125658646, 1, 0
55155, 141353678, 1, 0
55557, 149715891, 1, 0
56110, 153457602, 1, 0
56501, 137677185, 1, 0
57081, 174552456, 1, 0
57671, 142331049, 1, 0
58030, 193885232, 1, 0
58593, 170898830, 1, 0
59008, 179071863, 1, 0
59571, 129612986, 1, 0
60009, 130124466, 1, 0
60027, 109322588, 1, 0
