512, 168837839, 1, 0
1019, 159178637, 1, 0
1550, 127437281, 1, 0
2128, 137446846, 1, 0
2564, 166775975, 1, 0
3010, 120858893, 1, 0
3556, 114310568, 1, 0
4159, 184662908, 1, 0
4570, 125558853, 1, 0
5141, 178197379, 1, 0
5527, 117882430, 1, 0
6085, 179702486, 1, 0
6503, 139061140, 1, 0
7078, 95576355, 1, 0
7652, 138107104, 1, 0
8034, 132625723, 1, 0
8573, 144595928, 1, 0
9152, 143546414, 1, 0
9529, 179140575, 1, 0
10114, 113476670, 1, 0
10509, 177727397, 1, 0
11126, 105801627, 1, 0
11528, 123875315, 1, 0
12110, 181284877, 1, 0
12515, 180849107, 1, 0
13044, 173097135, 1, 0
13601, 154030641, 1, 0
14146, 127879475, 1, 0
14508, 161208076, 1, 0
15064, 108186483, 1, 0
15623, 146938746, 1, 0
16001, 119590086, 1, 0
16519, 138608681, 1, 0
17100, 174272582, 1, 0
17672, 153419829, 1, 0
18068, 191058685, 1, 0
18607, 151108319, 1, 0
19118, 183917053, 1, 0
19516, 135389272, 1, 0
20082, 143122545, 1, 0
20638, 154621924, 1, 0
21011, 122129520, 1, 0
21572, 136651014, 1, 0
22130, 134001144, 1, 0
22513, 170849671, 1, 0
23035, 88424480, 1, 0
23596, 121677945, 1, 0
24137, 131681046, 1, 0
24537, 121143131, 1, 0
25105, 213780703, 1, 0
25504, 126388795, 1, 0
26050, 119880916, 1, 0
26619, 130345686, 1, 0
27005, 169024859, 1, 0
27533, 113098190, 1, 0
28077, 155902942, 1, 0
28669, 132250561, 1, 0
29039, 127552356, 1, 0
29552, 175663634, 1, 0
30137, 135523585, 1, 0
30649, 172724703, 1, 0
31032, 175540770, 1, 0
31573, 159626428, 1, 0
32139, 123948293, 1, 0
32532, 121303774, 1, 0
33094, 156792760, 1, 0
33505, 117202240, 1, 0
34115, 115357904, 1, 0
34515, 119399879, 1, 0
35075, 200768150, 1, 0
35647, 173098397, 1, 0
36009, 169131480, 1, 0
36515, 145458970, 1, 0
37077, 168472266, 1, 0
37657, 130755301, 1, 0
38058, 128764018, 1, 0
38618, 137758699, 1, 0
39064, 99076201, 1, 0
39666, 146871319, 1, 0
40095, 104962657, 1, 0
40615, 147506418, 1, 0
41140, 166691561, 1, 0
41532, 98019994, 1, 0
42138, 139348226, 1, 0
42542, 130669921, 1, 0
43118, 151245435, 1, 0
43511, 139414280, 1, 0
44075, 130028362, 1, 0
44617, 168102890, 1, 0
45007, 129326990, 1, 0
45523, 163577582, 1, 0
46127, 121944478, 1, 0
46661, 99520465, 1, 0
47025, 184529504, 1, 0
47587, 107931817, 1, 0
48175, 132454899, 1, 0
48566, 158626351, 1, 0
49152, 109791210, 1, 0
49518, 156144996, 1, 0
50140, 110924992, 1, 0
50529, 112443460, 1, 0
51078, 177679801, 1, 0
51504, 157067075, 1, 0
52087, 96920128, 1, 0
52501, 138836426, 1, 0
53100, 99807650, 1, 0
53508, 190909662, 1, 0
54134, 104977800, 1, 0
54504, 153707214, 1, 0
55065, 155070894, 1, 0
55500, 124865366, 1, 0
56057, 113448946, 1, 0
56623, 119539776, 1, 0
57027, 122195020, 1, 0
57570, 160440021, 1, 0
58136, 178064394, 1, 0
58547, 133050984, 1, 0
59132, 139946388, 1, 0
59511, 106060645, 1, 0
60020, 112535257, 1, 0
60037, 131436299, 1, 0
