505, 8586529, 1, 0
1000, 10683940, 1, 0
1501, 10211248, 1, 0
2009, 10371579, 1, 0
2505, 11520805, 1, 0
3008, 10694964, 1, 0
3509, 10004555, 1, 0
4003, 10280448, 1, 0
4505, 9452564, 1, 0
5008, 10261636, 1, 0
5502, 9477652, 1, 0
6008, 9532685, 1, 0
6507, 10616196, 1, 0
7013, 9360162, 1, 0
7509, 10765860, 1, 0
8006, 9551782, 1, 0
8502, 9540051, 1, 0
9001, 10838486, 1, 0
9500, 10166681, 1, 0
10002, 9452641, 1, 0
10508, 11505418, 1, 0
11009, 9803191, 1, 0
11500, 11161283, 1, 0
12002, 9274386, 1, 0
12503, 9452318, 1, 0
13006, 10682378, 1, 0
13501, 9696527, 1, 0
14009, 9564061, 1, 0
14504, 13021428, 1, 0
15003, 10182373, 1, 0
15508, 9339620, 1, 0
16003, 11490375, 1, 0
16510, 10337201, 1, 0
17010, 10858282, 1, 0
17507, 10561169, 1, 0
18005, 9768732, 1, 0
18502, 11825812, 1, 0
19005, 11669338, 1, 0
19508, 9309148, 1, 0
20000, 12292410, 1, 0
20504, 11437744, 1, 0
21009, 10093760, 1, 0
21501, 9650058, 1, 0
22000, 9775618, 1, 0
22501, 10203739, 1, 0
23001, 9418660, 1, 0
23503, 9298298, 1, 0
24006, 10679678, 1, 0
24504, 9385602, 1, 0
25002, 9398041, 1, 0
25505, 10679343, 1, 0
26001, 9356300, 1, 0
26535, 13690966, 1, 0
27010, 11034176, 1, 0
27505, 10518357, 1, 0
28006, 11116391, 1, 0
28504, 10368046, 1, 0
29005, 9447981, 1, 0
29505, 13881192, 1, 0
30004, 11078409, 1, 0
30504, 9408718, 1, 0
31002, 9387883, 1, 0
31500, 9572664, 1, 0
32003, 9482518, 1, 0
32501, 9560763, 1, 0
33004, 9666777, 1, 0
33500, 10532107, 1, 0
34007, 9557165, 1, 0
34501, 9490653, 1, 0
35008, 11778189, 1, 0
35507, 9786528, 1, 0
36018, 11586900, 1, 0
36509, 11413207, 1, 0
37008, 10609723, 1, 0
37501, 10707013, 1, 0
38006, 10084111, 1, 0
38506, 9246974, 1, 0
39005, 10618322, 1, 0
39504, 9401269, 1, 0
40058, 11293460, 1, 0
40508, 8983589, 1, 0
41002, 9496844, 1, 0
41503, 11637664, 1, 0
42003, 9605634, 1, 0
42500, 9555072, 1, 0
43010, 14975768, 1, 0
43505, 11797510, 1, 0
44002, 9536140, 1, 0
44509, 11259476, 1, 0
45003, 9865372, 1, 0
45561, 12680867, 1, 0
46002, 11006468, 1, 0
46507, 10091783, 1, 0
47008, 9271914, 1, 0
47504, 9713525, 1, 0
48000, 9526010, 1, 0
48500, 11890712, 1, 0
49000, 9420399, 1, 0
49500, 9260077, 1, 0
50009, 13036649, 1, 0
50508, 9975099, 1, 0
51040, 11291262, 1, 0
51503, 10758209, 1, 0
52007, 10491715, 1, 0
52500, 11207303, 1, 0
53007, 10330029, 1, 0
53506, 9401535, 1, 0
54010, 13999606, 1, 0
54505, 10756718, 1, 0
55001, 9528725, 1, 0
55502, 10643544, 1, 0
56007, 9345643, 1, 0
56516, 13367724, 1, 0
57006, 9074606, 1, 0
57506, 9600147, 1, 0
58002, 11269676, 1, 0
58507, 10507868, 1, 0
59005, 9756204, 1, 0
59509, 11995317, 1, 0
60009, 10615038, 1, 0
