500, 78, 1, 0
1000, 96, 1, 0
1500, 128, 1, 0
2001, 93, 1, 0
2500, 122, 1, 0
3000, 82, 1, 0
3500, 112, 1, 0
4000, 96, 1, 0
4501, 97, 1, 0
5000, 116, 1, 0
5500, 130, 1, 0
6000, 114, 1, 0
6500, 114, 1, 0
7001, 97, 1, 0
7500, 112, 1, 0
8000, 80, 1, 0
8500, 136, 1, 0
9000, 96, 1, 0
9501, 111, 1, 0
10000, 110, 1, 0
10500, 98, 1, 0
11000, 132, 1, 0
11500, 96, 1, 0
12000, 98, 1, 0
12500, 104, 1, 0
13000, 84, 1, 0
13500, 88, 1, 0
14000, 114, 1, 0
14500, 128, 1, 0
15000, 100, 1, 0
15500, 112, 1, 0
16000, 110, 1, 0
16501, 117, 1, 0
17000, 96, 1, 0
17500, 120, 1, 0
18000, 128, 1, 0
18500, 98, 1, 0
19001, 95, 1, 0
19500, 112, 1, 0
20000, 100, 1, 0
20500, 98, 1, 0
21000, 94, 1, 0
21501, 117, 1, 0
22000, 120, 1, 0
22500, 96, 1, 0
23000, 96, 1, 0
23500, 118, 1, 0
24001, 137, 1, 0
24500, 112, 1, 0
25000, 102, 1, 0
25500, 96, 1, 0
26000, 132, 1, 0
26500, 116, 1, 0
27000, 142, 1, 0
27500, 96, 1, 0
28000, 96, 1, 0
28501, 158, 1, 0
29000, 112, 1, 0
29500, 106, 1, 0
30000, 104, 1, 0
30500, 80, 1, 0
31001, 81, 1, 0
31500, 130, 1, 0
32000, 94, 1, 0
32500, 218, 1, 0
33000, 96, 1, 0
33501, 89, 1, 0
34000, 92, 1, 0
34500, 86, 1, 0
35000, 112, 1, 0
35500, 130, 1, 0
36000, 94, 1, 0
36500, 92, 1, 0
37000, 112, 1, 0
37500, 80, 1, 0
38000, 120, 1, 0
38500, 116, 1, 0
39000, 100, 1, 0
39500, 116, 1, 0
40000, 122, 1, 0
40500, 84, 1, 0
41000, 110, 1, 0
41500, 142, 1, 0
42000, 126, 1, 0
42500, 114, 1, 0
43001, 136, 1, 0
43500, 176, 1, 0
44000, 98, 1, 0
44500, 110, 1, 0
45000, 80, 1, 0
45501, 87, 1, 0
46000, 98, 1, 0
46500, 144, 1, 0
47000, 140, 1, 0
47500, 130, 1, 0
48001, 133, 1, 0
48500, 80, 1, 0
49000, 114, 1, 0
49500, 124, 1, 0
50000, 110, 1, 0
50501, 127, 1, 0
51000, 98, 1, 0
51500, 148, 1, 0
52000, 112, 1, 0
52500, 94, 1, 0
53001, 125, 1, 0
53500, 112, 1, 0
54000, 86, 1, 0
54500, 118, 1, 0
55000, 108, 1, 0
55500, 96, 1, 0
56000, 110, 1, 0
56500, 114, 1, 0
57000, 128, 1, 0
57500, 98, 1, 0
58000, 106, 1, 0
58500, 114, 1, 0
59000, 110, 1, 0
59500, 84, 1, 0
60000, 96, 1, 0
