502, 9179242, 1, 0
1006, 10650629, 1, 0
1509, 10019525, 1, 0
2005, 10526366, 1, 0
2501, 11502988, 1, 0
3004, 10636835, 1, 0
3506, 9784827, 1, 0
4001, 10240729, 1, 0
4501, 9565410, 1, 0
5005, 10229837, 1, 0
5508, 9268866, 1, 0
6005, 9495454, 1, 0
6504, 10587127, 1, 0
7001, 9331519, 1, 0
7505, 10892310, 1, 0
8003, 9355610, 1, 0
8500, 9498223, 1, 0
9009, 11025251, 1, 0
9506, 10102282, 1, 0
10008, 9267503, 1, 0
10506, 11521972, 1, 0
11005, 9939511, 1, 0
11501, 10729461, 1, 0
12000, 9355572, 1, 0
12501, 9405653, 1, 0
13004, 10650468, 1, 0
13508, 9630343, 1, 0
14006, 9508235, 1, 0
14501, 12963490, 1, 0
15001, 10135072, 1, 0
15505, 9450688, 1, 0
16010, 11418762, 1, 0
16507, 10087700, 1, 0
17007, 10812616, 1, 0
17503, 10712579, 1, 0
18002, 9734949, 1, 0
18500, 11784240, 1, 0
19002, 11611922, 1, 0
19504, 9415204, 1, 0
20009, 12242478, 1, 0
20500, 11375416, 1, 0
21005, 10240867, 1, 0
21509, 9456364, 1, 0
22008, 9949689, 1, 0
22507, 10144562, 1, 0
23007, 9388162, 1, 0
23500, 9263918, 1, 0
24003, 10650181, 1, 0
24501, 9524409, 1, 0
25084, 11172346, 1, 0
25502, 8832180, 1, 0
26008, 9488299, 1, 0
26533, 13765999, 1, 0
27006, 11228837, 1, 0
27501, 10469676, 1, 0
28003, 11088228, 1, 0
28500, 10520612, 1, 0
29002, 9589155, 1, 0
29503, 13862814, 1, 0
30002, 11054898, 1, 0
30514, 9791557, 1, 0
31009, 9123075, 1, 0
31506, 9507997, 1, 0
32000, 9448329, 1, 0
32506, 9680837, 1, 0
33001, 9678058, 1, 0
33506, 10475429, 1, 0
34004, 9532456, 1, 0
34507, 9455865, 1, 0
35004, 11805196, 1, 0
35503, 9935632, 1, 0
36014, 11322894, 1, 0
36506, 11382846, 1, 0
37005, 10580189, 1, 0
37508, 10677509, 1, 0
38003, 10041416, 1, 0
38503, 9232303, 1, 0
39002, 10808533, 1, 0
39501, 9365353, 1, 0
40055, 11263403, 1, 0
40504, 9123374, 1, 0
41008, 9473615, 1, 0
41500, 11684624, 1, 0
42000, 9570110, 1, 0
42506, 9526440, 1, 0
43006, 15564517, 1, 0
43502, 11781369, 1, 0
44007, 9485642, 1, 0
44505, 11545112, 1, 0
45000, 9668658, 1, 0
45558, 12641644, 1, 0
46011, 11010828, 1, 0
46504, 10013126, 1, 0
47005, 9249324, 1, 0
47502, 9685185, 1, 0
48006, 9654968, 1, 0
48506, 11863986, 1, 0
49007, 9245314, 1, 0
49505, 9362073, 1, 0
50006, 13125605, 1, 0
50505, 10128780, 1, 0
51036, 11505936, 1, 0
51509, 10950777, 1, 0
52003, 10456897, 1, 0
52508, 10938287, 1, 0
53004, 10303046, 1, 0
53502, 9367423, 1, 0
54007, 13973230, 1, 0
54502, 10731463, 1, 0
55074, 10744175, 1, 0
55508, 9199886, 1, 0
56004, 9331014, 1, 0
56512, 13326389, 1, 0
57004, 8910528, 1, 0
57503, 9569313, 1, 0
58007, 11417027, 1, 0
58504, 10507180, 1, 0
59003, 9729501, 1, 0
59506, 12212665, 1, 0
60006, 10580342, 1, 0
