505, 39949, 1, 0
1000, 32912, 1, 0
1501, 34809, 1, 0
2012, 42344, 1, 0
2507, 48422, 1, 0
3008, 43639, 1, 0
3509, 40688, 1, 0
4003, 30632, 1, 0
4503, 49627, 1, 0
5007, 31053, 1, 0
5501, 27892, 1, 0
6076, 33428, 1, 0
6506, 21159, 1, 0
7003, 24692, 1, 0
7508, 35763, 1, 0
8004, 37572, 1, 0
8501, 34068, 1, 0
9002, 33167, 1, 0
9508, 31862, 1, 0
10001, 41802, 1, 0
10508, 42628, 1, 0
11008, 36973, 1, 0
11503, 36687, 1, 0
12003, 38572, 1, 0
12502, 39004, 1, 0
13006, 41360, 1, 0
13501, 29569, 1, 0
14007, 33252, 1, 0
14505, 34295, 1, 0
15003, 49922, 1, 0
15507, 39983, 1, 0
16003, 24881, 1, 0
16509, 21845, 1, 0
17000, 29929, 1, 0
17506, 41140, 1, 0
18004, 26599, 1, 0
18503, 25055, 1, 0
19005, 20980, 1, 0
19508, 24930, 1, 0
20002, 33249, 1, 0
20502, 32061, 1, 0
21000, 38029, 1, 0
21500, 27041, 1, 0
22001, 25778, 1, 0
22500, 33483, 1, 0
23000, 23351, 1, 0
23502, 30339, 1, 0
24005, 23118, 1, 0
24504, 41172, 1, 0
25078, 27582, 1, 0
25503, 34112, 1, 0
26000, 36094, 1, 0
26525, 22841, 1, 0
27000, 34494, 1, 0
27504, 39193, 1, 0
28007, 33285, 1, 0
28503, 34065, 1, 0
29004, 27151, 1, 0
29518, 22464, 1, 0
30004, 29803, 1, 0
30507, 33022, 1, 0
31002, 24230, 1, 0
31509, 35507, 1, 0
32002, 24892, 1, 0
32507, 37381, 1, 0
33002, 30071, 1, 0
33508, 25575, 1, 0
34006, 33312, 1, 0
34500, 33849, 1, 0
35006, 30677, 1, 0
35506, 31140, 1, 0
36007, 31655, 1, 0
36512, 20263, 1, 0
37007, 35599, 1, 0
37501, 24528, 1, 0
38005, 24997, 1, 0
38505, 22783, 1, 0
39005, 41382, 1, 0
39501, 35523, 1, 0
40048, 31963, 1, 0
40506, 29032, 1, 0
41002, 24741, 1, 0
41501, 26837, 1, 0
42002, 23584, 1, 0
42508, 20636, 1, 0
43010, 23520, 1, 0
43506, 23742, 1, 0
44000, 27843, 1, 0
44508, 22084, 1, 0
45002, 18882, 1, 0
45551, 21757, 1, 0
46004, 24585, 1, 0
46506, 39484, 1, 0
47008, 27909, 1, 0
47505, 29860, 1, 0
48008, 35091, 1, 0
48508, 20587, 1, 0
49008, 23965, 1, 0
49507, 29076, 1, 0
50008, 29353, 1, 0
50507, 23392, 1, 0
51029, 33057, 1, 0
51503, 24287, 1, 0
52007, 24244, 1, 0
52500, 24178, 1, 0
53007, 25449, 1, 0
53504, 27517, 1, 0
54000, 34837, 1, 0
54504, 21681, 1, 0
55066, 27054, 1, 0
55500, 20890, 1, 0
56006, 27488, 1, 0
56505, 25931, 1, 0
57005, 26766, 1, 0
57504, 28985, 1, 0
58001, 28757, 1, 0
58507, 32986, 1, 0
59004, 23012, 1, 0
59509, 23722, 1, 0
60008, 25338, 1, 0
