505, 9019471, 1, 0
1009, 10639562, 1, 0
1501, 9987795, 1, 0
2008, 10518475, 1, 0
2504, 11513751, 1, 0
3007, 10654731, 1, 0
3509, 9801430, 1, 0
4003, 10252393, 1, 0
4504, 9573639, 1, 0
5016, 10196705, 1, 0
5502, 9263065, 1, 0
6007, 9479370, 1, 0
6506, 10575481, 1, 0
7003, 9308967, 1, 0
7507, 10701858, 1, 0
8006, 9365398, 1, 0
8502, 9499596, 1, 0
9001, 10796540, 1, 0
9508, 10297705, 1, 0
10001, 9246343, 1, 0
10508, 11457538, 1, 0
11008, 9932306, 1, 0
11501, 10898692, 1, 0
12002, 9256198, 1, 0
12504, 9411227, 1, 0
13006, 10641869, 1, 0
13501, 9643907, 1, 0
14008, 9526430, 1, 0
14504, 12987851, 1, 0
15003, 10134763, 1, 0
15507, 9456143, 1, 0
16002, 11448245, 1, 0
16510, 10086748, 1, 0
17010, 10813637, 1, 0
17506, 10723347, 1, 0
18005, 9723807, 1, 0
18502, 11786704, 1, 0
19005, 11630957, 1, 0
19507, 9420643, 1, 0
20011, 12244416, 1, 0
20503, 11136614, 1, 0
21008, 10268126, 1, 0
21500, 9801361, 1, 0
22000, 9754998, 1, 0
22500, 10170142, 1, 0
23000, 9402635, 1, 0
23503, 9265505, 1, 0
24006, 10657039, 1, 0
24503, 9533364, 1, 0
25002, 9358482, 1, 0
25504, 10637227, 1, 0
26001, 9333265, 1, 0
26535, 13615627, 1, 0
27010, 11011420, 1, 0
27504, 10479257, 1, 0
28006, 11095099, 1, 0
28503, 10332735, 1, 0
29004, 9572216, 1, 0
29505, 13521512, 1, 0
30004, 11043067, 1, 0
30503, 9526501, 1, 0
31000, 9347232, 1, 0
31500, 9390999, 1, 0
32003, 9612990, 1, 0
32500, 9530966, 1, 0
33004, 9639465, 1, 0
33508, 10676107, 1, 0
34005, 9523336, 1, 0
34501, 9305331, 1, 0
35007, 12014330, 1, 0
35506, 9931601, 1, 0
36016, 11561505, 1, 0
36508, 11140406, 1, 0
37007, 10579430, 1, 0
37500, 10680559, 1, 0
38005, 10055461, 1, 0
38505, 9218163, 1, 0
39005, 10585661, 1, 0
39503, 9365095, 1, 0
40057, 11265329, 1, 0
40507, 8955815, 1, 0
41001, 9470892, 1, 0
41502, 11608536, 1, 0
42003, 9406883, 1, 0
42500, 9518380, 1, 0
43008, 15363637, 1, 0
43506, 11530264, 1, 0
44001, 9664975, 1, 0
44508, 11476005, 1, 0
45003, 9855469, 1, 0
45561, 12916805, 1, 0
46001, 11243296, 1, 0
46507, 10250953, 1, 0
47008, 9396834, 1, 0
47504, 9687778, 1, 0
48008, 9648531, 1, 0
48508, 11873809, 1, 0
49009, 9396202, 1, 0
49500, 9231138, 1, 0
50009, 13006640, 1, 0
50507, 10115861, 1, 0
51038, 11271961, 1, 0
51501, 10716144, 1, 0
52006, 10276809, 1, 0
52500, 11185437, 1, 0
53007, 10302899, 1, 0
53504, 9529459, 1, 0
54009, 13966034, 1, 0
54504, 10717693, 1, 0
55000, 9506202, 1, 0
55501, 10624713, 1, 0
56006, 9316966, 1, 0
56515, 13343916, 1, 0
57006, 9042603, 1, 0
57506, 9406916, 1, 0
58001, 11469700, 1, 0
58506, 10486906, 1, 0
59005, 9557710, 1, 0
59509, 11966259, 1, 0
60008, 10580390, 1, 0
