609, 11670777, 1, 0
1136, 9084978, 1, 0
1664, 9731129, 1, 0
2019, 7600072, 1, 0
2619, 11206643, 1, 0
3020, 9096694, 1, 0
3578, 6197694, 1, 0
4205, 8562685, 1, 0
4594, 10940401, 1, 0
5170, 9185444, 1, 0
5540, 10379999, 1, 0
6143, 5954227, 1, 0
6566, 6127270, 1, 0
7157, 9193747, 1, 0
7512, 9878010, 1, 0
8084, 8448128, 1, 0
8632, 9899685, 1, 0
9011, 8872745, 1, 0
9566, 9586098, 1, 0
10126, 10242308, 1, 0
10532, 7272623, 1, 0
11156, 7706574, 1, 0
11511, 11254347, 1, 0
12094, 10783937, 1, 0
12639, 8313852, 1, 0
13006, 6594014, 1, 0
13548, 10053647, 1, 0
14100, 11181544, 1, 0
14641, 10071247, 1, 0
15040, 5344939, 1, 0
15569, 9744899, 1, 0
16117, 10052680, 1, 0
16624, 11481143, 1, 0
17027, 6431863, 1, 0
17580, 8483613, 1, 0
18144, 9755053, 1, 0
18508, 9842695, 1, 0
19096, 5925709, 1, 0
19657, 8027488, 1, 0
20055, 9029974, 1, 0
20604, 8183471, 1, 0
21173, 11344960, 1, 0
21524, 13841434, 1, 0
22075, 10261095, 1, 0
22628, 7391151, 1, 0
23164, 9945871, 1, 0
23532, 10413210, 1, 0
24082, 10145096, 1, 0
24644, 5938526, 1, 0
25052, 7415556, 1, 0
25601, 7981542, 1, 0
26163, 7270673, 1, 0
26575, 7381009, 1, 0
27159, 5984330, 1, 0
27517, 7505255, 1, 0
28034, 11917228, 1, 0
28640, 8427018, 1, 0
29002, 12133002, 1, 0
29582, 6079195, 1, 0
30157, 7709856, 1, 0
30501, 5880466, 1, 0
31057, 10407430, 1, 0
31620, 9096748, 1, 0
32003, 5844880, 1, 0
32543, 10003422, 1, 0
33117, 5725728, 1, 0
33518, 7137924, 1, 0
34183, 6320631, 1, 0
34547, 7045887, 1, 0
35139, 6173479, 1, 0
35521, 6919182, 1, 0
36070, 8523645, 1, 0
36599, 7522119, 1, 0
37164, 9092659, 1, 0
37547, 10786568, 1, 0
38168, 7471833, 1, 0
38546, 7127568, 1, 0
39124, 8296102, 1, 0
39512, 6990146, 1, 0
40106, 11224519, 1, 0
40625, 9245545, 1, 0
41179, 10338319, 1, 0
41553, 10527531, 1, 0
42152, 8602575, 1, 0
42515, 7298634, 1, 0
43120, 9574297, 1, 0
43673, 8084140, 1, 0
44049, 7215289, 1, 0
44589, 6969954, 1, 0
45146, 7409301, 1, 0
45515, 7857892, 1, 0
46128, 8150646, 1, 0
46506, 3744765, 1, 0
47080, 10770875, 1, 0
47637, 12289152, 1, 0
48017, 11995559, 1, 0
48596, 7848235, 1, 0
49146, 9873800, 1, 0
49529, 10266297, 1, 0
50116, 9716127, 1, 0
50502, 5546952, 1, 0
51046, 10106787, 1, 0
51655, 7283499, 1, 0
52042, 10963990, 1, 0
52567, 11585803, 1, 0
53138, 7110877, 1, 0
53549, 5729109, 1, 0
54173, 7543026, 1, 0
54550, 4917032, 1, 0
55112, 7993624, 1, 0
55537, 5391726, 1, 0
56085, 7633287, 1, 0
56634, 10702852, 1, 0
57029, 11189164, 1, 0
57589, 8242815, 1, 0
58146, 9878528, 1, 0
58540, 5988548, 1, 0
59125, 7742607, 1, 0
59678, 7104484, 1, 0
60012, 9251950, 1, 0
