497, 281, 1, 0
997, 466, 1, 0
1497, 362, 1, 0
1997, 313, 1, 0
2497, 587, 1, 0
2997, 265, 1, 0
3497, 507, 1, 0
3998, 401, 1, 0
4498, 514, 1, 0
4997, 579, 1, 0
5497, 450, 1, 0
5997, 458, 1, 0
6497, 281, 1, 0
6997, 603, 1, 0
7497, 450, 1, 0
7997, 257, 1, 0
8498, 506, 1, 0
8998, 409, 1, 0
9497, 474, 1, 0
9997, 386, 1, 0
10497, 257, 1, 0
10997, 635, 1, 0
11497, 321, 1, 0
11997, 643, 1, 0
12497, 209, 1, 0
12997, 386, 1, 0
13498, 329, 1, 0
13998, 722, 1, 0
14497, 490, 1, 0
14997, 346, 1, 0
15497, 482, 1, 0
15997, 370, 1, 0
16497, 426, 1, 0
16997, 338, 1, 0
17497, 515, 1, 0
17998, 289, 1, 0
18497, 362, 1, 0
18997, 523, 1, 0
19497, 378, 1, 0
19997, 386, 1, 0
20497, 386, 1, 0
20997, 482, 1, 0
21497, 507, 1, 0
21997, 507, 1, 0
22497, 265, 1, 0
22998, 457, 1, 0
23497, 378, 1, 0
23997, 442, 1, 0
24497, 442, 1, 0
24997, 386, 1, 0
25497, 490, 1, 0
25997, 265, 1, 0
26497, 394, 1, 0
26997, 402, 1, 0
27498, 562, 1, 0
27997, 507, 1, 0
28497, 458, 1, 0
28997, 386, 1, 0
29497, 458, 1, 0
29997, 571, 1, 0
30497, 434, 1, 0
30997, 386, 1, 0
31497, 482, 1, 0
31998, 514, 1, 0
32497, 450, 1, 0
32997, 257, 1, 0
33497, 643, 1, 0
33997, 458, 1, 0
34497, 482, 1, 0
34997, 386, 1, 0
35497, 442, 1, 0
35997, 507, 1, 0
36498, 385, 1, 0
36997, 386, 1, 0
37497, 603, 1, 0
37997, 257, 1, 0
38497, 386, 1, 0
38997, 313, 1, 0
39497, 579, 1, 0
39997, 603, 1, 0
40497, 362, 1, 0
40998, 586, 1, 0
41498, 546, 1, 0
41997, 386, 1, 0
42497, 668, 1, 0
42997, 531, 1, 0
43497, 659, 1, 0
43997, 257, 1, 0
44497, 386, 1, 0
44997, 410, 1, 0
45497, 547, 1, 0
45998, 257, 1, 0
46497, 555, 1, 0
46997, 386, 1, 0
47497, 547, 1, 0
47997, 394, 1, 0
48497, 329, 1, 0
48997, 386, 1, 0
49497, 434, 1, 0
49997, 555, 1, 0
50498, 361, 1, 0
50997, 410, 1, 0
51497, 523, 1, 0
51997, 442, 1, 0
52497, 394, 1, 0
52997, 515, 1, 0
53497, 321, 1, 0
53997, 659, 1, 0
54497, 265, 1, 0
54998, 562, 1, 0
55497, 490, 1, 0
55997, 394, 1, 0
56497, 579, 1, 0
56997, 482, 1, 0
57497, 482, 1, 0
57997, 579, 1, 0
58497, 627, 1, 0
58997, 651, 1, 0
59498, 409, 1, 0
59998, 409, 1, 0
