497, 474, 1, 0
997, 450, 1, 0
1497, 410, 1, 0
1997, 418, 1, 0
2497, 434, 1, 0
2996, 500, 1, 0
3496, 419, 1, 0
3997, 402, 1, 0
4497, 426, 1, 0
4997, 386, 1, 0
5497, 450, 1, 0
5997, 402, 1, 0
6497, 378, 1, 0
6997, 394, 1, 0
7497, 418, 1, 0
7997, 394, 1, 0
8497, 474, 1, 0
8997, 394, 1, 0
9497, 442, 1, 0
9996, 443, 1, 0
10496, 362, 1, 0
10997, 394, 1, 0
11497, 386, 1, 0
11997, 426, 1, 0
12497, 434, 1, 0
12997, 466, 1, 0
13497, 434, 1, 0
13997, 418, 1, 0
14497, 418, 1, 0
14997, 450, 1, 0
15497, 450, 1, 0
15997, 418, 1, 0
16497, 410, 1, 0
16996, 419, 1, 0
17496, 427, 1, 0
17997, 507, 1, 0
18497, 466, 1, 0
18997, 450, 1, 0
19497, 426, 1, 0
19997, 450, 1, 0
20497, 410, 1, 0
20997, 386, 1, 0
21497, 450, 1, 0
21997, 329, 1, 0
22497, 482, 1, 0
22997, 466, 1, 0
23497, 442, 1, 0
23997, 450, 1, 0
24496, 370, 1, 0
24996, 346, 1, 0
25497, 362, 1, 0
25997, 378, 1, 0
26497, 458, 1, 0
26997, 378, 1, 0
27497, 418, 1, 0
27997, 498, 1, 0
28497, 410, 1, 0
28997, 386, 1, 0
29497, 394, 1, 0
29997, 450, 1, 0
30497, 418, 1, 0
30996, 411, 1, 0
31496, 451, 1, 0
31997, 490, 1, 0
32497, 442, 1, 0
32997, 394, 1, 0
33497, 418, 1, 0
33997, 490, 1, 0
34497, 370, 1, 0
34997, 450, 1, 0
35497, 434, 1, 0
35997, 482, 1, 0
36497, 426, 1, 0
36997, 458, 1, 0
37497, 498, 1, 0
37997, 442, 1, 0
38497, 466, 1, 0
38996, 395, 1, 0
39497, 451, 1, 0
39997, 434, 1, 0
40497, 490, 1, 0
40997, 442, 1, 0
41497, 450, 1, 0
41997, 402, 1, 0
42497, 450, 1, 0
42997, 370, 1, 0
43497, 386, 1, 0
43997, 450, 1, 0
44497, 442, 1, 0
44997, 498, 1, 0
45497, 450, 1, 0
45997, 402, 1, 0
46496, 467, 1, 0
46996, 330, 1, 0
47497, 515, 1, 0
47997, 450, 1, 0
48497, 458, 1, 0
48997, 458, 1, 0
49497, 418, 1, 0
49997, 442, 1, 0
50497, 378, 1, 0
50997, 434, 1, 0
51497, 458, 1, 0
51997, 354, 1, 0
52497, 466, 1, 0
52996, 483, 1, 0
53496, 443, 1, 0
53997, 402, 1, 0
54497, 450, 1, 0
54997, 466, 1, 0
55497, 442, 1, 0
55997, 523, 1, 0
56497, 418, 1, 0
56997, 410, 1, 0
57497, 434, 1, 0
57997, 450, 1, 0
58497, 434, 1, 0
58997, 474, 1, 0
59497, 442, 1, 0
59997, 410, 1, 0
