605, 110862711, 1, 0
1103, 153178840, 1, 0
1612, 194651015, 1, 0
2145, 187384811, 1, 0
2528, 213177003, 1, 0
3104, 209927417, 1, 0
3511, 135721228, 1, 0
4132, 107580282, 1, 0
4544, 166016093, 1, 0
5117, 194632543, 1, 0
5503, 156363349, 1, 0
6047, 193498435, 1, 0
6635, 146542495, 1, 0
7042, 108802797, 1, 0
7568, 146971708, 1, 0
8183, 180830239, 1, 0
8526, 179736130, 1, 0
9104, 139558893, 1, 0
9658, 190316402, 1, 0
10029, 175604409, 1, 0
10609, 187075110, 1, 0
11040, 132798432, 1, 0
11602, 128821426, 1, 0
12006, 126168063, 1, 0
12516, 192624058, 1, 0
13062, 191600970, 1, 0
13564, 144612072, 1, 0
14137, 115239270, 1, 0
14500, 119829967, 1, 0
15063, 165124553, 1, 0
15624, 123343292, 1, 0
16022, 122390647, 1, 0
16539, 178653182, 1, 0
17100, 130375831, 1, 0
17654, 152159033, 1, 0
18030, 205352985, 1, 0
18625, 96834427, 1, 0
19158, 187343139, 1, 0
19544, 108504539, 1, 0
20101, 168977166, 1, 0
20500, 194225937, 1, 0
21068, 137177610, 1, 0
21656, 160705079, 1, 0
22036, 129740126, 1, 0
22571, 154482278, 1, 0
23099, 157539696, 1, 0
23643, 159590126, 1, 0
24024, 192943639, 1, 0
24576, 134719611, 1, 0
25134, 113771521, 1, 0
25505, 136729367, 1, 0
26076, 155355794, 1, 0
26619, 174271362, 1, 0
27006, 179144076, 1, 0
27507, 134386669, 1, 0
28051, 177711071, 1, 0
28648, 186881982, 1, 0
29002, 202802050, 1, 0
29515, 141865512, 1, 0
30063, 139824202, 1, 0
30592, 187550168, 1, 0
31011, 183821911, 1, 0
31554, 145827809, 1, 0
32083, 144769391, 1, 0
32652, 138439392, 1, 0
33047, 100723633, 1, 0
33610, 129958487, 1, 0
34053, 164479817, 1, 0
34600, 130530134, 1, 0
35010, 168840632, 1, 0
35536, 128750724, 1, 0
36077, 167616862, 1, 0
36578, 200166809, 1, 0
37162, 151312418, 1, 0
37545, 188979266, 1, 0
38129, 147158000, 1, 0
38517, 185509023, 1, 0
39125, 131140121, 1, 0
39510, 156908099, 1, 0
40084, 189146646, 1, 0
40653, 188782354, 1, 0
41003, 134173469, 1, 0
41597, 197461326, 1, 0
42014, 159435698, 1, 0
42616, 100361371, 1, 0
43001, 185230612, 1, 0
43587, 153334180, 1, 0
44009, 146157197, 1, 0
44504, 184427367, 1, 0
45099, 150493743, 1, 0
45615, 167614864, 1, 0
46003, 141710022, 1, 0
46524, 137364237, 1, 0
47127, 142610255, 1, 0
47515, 167270805, 1, 0
48101, 212637923, 1, 0
48515, 191829096, 1, 0
49050, 156665773, 1, 0
49630, 154287795, 1, 0
50046, 130487800, 1, 0
50594, 126164847, 1, 0
51172, 134175191, 1, 0
51580, 125855342, 1, 0
52127, 143832968, 1, 0
52509, 144468973, 1, 0
53082, 137318052, 1, 0
53666, 185849385, 1, 0
54061, 203321513, 1, 0
54633, 124786255, 1, 0
55006, 180350951, 1, 0
55597, 165634750, 1, 0
56010, 143278817, 1, 0
56549, 124382273, 1, 0
57121, 150025682, 1, 0
57672, 188528621, 1, 0
58032, 208689770, 1, 0
58641, 107884100, 1, 0
59028, 172359303, 1, 0
59597, 227055062, 1, 0
60020, 166212684, 1, 0
60039, 76116468, 1, 0
