498, 240, 1, 0
998, 514, 1, 0
1498, 297, 1, 0
1999, 464, 1, 0
2499, 360, 1, 0
2999, 464, 1, 0
3499, 472, 1, 0
3999, 336, 1, 0
4499, 384, 1, 0
4998, 441, 1, 0
5498, 401, 1, 0
5998, 265, 1, 0
6499, 384, 1, 0
6999, 448, 1, 0
7499, 400, 1, 0
7999, 456, 1, 0
8499, 424, 1, 0
8999, 256, 1, 0
9498, 401, 1, 0
9998, 417, 1, 0
10498, 401, 1, 0
10998, 385, 1, 0
11499, 472, 1, 0
11999, 561, 1, 0
12499, 392, 1, 0
12999, 505, 1, 0
13499, 264, 1, 0
13999, 513, 1, 0
14498, 329, 1, 0
14998, 425, 1, 0
15498, 289, 1, 0
15999, 424, 1, 0
16499, 384, 1, 0
16999, 496, 1, 0
17499, 368, 1, 0
17999, 585, 1, 0
18498, 377, 1, 0
18998, 240, 1, 0
19498, 361, 1, 0
19998, 489, 1, 0
20499, 384, 1, 0
20999, 392, 1, 0
21499, 408, 1, 0
21999, 264, 1, 0
22499, 777, 1, 0
22999, 368, 1, 0
23498, 353, 1, 0
23998, 385, 1, 0
24498, 514, 1, 0
24998, 506, 1, 0
25499, 392, 1, 0
25999, 448, 1, 0
26499, 376, 1, 0
26999, 392, 1, 0
27499, 456, 1, 0
27998, 385, 1, 0
28498, 281, 1, 0
28998, 642, 1, 0
29498, 385, 1, 0
29999, 304, 1, 0
30499, 384, 1, 0
30999, 601, 1, 0
31499, 304, 1, 0
31999, 432, 1, 0
32498, 457, 1, 0
32998, 385, 1, 0
33498, 481, 1, 0
33998, 361, 1, 0
34499, 513, 1, 0
34999, 665, 1, 0
35499, 352, 1, 0
35999, 617, 1, 0
36499, 561, 1, 0
36998, 361, 1, 0
37498, 610, 1, 0
37998, 257, 1, 0
38498, 497, 1, 0
38999, 472, 1, 0
39499, 312, 1, 0
39999, 601, 1, 0
40499, 264, 1, 0
40999, 456, 1, 0
41499, 496, 1, 0
41998, 562, 1, 0
42498, 562, 1, 0
42998, 514, 1, 0
43498, 385, 1, 0
43999, 320, 1, 0
44499, 384, 1, 0
44999, 224, 1, 0
45499, 649, 1, 0
45999, 617, 1, 0
46498, 506, 1, 0
46998, 634, 1, 0
47498, 297, 1, 0
47998, 385, 1, 0
48499, 440, 1, 0
48999, 272, 1, 0
49499, 448, 1, 0
49999, 368, 1, 0
50499, 729, 1, 0
50998, 385, 1, 0
51498, 514, 1, 0
51998, 690, 1, 0
52499, 456, 1, 0
52999, 368, 1, 0
53499, 400, 1, 0
53999, 577, 1, 0
54499, 320, 1, 0
54999, 585, 1, 0
55498, 425, 1, 0
55998, 393, 1, 0
56498, 473, 1, 0
56999, 505, 1, 0
57499, 264, 1, 0
57999, 384, 1, 0
58499, 480, 1, 0
58999, 256, 1, 0
59499, 480, 1, 0
59999, 577, 1, 0
