491, 423, 1, 0
1000, 480, 1, 0
1491, 448, 1, 0
1991, 505, 1, 0
2500, 208, 1, 0
3001, 303, 1, 0
3491, 252, 1, 0
3991, 521, 1, 0
4500, 400, 1, 0
5001, 510, 1, 0
5491, 260, 1, 0
5991, 521, 1, 0
6500, 376, 1, 0
7001, 351, 1, 0
7491, 782, 1, 0
7991, 399, 1, 0
8500, 512, 1, 0
9001, 766, 1, 0
9491, 260, 1, 0
9991, 285, 1, 0
10500, 408, 1, 0
11001, 343, 1, 0
11491, 464, 1, 0
11991, 366, 1, 0
12500, 168, 1, 0
13001, 423, 1, 0
13491, 382, 1, 0
13991, 382, 1, 0
14500, 496, 1, 0
15001, 471, 1, 0
15491, 317, 1, 0
15991, 521, 1, 0
16500, 432, 1, 0
17001, 263, 1, 0
17491, 415, 1, 0
17991, 464, 1, 0
18500, 696, 1, 0
19001, 766, 1, 0
19491, 521, 1, 0
19991, 513, 1, 0
20500, 424, 1, 0
21001, 502, 1, 0
21491, 268, 1, 0
21991, 293, 1, 0
22491, 366, 1, 0
23001, 359, 1, 0
23491, 488, 1, 0
23991, 521, 1, 0
24491, 456, 1, 0
25001, 271, 1, 0
25491, 513, 1, 0
25991, 268, 1, 0
26500, 384, 1, 0
27001, 367, 1, 0
27491, 782, 1, 0
27991, 342, 1, 0
28500, 384, 1, 0
29001, 510, 1, 0
29491, 521, 1, 0
29991, 529, 1, 0
30500, 520, 1, 0
31001, 646, 1, 0
31491, 130, 1, 0
31991, 382, 1, 0
32500, 448, 1, 0
33001, 135, 1, 0
33491, 358, 1, 0
33991, 236, 1, 0
34500, 272, 1, 0
34991, 391, 1, 0
35500, 360, 1, 0
35991, 782, 1, 0
36500, 472, 1, 0
36991, 293, 1, 0
37491, 415, 1, 0
37991, 456, 1, 0
38500, 440, 1, 0
38991, 488, 1, 0
39491, 203, 1, 0
39991, 382, 1, 0
40501, 455, 1, 0
40991, 448, 1, 0
41491, 285, 1, 0
41991, 423, 1, 0
42501, 423, 1, 0
42991, 342, 1, 0
43491, 782, 1, 0
43991, 350, 1, 0
44501, 319, 1, 0
44991, 374, 1, 0
45491, 228, 1, 0
45991, 423, 1, 0
46501, 223, 1, 0
46991, 521, 1, 0
47491, 513, 1, 0
47991, 276, 1, 0
48501, 510, 1, 0
48991, 782, 1, 0
49491, 301, 1, 0
49991, 529, 1, 0
50501, 455, 1, 0
50991, 480, 1, 0
51491, 244, 1, 0
51991, 342, 1, 0
52501, 279, 1, 0
52991, 521, 1, 0
53491, 521, 1, 0
53991, 391, 1, 0
54501, 447, 1, 0
54991, 521, 1, 0
55491, 358, 1, 0
56000, 296, 1, 0
56501, 510, 1, 0
56991, 407, 1, 0
57491, 472, 1, 0
58000, 512, 1, 0
58501, 902, 1, 0
58991, 782, 1, 0
59491, 260, 1, 0
60000, 752, 1, 0
