527, 515196050, 1, 0
1038, 617377862, 1, 0
1521, 725008693, 1, 0
2001, 689754510, 1, 0
2707, 593059493, 1, 0
3200, 522883422, 1, 0
3717, 567561498, 1, 0
4191, 529941550, 1, 0
4660, 492467314, 1, 0
5069, 493283414, 1, 0
5524, 428289018, 1, 0
6231, 645620499, 1, 0
6736, 639406709, 1, 0
7173, 496407890, 1, 0
7559, 605062398, 1, 0
8012, 582784719, 1, 0
8669, 691798111, 1, 0
9180, 631472756, 1, 0
9631, 683782625, 1, 0
10126, 732148462, 1, 0
10560, 548533789, 1, 0
11236, 751824642, 1, 0
11658, 522631421, 1, 0
12120, 512672576, 1, 0
12554, 521639809, 1, 0
13025, 648833840, 1, 0
13642, 778798898, 1, 0
14158, 465520800, 1, 0
14598, 502344662, 1, 0
15056, 442003318, 1, 0
15606, 513379887, 1, 0
16070, 537243845, 1, 0
16537, 496291235, 1, 0
17130, 586564377, 1, 0
17529, 492170652, 1, 0
18034, 510898602, 1, 0
18553, 713722009, 1, 0
19031, 789901689, 1, 0
19541, 788973791, 1, 0
20032, 775055084, 1, 0
20716, 712660520, 1, 0
21093, 620036903, 1, 0
21529, 585949042, 1, 0
22001, 608220689, 1, 0
22701, 733390300, 1, 0
23149, 561520187, 1, 0
23625, 703448945, 1, 0
24023, 799419299, 1, 0
24672, 709733159, 1, 0
25151, 519024913, 1, 0
25635, 859166200, 1, 0
26064, 603127913, 1, 0
26671, 529807475, 1, 0
27107, 435605860, 1, 0
27606, 586102474, 1, 0
28038, 488268753, 1, 0
28674, 629577539, 1, 0
29136, 567602507, 1, 0
29580, 555903925, 1, 0
30220, 598969239, 1, 0
30666, 479833686, 1, 0
31139, 667381171, 1, 0
31604, 653019236, 1, 0
32058, 467158415, 1, 0
32551, 669868419, 1, 0
33060, 519316733, 1, 0
33532, 501673387, 1, 0
34196, 560217649, 1, 0
34674, 480542101, 1, 0
35099, 609976536, 1, 0
35592, 595712365, 1, 0
36025, 482981118, 1, 0
36527, 622579189, 1, 0
37050, 601752694, 1, 0
37577, 583758808, 1, 0
38011, 501864518, 1, 0
38678, 575616562, 1, 0
39167, 608505734, 1, 0
39654, 602965719, 1, 0
40071, 850603528, 1, 0
40725, 584832402, 1, 0
41073, 500020813, 1, 0
41528, 448729703, 1, 0
42163, 724452631, 1, 0
42617, 661977838, 1, 0
43118, 628010609, 1, 0
43594, 533991647, 1, 0
44028, 441670797, 1, 0
44620, 605375778, 1, 0
45083, 774609238, 1, 0
45740, 583829546, 1, 0
46184, 517045944, 1, 0
46610, 434437291, 1, 0
47034, 433370428, 1, 0
47534, 671284881, 1, 0
48046, 601588291, 1, 0
48508, 615126967, 1, 0
49023, 543546504, 1, 0
49531, 645094825, 1, 0
50023, 722160803, 1, 0
50617, 609118336, 1, 0
51051, 760369796, 1, 0
51650, 602094818, 1, 0
52103, 591005477, 1, 0
52565, 536634736, 1, 0
53047, 626607400, 1, 0
53522, 853822895, 1, 0
54191, 586273223, 1, 0
54557, 433333689, 1, 0
55039, 539115855, 1, 0
55520, 751802603, 1, 0
56026, 785134499, 1, 0
56508, 849265574, 1, 0
57016, 515544771, 1, 0
57702, 567095756, 1, 0
58109, 504297922, 1, 0
58551, 446889806, 1, 0
59146, 677826373, 1, 0
59553, 831797224, 1, 0
60014, 719107185, 1, 0
60031, 239437132, 1, 0
