994, 453, 1, 0
1494, 518, 1, 0
1994, 356, 1, 0
2494, 518, 1, 0
2993, 365, 1, 0
3493, 275, 1, 0
3994, 518, 1, 0
4494, 267, 1, 0
4994, 469, 1, 0
5494, 331, 1, 0
5993, 478, 1, 0
6493, 478, 1, 0
6994, 518, 1, 0
7494, 639, 1, 0
7994, 283, 1, 0
8494, 493, 1, 0
8994, 429, 1, 0
9493, 478, 1, 0
9993, 454, 1, 0
10494, 615, 1, 0
10994, 380, 1, 0
11494, 518, 1, 0
11994, 323, 1, 0
12493, 267, 1, 0
12993, 778, 1, 0
13494, 323, 1, 0
13994, 518, 1, 0
14494, 518, 1, 0
14994, 753, 1, 0
15493, 259, 1, 0
15993, 332, 1, 0
16493, 657, 1, 0
16994, 518, 1, 0
17494, 461, 1, 0
17994, 178, 1, 0
18494, 421, 1, 0
18994, 728, 1, 0
19493, 519, 1, 0
19993, 519, 1, 0
20494, 469, 1, 0
20994, 251, 1, 0
21494, 331, 1, 0
21994, 777, 1, 0
22493, 519, 1, 0
22993, 373, 1, 0
23493, 340, 1, 0
23994, 485, 1, 0
24494, 477, 1, 0
24994, 518, 1, 0
25494, 518, 1, 0
25993, 373, 1, 0
26493, 438, 1, 0
26993, 316, 1, 0
27494, 388, 1, 0
27994, 518, 1, 0
28494, 712, 1, 0
28994, 242, 1, 0
29493, 519, 1, 0
29993, 559, 1, 0
30494, 364, 1, 0
30994, 242, 1, 0
31494, 518, 1, 0
31994, 356, 1, 0
32493, 405, 1, 0
32993, 519, 1, 0
33493, 243, 1, 0
33994, 445, 1, 0
34494, 518, 1, 0
34994, 331, 1, 0
35494, 485, 1, 0
35994, 396, 1, 0
36493, 356, 1, 0
36993, 373, 1, 0
37494, 461, 1, 0
37994, 582, 1, 0
38494, 315, 1, 0
38994, 348, 1, 0
39494, 307, 1, 0
39993, 219, 1, 0
40493, 519, 1, 0
40994, 591, 1, 0
41494, 234, 1, 0
41994, 404, 1, 0
42494, 307, 1, 0
42993, 389, 1, 0
43493, 503, 1, 0
43994, 283, 1, 0
44494, 259, 1, 0
44994, 558, 1, 0
45494, 331, 1, 0
45993, 283, 1, 0
46493, 624, 1, 0
46993, 373, 1, 0
47494, 372, 1, 0
47994, 485, 1, 0
48494, 518, 1, 0
48994, 380, 1, 0
49493, 324, 1, 0
49993, 519, 1, 0
50493, 738, 1, 0
50994, 380, 1, 0
51494, 388, 1, 0
51994, 591, 1, 0
52494, 412, 1, 0
52993, 356, 1, 0
53493, 519, 1, 0
53994, 518, 1, 0
54494, 688, 1, 0
54994, 404, 1, 0
55494, 429, 1, 0
55993, 324, 1, 0
56493, 722, 1, 0
56993, 519, 1, 0
57494, 380, 1, 0
57994, 283, 1, 0
58494, 453, 1, 0
58994, 704, 1, 0
59493, 365, 1, 0
59993, 649, 1, 0
