497, 314, 1, 0
996, 387, 1, 0
1496, 387, 1, 0
1996, 411, 1, 0
2496, 443, 1, 0
2996, 451, 1, 0
3496, 500, 1, 0
3996, 387, 1, 0
4496, 387, 1, 0
4996, 637, 1, 0
5496, 411, 1, 0
5996, 370, 1, 0
6496, 387, 1, 0
6996, 322, 1, 0
7496, 508, 1, 0
7996, 459, 1, 0
8496, 379, 1, 0
8996, 387, 1, 0
9496, 395, 1, 0
9996, 387, 1, 0
10496, 387, 1, 0
10996, 483, 1, 0
11497, 387, 1, 0
11996, 459, 1, 0
12496, 387, 1, 0
12996, 362, 1, 0
13496, 370, 1, 0
13997, 387, 1, 0
14496, 403, 1, 0
14996, 459, 1, 0
15496, 379, 1, 0
15996, 459, 1, 0
16496, 379, 1, 0
16996, 330, 1, 0
17496, 451, 1, 0
17996, 451, 1, 0
18497, 419, 1, 0
18996, 435, 1, 0
19496, 572, 1, 0
19996, 524, 1, 0
20496, 427, 1, 0
20997, 411, 1, 0
21496, 435, 1, 0
21996, 491, 1, 0
22496, 435, 1, 0
22996, 508, 1, 0
23497, 443, 1, 0
23996, 443, 1, 0
24496, 435, 1, 0
24996, 491, 1, 0
25496, 338, 1, 0
25997, 612, 1, 0
26496, 387, 1, 0
26996, 612, 1, 0
27496, 395, 1, 0
27996, 475, 1, 0
28496, 459, 1, 0
28996, 403, 1, 0
29496, 451, 1, 0
29996, 500, 1, 0
30496, 588, 1, 0
30996, 475, 1, 0
31496, 387, 1, 0
31996, 443, 1, 0
32496, 427, 1, 0
32997, 322, 1, 0
33496, 395, 1, 0
33996, 508, 1, 0
34496, 314, 1, 0
34996, 524, 1, 0
35497, 411, 1, 0
35996, 387, 1, 0
36496, 443, 1, 0
36996, 330, 1, 0
37496, 330, 1, 0
37997, 645, 1, 0
38496, 508, 1, 0
38996, 387, 1, 0
39496, 451, 1, 0
39996, 411, 1, 0
40496, 338, 1, 0
40996, 459, 1, 0
41496, 387, 1, 0
41996, 427, 1, 0
42496, 387, 1, 0
42996, 322, 1, 0
43496, 709, 1, 0
43996, 395, 1, 0
44496, 451, 1, 0
44996, 516, 1, 0
45496, 596, 1, 0
45996, 459, 1, 0
46496, 516, 1, 0
46996, 443, 1, 0
47496, 467, 1, 0
47996, 459, 1, 0
48496, 387, 1, 0
48996, 443, 1, 0
49496, 387, 1, 0
49996, 419, 1, 0
50496, 451, 1, 0
50996, 443, 1, 0
51496, 459, 1, 0
51996, 346, 1, 0
52497, 524, 1, 0
52996, 395, 1, 0
53496, 645, 1, 0
53996, 387, 1, 0
54496, 322, 1, 0
54997, 451, 1, 0
55496, 379, 1, 0
55996, 467, 1, 0
56496, 443, 1, 0
56996, 443, 1, 0
57496, 459, 1, 0
57996, 387, 1, 0
58496, 491, 1, 0
58996, 451, 1, 0
59496, 580, 1, 0
59996, 387, 1, 0
