994, 331, 1, 0
1494, 388, 1, 0
1994, 461, 1, 0
2495, 371, 1, 0
2994, 712, 1, 0
3494, 259, 1, 0
3994, 777, 1, 0
4494, 259, 1, 0
4994, 777, 1, 0
5495, 379, 1, 0
5994, 372, 1, 0
6494, 194, 1, 0
6994, 566, 1, 0
7494, 234, 1, 0
7994, 412, 1, 0
8495, 631, 1, 0
8995, 517, 1, 0
9494, 518, 1, 0
9994, 291, 1, 0
10494, 380, 1, 0
10994, 396, 1, 0
11494, 777, 1, 0
11995, 315, 1, 0
12494, 412, 1, 0
12994, 469, 1, 0
13494, 242, 1, 0
13994, 421, 1, 0
14494, 348, 1, 0
14995, 371, 1, 0
15494, 404, 1, 0
15994, 259, 1, 0
16494, 348, 1, 0
16994, 502, 1, 0
17494, 331, 1, 0
17994, 518, 1, 0
18495, 492, 1, 0
18995, 517, 1, 0
19494, 412, 1, 0
19994, 518, 1, 0
20494, 518, 1, 0
20994, 429, 1, 0
21494, 372, 1, 0
21995, 517, 1, 0
22494, 226, 1, 0
22994, 647, 1, 0
23494, 242, 1, 0
23994, 372, 1, 0
24494, 518, 1, 0
24994, 170, 1, 0
25495, 315, 1, 0
25994, 720, 1, 0
26494, 388, 1, 0
26994, 404, 1, 0
27494, 518, 1, 0
27994, 704, 1, 0
28494, 364, 1, 0
28995, 517, 1, 0
29494, 259, 1, 0
29994, 615, 1, 0
30494, 291, 1, 0
30994, 518, 1, 0
31494, 445, 1, 0
31995, 387, 1, 0
32494, 518, 1, 0
32994, 518, 1, 0
33494, 259, 1, 0
33994, 607, 1, 0
34494, 364, 1, 0
34994, 340, 1, 0
35495, 266, 1, 0
35995, 686, 1, 0
36494, 461, 1, 0
36994, 259, 1, 0
37494, 461, 1, 0
37994, 599, 1, 0
38494, 380, 1, 0
38995, 274, 1, 0
39495, 202, 1, 0
39994, 348, 1, 0
40494, 461, 1, 0
40994, 315, 1, 0
41494, 291, 1, 0
41994, 437, 1, 0
42495, 307, 1, 0
42994, 259, 1, 0
43494, 307, 1, 0
43994, 518, 1, 0
44494, 534, 1, 0
44994, 356, 1, 0
45495, 420, 1, 0
45994, 396, 1, 0
46494, 777, 1, 0
46994, 421, 1, 0
47494, 518, 1, 0
47994, 518, 1, 0
48494, 518, 1, 0
48995, 476, 1, 0
49494, 518, 1, 0
49994, 518, 1, 0
50494, 396, 1, 0
50994, 574, 1, 0
51494, 388, 1, 0
51994, 672, 1, 0
52495, 339, 1, 0
52994, 299, 1, 0
53494, 267, 1, 0
53994, 388, 1, 0
54494, 502, 1, 0
54994, 518, 1, 0
55495, 484, 1, 0
55994, 388, 1, 0
56494, 307, 1, 0
56994, 518, 1, 0
57494, 518, 1, 0
57994, 429, 1, 0
58494, 356, 1, 0
58995, 339, 1, 0
59494, 437, 1, 0
59994, 518, 1, 0
