557, 540450200, 1, 0
1096, 453680243, 1, 0
1594, 431935971, 1, 0
2064, 775315434, 1, 0
2553, 646484329, 1, 0
3031, 524719133, 1, 0
3547, 679673446, 1, 0
4027, 659194326, 1, 0
4537, 506180571, 1, 0
5148, 814513983, 1, 0
5623, 654682759, 1, 0
6059, 499959046, 1, 0
6578, 466358578, 1, 0
7052, 517231211, 1, 0
7667, 751292614, 1, 0
8088, 615950647, 1, 0
8550, 559739304, 1, 0
9067, 591153500, 1, 0
9522, 808881354, 1, 0
10240, 639112445, 1, 0
10647, 497783516, 1, 0
11049, 606705010, 1, 0
11525, 680199534, 1, 0
12199, 559567903, 1, 0
12658, 475260414, 1, 0
13092, 473677293, 1, 0
13546, 540635970, 1, 0
14050, 769339635, 1, 0
14521, 982096506, 1, 0
15258, 764566671, 1, 0
15509, 580027897, 1, 0
16001, 553328450, 1, 0
16620, 459317748, 1, 0
17035, 610583881, 1, 0
17715, 806291839, 1, 0
18234, 802071773, 1, 0
18743, 517155887, 1, 0
19214, 602288081, 1, 0
19685, 540702321, 1, 0
20183, 896600565, 1, 0
20636, 885627109, 1, 0
21020, 605736868, 1, 0
21655, 480801734, 1, 0
22107, 778538274, 1, 0
22614, 537654123, 1, 0
23041, 555716901, 1, 0
23519, 557083281, 1, 0
24139, 578084839, 1, 0
24582, 584198460, 1, 0
25061, 434786856, 1, 0
25537, 582851105, 1, 0
26012, 786495392, 1, 0
26647, 582491676, 1, 0
27057, 509623549, 1, 0
27557, 473637397, 1, 0
28206, 612392467, 1, 0
28662, 651763474, 1, 0
29140, 759722638, 1, 0
29584, 590443408, 1, 0
30008, 566936971, 1, 0
30662, 533819538, 1, 0
31153, 607709005, 1, 0
31609, 646140935, 1, 0
32062, 457117898, 1, 0
32555, 695571901, 1, 0
33065, 540216893, 1, 0
33546, 558565507, 1, 0
34004, 588948505, 1, 0
34679, 527604773, 1, 0
35122, 562042182, 1, 0
35613, 535961891, 1, 0
36048, 464284882, 1, 0
36551, 468837319, 1, 0
37084, 507515891, 1, 0
37599, 541192848, 1, 0
38025, 687296552, 1, 0
38717, 500448019, 1, 0
39210, 503746373, 1, 0
39686, 469817023, 1, 0
40139, 474889563, 1, 0
40566, 599519449, 1, 0
41170, 507559956, 1, 0
41606, 475894921, 1, 0
42043, 620760953, 1, 0
42519, 785120884, 1, 0
43028, 845184923, 1, 0
43534, 858240068, 1, 0
44189, 799127656, 1, 0
44577, 496816672, 1, 0
45015, 425140024, 1, 0
45662, 622003018, 1, 0
46116, 695242126, 1, 0
46531, 623025886, 1, 0
47188, 754230755, 1, 0
47706, 636918783, 1, 0
48225, 611583169, 1, 0
48672, 570961800, 1, 0
49175, 766328788, 1, 0
49712, 580690598, 1, 0
50198, 546238014, 1, 0
50599, 663211049, 1, 0
51029, 639453369, 1, 0
51615, 621015880, 1, 0
52072, 549990189, 1, 0
52534, 521434383, 1, 0
53014, 650631511, 1, 0
53693, 568087936, 1, 0
54159, 515575811, 1, 0
54537, 699776984, 1, 0
55246, 523243471, 1, 0
55740, 497093705, 1, 0
56198, 480376739, 1, 0
56682, 502191968, 1, 0
57235, 589580863, 1, 0
57651, 536713236, 1, 0
58047, 673056638, 1, 0
58682, 770954599, 1, 0
59075, 461682917, 1, 0
59720, 600454505, 1, 0
60019, 466186202, 1, 0
60036, 300573754, 1, 0
