509, 10877084, 1, 0
1037, 11983693, 1, 0
1528, 8971518, 1, 0
2097, 8816893, 1, 0
2683, 8458000, 1, 0
3073, 7587732, 1, 0
3666, 8786172, 1, 0
4090, 7110911, 1, 0
4504, 7329046, 1, 0
5128, 7941803, 1, 0
5515, 6927159, 1, 0
6072, 10408850, 1, 0
6505, 6796093, 1, 0
7102, 7121750, 1, 0
7610, 11907736, 1, 0
8003, 12572260, 1, 0
8542, 8196611, 1, 0
9120, 7840881, 1, 0
9664, 10096957, 1, 0
10047, 10793755, 1, 0
10644, 9491019, 1, 0
11087, 5957165, 1, 0
11647, 10511829, 1, 0
12031, 10826344, 1, 0
12550, 11170598, 1, 0
13095, 10165692, 1, 0
13589, 11902309, 1, 0
14160, 7663438, 1, 0
14513, 5127590, 1, 0
15065, 9150888, 1, 0
15628, 7076878, 1, 0
16009, 10727303, 1, 0
16535, 9589417, 1, 0
17113, 6618798, 1, 0
17501, 6750026, 1, 0
18083, 10936607, 1, 0
18659, 8844622, 1, 0
19033, 10409461, 1, 0
19578, 11573328, 1, 0
20004, 6988103, 1, 0
20580, 10228658, 1, 0
21178, 10409125, 1, 0
21569, 7021945, 1, 0
22144, 9234702, 1, 0
22519, 10633023, 1, 0
23004, 9933022, 1, 0
23593, 8087841, 1, 0
24105, 10071836, 1, 0
24501, 4836693, 1, 0
25055, 6675515, 1, 0
25587, 11768257, 1, 0
26157, 7791394, 1, 0
26550, 9173088, 1, 0
27082, 9875795, 1, 0
27643, 9546310, 1, 0
28195, 7164763, 1, 0
28581, 9625204, 1, 0
29131, 8001128, 1, 0
29708, 7900145, 1, 0
30133, 9396629, 1, 0
30645, 9519122, 1, 0
31034, 10975971, 1, 0
31595, 10556693, 1, 0
32135, 10083668, 1, 0
32511, 7476785, 1, 0
33091, 6912416, 1, 0
33633, 10979870, 1, 0
34088, 9027724, 1, 0
34634, 8031082, 1, 0
35045, 6659286, 1, 0
35623, 7867976, 1, 0
36147, 8188987, 1, 0
36686, 8640562, 1, 0
37064, 7593369, 1, 0
37514, 4439383, 1, 0
38107, 7576359, 1, 0
38503, 5679620, 1, 0
39059, 11409732, 1, 0
39616, 10517908, 1, 0
40204, 8548196, 1, 0
40567, 6253467, 1, 0
41081, 7784388, 1, 0
41659, 8185752, 1, 0
42062, 8619023, 1, 0
42642, 7501460, 1, 0
43027, 10856076, 1, 0
43585, 7155139, 1, 0
44155, 8837424, 1, 0
44669, 8244647, 1, 0
45169, 10754960, 1, 0
45536, 10354194, 1, 0
46092, 9380101, 1, 0
46668, 6216439, 1, 0
47043, 7883126, 1, 0
47604, 7985569, 1, 0
48002, 11297816, 1, 0
48590, 9502506, 1, 0
49130, 10751504, 1, 0
49533, 7245585, 1, 0
50119, 7929177, 1, 0
50507, 5958952, 1, 0
51048, 9891243, 1, 0
51667, 8464945, 1, 0
52081, 7472090, 1, 0
52630, 9534615, 1, 0
53021, 10920970, 1, 0
53635, 6667188, 1, 0
54041, 11509725, 1, 0
54583, 9410791, 1, 0
55153, 8760003, 1, 0
55532, 7795040, 1, 0
56080, 8419150, 1, 0
56656, 7397355, 1, 0
57053, 11146811, 1, 0
57605, 8724736, 1, 0
58174, 8254781, 1, 0
58571, 6715510, 1, 0
59142, 10683208, 1, 0
59529, 5266554, 1, 0
60007, 7632471, 1, 0
