501, 264, 1, 0
1000, 288, 1, 0
1500, 328, 1, 0
2000, 456, 1, 0
2499, 617, 1, 0
3000, 240, 1, 0
3500, 368, 1, 0
4000, 272, 1, 0
4499, 344, 1, 0
5000, 256, 1, 0
5500, 512, 1, 0
6000, 464, 1, 0
6499, 440, 1, 0
7000, 144, 1, 0
7500, 256, 1, 0
8000, 344, 1, 0
8499, 256, 1, 0
9000, 432, 1, 0
9500, 464, 1, 0
10000, 304, 1, 0
10499, 264, 1, 0
11000, 344, 1, 0
11500, 440, 1, 0
12000, 256, 1, 0
12499, 432, 1, 0
13000, 432, 1, 0
13500, 576, 1, 0
14000, 360, 1, 0
14499, 376, 1, 0
15000, 568, 1, 0
15500, 512, 1, 0
16000, 520, 1, 0
16499, 400, 1, 0
17000, 768, 1, 0
17500, 400, 1, 0
18000, 512, 1, 0
18499, 657, 1, 0
19000, 176, 1, 0
19500, 392, 1, 0
20000, 464, 1, 0
20499, 456, 1, 0
21000, 432, 1, 0
21500, 472, 1, 0
22000, 408, 1, 0
22500, 336, 1, 0
23000, 256, 1, 0
23500, 512, 1, 0
24000, 360, 1, 0
24500, 352, 1, 0
25000, 512, 1, 0
25500, 472, 1, 0
26000, 456, 1, 0
26499, 256, 1, 0
27000, 632, 1, 0
27500, 304, 1, 0
28000, 504, 1, 0
28499, 264, 1, 0
29000, 512, 1, 0
29500, 776, 1, 0
30000, 424, 1, 0
30499, 769, 1, 0
31000, 448, 1, 0
31500, 512, 1, 0
32000, 456, 1, 0
32499, 513, 1, 0
33000, 504, 1, 0
33500, 768, 1, 0
34000, 368, 1, 0
34499, 513, 1, 0
35000, 440, 1, 0
35499, 440, 1, 0
36000, 512, 1, 0
36500, 768, 1, 0
37000, 376, 1, 0
37500, 344, 1, 0
38000, 520, 1, 0
38500, 256, 1, 0
39000, 408, 1, 0
39500, 512, 1, 0
40000, 456, 1, 0
40500, 552, 1, 0
41000, 352, 1, 0
41500, 312, 1, 0
42000, 704, 1, 0
42500, 456, 1, 0
43000, 512, 1, 0
43500, 192, 1, 0
44000, 512, 1, 0
44500, 456, 1, 0
45000, 344, 1, 0
45500, 728, 1, 0
46000, 184, 1, 0
46500, 512, 1, 0
47000, 448, 1, 0
47500, 480, 1, 0
48000, 408, 1, 0
48500, 392, 1, 0
49000, 424, 1, 0
49500, 512, 1, 0
50000, 448, 1, 0
50500, 456, 1, 0
51000, 472, 1, 0
51500, 336, 1, 0
52000, 352, 1, 0
52500, 264, 1, 0
53000, 512, 1, 0
53500, 320, 1, 0
54000, 320, 1, 0
54500, 440, 1, 0
55000, 440, 1, 0
55500, 512, 1, 0
55999, 304, 1, 0
56500, 376, 1, 0
57000, 512, 1, 0
57500, 768, 1, 0
57999, 272, 1, 0
58500, 440, 1, 0
59000, 392, 1, 0
59500, 336, 1, 0
59999, 376, 1, 0
