506, 9033705, 1, 0
1001, 10672157, 1, 0
1503, 10011405, 1, 0
2000, 10505592, 1, 0
2509, 11524506, 1, 0
3009, 10573726, 1, 0
3500, 9974866, 1, 0
4004, 10249715, 1, 0
4505, 9398723, 1, 0
5008, 10209680, 1, 0
5503, 9289121, 1, 0
6009, 9512424, 1, 0
6508, 10566857, 1, 0
7004, 9308495, 1, 0
7500, 10716964, 1, 0
8006, 9494273, 1, 0
8503, 9681569, 1, 0
9003, 11067621, 1, 0
9500, 10092457, 1, 0
10003, 9261986, 1, 0
10500, 11508869, 1, 0
11009, 9931317, 1, 0
11504, 10721894, 1, 0
12004, 9380511, 1, 0
12504, 9369834, 1, 0
13008, 10658249, 1, 0
13502, 9638442, 1, 0
14000, 9528038, 1, 0
14506, 12922711, 1, 0
15004, 10112128, 1, 0
15509, 9454713, 1, 0
16004, 11470671, 1, 0
16502, 10098762, 1, 0
17002, 10816111, 1, 0
17508, 10693080, 1, 0
18005, 9696535, 1, 0
18505, 11839517, 1, 0
19007, 11620243, 1, 0
19509, 9403648, 1, 0
20003, 12288089, 1, 0
20505, 11108739, 1, 0
21000, 10275595, 1, 0
21502, 9783603, 1, 0
22003, 9778031, 1, 0
22502, 10333821, 1, 0
23001, 9385208, 1, 0
23504, 9264633, 1, 0
24007, 10660522, 1, 0
24506, 9551885, 1, 0
25080, 10785837, 1, 0
25504, 8988132, 1, 0
26011, 9514126, 1, 0
26527, 13531359, 1, 0
27000, 11230876, 1, 0
27505, 10465727, 1, 0
28008, 11152561, 1, 0
28505, 10306300, 1, 0
29006, 9415312, 1, 0
29509, 13935092, 1, 0
30005, 10745296, 1, 0
30509, 9639663, 1, 0
31003, 9280991, 1, 0
31501, 9358392, 1, 0
32004, 9447020, 1, 0
32500, 9505369, 1, 0
33004, 9646055, 1, 0
33509, 10706716, 1, 0
34007, 9361353, 1, 0
34502, 9465006, 1, 0
35009, 11757972, 1, 0
35507, 9921257, 1, 0
36008, 11609135, 1, 0
36501, 11160819, 1, 0
37000, 10571199, 1, 0
37502, 10875664, 1, 0
38006, 10041810, 1, 0
38506, 9221274, 1, 0
39006, 10588705, 1, 0
39503, 9349966, 1, 0
40049, 11329980, 1, 0
40508, 8970888, 1, 0
41003, 9469118, 1, 0
41504, 11618758, 1, 0
42003, 9563363, 1, 0
42500, 9519908, 1, 0
43000, 15115116, 1, 0
43507, 11759200, 1, 0
44001, 9451484, 1, 0
44500, 11285355, 1, 0
45003, 9840976, 1, 0
45552, 12722927, 1, 0
46005, 11024860, 1, 0
46508, 9998089, 1, 0
47010, 9440190, 1, 0
47507, 9514863, 1, 0
48000, 9631185, 1, 0
48500, 11858780, 1, 0
49001, 9246373, 1, 0
49500, 9371628, 1, 0
50000, 13132970, 1, 0
50509, 9941810, 1, 0
51031, 11303097, 1, 0
51505, 10731337, 1, 0
52009, 10465371, 1, 0
52503, 11181788, 1, 0
53009, 10507877, 1, 0
53506, 9515506, 1, 0
54001, 14486885, 1, 0
54505, 10908942, 1, 0
55068, 10982745, 1, 0
55503, 9192693, 1, 0
56007, 9648390, 1, 0
56507, 13442691, 1, 0
57007, 9040986, 1, 0
57506, 9724978, 1, 0
58002, 11493162, 1, 0
58508, 10697006, 1, 0
59006, 9702059, 1, 0
59501, 12313071, 1, 0
60000, 10580776, 1, 0
