493, 30, 1, 0
991, 69, 1, 0
1491, 81, 1, 0
1992, 83, 1, 0
2491, 130, 1, 0
2991, 130, 1, 0
3492, 130, 1, 0
3992, 105, 1, 0
4491, 65, 1, 0
4991, 116, 1, 0
5492, 128, 1, 0
5992, 44, 1, 0
6491, 128, 1, 0
6991, 154, 1, 0
7492, 117, 1, 0
7992, 65, 1, 0
8491, 179, 1, 0
8991, 118, 1, 0
9492, 87, 1, 0
9992, 130, 1, 0
10491, 130, 1, 0
10991, 112, 1, 0
11492, 65, 1, 0
11992, 107, 1, 0
12491, 91, 1, 0
12991, 63, 1, 0
13492, 103, 1, 0
13992, 50, 1, 0
14491, 116, 1, 0
14991, 77, 1, 0
15492, 105, 1, 0
15992, 195, 1, 0
16491, 126, 1, 0
16991, 130, 1, 0
17492, 130, 1, 0
17992, 79, 1, 0
18491, 73, 1, 0
18991, 77, 1, 0
19492, 65, 1, 0
19992, 101, 1, 0
20491, 107, 1, 0
20991, 91, 1, 0
21492, 116, 1, 0
21992, 115, 1, 0
22492, 87, 1, 0
22991, 107, 1, 0
23492, 50, 1, 0
23992, 107, 1, 0
24492, 132, 1, 0
24991, 114, 1, 0
25492, 130, 1, 0
25992, 117, 1, 0
26491, 128, 1, 0
26991, 63, 1, 0
27492, 65, 1, 0
27992, 130, 1, 0
28491, 122, 1, 0
28991, 130, 1, 0
29492, 65, 1, 0
29992, 162, 1, 0
30491, 132, 1, 0
30991, 61, 1, 0
31492, 172, 1, 0
31992, 103, 1, 0
32491, 99, 1, 0
32991, 130, 1, 0
33492, 195, 1, 0
33992, 91, 1, 0
34491, 97, 1, 0
34991, 112, 1, 0
35491, 130, 1, 0
35992, 113, 1, 0
36491, 120, 1, 0
36992, 107, 1, 0
37492, 130, 1, 0
37992, 101, 1, 0
38491, 89, 1, 0
38992, 130, 1, 0
39492, 103, 1, 0
39992, 65, 1, 0
40491, 152, 1, 0
40992, 59, 1, 0
41492, 65, 1, 0
41992, 130, 1, 0
42491, 97, 1, 0
42992, 79, 1, 0
43492, 130, 1, 0
43992, 107, 1, 0
44491, 130, 1, 0
44992, 130, 1, 0
45492, 63, 1, 0
45992, 52, 1, 0
46491, 69, 1, 0
46992, 130, 1, 0
47492, 46, 1, 0
47992, 195, 1, 0
48491, 81, 1, 0
48992, 130, 1, 0
49492, 119, 1, 0
49992, 107, 1, 0
50491, 95, 1, 0
50992, 91, 1, 0
51492, 63, 1, 0
51992, 85, 1, 0
52491, 107, 1, 0
52992, 120, 1, 0
53492, 117, 1, 0
53992, 97, 1, 0
54491, 97, 1, 0
54992, 162, 1, 0
55492, 107, 1, 0
55991, 128, 1, 0
56491, 109, 1, 0
56992, 195, 1, 0
57492, 130, 1, 0
57991, 105, 1, 0
58491, 109, 1, 0
58992, 130, 1, 0
59492, 99, 1, 0
59991, 97, 1, 0
