503, 294848070, 1, 0
1092, 315301398, 1, 0
1614, 213610759, 1, 0
2166, 243274354, 1, 0
2626, 261517268, 1, 0
3150, 249630232, 1, 0
3707, 270206944, 1, 0
4019, 347582549, 1, 0
4653, 168814885, 1, 0
5198, 295445645, 1, 0
5517, 279513761, 1, 0
6050, 153137287, 1, 0
6623, 257836624, 1, 0
7095, 263637894, 1, 0
7590, 270337239, 1, 0
8186, 229834171, 1, 0
8750, 306536405, 1, 0
9001, 266003517, 1, 0
9552, 247522468, 1, 0
10061, 540638568, 1, 0
10568, 337396999, 1, 0
11145, 428718727, 1, 0
11684, 274411087, 1, 0
12266, 426011623, 1, 0
12564, 321860245, 1, 0
13061, 270843211, 1, 0
13663, 417066974, 1, 0
14183, 306876252, 1, 0
14726, 378186607, 1, 0
15230, 250031875, 1, 0
15507, 206555970, 1, 0
16010, 257764198, 1, 0
16531, 322233523, 1, 0
17095, 191925157, 1, 0
17596, 247598782, 1, 0
18134, 266648523, 1, 0
18679, 274688792, 1, 0
19238, 284820594, 1, 0
19505, 402301406, 1, 0
20038, 267996437, 1, 0
20551, 295784549, 1, 0
21071, 366898102, 1, 0
21633, 316296854, 1, 0
22189, 170054416, 1, 0
22716, 335235165, 1, 0
23257, 263530380, 1, 0
23531, 309221653, 1, 0
24022, 298915001, 1, 0
24601, 318017195, 1, 0
25080, 321725103, 1, 0
25621, 236122433, 1, 0
26168, 285054645, 1, 0
26695, 301240639, 1, 0
27171, 224484733, 1, 0
27616, 319004370, 1, 0
28195, 292260642, 1, 0
28722, 264562536, 1, 0
29000, 252754172, 1, 0
29554, 274772892, 1, 0
30045, 411730532, 1, 0
30582, 248198275, 1, 0
31165, 302995790, 1, 0
31728, 309808412, 1, 0
32007, 193950048, 1, 0
32504, 234999946, 1, 0
33204, 250860569, 1, 0
33689, 179248881, 1, 0
34137, 249889278, 1, 0
34561, 258632931, 1, 0
35076, 252360362, 1, 0
35617, 279558034, 1, 0
36133, 316404173, 1, 0
36676, 160232225, 1, 0
37200, 287584280, 1, 0
37741, 406115942, 1, 0
38224, 285280770, 1, 0
38731, 310442396, 1, 0
39012, 257835039, 1, 0
39559, 262003306, 1, 0
40171, 283521889, 1, 0
40707, 291657054, 1, 0
41150, 373712772, 1, 0
41629, 313608442, 1, 0
42135, 257107593, 1, 0
42636, 266806622, 1, 0
43160, 252253080, 1, 0
43725, 178102220, 1, 0
44001, 307287119, 1, 0
44536, 277199274, 1, 0
45027, 244944781, 1, 0
45560, 185640277, 1, 0
46067, 253721271, 1, 0
46592, 349879515, 1, 0
47132, 248180775, 1, 0
47669, 369185556, 1, 0
48198, 346286346, 1, 0
48699, 290099886, 1, 0
49241, 291028951, 1, 0
49725, 247600374, 1, 0
50023, 237584148, 1, 0
50591, 271467141, 1, 0
51147, 343996745, 1, 0
51661, 265538121, 1, 0
52148, 229512272, 1, 0
52592, 266104662, 1, 0
53031, 185340086, 1, 0
53567, 232498806, 1, 0
54065, 421975092, 1, 0
54567, 430514432, 1, 0
55111, 226004964, 1, 0
55517, 225020577, 1, 0
56064, 245429850, 1, 0
56622, 290756075, 1, 0
57168, 277089278, 1, 0
57679, 259109744, 1, 0
58112, 340979816, 1, 0
58640, 291710168, 1, 0
59187, 283265845, 1, 0
59688, 407292663, 1, 0
60007, 290794608, 1, 0
60027, 227377285, 1, 0
