500, 328, 1, 0
1000, 392, 1, 0
1500, 400, 1, 0
1999, 448, 1, 0
2499, 513, 1, 0
3000, 440, 1, 0
3500, 328, 1, 0
4000, 456, 1, 0
4499, 440, 1, 0
4999, 513, 1, 0
5500, 440, 1, 0
6000, 288, 1, 0
6500, 440, 1, 0
6999, 392, 1, 0
7499, 561, 1, 0
8000, 320, 1, 0
8500, 472, 1, 0
9000, 440, 1, 0
9499, 352, 1, 0
9999, 505, 1, 0
10500, 392, 1, 0
11000, 448, 1, 0
11500, 448, 1, 0
11999, 456, 1, 0
12499, 384, 1, 0
13000, 512, 1, 0
13500, 384, 1, 0
14000, 336, 1, 0
14499, 392, 1, 0
15000, 432, 1, 0
15500, 512, 1, 0
16000, 456, 1, 0
16499, 384, 1, 0
16999, 392, 1, 0
17500, 440, 1, 0
18000, 504, 1, 0
18500, 392, 1, 0
18999, 553, 1, 0
19499, 456, 1, 0
20000, 384, 1, 0
20500, 512, 1, 0
21000, 392, 1, 0
21499, 601, 1, 0
21999, 376, 1, 0
22500, 376, 1, 0
23000, 448, 1, 0
23500, 344, 1, 0
23999, 424, 1, 0
24499, 464, 1, 0
25000, 392, 1, 0
25500, 448, 1, 0
26000, 512, 1, 0
26499, 505, 1, 0
27000, 328, 1, 0
27500, 576, 1, 0
28000, 536, 1, 0
28499, 585, 1, 0
28999, 521, 1, 0
29500, 480, 1, 0
30000, 392, 1, 0
30500, 448, 1, 0
30999, 440, 1, 0
31499, 448, 1, 0
32000, 368, 1, 0
32500, 456, 1, 0
33000, 520, 1, 0
33499, 368, 1, 0
33999, 488, 1, 0
34500, 512, 1, 0
35000, 344, 1, 0
35500, 408, 1, 0
35999, 448, 1, 0
36499, 505, 1, 0
37000, 328, 1, 0
37500, 408, 1, 0
38000, 592, 1, 0
38499, 488, 1, 0
39000, 320, 1, 0
39500, 576, 1, 0
40000, 472, 1, 0
40499, 320, 1, 0
40999, 432, 1, 0
41500, 424, 1, 0
42000, 400, 1, 0
42500, 488, 1, 0
42999, 392, 1, 0
43499, 729, 1, 0
44000, 328, 1, 0
44500, 440, 1, 0
45000, 448, 1, 0
45499, 416, 1, 0
45999, 384, 1, 0
46500, 488, 1, 0
47000, 512, 1, 0
47500, 456, 1, 0
47999, 569, 1, 0
48499, 392, 1, 0
49000, 512, 1, 0
49500, 504, 1, 0
50000, 328, 1, 0
50499, 569, 1, 0
50999, 456, 1, 0
51500, 440, 1, 0
52000, 328, 1, 0
52500, 480, 1, 0
52999, 328, 1, 0
53500, 496, 1, 0
54000, 472, 1, 0
54500, 512, 1, 0
55000, 472, 1, 0
55499, 400, 1, 0
55999, 456, 1, 0
56500, 392, 1, 0
57000, 488, 1, 0
57499, 513, 1, 0
57999, 344, 1, 0
58500, 448, 1, 0
59000, 432, 1, 0
59500, 376, 1, 0
59999, 440, 1, 0
