512, 30938477, 1, 0
1014, 29880881, 1, 0
1509, 31240688, 1, 0
2018, 35362910, 1, 0
2525, 35979043, 1, 0
3014, 35307669, 1, 0
3511, 30959207, 1, 0
4009, 33746259, 1, 0
4521, 32591721, 1, 0
5007, 35443692, 1, 0
5500, 35078139, 1, 0
6009, 29634545, 1, 0
6505, 35176463, 1, 0
7002, 32977427, 1, 0
7507, 33168238, 1, 0
8021, 30656493, 1, 0
8515, 33339178, 1, 0
9001, 34503551, 1, 0
9501, 37242542, 1, 0
10001, 32374438, 1, 0
10503, 30581343, 1, 0
11001, 35756283, 1, 0
11508, 34933921, 1, 0
12017, 35310929, 1, 0
12510, 34386103, 1, 0
13012, 30338548, 1, 0
13517, 31094689, 1, 0
14017, 32288090, 1, 0
14506, 32710683, 1, 0
15008, 30311204, 1, 0
15522, 29067030, 1, 0
16002, 31654785, 1, 0
16508, 35979680, 1, 0
17000, 31050658, 1, 0
17506, 34047217, 1, 0
18020, 27675280, 1, 0
18517, 27101121, 1, 0
19008, 28706437, 1, 0
19515, 32096284, 1, 0
20004, 31737321, 1, 0
20508, 32536907, 1, 0
21004, 35746820, 1, 0
21521, 29090164, 1, 0
22003, 32639490, 1, 0
22502, 32024377, 1, 0
23022, 31971430, 1, 0
23508, 36089112, 1, 0
24001, 33544197, 1, 0
24508, 36447534, 1, 0
25010, 28109265, 1, 0
25517, 32325822, 1, 0
26004, 29127020, 1, 0
26529, 35801965, 1, 0
27009, 41426053, 1, 0
27500, 31249274, 1, 0
28008, 28664038, 1, 0
28505, 27923471, 1, 0
29005, 36971879, 1, 0
29500, 30712649, 1, 0
30019, 34507782, 1, 0
30515, 37127803, 1, 0
31006, 34161006, 1, 0
31542, 35461206, 1, 0
32000, 29260038, 1, 0
32511, 32724518, 1, 0
33025, 28877827, 1, 0
33506, 31095242, 1, 0
34004, 33767810, 1, 0
34515, 39402440, 1, 0
35017, 31699391, 1, 0
35520, 32517130, 1, 0
36017, 29406645, 1, 0
36524, 28369766, 1, 0
37017, 29103258, 1, 0
37537, 29732857, 1, 0
38001, 34378897, 1, 0
38501, 34424348, 1, 0
39012, 31341895, 1, 0
39502, 30084699, 1, 0
40001, 31448519, 1, 0
40512, 31822107, 1, 0
41012, 30728488, 1, 0
41516, 31644851, 1, 0
42003, 36274427, 1, 0
42515, 36880839, 1, 0
43012, 35033177, 1, 0
43510, 33416781, 1, 0
44006, 35065124, 1, 0
44518, 29038569, 1, 0
45004, 31918428, 1, 0
45503, 31262565, 1, 0
46001, 31658382, 1, 0
46503, 29276502, 1, 0
47012, 30164595, 1, 0
47508, 31468948, 1, 0
48005, 29174587, 1, 0
48509, 27133267, 1, 0
49007, 32546595, 1, 0
49518, 31260884, 1, 0
50009, 30606521, 1, 0
50518, 36214330, 1, 0
51003, 32498543, 1, 0
51509, 39509600, 1, 0
52002, 28671783, 1, 0
52516, 28329454, 1, 0
53015, 32660227, 1, 0
53514, 30501496, 1, 0
54010, 30964710, 1, 0
54510, 33142311, 1, 0
55016, 31922231, 1, 0
55508, 32619451, 1, 0
56003, 28023902, 1, 0
56515, 28889006, 1, 0
57000, 36212574, 1, 0
57513, 33493088, 1, 0
58013, 33837371, 1, 0
58505, 30653710, 1, 0
59016, 36439155, 1, 0
59525, 32289976, 1, 0
60002, 32091817, 1, 0
60027, 43262107, 1, 0
