497, 435, 1, 0
997, 434, 1, 0
1497, 329, 1, 0
1996, 387, 1, 0
2496, 443, 1, 0
2996, 387, 1, 0
3497, 329, 1, 0
3997, 651, 1, 0
4496, 443, 1, 0
4996, 370, 1, 0
5496, 475, 1, 0
5997, 498, 1, 0
6497, 418, 1, 0
6996, 322, 1, 0
7496, 459, 1, 0
7996, 387, 1, 0
8497, 378, 1, 0
8997, 394, 1, 0
9496, 411, 1, 0
9996, 451, 1, 0
10496, 451, 1, 0
10997, 458, 1, 0
11497, 458, 1, 0
11996, 459, 1, 0
12496, 508, 1, 0
12996, 475, 1, 0
13497, 329, 1, 0
13997, 386, 1, 0
14496, 370, 1, 0
14997, 387, 1, 0
15497, 394, 1, 0
15997, 515, 1, 0
16496, 370, 1, 0
16996, 508, 1, 0
17496, 395, 1, 0
17997, 611, 1, 0
18497, 402, 1, 0
18996, 467, 1, 0
19496, 435, 1, 0
19996, 411, 1, 0
20497, 515, 1, 0
20997, 442, 1, 0
21496, 395, 1, 0
21996, 443, 1, 0
22496, 354, 1, 0
22997, 450, 1, 0
23497, 450, 1, 0
23996, 370, 1, 0
24496, 451, 1, 0
24996, 387, 1, 0
25497, 321, 1, 0
25997, 732, 1, 0
26496, 459, 1, 0
26996, 596, 1, 0
27497, 387, 1, 0
27997, 426, 1, 0
28496, 516, 1, 0
28996, 467, 1, 0
29496, 387, 1, 0
29997, 450, 1, 0
30497, 507, 1, 0
30996, 435, 1, 0
31496, 443, 1, 0
31996, 330, 1, 0
32497, 482, 1, 0
32997, 370, 1, 0
33496, 403, 1, 0
33996, 435, 1, 0
34496, 451, 1, 0
34997, 410, 1, 0
35497, 434, 1, 0
35996, 370, 1, 0
36496, 564, 1, 0
36996, 459, 1, 0
37497, 321, 1, 0
37997, 555, 1, 0
38496, 451, 1, 0
38996, 451, 1, 0
39496, 459, 1, 0
39997, 426, 1, 0
40496, 395, 1, 0
40996, 491, 1, 0
41496, 403, 1, 0
41997, 395, 1, 0
42497, 595, 1, 0
42996, 387, 1, 0
43496, 580, 1, 0
43996, 483, 1, 0
44497, 426, 1, 0
44997, 611, 1, 0
45496, 451, 1, 0
45996, 387, 1, 0
46496, 459, 1, 0
46997, 402, 1, 0
47497, 466, 1, 0
47996, 266, 1, 0
48496, 379, 1, 0
48996, 451, 1, 0
49497, 442, 1, 0
49997, 329, 1, 0
50496, 483, 1, 0
50996, 451, 1, 0
51496, 451, 1, 0
51997, 426, 1, 0
52497, 507, 1, 0
52996, 467, 1, 0
53496, 419, 1, 0
53996, 459, 1, 0
54497, 523, 1, 0
54997, 394, 1, 0
55496, 508, 1, 0
55996, 330, 1, 0
56496, 387, 1, 0
56997, 507, 1, 0
57496, 387, 1, 0
57996, 491, 1, 0
58496, 483, 1, 0
58996, 403, 1, 0
59497, 498, 1, 0
59996, 540, 1, 0
