492, 171, 1, 0
991, 725, 1, 0
1491, 773, 1, 0
1991, 268, 1, 0
2491, 782, 1, 0
2991, 488, 1, 0
3491, 439, 1, 0
3991, 521, 1, 0
4491, 529, 1, 0
4991, 114, 1, 0
5491, 448, 1, 0
5991, 325, 1, 0
6491, 456, 1, 0
6991, 627, 1, 0
7491, 521, 1, 0
7991, 260, 1, 0
8491, 480, 1, 0
8991, 521, 1, 0
9491, 415, 1, 0
9991, 521, 1, 0
10491, 521, 1, 0
10991, 260, 1, 0
11491, 260, 1, 0
11991, 391, 1, 0
12491, 358, 1, 0
12991, 325, 1, 0
13491, 203, 1, 0
13991, 439, 1, 0
14491, 382, 1, 0
14991, 529, 1, 0
15491, 521, 1, 0
15991, 448, 1, 0
16491, 521, 1, 0
16991, 219, 1, 0
17491, 668, 1, 0
17991, 268, 1, 0
18491, 366, 1, 0
18991, 480, 1, 0
19491, 521, 1, 0
19991, 488, 1, 0
20491, 782, 1, 0
20991, 773, 1, 0
21491, 276, 1, 0
21991, 464, 1, 0
22492, 513, 1, 0
22991, 268, 1, 0
23491, 456, 1, 0
23991, 236, 1, 0
24492, 610, 1, 0
24991, 358, 1, 0
25491, 366, 1, 0
25991, 260, 1, 0
26491, 480, 1, 0
26991, 521, 1, 0
27491, 472, 1, 0
27991, 521, 1, 0
28491, 358, 1, 0
28991, 782, 1, 0
29491, 456, 1, 0
29991, 334, 1, 0
30491, 448, 1, 0
30991, 472, 1, 0
31491, 374, 1, 0
31991, 187, 1, 0
32491, 521, 1, 0
32991, 782, 1, 0
33491, 439, 1, 0
33991, 488, 1, 0
34491, 342, 1, 0
34991, 488, 1, 0
35500, 512, 1, 0
35992, 391, 1, 0
36491, 521, 1, 0
36991, 187, 1, 0
37491, 716, 1, 0
37992, 464, 1, 0
38491, 448, 1, 0
38991, 423, 1, 0
39491, 382, 1, 0
39992, 448, 1, 0
40491, 285, 1, 0
40991, 480, 1, 0
41491, 415, 1, 0
41992, 464, 1, 0
42491, 521, 1, 0
42991, 464, 1, 0
43491, 456, 1, 0
43992, 300, 1, 0
44491, 260, 1, 0
44991, 782, 1, 0
45491, 325, 1, 0
45992, 342, 1, 0
46491, 301, 1, 0
46991, 488, 1, 0
47491, 268, 1, 0
47992, 439, 1, 0
48491, 431, 1, 0
48991, 782, 1, 0
49491, 382, 1, 0
49992, 780, 1, 0
50491, 366, 1, 0
50991, 268, 1, 0
51491, 399, 1, 0
51992, 341, 1, 0
52491, 472, 1, 0
52991, 627, 1, 0
53491, 521, 1, 0
53992, 1040, 1, 0
54491, 407, 1, 0
54991, 342, 1, 0
55491, 472, 1, 0
55991, 488, 1, 0
56491, 521, 1, 0
56991, 260, 1, 0
57491, 325, 1, 0
57991, 529, 1, 0
58491, 334, 1, 0
58991, 236, 1, 0
59491, 513, 1, 0
59991, 521, 1, 0
