512, 21873, 1, 0
1003, 30267, 1, 0
1503, 32070, 1, 0
2017, 27983, 1, 0
2514, 36995, 1, 0
3004, 23785, 1, 0
3517, 31335, 1, 0
4010, 30419, 1, 0
4510, 20424, 1, 0
5018, 20515, 1, 0
5505, 28678, 1, 0
6008, 23975, 1, 0
6501, 25715, 1, 0
7017, 20135, 1, 0
7503, 23098, 1, 0
8008, 25144, 1, 0
8506, 30583, 1, 0
9002, 28374, 1, 0
9516, 30414, 1, 0
10003, 25144, 1, 0
10510, 23530, 1, 0
11017, 25204, 1, 0
11505, 17447, 1, 0
12005, 20472, 1, 0
12505, 23432, 1, 0
13013, 19015, 1, 0
13503, 27795, 1, 0
14007, 27212, 1, 0
14514, 22017, 1, 0
15013, 28136, 1, 0
15511, 29041, 1, 0
16013, 30643, 1, 0
16511, 23542, 1, 0
17003, 21669, 1, 0
17501, 25085, 1, 0
18009, 21097, 1, 0
18502, 25106, 1, 0
19003, 24389, 1, 0
19512, 22758, 1, 0
20002, 19150, 1, 0
20510, 22745, 1, 0
21018, 23108, 1, 0
21508, 23187, 1, 0
22011, 20664, 1, 0
22502, 27724, 1, 0
23000, 28053, 1, 0
23509, 26216, 1, 0
24000, 26024, 1, 0
24507, 37815, 1, 0
25013, 28521, 1, 0
25505, 25078, 1, 0
26010, 23158, 1, 0
26508, 25593, 1, 0
27006, 22124, 1, 0
27504, 22679, 1, 0
28000, 26021, 1, 0
28505, 21688, 1, 0
29005, 26833, 1, 0
29505, 26321, 1, 0
30006, 26150, 1, 0
30512, 19569, 1, 0
31001, 26257, 1, 0
31503, 26081, 1, 0
32006, 27377, 1, 0
32504, 25962, 1, 0
33006, 22381, 1, 0
33506, 23775, 1, 0
34016, 24208, 1, 0
34505, 29728, 1, 0
35005, 21478, 1, 0
35502, 38718, 1, 0
36004, 31037, 1, 0
36512, 18546, 1, 0
37012, 17498, 1, 0
37501, 23361, 1, 0
38001, 21140, 1, 0
38508, 23211, 1, 0
39007, 29431, 1, 0
39512, 27885, 1, 0
40008, 25210, 1, 0
40506, 24509, 1, 0
41015, 28821, 1, 0
41505, 27039, 1, 0
42008, 29265, 1, 0
42501, 23452, 1, 0
43002, 25713, 1, 0
43512, 23972, 1, 0
44003, 27029, 1, 0
44505, 21282, 1, 0
45001, 23514, 1, 0
45508, 27640, 1, 0
46000, 23850, 1, 0
46502, 23239, 1, 0
47016, 23784, 1, 0
47506, 22008, 1, 0
48018, 24966, 1, 0
48508, 24027, 1, 0
49001, 21225, 1, 0
49505, 21586, 1, 0
50013, 27269, 1, 0
50506, 33662, 1, 0
51015, 28374, 1, 0
51505, 25537, 1, 0
52008, 24453, 1, 0
52517, 34964, 1, 0
53005, 26645, 1, 0
53517, 25808, 1, 0
54001, 24872, 1, 0
54500, 33444, 1, 0
55001, 23459, 1, 0
55511, 23278, 1, 0
56009, 25509, 1, 0
56501, 25052, 1, 0
57002, 24988, 1, 0
57501, 25093, 1, 0
58016, 28218, 1, 0
58512, 25628, 1, 0
59013, 22785, 1, 0
59501, 25202, 1, 0
60011, 23738, 1, 0
