514, 36463456, 1, 0
1017, 29379869, 1, 0
1502, 29033563, 1, 0
2008, 32533049, 1, 0
2520, 30396362, 1, 0
3009, 31345504, 1, 0
3505, 33819570, 1, 0
4002, 31807097, 1, 0
4524, 32092106, 1, 0
5011, 33575332, 1, 0
5511, 37677027, 1, 0
6020, 36026526, 1, 0
6507, 40612245, 1, 0
7005, 40655194, 1, 0
7509, 36464477, 1, 0
8007, 32078360, 1, 0
8508, 32143200, 1, 0
9023, 30026562, 1, 0
9504, 31542222, 1, 0
10014, 29369415, 1, 0
10515, 31938700, 1, 0
11003, 31479233, 1, 0
11500, 33744589, 1, 0
12010, 29758377, 1, 0
12514, 30855424, 1, 0
13015, 30357606, 1, 0
13503, 30459314, 1, 0
14010, 30604225, 1, 0
14502, 33102292, 1, 0
15029, 31448738, 1, 0
15516, 33090412, 1, 0
16023, 34472102, 1, 0
16511, 30181461, 1, 0
17012, 31021030, 1, 0
17518, 34668180, 1, 0
18023, 33824898, 1, 0
18511, 29805092, 1, 0
19002, 33154414, 1, 0
19527, 33285959, 1, 0
20007, 31664137, 1, 0
20511, 36049469, 1, 0
21025, 34088609, 1, 0
21514, 33372934, 1, 0
22005, 28382565, 1, 0
22527, 31076737, 1, 0
23017, 28279071, 1, 0
23503, 35358840, 1, 0
24012, 31482894, 1, 0
24520, 31066206, 1, 0
25013, 36385485, 1, 0
25501, 38346407, 1, 0
26016, 28446499, 1, 0
26506, 31757421, 1, 0
27011, 31739516, 1, 0
27525, 30752265, 1, 0
28000, 26111992, 1, 0
28507, 30964830, 1, 0
29000, 36973136, 1, 0
29511, 31608014, 1, 0
30022, 34295275, 1, 0
30510, 33305161, 1, 0
31018, 32426525, 1, 0
31536, 33399756, 1, 0
32003, 28007649, 1, 0
32513, 32421914, 1, 0
33013, 28263162, 1, 0
33508, 30067455, 1, 0
34025, 35839114, 1, 0
34508, 35419586, 1, 0
35000, 32509627, 1, 0
35513, 30825832, 1, 0
36011, 26281859, 1, 0
36500, 30578626, 1, 0
37011, 32143168, 1, 0
37505, 33211088, 1, 0
38012, 32749573, 1, 0
38505, 30206613, 1, 0
39005, 32157606, 1, 0
39505, 31831984, 1, 0
40004, 31116171, 1, 0
40516, 29857936, 1, 0
41023, 34605843, 1, 0
41529, 30173774, 1, 0
42015, 35136788, 1, 0
42527, 28921257, 1, 0
43007, 33087940, 1, 0
43504, 34332212, 1, 0
44000, 27773877, 1, 0
44512, 29675515, 1, 0
45000, 34482226, 1, 0
45525, 31807687, 1, 0
46004, 34366413, 1, 0
46505, 29828266, 1, 0
47006, 32002993, 1, 0
47512, 31906924, 1, 0
48009, 30779570, 1, 0
48513, 28557298, 1, 0
49018, 34808165, 1, 0
49520, 30649610, 1, 0
50021, 36251056, 1, 0
50502, 34236226, 1, 0
51015, 31852350, 1, 0
51504, 35324391, 1, 0
52031, 36445894, 1, 0
52500, 29177646, 1, 0
53018, 34573986, 1, 0
53502, 30887838, 1, 0
54005, 35088702, 1, 0
54512, 33956032, 1, 0
55028, 29638719, 1, 0
55511, 36597446, 1, 0
56015, 31718311, 1, 0
56526, 27997270, 1, 0
57013, 31991266, 1, 0
57500, 31173217, 1, 0
58006, 32707864, 1, 0
58517, 32484807, 1, 0
59002, 32777552, 1, 0
59509, 35690366, 1, 0
60005, 28872372, 1, 0
60030, 48753487, 1, 0
