505, 8740545, 1, 0
1010, 10684790, 1, 0
1501, 10020166, 1, 0
2009, 10567985, 1, 0
2505, 11510796, 1, 0
3008, 10701877, 1, 0
3509, 10007546, 1, 0
4004, 10288428, 1, 0
4505, 9456426, 1, 0
5008, 10257674, 1, 0
5502, 9475566, 1, 0
6017, 9533815, 1, 0
6507, 10631028, 1, 0
7004, 9204732, 1, 0
7508, 10937705, 1, 0
8006, 9389719, 1, 0
8503, 9538714, 1, 0
9001, 11050049, 1, 0
9500, 10168610, 1, 0
10001, 9455866, 1, 0
10508, 11502934, 1, 0
11009, 9801485, 1, 0
11501, 10941056, 1, 0
12003, 9273510, 1, 0
12504, 9615469, 1, 0
13007, 10695807, 1, 0
13501, 9683858, 1, 0
14009, 9565524, 1, 0
14504, 13014632, 1, 0
15003, 9987979, 1, 0
15500, 9352791, 1, 0
16003, 11431103, 1, 0
16509, 10323745, 1, 0
17010, 10641979, 1, 0
17507, 10563274, 1, 0
18006, 9770740, 1, 0
18502, 12087682, 1, 0
19004, 11674685, 1, 0
19508, 9309822, 1, 0
20012, 12279874, 1, 0
20504, 11175039, 1, 0
21008, 10286126, 1, 0
21501, 9648697, 1, 0
22000, 9783455, 1, 0
22501, 10200922, 1, 0
23001, 9425567, 1, 0
23503, 9456847, 1, 0
24005, 10688546, 1, 0
24505, 9408186, 1, 0
25002, 9549221, 1, 0
25504, 10676853, 1, 0
26002, 9371472, 1, 0
26535, 13674668, 1, 0
27010, 11027448, 1, 0
27504, 10508112, 1, 0
28006, 11131948, 1, 0
28503, 10356976, 1, 0
29005, 9461896, 1, 0
29505, 13879440, 1, 0
30005, 10859008, 1, 0
30503, 9555970, 1, 0
31001, 9383270, 1, 0
31501, 9424017, 1, 0
32012, 9631845, 1, 0
32500, 9746503, 1, 0
33004, 9680898, 1, 0
33509, 10508403, 1, 0
34007, 9563238, 1, 0
34501, 9490755, 1, 0
35007, 11764155, 1, 0
35507, 9788837, 1, 0
36017, 11582582, 1, 0
36509, 11184786, 1, 0
37009, 10616009, 1, 0
37501, 10923657, 1, 0
38006, 10088384, 1, 0
38506, 9255391, 1, 0
39006, 10614532, 1, 0
39504, 9569050, 1, 0
40058, 11300414, 1, 0
40507, 9152877, 1, 0
41003, 9341443, 1, 0
41502, 11880969, 1, 0
42003, 9433304, 1, 0
42500, 9549773, 1, 0
43009, 14971196, 1, 0
43505, 11800003, 1, 0
44002, 9536270, 1, 0
44508, 11511127, 1, 0
45003, 9868146, 1, 0
45562, 12418170, 1, 0
46001, 11264783, 1, 0
46508, 9913557, 1, 0
47009, 9269799, 1, 0
47505, 9715152, 1, 0
48001, 9529579, 1, 0
48500, 11878733, 1, 0
49000, 9426210, 1, 0
49500, 9418961, 1, 0
50009, 13026836, 1, 0
50508, 9974233, 1, 0
51040, 11301228, 1, 0
51502, 10748257, 1, 0
52006, 10487648, 1, 0
52501, 10989237, 1, 0
53007, 10523005, 1, 0
53506, 9407512, 1, 0
54010, 13991409, 1, 0
54505, 10761597, 1, 0
55001, 9520168, 1, 0
55502, 10650823, 1, 0
56016, 9500632, 1, 0
56516, 13153152, 1, 0
57006, 9066917, 1, 0
57506, 9597402, 1, 0
58002, 11270144, 1, 0
58507, 10507370, 1, 0
59005, 9756998, 1, 0
59509, 11991969, 1, 0
60009, 10412960, 1, 0
