496, 2, 1, 0
995, 109, 1, 0
1496, 193, 1, 0
1996, 129, 1, 0
2495, 117, 1, 0
2995, 129, 1, 0
3496, 92, 1, 0
3996, 64, 1, 0
4495, 193, 1, 0
4995, 121, 1, 0
5496, 127, 1, 0
5996, 131, 1, 0
6495, 129, 1, 0
6995, 119, 1, 0
7496, 129, 1, 0
7996, 137, 1, 0
8495, 119, 1, 0
8995, 64, 1, 0
9496, 98, 1, 0
9996, 76, 1, 0
10495, 78, 1, 0
10995, 90, 1, 0
11496, 129, 1, 0
11996, 76, 1, 0
12495, 64, 1, 0
12995, 103, 1, 0
13496, 94, 1, 0
13996, 82, 1, 0
14495, 115, 1, 0
14995, 129, 1, 0
15496, 137, 1, 0
15996, 62, 1, 0
16495, 115, 1, 0
16995, 193, 1, 0
17496, 129, 1, 0
17996, 112, 1, 0
18495, 129, 1, 0
18995, 94, 1, 0
19496, 64, 1, 0
19996, 100, 1, 0
20495, 129, 1, 0
20995, 80, 1, 0
21496, 118, 1, 0
21996, 151, 1, 0
22496, 129, 1, 0
22995, 115, 1, 0
23496, 64, 1, 0
23996, 90, 1, 0
24496, 102, 1, 0
24995, 129, 1, 0
25496, 129, 1, 0
25996, 108, 1, 0
26495, 129, 1, 0
26995, 129, 1, 0
27496, 76, 1, 0
27996, 129, 1, 0
28495, 129, 1, 0
28995, 64, 1, 0
29496, 102, 1, 0
29996, 92, 1, 0
30495, 129, 1, 0
30995, 121, 1, 0
31496, 102, 1, 0
31996, 191, 1, 0
32495, 129, 1, 0
32995, 119, 1, 0
33496, 185, 1, 0
33996, 102, 1, 0
34495, 105, 1, 0
34995, 115, 1, 0
35495, 98, 1, 0
35996, 131, 1, 0
36495, 193, 1, 0
36996, 106, 1, 0
37496, 90, 1, 0
37996, 88, 1, 0
38495, 121, 1, 0
38996, 64, 1, 0
39496, 129, 1, 0
39996, 129, 1, 0
40495, 119, 1, 0
40996, 74, 1, 0
41496, 102, 1, 0
41996, 108, 1, 0
42495, 129, 1, 0
42996, 129, 1, 0
43496, 163, 1, 0
43996, 127, 1, 0
44495, 66, 1, 0
44996, 129, 1, 0
45496, 179, 1, 0
45996, 114, 1, 0
46495, 105, 1, 0
46996, 92, 1, 0
47496, 92, 1, 0
47996, 108, 1, 0
48495, 107, 1, 0
48996, 129, 1, 0
49496, 127, 1, 0
49996, 66, 1, 0
50495, 131, 1, 0
50996, 104, 1, 0
51496, 129, 1, 0
51996, 129, 1, 0
52495, 115, 1, 0
52996, 129, 1, 0
53496, 145, 1, 0
53996, 60, 1, 0
54495, 94, 1, 0
54996, 129, 1, 0
55496, 129, 1, 0
55995, 129, 1, 0
56495, 117, 1, 0
56996, 129, 1, 0
57496, 88, 1, 0
57995, 103, 1, 0
58495, 109, 1, 0
58996, 118, 1, 0
59496, 74, 1, 0
59995, 90, 1, 0
