509, 10301988, 1, 0
1091, 7840079, 1, 0
1580, 12681688, 1, 0
2143, 8700794, 1, 0
2553, 8067407, 1, 0
3101, 7894210, 1, 0
3675, 8599821, 1, 0
4072, 8413540, 1, 0
4504, 7868780, 1, 0
5073, 9295172, 1, 0
5628, 9697498, 1, 0
6184, 10200104, 1, 0
6584, 11263496, 1, 0
7142, 9239027, 1, 0
7516, 6202774, 1, 0
8088, 8904419, 1, 0
8653, 9465509, 1, 0
9035, 10853892, 1, 0
9590, 9967369, 1, 0
10141, 9875361, 1, 0
10573, 7169196, 1, 0
11014, 8069581, 1, 0
11544, 8316596, 1, 0
12080, 6973940, 1, 0
12634, 10008649, 1, 0
13170, 7278695, 1, 0
13525, 9895380, 1, 0
14104, 7760702, 1, 0
14608, 11376724, 1, 0
15183, 9900637, 1, 0
15545, 8920451, 1, 0
16088, 9196488, 1, 0
16600, 9348272, 1, 0
17152, 8016628, 1, 0
17511, 6870589, 1, 0
18120, 7302670, 1, 0
18669, 10059221, 1, 0
19000, 10752413, 1, 0
19558, 11549275, 1, 0
20127, 8385299, 1, 0
20517, 6803849, 1, 0
21064, 9875804, 1, 0
21655, 10359498, 1, 0
22005, 9481577, 1, 0
22594, 5009170, 1, 0
23113, 10282882, 1, 0
23687, 8503489, 1, 0
24031, 9555823, 1, 0
24578, 7432714, 1, 0
25000, 5438714, 1, 0
25549, 10283311, 1, 0
26103, 8761627, 1, 0
26511, 7369636, 1, 0
27050, 10097525, 1, 0
27606, 8608047, 1, 0
28122, 9359017, 1, 0
28525, 10377194, 1, 0
29093, 6079161, 1, 0
29653, 10523241, 1, 0
30041, 9073899, 1, 0
30570, 9677232, 1, 0
31155, 6673256, 1, 0
31533, 8759099, 1, 0
32091, 9299924, 1, 0
32657, 8920585, 1, 0
33016, 6385464, 1, 0
33568, 8138508, 1, 0
34003, 8736165, 1, 0
34559, 7728389, 1, 0
35142, 6142510, 1, 0
35515, 7568694, 1, 0
36074, 6306942, 1, 0
36650, 7072536, 1, 0
37045, 7976339, 1, 0
37644, 6813747, 1, 0
38039, 11224697, 1, 0
38596, 8018494, 1, 0
39213, 8937074, 1, 0
39589, 9990706, 1, 0
40184, 6748644, 1, 0
40528, 9549537, 1, 0
41008, 7640001, 1, 0
41585, 8326110, 1, 0
42008, 5019669, 1, 0
42595, 7447542, 1, 0
43170, 7896953, 1, 0
43556, 6843331, 1, 0
44118, 13118682, 1, 0
44661, 10153189, 1, 0
45003, 11545028, 1, 0
45564, 5818230, 1, 0
46155, 6628110, 1, 0
46539, 5024146, 1, 0
47131, 6545001, 1, 0
47521, 9925458, 1, 0
48098, 10855723, 1, 0
48668, 8876781, 1, 0
49038, 10122231, 1, 0
49618, 9219296, 1, 0
50018, 7724513, 1, 0
50563, 5142874, 1, 0
51136, 10744957, 1, 0
51577, 5918928, 1, 0
52162, 5616810, 1, 0
52543, 5859631, 1, 0
53097, 11228831, 1, 0
53516, 7067091, 1, 0
54151, 7829261, 1, 0
54511, 7914417, 1, 0
55099, 7002281, 1, 0
55511, 6609572, 1, 0
56053, 10245216, 1, 0
56581, 8019446, 1, 0
57180, 8208622, 1, 0
57557, 10607049, 1, 0
58107, 10227922, 1, 0
58665, 8434399, 1, 0
59045, 10770847, 1, 0
59615, 8435597, 1, 0
60018, 4440883, 1, 0
