496, 104, 1, 0
996, 96, 1, 0
1496, 129, 1, 0
1996, 98, 1, 0
2496, 94, 1, 0
2995, 119, 1, 0
3495, 98, 1, 0
3995, 113, 1, 0
4495, 103, 1, 0
4996, 98, 1, 0
5496, 98, 1, 0
5996, 102, 1, 0
6496, 94, 1, 0
6996, 102, 1, 0
7496, 110, 1, 0
7996, 104, 1, 0
8496, 92, 1, 0
8996, 102, 1, 0
9496, 114, 1, 0
9995, 98, 1, 0
10495, 121, 1, 0
10995, 111, 1, 0
11496, 105, 1, 0
11996, 108, 1, 0
12496, 112, 1, 0
12996, 112, 1, 0
13496, 114, 1, 0
13996, 104, 1, 0
14496, 104, 1, 0
14996, 104, 1, 0
15496, 96, 1, 0
15996, 98, 1, 0
16496, 84, 1, 0
16995, 103, 1, 0
17495, 107, 1, 0
17995, 88, 1, 0
18495, 119, 1, 0
18996, 104, 1, 0
19496, 106, 1, 0
19996, 110, 1, 0
20496, 108, 1, 0
20996, 106, 1, 0
21496, 90, 1, 0
21996, 104, 1, 0
22496, 112, 1, 0
22996, 112, 1, 0
23496, 98, 1, 0
23996, 114, 1, 0
24495, 107, 1, 0
24995, 105, 1, 0
25495, 113, 1, 0
25995, 113, 1, 0
26496, 125, 1, 0
26996, 96, 1, 0
27496, 104, 1, 0
27996, 120, 1, 0
28496, 125, 1, 0
28996, 92, 1, 0
29496, 94, 1, 0
29996, 108, 1, 0
30496, 127, 1, 0
30995, 98, 1, 0
31495, 98, 1, 0
31995, 113, 1, 0
32495, 105, 1, 0
32996, 112, 1, 0
33496, 135, 1, 0
33996, 114, 1, 0
34496, 96, 1, 0
34996, 102, 1, 0
35496, 114, 1, 0
35996, 120, 1, 0
36496, 108, 1, 0
36996, 90, 1, 0
37496, 120, 1, 0
37996, 88, 1, 0
38496, 102, 1, 0
38995, 105, 1, 0
39495, 107, 1, 0
39995, 129, 1, 0
40495, 111, 1, 0
40996, 122, 1, 0
41496, 116, 1, 0
41996, 80, 1, 0
42496, 118, 1, 0
42996, 106, 1, 0
43496, 114, 1, 0
43996, 125, 1, 0
44496, 125, 1, 0
44996, 120, 1, 0
45496, 133, 1, 0
45996, 110, 1, 0
46495, 115, 1, 0
46995, 111, 1, 0
47495, 107, 1, 0
47995, 113, 1, 0
48496, 114, 1, 0
48996, 80, 1, 0
49496, 122, 1, 0
49996, 96, 1, 0
50496, 135, 1, 0
50996, 98, 1, 0
51496, 110, 1, 0
51996, 104, 1, 0
52496, 114, 1, 0
52995, 107, 1, 0
53495, 117, 1, 0
53995, 129, 1, 0
54495, 94, 1, 0
54996, 96, 1, 0
55496, 106, 1, 0
55996, 104, 1, 0
56496, 118, 1, 0
56996, 120, 1, 0
57496, 106, 1, 0
57996, 110, 1, 0
58496, 106, 1, 0
58996, 98, 1, 0
59496, 102, 1, 0
59996, 112, 1, 0
