493, 470, 1, 0
993, 438, 1, 0
1493, 421, 1, 0
1993, 626, 1, 0
2493, 413, 1, 0
2993, 421, 1, 0
3493, 405, 1, 0
3992, 406, 1, 0
4493, 413, 1, 0
4993, 389, 1, 0
5493, 421, 1, 0
5992, 422, 1, 0
6493, 430, 1, 0
6993, 438, 1, 0
7493, 438, 1, 0
7993, 438, 1, 0
8493, 438, 1, 0
8993, 405, 1, 0
9493, 438, 1, 0
9993, 421, 1, 0
10493, 495, 1, 0
10993, 430, 1, 0
11493, 438, 1, 0
11993, 421, 1, 0
12493, 439, 1, 0
12993, 438, 1, 0
13493, 421, 1, 0
13993, 438, 1, 0
14492, 406, 1, 0
14993, 413, 1, 0
15492, 447, 1, 0
15992, 487, 1, 0
16493, 438, 1, 0
16993, 421, 1, 0
17493, 438, 1, 0
17992, 455, 1, 0
18493, 413, 1, 0
18993, 430, 1, 0
19493, 438, 1, 0
19993, 397, 1, 0
20493, 430, 1, 0
20993, 454, 1, 0
21493, 462, 1, 0
21993, 430, 1, 0
22493, 414, 1, 0
22993, 438, 1, 0
23493, 430, 1, 0
23993, 438, 1, 0
24492, 430, 1, 0
24993, 430, 1, 0
25493, 405, 1, 0
25993, 438, 1, 0
26492, 504, 1, 0
26993, 446, 1, 0
27493, 430, 1, 0
27993, 438, 1, 0
28492, 439, 1, 0
28993, 438, 1, 0
29493, 421, 1, 0
29993, 438, 1, 0
30492, 390, 1, 0
30993, 421, 1, 0
31493, 438, 1, 0
31993, 486, 1, 0
32492, 422, 1, 0
32993, 438, 1, 0
33493, 438, 1, 0
33993, 421, 1, 0
34493, 438, 1, 0
34993, 438, 1, 0
35493, 421, 1, 0
35993, 446, 1, 0
36493, 430, 1, 0
36993, 454, 1, 0
37493, 454, 1, 0
37993, 438, 1, 0
38493, 438, 1, 0
38993, 439, 1, 0
39493, 438, 1, 0
39993, 454, 1, 0
40493, 438, 1, 0
40992, 422, 1, 0
41493, 430, 1, 0
41993, 430, 1, 0
42493, 470, 1, 0
42992, 455, 1, 0
43493, 430, 1, 0
43993, 413, 1, 0
44493, 438, 1, 0
44993, 422, 1, 0
45493, 438, 1, 0
45993, 421, 1, 0
46493, 462, 1, 0
46993, 471, 1, 0
47493, 430, 1, 0
47993, 446, 1, 0
48493, 413, 1, 0
48992, 422, 1, 0
49493, 438, 1, 0
49993, 438, 1, 0
50493, 430, 1, 0
50992, 512, 1, 0
51493, 430, 1, 0
51993, 430, 1, 0
52493, 430, 1, 0
52992, 430, 1, 0
53493, 421, 1, 0
53993, 421, 1, 0
54493, 438, 1, 0
54992, 471, 1, 0
55493, 446, 1, 0
55993, 430, 1, 0
56493, 438, 1, 0
56992, 422, 1, 0
57493, 421, 1, 0
57993, 438, 1, 0
58493, 421, 1, 0
58992, 439, 1, 0
59493, 438, 1, 0
59993, 438, 1, 0
