502, 38224, 1, 0
1012, 26278, 1, 0
1502, 23563, 1, 0
2007, 27788, 1, 0
2505, 37738, 1, 0
3014, 27143, 1, 0
3506, 23652, 1, 0
4017, 33058, 1, 0
4521, 28552, 1, 0
5018, 24644, 1, 0
5513, 20563, 1, 0
6008, 20547, 1, 0
6500, 23925, 1, 0
7007, 23446, 1, 0
7510, 20626, 1, 0
8007, 26862, 1, 0
8505, 28336, 1, 0
9002, 26615, 1, 0
9515, 26089, 1, 0
10002, 22567, 1, 0
10510, 23425, 1, 0
11016, 22586, 1, 0
11504, 21270, 1, 0
12005, 23448, 1, 0
12504, 24315, 1, 0
13003, 26894, 1, 0
13502, 28662, 1, 0
14007, 27699, 1, 0
14503, 22494, 1, 0
15003, 21005, 1, 0
15503, 26743, 1, 0
16003, 24789, 1, 0
16502, 19871, 1, 0
17011, 28595, 1, 0
17508, 24295, 1, 0
18007, 19962, 1, 0
18502, 21786, 1, 0
19001, 24220, 1, 0
19502, 25272, 1, 0
20002, 21971, 1, 0
20500, 28633, 1, 0
21007, 24036, 1, 0
21508, 21988, 1, 0
22000, 30445, 1, 0
22502, 26264, 1, 0
23008, 28055, 1, 0
23517, 23059, 1, 0
24007, 28323, 1, 0
24507, 25431, 1, 0
25002, 23757, 1, 0
25512, 28581, 1, 0
26018, 26427, 1, 0
26500, 25730, 1, 0
27005, 20545, 1, 0
27512, 22004, 1, 0
28018, 16431, 1, 0
28504, 19938, 1, 0
29004, 26179, 1, 0
29513, 25587, 1, 0
30004, 22986, 1, 0
30501, 22661, 1, 0
31000, 19675, 1, 0
31502, 21538, 1, 0
32004, 26149, 1, 0
32504, 20317, 1, 0
33006, 22496, 1, 0
33515, 19025, 1, 0
34006, 19111, 1, 0
34514, 19705, 1, 0
35014, 23485, 1, 0
35501, 25904, 1, 0
36013, 19513, 1, 0
36511, 20067, 1, 0
37011, 22385, 1, 0
37500, 21899, 1, 0
38000, 25316, 1, 0
38507, 30534, 1, 0
39015, 25430, 1, 0
39503, 25978, 1, 0
40007, 18640, 1, 0
40514, 15484, 1, 0
41014, 23674, 1, 0
41516, 20724, 1, 0
42008, 22940, 1, 0
42508, 18639, 1, 0
43010, 21777, 1, 0
43512, 28520, 1, 0
44003, 29804, 1, 0
44512, 24935, 1, 0
45000, 20288, 1, 0
45508, 29142, 1, 0
46000, 25609, 1, 0
46501, 22970, 1, 0
47015, 24784, 1, 0
47506, 25099, 1, 0
48008, 23782, 1, 0
48507, 25388, 1, 0
49000, 23498, 1, 0
49504, 29211, 1, 0
50005, 29227, 1, 0
50514, 23465, 1, 0
51005, 27540, 1, 0
51514, 28599, 1, 0
52007, 31202, 1, 0
52515, 23533, 1, 0
53014, 23928, 1, 0
53507, 27799, 1, 0
54017, 36194, 1, 0
54507, 26216, 1, 0
55000, 23666, 1, 0
55510, 24629, 1, 0
56008, 23940, 1, 0
56509, 26073, 1, 0
57001, 27222, 1, 0
57501, 25108, 1, 0
58008, 21354, 1, 0
58511, 24181, 1, 0
59004, 27225, 1, 0
59500, 24144, 1, 0
60010, 29092, 1, 0
