503, 127298284, 1, 0
1019, 151235636, 1, 0
1520, 168352442, 1, 0
2045, 126236783, 1, 0
2643, 116349724, 1, 0
3036, 191552333, 1, 0
3585, 138123318, 1, 0
4000, 134934139, 1, 0
4591, 152207144, 1, 0
5017, 141959571, 1, 0
5575, 109157132, 1, 0
6150, 129999642, 1, 0
6573, 112264665, 1, 0
7164, 156086610, 1, 0
7519, 189722170, 1, 0
8090, 136391094, 1, 0
8665, 115206734, 1, 0
9039, 129793105, 1, 0
9620, 146160057, 1, 0
10153, 179476724, 1, 0
10551, 191643741, 1, 0
11008, 141666338, 1, 0
11547, 165301648, 1, 0
12092, 173413702, 1, 0
12656, 173578654, 1, 0
13034, 123982422, 1, 0
13556, 135019396, 1, 0
14107, 149511684, 1, 0
14657, 186254747, 1, 0
15040, 133369114, 1, 0
15622, 147823758, 1, 0
16010, 140290347, 1, 0
16509, 104205428, 1, 0
17089, 142370980, 1, 0
17653, 197109771, 1, 0
18030, 212552771, 1, 0
18607, 102992346, 1, 0
19127, 197155376, 1, 0
19504, 138620773, 1, 0
20082, 156447785, 1, 0
20638, 166478122, 1, 0
21012, 139814389, 1, 0
21562, 163180245, 1, 0
22117, 180105715, 1, 0
22513, 141783296, 1, 0
23006, 117692335, 1, 0
23558, 149002588, 1, 0
24070, 157921517, 1, 0
24660, 122388056, 1, 0
25077, 101727452, 1, 0
25646, 142745208, 1, 0
26022, 185447614, 1, 0
26573, 161205807, 1, 0
27129, 174036064, 1, 0
27675, 184621009, 1, 0
28013, 162004456, 1, 0
28639, 123988813, 1, 0
29030, 140273131, 1, 0
29580, 184215591, 1, 0
30136, 179448802, 1, 0
30631, 131046023, 1, 0
31020, 143300878, 1, 0
31563, 144219955, 1, 0
32103, 157821297, 1, 0
32669, 169864811, 1, 0
33019, 161265974, 1, 0
33608, 158879383, 1, 0
34069, 137174332, 1, 0
34628, 117051300, 1, 0
35041, 137150547, 1, 0
35592, 145470091, 1, 0
36096, 181856992, 1, 0
36633, 203490040, 1, 0
37022, 104219251, 1, 0
37636, 123287327, 1, 0
38051, 135564614, 1, 0
38635, 123196665, 1, 0
39037, 182949154, 1, 0
39628, 132525875, 1, 0
40020, 154846666, 1, 0
40568, 120361870, 1, 0
41112, 129329335, 1, 0
41672, 195537976, 1, 0
42098, 124059144, 1, 0
42672, 191381907, 1, 0
43072, 103985569, 1, 0
43503, 115747007, 1, 0
44046, 172343035, 1, 0
44577, 176354698, 1, 0
45116, 177177381, 1, 0
45512, 166210404, 1, 0
46066, 184907929, 1, 0
46586, 171310255, 1, 0
47000, 210771723, 1, 0
47570, 101456903, 1, 0
48137, 195325081, 1, 0
48539, 202307903, 1, 0
49060, 155946418, 1, 0
49640, 167174364, 1, 0
50039, 190824357, 1, 0
50594, 114453521, 1, 0
51123, 117914816, 1, 0
51534, 142758167, 1, 0
52107, 147602326, 1, 0
52500, 172421203, 1, 0
53007, 122410016, 1, 0
53602, 183941147, 1, 0
54019, 139865290, 1, 0
54614, 134164305, 1, 0
55015, 135685396, 1, 0
55650, 123817350, 1, 0
56056, 186516352, 1, 0
56641, 116131650, 1, 0
57028, 115089128, 1, 0
57578, 189434683, 1, 0
58136, 185760995, 1, 0
58521, 135441948, 1, 0
59117, 133652357, 1, 0
59663, 138965627, 1, 0
60011, 185413671, 1, 0
60030, 166621716, 1, 0
