1000, 46, 1, 0
1500, 78, 1, 0
2000, 114, 1, 0
2500, 160, 1, 0
2999, 50, 1, 0
3500, 86, 1, 0
4000, 110, 1, 0
4500, 96, 1, 0
5000, 90, 1, 0
5500, 192, 1, 0
5999, 58, 1, 0
6500, 118, 1, 0
7000, 88, 1, 0
7500, 94, 1, 0
8000, 90, 1, 0
8500, 76, 1, 0
9000, 108, 1, 0
9499, 76, 1, 0
10000, 96, 1, 0
10500, 78, 1, 0
11000, 156, 1, 0
11500, 128, 1, 0
12000, 92, 1, 0
12499, 128, 1, 0
13000, 62, 1, 0
13500, 104, 1, 0
14000, 98, 1, 0
14500, 114, 1, 0
15000, 108, 1, 0
15499, 114, 1, 0
15999, 68, 1, 0
16500, 100, 1, 0
17000, 166, 1, 0
17500, 112, 1, 0
18000, 128, 1, 0
18500, 120, 1, 0
19000, 70, 1, 0
19499, 128, 1, 0
20000, 128, 1, 0
20500, 122, 1, 0
21000, 164, 1, 0
21500, 92, 1, 0
22000, 116, 1, 0
22499, 124, 1, 0
22999, 118, 1, 0
23500, 110, 1, 0
24000, 126, 1, 0
24500, 128, 1, 0
25000, 50, 1, 0
25500, 192, 1, 0
25999, 128, 1, 0
26499, 102, 1, 0
27000, 96, 1, 0
27500, 128, 1, 0
28000, 110, 1, 0
28500, 78, 1, 0
29000, 128, 1, 0
29499, 82, 1, 0
29999, 148, 1, 0
30500, 110, 1, 0
31000, 128, 1, 0
31500, 94, 1, 0
32000, 150, 1, 0
32499, 128, 1, 0
32999, 128, 1, 0
33500, 128, 1, 0
34000, 104, 1, 0
34500, 92, 1, 0
35000, 62, 1, 0
35500, 80, 1, 0
36000, 182, 1, 0
36499, 86, 1, 0
37000, 128, 1, 0
37500, 64, 1, 0
38000, 130, 1, 0
38500, 94, 1, 0
39000, 92, 1, 0
39500, 46, 1, 0
39999, 92, 1, 0
40500, 154, 1, 0
41000, 78, 1, 0
41500, 82, 1, 0
42000, 114, 1, 0
42500, 104, 1, 0
42999, 128, 1, 0
43500, 114, 1, 0
44000, 108, 1, 0
44500, 132, 1, 0
45000, 88, 1, 0
45500, 102, 1, 0
45999, 80, 1, 0
46499, 162, 1, 0
47000, 128, 1, 0
47500, 128, 1, 0
48000, 88, 1, 0
48500, 128, 1, 0
49000, 106, 1, 0
49499, 128, 1, 0
49999, 104, 1, 0
50500, 128, 1, 0
51000, 144, 1, 0
51500, 92, 1, 0
52000, 104, 1, 0
52500, 38, 1, 0
52999, 98, 1, 0
53500, 106, 1, 0
54000, 72, 1, 0
54500, 134, 1, 0
55000, 128, 1, 0
55500, 116, 1, 0
55999, 128, 1, 0
56499, 54, 1, 0
57000, 128, 1, 0
57500, 120, 1, 0
58000, 122, 1, 0
58500, 86, 1, 0
59000, 148, 1, 0
59499, 42, 1, 0
60000, 128, 1, 0
