510, 10627326, 1, 0
1016, 10015234, 1, 0
1631, 9261737, 1, 0
2032, 6812591, 1, 0
2661, 6659510, 1, 0
3063, 7317261, 1, 0
3608, 10129016, 1, 0
4016, 10343682, 1, 0
4615, 11342913, 1, 0
5024, 7327116, 1, 0
5609, 7873660, 1, 0
6175, 9101725, 1, 0
6562, 10869528, 1, 0
7162, 8624464, 1, 0
7534, 6419504, 1, 0
8124, 6649543, 1, 0
8644, 14326063, 1, 0
9017, 8459010, 1, 0
9646, 5154343, 1, 0
10009, 8361272, 1, 0
10596, 10644736, 1, 0
11028, 7866793, 1, 0
11573, 7945022, 1, 0
12125, 8787384, 1, 0
12524, 7169378, 1, 0
13096, 7799173, 1, 0
13644, 9253190, 1, 0
14038, 7594920, 1, 0
14569, 9892843, 1, 0
15174, 8225836, 1, 0
15554, 6885516, 1, 0
16112, 10032842, 1, 0
16654, 10160391, 1, 0
17040, 6864183, 1, 0
17583, 9688867, 1, 0
18158, 7500899, 1, 0
18547, 10975875, 1, 0
19123, 7762629, 1, 0
19503, 6671039, 1, 0
20108, 11449319, 1, 0
20654, 12433210, 1, 0
21034, 6001140, 1, 0
21608, 7774946, 1, 0
22004, 4913249, 1, 0
22549, 12937478, 1, 0
23049, 10738048, 1, 0
23583, 9531035, 1, 0
24106, 9713704, 1, 0
24502, 5014879, 1, 0
25055, 6866769, 1, 0
25587, 8073698, 1, 0
26147, 7152046, 1, 0
26520, 10479910, 1, 0
27050, 12251399, 1, 0
27625, 7756333, 1, 0
28177, 10355736, 1, 0
28564, 10345473, 1, 0
29150, 6740071, 1, 0
29503, 6248680, 1, 0
30087, 10721209, 1, 0
30619, 7486567, 1, 0
31008, 5774140, 1, 0
31551, 10997590, 1, 0
32100, 9923270, 1, 0
32675, 9394008, 1, 0
33045, 10064847, 1, 0
33606, 7696508, 1, 0
34080, 7697187, 1, 0
34672, 7158943, 1, 0
35055, 14772134, 1, 0
35636, 9549902, 1, 0
36017, 4797551, 1, 0
36594, 7562831, 1, 0
37150, 8469787, 1, 0
37541, 11052957, 1, 0
38125, 7703186, 1, 0
38514, 8731095, 1, 0
39112, 8367071, 1, 0
39517, 5205900, 1, 0
40102, 9301803, 1, 0
40595, 12856138, 1, 0
41128, 9813933, 1, 0
41520, 5183743, 1, 0
42102, 8413966, 1, 0
42510, 4216079, 1, 0
43125, 8391833, 1, 0
43537, 7526320, 1, 0
44109, 9050271, 1, 0
44640, 8960823, 1, 0
45161, 9651607, 1, 0
45537, 8070717, 1, 0
46076, 10384685, 1, 0
46669, 5150314, 1, 0
47044, 8694606, 1, 0
47605, 7986674, 1, 0
48003, 9263450, 1, 0
48591, 6793173, 1, 0
49131, 10072080, 1, 0
49506, 5793756, 1, 0
50104, 7371165, 1, 0
50619, 14633544, 1, 0
51191, 7857546, 1, 0
51612, 6662080, 1, 0
52170, 10488798, 1, 0
52553, 7486019, 1, 0
53097, 9587519, 1, 0
53693, 10151056, 1, 0
54098, 7365443, 1, 0
54668, 9195852, 1, 0
55084, 5348604, 1, 0
55658, 9368237, 1, 0
56053, 6267925, 1, 0
56582, 8449431, 1, 0
57171, 8760363, 1, 0
57530, 7785391, 1, 0
58060, 8080034, 1, 0
58645, 8003716, 1, 0
59045, 10664363, 1, 0
59663, 4697593, 1, 0
60007, 8531736, 1, 0
