500, 360, 1, 0
1000, 384, 1, 0
1500, 384, 1, 0
1999, 505, 1, 0
2500, 376, 1, 0
3000, 392, 1, 0
3500, 384, 1, 0
4000, 376, 1, 0
4499, 464, 1, 0
5000, 480, 1, 0
5500, 496, 1, 0
6000, 488, 1, 0
6500, 384, 1, 0
6999, 384, 1, 0
7500, 432, 1, 0
8000, 392, 1, 0
8500, 456, 1, 0
9000, 384, 1, 0
9499, 416, 1, 0
10000, 440, 1, 0
10500, 392, 1, 0
11000, 456, 1, 0
11500, 392, 1, 0
11999, 320, 1, 0
12500, 440, 1, 0
13000, 448, 1, 0
13500, 448, 1, 0
14000, 392, 1, 0
14499, 400, 1, 0
15000, 328, 1, 0
15500, 320, 1, 0
16000, 512, 1, 0
16499, 360, 1, 0
17000, 480, 1, 0
17500, 264, 1, 0
18000, 584, 1, 0
18500, 328, 1, 0
18999, 456, 1, 0
19500, 384, 1, 0
20000, 384, 1, 0
20500, 376, 1, 0
21000, 520, 1, 0
21499, 384, 1, 0
22000, 320, 1, 0
22500, 552, 1, 0
23000, 384, 1, 0
23500, 624, 1, 0
23999, 440, 1, 0
24500, 440, 1, 0
25000, 328, 1, 0
25500, 512, 1, 0
26000, 560, 1, 0
26499, 320, 1, 0
27000, 440, 1, 0
27500, 448, 1, 0
28000, 392, 1, 0
28499, 368, 1, 0
29000, 513, 1, 0
29500, 448, 1, 0
30000, 424, 1, 0
30500, 592, 1, 0
30999, 368, 1, 0
31500, 448, 1, 0
32000, 448, 1, 0
32500, 568, 1, 0
33000, 472, 1, 0
33499, 464, 1, 0
34000, 320, 1, 0
34500, 504, 1, 0
35000, 472, 1, 0
35500, 504, 1, 0
35999, 432, 1, 0
36500, 456, 1, 0
37000, 480, 1, 0
37500, 496, 1, 0
38000, 584, 1, 0
38499, 505, 1, 0
39000, 328, 1, 0
39500, 512, 1, 0
40000, 384, 1, 0
40499, 464, 1, 0
40999, 376, 1, 0
41500, 384, 1, 0
42000, 448, 1, 0
42500, 512, 1, 0
42999, 424, 1, 0
43500, 577, 1, 0
44000, 384, 1, 0
44500, 408, 1, 0
45000, 384, 1, 0
45499, 384, 1, 0
46000, 384, 1, 0
46500, 512, 1, 0
47000, 464, 1, 0
47500, 400, 1, 0
47999, 384, 1, 0
48500, 456, 1, 0
49000, 520, 1, 0
49500, 360, 1, 0
50000, 456, 1, 0
50499, 513, 1, 0
51000, 320, 1, 0
51500, 560, 1, 0
52000, 376, 1, 0
52500, 416, 1, 0
52999, 440, 1, 0
53500, 536, 1, 0
54000, 352, 1, 0
54500, 448, 1, 0
55000, 512, 1, 0
55499, 456, 1, 0
56000, 448, 1, 0
56500, 384, 1, 0
57000, 416, 1, 0
57499, 416, 1, 0
57999, 448, 1, 0
58500, 448, 1, 0
59000, 392, 1, 0
59500, 480, 1, 0
59999, 464, 1, 0
