595, 9339617, 1, 0
1141, 8144979, 1, 0
1602, 12125528, 1, 0
2088, 11573333, 1, 0
2577, 7633181, 1, 0
3040, 8124328, 1, 0
3564, 13083028, 1, 0
4035, 7356535, 1, 0
4526, 15345239, 1, 0
5129, 7169323, 1, 0
5611, 9101725, 1, 0
6047, 7772597, 1, 0
6555, 9967429, 1, 0
7021, 11087450, 1, 0
7674, 10697102, 1, 0
8086, 7232285, 1, 0
8539, 9429559, 1, 0
9036, 12404084, 1, 0
9529, 10713766, 1, 0
10000, 11493368, 1, 0
10680, 7992949, 1, 0
11146, 15540632, 1, 0
11584, 6825663, 1, 0
12030, 6972769, 1, 0
12703, 11212178, 1, 0
13147, 6935062, 1, 0
13570, 6601956, 1, 0
14075, 12621870, 1, 0
14528, 7537938, 1, 0
15265, 7836983, 1, 0
15525, 8129734, 1, 0
16034, 11842507, 1, 0
16656, 9006706, 1, 0
17051, 8218954, 1, 0
17741, 13796312, 1, 0
18250, 9423340, 1, 0
18508, 11224867, 1, 0
19239, 7851870, 1, 0
19720, 7508053, 1, 0
20219, 8908579, 1, 0
20677, 8984895, 1, 0
21056, 6876525, 1, 0
21702, 12190815, 1, 0
22171, 16150640, 1, 0
22647, 8657428, 1, 0
23067, 7371528, 1, 0
23526, 12069120, 1, 0
24155, 10305309, 1, 0
24580, 8485443, 1, 0
25070, 7660570, 1, 0
25535, 10104172, 1, 0
26001, 8027970, 1, 0
26626, 6500908, 1, 0
27054, 6682039, 1, 0
27545, 9442657, 1, 0
28187, 10527818, 1, 0
28600, 8249344, 1, 0
29065, 7258735, 1, 0
29518, 10540096, 1, 0
30180, 10843452, 1, 0
30620, 9566297, 1, 0
31065, 6942827, 1, 0
31533, 8197858, 1, 0
32007, 20597913, 1, 0
32759, 7829907, 1, 0
33009, 10905498, 1, 0
33526, 8073491, 1, 0
34189, 12496829, 1, 0
34660, 7348914, 1, 0
35092, 15442950, 1, 0
35580, 7619955, 1, 0
36020, 8967837, 1, 0
36530, 13077814, 1, 0
37053, 11125422, 1, 0
37580, 8223785, 1, 0
38004, 6957659, 1, 0
38680, 8553573, 1, 0
39179, 7795858, 1, 0
39657, 14470373, 1, 0
40073, 9905694, 1, 0
40718, 8589162, 1, 0
41076, 5592454, 1, 0
41548, 15208833, 1, 0
42192, 12393394, 1, 0
42649, 19863567, 1, 0
43157, 9931049, 1, 0
43616, 8999925, 1, 0
44040, 6615908, 1, 0
44660, 10876642, 1, 0
45121, 10487432, 1, 0
45529, 8153918, 1, 0
46020, 11664173, 1, 0
46650, 6563122, 1, 0
47094, 9435786, 1, 0
47621, 8238234, 1, 0
48142, 15300907, 1, 0
48633, 8051477, 1, 0
49109, 7429574, 1, 0
49627, 8936792, 1, 0
50109, 7525902, 1, 0
50535, 6650463, 1, 0
51183, 8876582, 1, 0
51580, 8096476, 1, 0
52022, 9197483, 1, 0
52697, 8223036, 1, 0
53164, 8977983, 1, 0
53637, 11242334, 1, 0
54108, 7474118, 1, 0
54505, 7779658, 1, 0
55163, 9397770, 1, 0
55635, 14286105, 1, 0
56112, 7459141, 1, 0
56597, 11006070, 1, 0
57121, 11153635, 1, 0
57558, 6820390, 1, 0
58180, 8513013, 1, 0
58624, 19297622, 1, 0
59203, 8046537, 1, 0
59638, 19740926, 1, 0
60016, 5915784, 1, 0
