561, 57169232, 1, 0
1020, 60957465, 1, 0
1542, 64275701, 1, 0
2016, 82503350, 1, 0
2543, 70070393, 1, 0
3060, 76990807, 1, 0
3506, 75519471, 1, 0
4013, 86006040, 1, 0
4518, 75956857, 1, 0
5036, 53794445, 1, 0
5508, 72029406, 1, 0
6009, 54217254, 1, 0
6564, 67373193, 1, 0
7013, 78834504, 1, 0
7550, 85651836, 1, 0
8015, 73591963, 1, 0
8521, 60252285, 1, 0
9060, 80699761, 1, 0
9577, 75473638, 1, 0
10019, 81543774, 1, 0
10513, 68387689, 1, 0
11039, 79946934, 1, 0
11554, 75810104, 1, 0
12052, 90766982, 1, 0
12512, 70832461, 1, 0
13051, 52840661, 1, 0
13558, 77650584, 1, 0
14014, 54536940, 1, 0
14566, 60932854, 1, 0
15073, 63236450, 1, 0
15502, 64524073, 1, 0
16044, 67592730, 1, 0
16538, 86842678, 1, 0
17072, 71623906, 1, 0
17506, 70440569, 1, 0
18009, 64919751, 1, 0
18528, 69613520, 1, 0
19059, 66270255, 1, 0
19536, 61348189, 1, 0
20008, 67951442, 1, 0
20546, 68014947, 1, 0
21024, 54804479, 1, 0
21573, 58337553, 1, 0
22028, 58683436, 1, 0
22553, 59562211, 1, 0
23009, 67335512, 1, 0
23508, 59220256, 1, 0
24066, 62392142, 1, 0
24514, 64483702, 1, 0
25015, 90026814, 1, 0
25532, 67737620, 1, 0
26013, 55089517, 1, 0
26514, 90698961, 1, 0
27006, 93495343, 1, 0
27544, 61311463, 1, 0
28046, 91980040, 1, 0
28580, 63609315, 1, 0
29006, 74243964, 1, 0
29517, 75505439, 1, 0
30069, 63714677, 1, 0
30500, 59532270, 1, 0
31016, 68029462, 1, 0
31511, 57051109, 1, 0
32004, 75174375, 1, 0
32516, 57257618, 1, 0
33008, 74456865, 1, 0
33537, 69774265, 1, 0
34007, 61426367, 1, 0
34558, 61780395, 1, 0
35077, 57079382, 1, 0
35500, 74565407, 1, 0
36007, 79461167, 1, 0
36500, 67499066, 1, 0
37018, 77615849, 1, 0
37503, 87489985, 1, 0
38036, 49145309, 1, 0
38502, 59491714, 1, 0
39082, 45024007, 1, 0
39535, 61837794, 1, 0
40056, 69490257, 1, 0
40550, 75298415, 1, 0
41021, 43986746, 1, 0
41502, 52709304, 1, 0
42005, 67566979, 1, 0
42558, 53523537, 1, 0
43081, 63551971, 1, 0
43542, 58293114, 1, 0
44072, 65507858, 1, 0
44512, 75308649, 1, 0
45048, 54088435, 1, 0
45510, 79812606, 1, 0
46004, 64920945, 1, 0
46508, 63158354, 1, 0
47007, 92140453, 1, 0
47511, 57109489, 1, 0
48059, 71029089, 1, 0
48559, 73372705, 1, 0
49007, 60031641, 1, 0
49551, 61158149, 1, 0
50001, 73713525, 1, 0
50544, 65237073, 1, 0
51036, 65077672, 1, 0
51513, 53307293, 1, 0
52003, 74135268, 1, 0
52513, 73510257, 1, 0
53011, 62154407, 1, 0
53511, 63617578, 1, 0
54084, 68856607, 1, 0
54518, 82325802, 1, 0
55008, 64313624, 1, 0
55530, 52362051, 1, 0
56049, 94812576, 1, 0
56542, 72518777, 1, 0
57006, 67852836, 1, 0
57576, 65094181, 1, 0
58003, 74836704, 1, 0
58571, 66498410, 1, 0
59010, 68300327, 1, 0
59529, 66704954, 1, 0
60012, 62242589, 1, 0
60032, 58959284, 1, 0
