595, 11290391, 1, 0
1150, 6167155, 1, 0
1603, 8384394, 1, 0
2097, 10079134, 1, 0
2614, 9224312, 1, 0
3084, 7965100, 1, 0
3600, 8057361, 1, 0
4062, 7702268, 1, 0
4560, 7765175, 1, 0
5194, 10398686, 1, 0
5668, 10293412, 1, 0
6105, 8732205, 1, 0
6619, 8036822, 1, 0
7081, 7210286, 1, 0
7718, 9233052, 1, 0
8128, 10226601, 1, 0
8587, 12093693, 1, 0
9115, 8376611, 1, 0
9559, 7923337, 1, 0
10021, 13996279, 1, 0
10655, 9900308, 1, 0
11086, 12295881, 1, 0
11544, 7154531, 1, 0
12207, 8390418, 1, 0
12675, 9172936, 1, 0
13110, 7123600, 1, 0
13535, 10895363, 1, 0
14050, 12856916, 1, 0
14519, 8376975, 1, 0
15274, 9313464, 1, 0
15526, 10484572, 1, 0
16008, 12056527, 1, 0
16640, 6583294, 1, 0
17034, 6137660, 1, 0
17732, 7273109, 1, 0
18233, 8769200, 1, 0
18741, 7946813, 1, 0
19203, 7212807, 1, 0
19684, 8283496, 1, 0
20183, 9779720, 1, 0
20641, 9550090, 1, 0
21026, 6625815, 1, 0
21654, 9815371, 1, 0
22133, 9573557, 1, 0
22621, 8398424, 1, 0
23040, 9114824, 1, 0
23518, 12899189, 1, 0
24108, 19052052, 1, 0
24554, 6953419, 1, 0
25051, 7762736, 1, 0
25527, 15348942, 1, 0
26198, 7712426, 1, 0
26628, 7528555, 1, 0
27046, 6534421, 1, 0
27546, 11102751, 1, 0
28207, 9721687, 1, 0
28651, 8875120, 1, 0
29095, 10567595, 1, 0
29544, 9548103, 1, 0
30195, 10007193, 1, 0
30642, 14410064, 1, 0
31086, 10101011, 1, 0
31542, 7109109, 1, 0
32015, 7393997, 1, 0
32515, 10410026, 1, 0
33018, 11172489, 1, 0
33518, 16652675, 1, 0
34171, 12087620, 1, 0
34651, 11705695, 1, 0
35082, 10258426, 1, 0
35571, 7642812, 1, 0
36020, 9141019, 1, 0
36521, 8955668, 1, 0
37027, 18712034, 1, 0
37554, 9404586, 1, 0
38209, 7990050, 1, 0
38680, 16236285, 1, 0
39161, 7512905, 1, 0
39629, 14159738, 1, 0
40055, 8707909, 1, 0
40729, 8417866, 1, 0
41090, 8203608, 1, 0
41548, 7155819, 1, 0
42230, 10021983, 1, 0
42676, 6957707, 1, 0
43185, 10833874, 1, 0
43662, 9166254, 1, 0
44070, 15089566, 1, 0
44669, 9824367, 1, 0
45142, 8600127, 1, 0
45567, 11176614, 1, 0
46050, 11218843, 1, 0
46660, 6353291, 1, 0
47113, 9637232, 1, 0
47613, 7796561, 1, 0
48104, 11410176, 1, 0
48594, 7667738, 1, 0
49073, 7479820, 1, 0
49590, 8071940, 1, 0
50083, 7693772, 1, 0
50518, 6801305, 1, 0
51136, 11650067, 1, 0
51516, 8444092, 1, 0
52171, 11279750, 1, 0
52626, 22743369, 1, 0
53126, 7810468, 1, 0
53564, 6841401, 1, 0
54034, 14252732, 1, 0
54613, 6348814, 1, 0
55098, 7583209, 1, 0
55567, 8211914, 1, 0
56055, 7628009, 1, 0
56533, 12247087, 1, 0
57031, 13817735, 1, 0
57521, 8599530, 1, 0
58141, 10333596, 1, 0
58576, 8364284, 1, 0
59195, 6435526, 1, 0
59613, 14924093, 1, 0
60008, 6171619, 1, 0
