501, 30823, 1, 0
1011, 38403, 1, 0
1501, 32265, 1, 0
2006, 30604, 1, 0
2504, 31878, 1, 0
3014, 26634, 1, 0
3505, 24388, 1, 0
4008, 31359, 1, 0
4508, 26579, 1, 0
5007, 31806, 1, 0
5503, 30186, 1, 0
6015, 33493, 1, 0
6507, 18794, 1, 0
7006, 20823, 1, 0
7510, 23334, 1, 0
8015, 21073, 1, 0
8517, 21560, 1, 0
9010, 23917, 1, 0
9523, 23214, 1, 0
10002, 25296, 1, 0
10517, 20633, 1, 0
11007, 24771, 1, 0
11502, 27322, 1, 0
12004, 25992, 1, 0
12511, 28483, 1, 0
13002, 23815, 1, 0
13502, 28626, 1, 0
14006, 29575, 1, 0
14502, 23188, 1, 0
15001, 25076, 1, 0
15502, 29713, 1, 0
16002, 27410, 1, 0
16501, 22793, 1, 0
17011, 29406, 1, 0
17516, 23637, 1, 0
18006, 22188, 1, 0
18510, 24353, 1, 0
19001, 21580, 1, 0
19501, 27096, 1, 0
20011, 30426, 1, 0
20500, 19529, 1, 0
21006, 26181, 1, 0
21517, 21707, 1, 0
22000, 21001, 1, 0
22501, 23159, 1, 0
23007, 27462, 1, 0
23516, 23149, 1, 0
24006, 23521, 1, 0
24514, 23906, 1, 0
25001, 28721, 1, 0
25511, 24907, 1, 0
26017, 22157, 1, 0
26507, 24844, 1, 0
27004, 20993, 1, 0
27511, 21956, 1, 0
28017, 23692, 1, 0
28503, 19361, 1, 0
29003, 26730, 1, 0
29512, 19880, 1, 0
30003, 21258, 1, 0
30500, 26965, 1, 0
31009, 30627, 1, 0
31510, 26313, 1, 0
32013, 21069, 1, 0
32503, 29343, 1, 0
33005, 26214, 1, 0
33513, 26199, 1, 0
34005, 24496, 1, 0
34514, 27829, 1, 0
35004, 35238, 1, 0
35500, 34902, 1, 0
36002, 32411, 1, 0
36500, 26132, 1, 0
37011, 31902, 1, 0
37508, 25558, 1, 0
38017, 24837, 1, 0
38506, 29378, 1, 0
39006, 34891, 1, 0
39502, 30345, 1, 0
40016, 30644, 1, 0
40505, 30880, 1, 0
41006, 35863, 1, 0
41504, 35559, 1, 0
42007, 39222, 1, 0
42507, 39033, 1, 0
43001, 34439, 1, 0
43502, 40362, 1, 0
44002, 36398, 1, 0
44504, 35290, 1, 0
45000, 38148, 1, 0
45507, 40931, 1, 0
46008, 35088, 1, 0
46501, 38513, 1, 0
47004, 38311, 1, 0
47505, 38522, 1, 0
48008, 43624, 1, 0
48506, 44993, 1, 0
49000, 39912, 1, 0
49503, 45219, 1, 0
50004, 48979, 1, 0
50504, 49479, 1, 0
51005, 41922, 1, 0
51503, 42165, 1, 0
52006, 42403, 1, 0
52504, 35416, 1, 0
53013, 30166, 1, 0
53506, 38721, 1, 0
54016, 34493, 1, 0
54506, 23543, 1, 0
55016, 20007, 1, 0
55509, 22295, 1, 0
56017, 23560, 1, 0
56508, 23959, 1, 0
57000, 22132, 1, 0
57500, 29196, 1, 0
58007, 40788, 1, 0
58502, 40082, 1, 0
59003, 34971, 1, 0
59500, 37963, 1, 0
60009, 38171, 1, 0
