498, 120, 1, 0
998, 481, 1, 0
1499, 384, 1, 0
1999, 376, 1, 0
2499, 480, 1, 0
2999, 368, 1, 0
3499, 384, 1, 0
3999, 513, 1, 0
4499, 480, 1, 0
4998, 353, 1, 0
5498, 433, 1, 0
5999, 384, 1, 0
6499, 513, 1, 0
6999, 360, 1, 0
7499, 408, 1, 0
7999, 272, 1, 0
8499, 488, 1, 0
8999, 392, 1, 0
9498, 337, 1, 0
9998, 530, 1, 0
10498, 377, 1, 0
10999, 521, 1, 0
11499, 384, 1, 0
11999, 488, 1, 0
12499, 384, 1, 0
12999, 456, 1, 0
13499, 344, 1, 0
13999, 513, 1, 0
14498, 385, 1, 0
14998, 449, 1, 0
15498, 361, 1, 0
15999, 400, 1, 0
16499, 505, 1, 0
16999, 513, 1, 0
17499, 312, 1, 0
17999, 216, 1, 0
18498, 650, 1, 0
18998, 449, 1, 0
19498, 506, 1, 0
19999, 593, 1, 0
20499, 496, 1, 0
20999, 376, 1, 0
21499, 448, 1, 0
21999, 400, 1, 0
22499, 376, 1, 0
22999, 529, 1, 0
23498, 345, 1, 0
23998, 441, 1, 0
24498, 425, 1, 0
24999, 641, 1, 0
25499, 264, 1, 0
25999, 392, 1, 0
26499, 505, 1, 0
26999, 256, 1, 0
27499, 384, 1, 0
27998, 546, 1, 0
28498, 425, 1, 0
28998, 433, 1, 0
29499, 432, 1, 0
29999, 392, 1, 0
30499, 384, 1, 0
30999, 601, 1, 0
31499, 384, 1, 0
31999, 529, 1, 0
32498, 345, 1, 0
32998, 257, 1, 0
33498, 481, 1, 0
33999, 416, 1, 0
34499, 585, 1, 0
34999, 408, 1, 0
35499, 601, 1, 0
35999, 456, 1, 0
36499, 368, 1, 0
36998, 297, 1, 0
37498, 497, 1, 0
37998, 457, 1, 0
38499, 513, 1, 0
38999, 432, 1, 0
39499, 384, 1, 0
39999, 336, 1, 0
40499, 200, 1, 0
40999, 553, 1, 0
41499, 641, 1, 0
41998, 385, 1, 0
42498, 506, 1, 0
42998, 337, 1, 0
43499, 400, 1, 0
43999, 384, 1, 0
44499, 392, 1, 0
44999, 384, 1, 0
45499, 384, 1, 0
45999, 513, 1, 0
46498, 626, 1, 0
46998, 232, 1, 0
47498, 642, 1, 0
47999, 384, 1, 0
48499, 521, 1, 0
48999, 376, 1, 0
49499, 488, 1, 0
49999, 505, 1, 0
50499, 496, 1, 0
50998, 417, 1, 0
51498, 465, 1, 0
51999, 689, 1, 0
52499, 384, 1, 0
52999, 344, 1, 0
53499, 505, 1, 0
53999, 537, 1, 0
54499, 464, 1, 0
54999, 312, 1, 0
55498, 634, 1, 0
55998, 522, 1, 0
56498, 457, 1, 0
56999, 256, 1, 0
57499, 496, 1, 0
57999, 505, 1, 0
58499, 553, 1, 0
58999, 384, 1, 0
59499, 633, 1, 0
59999, 521, 1, 0
