499, 296, 1, 0
999, 344, 1, 0
1499, 384, 1, 0
2000, 376, 1, 0
2500, 376, 1, 0
3000, 512, 1, 0
3500, 512, 1, 0
4000, 488, 1, 0
4499, 416, 1, 0
4999, 392, 1, 0
5499, 360, 1, 0
5999, 521, 1, 0
6500, 384, 1, 0
7000, 648, 1, 0
7500, 320, 1, 0
8000, 384, 1, 0
8500, 512, 1, 0
8999, 376, 1, 0
9499, 336, 1, 0
9999, 496, 1, 0
10499, 505, 1, 0
10999, 432, 1, 0
11500, 384, 1, 0
12000, 256, 1, 0
12500, 352, 1, 0
13000, 384, 1, 0
13500, 432, 1, 0
13999, 280, 1, 0
14499, 496, 1, 0
14999, 641, 1, 0
15499, 384, 1, 0
15999, 569, 1, 0
16500, 520, 1, 0
16999, 400, 1, 0
17500, 384, 1, 0
17999, 545, 1, 0
18499, 392, 1, 0
18999, 288, 1, 0
19499, 416, 1, 0
19999, 513, 1, 0
20500, 376, 1, 0
21000, 368, 1, 0
21500, 392, 1, 0
22000, 392, 1, 0
22500, 352, 1, 0
22999, 553, 1, 0
23499, 448, 1, 0
23999, 224, 1, 0
24499, 513, 1, 0
24999, 521, 1, 0
25500, 408, 1, 0
26000, 264, 1, 0
26500, 512, 1, 0
27000, 448, 1, 0
27500, 256, 1, 0
27999, 360, 1, 0
28499, 392, 1, 0
28999, 256, 1, 0
29499, 561, 1, 0
30000, 416, 1, 0
30500, 384, 1, 0
31000, 384, 1, 0
31500, 360, 1, 0
32000, 624, 1, 0
32499, 537, 1, 0
32999, 256, 1, 0
33499, 384, 1, 0
33999, 505, 1, 0
34500, 456, 1, 0
35000, 664, 1, 0
35500, 400, 1, 0
36000, 512, 1, 0
36500, 488, 1, 0
36999, 513, 1, 0
37499, 472, 1, 0
37999, 521, 1, 0
38499, 472, 1, 0
39000, 432, 1, 0
39500, 584, 1, 0
40000, 512, 1, 0
40500, 584, 1, 0
41000, 312, 1, 0
41499, 529, 1, 0
41999, 513, 1, 0
42499, 721, 1, 0
42999, 280, 1, 0
43499, 537, 1, 0
44000, 256, 1, 0
44500, 640, 1, 0
45000, 392, 1, 0
45500, 328, 1, 0
46000, 480, 1, 0
46499, 545, 1, 0
46999, 328, 1, 0
47499, 673, 1, 0
47999, 384, 1, 0
48500, 392, 1, 0
49000, 256, 1, 0
49500, 512, 1, 0
50000, 384, 1, 0
50499, 561, 1, 0
50999, 384, 1, 0
51499, 416, 1, 0
51999, 513, 1, 0
52500, 456, 1, 0
53000, 288, 1, 0
53500, 512, 1, 0
54000, 256, 1, 0
54500, 632, 1, 0
54999, 384, 1, 0
55499, 464, 1, 0
55999, 328, 1, 0
56499, 545, 1, 0
56999, 432, 1, 0
57500, 576, 1, 0
58000, 512, 1, 0
58500, 520, 1, 0
59000, 376, 1, 0
59500, 720, 1, 0
59999, 240, 1, 0
