523, 205352694, 1, 0
1204, 361677525, 1, 0
1657, 396937387, 1, 0
2177, 361686998, 1, 0
2643, 429441361, 1, 0
3179, 250351639, 1, 0
3736, 446117814, 1, 0
4019, 378847058, 1, 0
4616, 329185352, 1, 0
5178, 199568592, 1, 0
5722, 388715712, 1, 0
6011, 317572667, 1, 0
6568, 279266332, 1, 0
7059, 337741634, 1, 0
7567, 399654572, 1, 0
8120, 318134348, 1, 0
8694, 333308060, 1, 0
9185, 289634182, 1, 0
9673, 342856709, 1, 0
10228, 306128289, 1, 0
10519, 232532723, 1, 0
11056, 292267386, 1, 0
11617, 342689952, 1, 0
12186, 302291159, 1, 0
12721, 414226760, 1, 0
13238, 300010281, 1, 0
13579, 387085256, 1, 0
14136, 246703852, 1, 0
14695, 258817813, 1, 0
15220, 187542175, 1, 0
15706, 344137465, 1, 0
16001, 317235861, 1, 0
16512, 249659498, 1, 0
17075, 290420361, 1, 0
17567, 345379154, 1, 0
18106, 286702307, 1, 0
18629, 258769189, 1, 0
19189, 273753470, 1, 0
19726, 178686544, 1, 0
20008, 322716359, 1, 0
20513, 219076472, 1, 0
21006, 309475680, 1, 0
21546, 273090526, 1, 0
22048, 436937249, 1, 0
22569, 331134151, 1, 0
23108, 492753883, 1, 0
23622, 386987257, 1, 0
24145, 248444098, 1, 0
24732, 295829816, 1, 0
25196, 382241809, 1, 0
25759, 486131770, 1, 0
26027, 469306233, 1, 0
26570, 359340756, 1, 0
27217, 367700767, 1, 0
27746, 169328319, 1, 0
28036, 279494090, 1, 0
28554, 385472436, 1, 0
29053, 295044484, 1, 0
29563, 524138421, 1, 0
30054, 268446421, 1, 0
30571, 318191035, 1, 0
31119, 378962945, 1, 0
31702, 301251041, 1, 0
32193, 284211684, 1, 0
32726, 265946471, 1, 0
33194, 246668126, 1, 0
33680, 245272387, 1, 0
34137, 198132617, 1, 0
34571, 265930420, 1, 0
35059, 372057723, 1, 0
35599, 321652786, 1, 0
36101, 389807845, 1, 0
36638, 274692855, 1, 0
37114, 302413561, 1, 0
37633, 253058342, 1, 0
38149, 262036960, 1, 0
38676, 281334793, 1, 0
39214, 322896706, 1, 0
39511, 261478956, 1, 0
40080, 431261158, 1, 0
40602, 346367684, 1, 0
41105, 183299122, 1, 0
41604, 171344369, 1, 0
42126, 291852631, 1, 0
42627, 292564190, 1, 0
43140, 295450252, 1, 0
43677, 288177627, 1, 0
44208, 298819119, 1, 0
44683, 409885770, 1, 0
45175, 418608581, 1, 0
45703, 505728129, 1, 0
46221, 443279261, 1, 0
46732, 360580662, 1, 0
47009, 328499064, 1, 0
47549, 330280948, 1, 0
48051, 409751240, 1, 0
48529, 424955181, 1, 0
49063, 267540465, 1, 0
49567, 277066901, 1, 0
50079, 307647660, 1, 0
50657, 354517151, 1, 0
51176, 323173171, 1, 0
51653, 589401911, 1, 0
52138, 286229643, 1, 0
52586, 267193957, 1, 0
53002, 195102136, 1, 0
53503, 314136008, 1, 0
54010, 337296632, 1, 0
54510, 451352989, 1, 0
55018, 443156942, 1, 0
55731, 189970701, 1, 0
56227, 303985104, 1, 0
56523, 328917361, 1, 0
57005, 292870810, 1, 0
57593, 193909763, 1, 0
58048, 334576021, 1, 0
58520, 390392281, 1, 0
59040, 479966717, 1, 0
59585, 302077325, 1, 0
60000, 338028752, 1, 0
60017, 212784163, 1, 0
