533, 32160444, 1, 0
1007, 31649365, 1, 0
1502, 35210110, 1, 0
2011, 40371628, 1, 0
2527, 39147206, 1, 0
3000, 36693411, 1, 0
3514, 47397809, 1, 0
4002, 33826123, 1, 0
4505, 35949435, 1, 0
5001, 40311863, 1, 0
5510, 39603485, 1, 0
6002, 38790505, 1, 0
6526, 41595743, 1, 0
7004, 36041032, 1, 0
7519, 36688059, 1, 0
8015, 38475971, 1, 0
8516, 34428542, 1, 0
9004, 40956000, 1, 0
9503, 42154612, 1, 0
10023, 37985192, 1, 0
10505, 39082843, 1, 0
11002, 40094441, 1, 0
11502, 36819430, 1, 0
12011, 38243602, 1, 0
12531, 37538089, 1, 0
13014, 30560619, 1, 0
13502, 36811363, 1, 0
14000, 38059079, 1, 0
14508, 42543346, 1, 0
15008, 37189094, 1, 0
15515, 37455884, 1, 0
16030, 42516995, 1, 0
16511, 29997087, 1, 0
17029, 42121720, 1, 0
17517, 40084285, 1, 0
18013, 31236136, 1, 0
18511, 34981811, 1, 0
19010, 35755594, 1, 0
19517, 37651054, 1, 0
20016, 36978162, 1, 0
20518, 41145917, 1, 0
21015, 37764817, 1, 0
21514, 37181304, 1, 0
22024, 39492689, 1, 0
22510, 36657231, 1, 0
23015, 38851429, 1, 0
23501, 37010391, 1, 0
24040, 37936699, 1, 0
24509, 35328741, 1, 0
25020, 33466523, 1, 0
25501, 33562414, 1, 0
26007, 35481915, 1, 0
26514, 45071054, 1, 0
27010, 38646269, 1, 0
27524, 38646673, 1, 0
28000, 31919378, 1, 0
28524, 40520582, 1, 0
29009, 37282636, 1, 0
29502, 36556593, 1, 0
30013, 36365895, 1, 0
30500, 42333997, 1, 0
31007, 38468855, 1, 0
31526, 37305668, 1, 0
32016, 32683021, 1, 0
32513, 36129446, 1, 0
33018, 33704370, 1, 0
33535, 39774589, 1, 0
34016, 38564323, 1, 0
34517, 43918305, 1, 0
35010, 38371736, 1, 0
35513, 39420748, 1, 0
36018, 36291951, 1, 0
36508, 35222016, 1, 0
37003, 37220346, 1, 0
37530, 33199781, 1, 0
38003, 37759572, 1, 0
38503, 41110257, 1, 0
39006, 36459762, 1, 0
39512, 43003453, 1, 0
40002, 36779553, 1, 0
40514, 32575728, 1, 0
41014, 34771835, 1, 0
41509, 45633268, 1, 0
42015, 48536928, 1, 0
42517, 36191422, 1, 0
43023, 45067378, 1, 0
43514, 35331601, 1, 0
44007, 32839461, 1, 0
44521, 34305595, 1, 0
45012, 36406310, 1, 0
45515, 35637903, 1, 0
46006, 39837111, 1, 0
46506, 35816241, 1, 0
47015, 42489528, 1, 0
47501, 39796343, 1, 0
48007, 33744076, 1, 0
48531, 32842819, 1, 0
49000, 32536844, 1, 0
49511, 33553238, 1, 0
50002, 32742739, 1, 0
50511, 37006047, 1, 0
51014, 35955366, 1, 0
51502, 41892493, 1, 0
52011, 31935060, 1, 0
52519, 34127798, 1, 0
53015, 35148127, 1, 0
53507, 33102695, 1, 0
54004, 38698595, 1, 0
54502, 40135210, 1, 0
55019, 43642496, 1, 0
55512, 34889982, 1, 0
56005, 35322282, 1, 0
56507, 38538825, 1, 0
57003, 35422094, 1, 0
57514, 32160972, 1, 0
58016, 37650338, 1, 0
58507, 44720910, 1, 0
59001, 37945239, 1, 0
59526, 35335805, 1, 0
60012, 34046511, 1, 0
60012, 25396702, 1, 0
