502, 8869710, 1, 0
1006, 10666584, 1, 0
1508, 10184395, 1, 0
2005, 10319403, 1, 0
2501, 11507882, 1, 0
3005, 10669519, 1, 0
3507, 9811439, 1, 0
4001, 10261390, 1, 0
4501, 9584847, 1, 0
5005, 10213042, 1, 0
5508, 9289459, 1, 0
6005, 9511470, 1, 0
6504, 10589505, 1, 0
7001, 9323215, 1, 0
7505, 10702492, 1, 0
8002, 9511991, 1, 0
8508, 9501867, 1, 0
9009, 10836951, 1, 0
9506, 10087244, 1, 0
10008, 9419828, 1, 0
10505, 11511433, 1, 0
11005, 9783001, 1, 0
11501, 10725299, 1, 0
12000, 9350948, 1, 0
12501, 9588178, 1, 0
13004, 10656827, 1, 0
13507, 9654592, 1, 0
14006, 9346538, 1, 0
14501, 12966779, 1, 0
15001, 10125080, 1, 0
15505, 9454229, 1, 0
16000, 11226232, 1, 0
16506, 10297091, 1, 0
17007, 10617252, 1, 0
17503, 10730520, 1, 0
18003, 9578814, 1, 0
18510, 12025774, 1, 0
19002, 11408343, 1, 0
19504, 9429448, 1, 0
20008, 12245765, 1, 0
20501, 11150181, 1, 0
21005, 10261041, 1, 0
21508, 9636825, 1, 0
22008, 9762726, 1, 0
22507, 10353457, 1, 0
23007, 9397994, 1, 0
23500, 9266111, 1, 0
24003, 10635540, 1, 0
24501, 9541076, 1, 0
25085, 10784747, 1, 0
25501, 8992422, 1, 0
26008, 9332767, 1, 0
26534, 13805593, 1, 0
27007, 11219028, 1, 0
27502, 10474474, 1, 0
28002, 11334762, 1, 0
28500, 10324073, 1, 0
29002, 9435606, 1, 0
29502, 13847111, 1, 0
30002, 10829049, 1, 0
30500, 9538935, 1, 0
31010, 9233434, 1, 0
31506, 9508216, 1, 0
32000, 9458411, 1, 0
32505, 9667844, 1, 0
33001, 9681204, 1, 0
33506, 10480323, 1, 0
34003, 9524446, 1, 0
34508, 9317243, 1, 0
35004, 12072512, 1, 0
35503, 9947486, 1, 0
36015, 11321001, 1, 0
36505, 11368690, 1, 0
37005, 10586210, 1, 0
37508, 10659468, 1, 0
38003, 10065794, 1, 0
38503, 9231627, 1, 0
39002, 10570671, 1, 0
39501, 9381407, 1, 0
40055, 11256067, 1, 0
40504, 9114019, 1, 0
41008, 9468641, 1, 0
41500, 11662415, 1, 0
42009, 9553348, 1, 0
42507, 9357984, 1, 0
43006, 15565376, 1, 0
43502, 11505494, 1, 0
44007, 9492964, 1, 0
44505, 11538229, 1, 0
45000, 9680013, 1, 0
45558, 12638244, 1, 0
46010, 11258874, 1, 0
46505, 9854765, 1, 0
47005, 9223277, 1, 0
47501, 9686051, 1, 0
48006, 9670359, 1, 0
48506, 11867609, 1, 0
49006, 9406270, 1, 0
49506, 9215942, 1, 0
50005, 13460146, 1, 0
50504, 9927408, 1, 0
51037, 11063538, 1, 0
51510, 10725968, 1, 0
52004, 10456182, 1, 0
52507, 11156021, 1, 0
53004, 10315142, 1, 0
53502, 9371513, 1, 0
54006, 13955588, 1, 0
54502, 10731203, 1, 0
55073, 10753620, 1, 0
55508, 9206825, 1, 0
56004, 9327416, 1, 0
56512, 13335682, 1, 0
57003, 8899137, 1, 0
57503, 9556543, 1, 0
58007, 11420496, 1, 0
58504, 10312726, 1, 0
59002, 9731806, 1, 0
59506, 11946488, 1, 0
60006, 10396057, 1, 0
