551, 5702144, 1, 0
1102, 8074971, 1, 0
1623, 9380194, 1, 0
2192, 10650982, 1, 0
2596, 7842445, 1, 0
3010, 7560754, 1, 0
3548, 9427554, 1, 0
4140, 7651410, 1, 0
4581, 8046825, 1, 0
5150, 10491716, 1, 0
5548, 5064717, 1, 0
6104, 9260116, 1, 0
6697, 9375521, 1, 0
7087, 5814693, 1, 0
7651, 8904182, 1, 0
8072, 7618819, 1, 0
8620, 7812838, 1, 0
9174, 9408155, 1, 0
9520, 11548766, 1, 0
10040, 7993062, 1, 0
10626, 8255207, 1, 0
11065, 7014675, 1, 0
11632, 6306899, 1, 0
12202, 9743872, 1, 0
12546, 9567943, 1, 0
13088, 9392233, 1, 0
13621, 9876925, 1, 0
14005, 10582046, 1, 0
14565, 5813566, 1, 0
15187, 6679437, 1, 0
15557, 5828075, 1, 0
16100, 9225189, 1, 0
16648, 8250562, 1, 0
17024, 8083149, 1, 0
17616, 6169424, 1, 0
18011, 11220817, 1, 0
18579, 10656030, 1, 0
19158, 7005798, 1, 0
19544, 5632980, 1, 0
20130, 9328173, 1, 0
20510, 7594124, 1, 0
21068, 8090985, 1, 0
21656, 8329832, 1, 0
22036, 6548521, 1, 0
22581, 7585549, 1, 0
23126, 7250339, 1, 0
23512, 8470207, 1, 0
24053, 10098724, 1, 0
24614, 6675216, 1, 0
25003, 7907708, 1, 0
25551, 8339345, 1, 0
26105, 8771541, 1, 0
26665, 9356601, 1, 0
27027, 7749308, 1, 0
27581, 8454152, 1, 0
28144, 5738383, 1, 0
28538, 10075779, 1, 0
29124, 6310374, 1, 0
29646, 10771069, 1, 0
30026, 10049633, 1, 0
30573, 7280627, 1, 0
31112, 10105918, 1, 0
31500, 9802472, 1, 0
32075, 6324629, 1, 0
32679, 6391584, 1, 0
33038, 9757900, 1, 0
33571, 9202802, 1, 0
34039, 6083678, 1, 0
34610, 8101425, 1, 0
35049, 5814673, 1, 0
35584, 6897324, 1, 0
36142, 9124078, 1, 0
36525, 6829970, 1, 0
37095, 10683612, 1, 0
37646, 6705595, 1, 0
38044, 7900170, 1, 0
38609, 6809593, 1, 0
39011, 8349581, 1, 0
39593, 11589446, 1, 0
40010, 5296567, 1, 0
40560, 7407679, 1, 0
41077, 9373484, 1, 0
41636, 7497458, 1, 0
42067, 7797485, 1, 0
42655, 7205782, 1, 0
43040, 10581954, 1, 0
43624, 7738871, 1, 0
44017, 5517437, 1, 0
44558, 7803214, 1, 0
45099, 10961873, 1, 0
45625, 10700528, 1, 0
46004, 6796954, 1, 0
46596, 11499614, 1, 0
47176, 8466507, 1, 0
47561, 8433246, 1, 0
48155, 6973181, 1, 0
48550, 5918213, 1, 0
49095, 7322883, 1, 0
49658, 9386512, 1, 0
50070, 7182282, 1, 0
50657, 7739519, 1, 0
51038, 9304606, 1, 0
51643, 7314484, 1, 0
52038, 8117507, 1, 0
52601, 12143802, 1, 0
53145, 9036468, 1, 0
53574, 5528177, 1, 0
54204, 8578906, 1, 0
54587, 6585856, 1, 0
55166, 7488188, 1, 0
55568, 8721682, 1, 0
56102, 8439736, 1, 0
56641, 9485464, 1, 0
57037, 6996587, 1, 0
57570, 12071342, 1, 0
58129, 10406006, 1, 0
58521, 5944631, 1, 0
59109, 7937146, 1, 0
59685, 6641319, 1, 0
60020, 9326234, 1, 0
