1000, 184, 1, 0
1500, 312, 1, 0
2000, 456, 1, 0
2500, 640, 1, 0
2999, 200, 1, 0
3500, 344, 1, 0
4000, 440, 1, 0
4500, 384, 1, 0
5000, 360, 1, 0
5500, 768, 1, 0
5999, 232, 1, 0
6500, 472, 1, 0
7000, 352, 1, 0
7500, 376, 1, 0
8000, 360, 1, 0
8500, 304, 1, 0
9000, 432, 1, 0
9499, 304, 1, 0
10000, 384, 1, 0
10500, 312, 1, 0
11000, 624, 1, 0
11500, 512, 1, 0
12000, 368, 1, 0
12499, 513, 1, 0
13000, 248, 1, 0
13500, 416, 1, 0
14000, 392, 1, 0
14500, 456, 1, 0
15000, 432, 1, 0
15499, 456, 1, 0
15999, 272, 1, 0
16500, 400, 1, 0
17000, 664, 1, 0
17500, 448, 1, 0
18000, 512, 1, 0
18500, 480, 1, 0
19000, 280, 1, 0
19499, 513, 1, 0
20000, 512, 1, 0
20500, 488, 1, 0
21000, 656, 1, 0
21500, 368, 1, 0
22000, 464, 1, 0
22499, 496, 1, 0
22999, 472, 1, 0
23500, 440, 1, 0
24000, 504, 1, 0
24500, 512, 1, 0
25000, 200, 1, 0
25500, 768, 1, 0
25999, 513, 1, 0
26499, 408, 1, 0
27000, 384, 1, 0
27500, 512, 1, 0
28000, 440, 1, 0
28500, 312, 1, 0
29000, 512, 1, 0
29499, 328, 1, 0
29999, 593, 1, 0
30500, 440, 1, 0
31000, 512, 1, 0
31500, 376, 1, 0
32000, 600, 1, 0
32499, 513, 1, 0
32999, 513, 1, 0
33500, 512, 1, 0
34000, 416, 1, 0
34500, 368, 1, 0
35000, 248, 1, 0
35500, 320, 1, 0
36000, 728, 1, 0
36499, 344, 1, 0
37000, 512, 1, 0
37500, 256, 1, 0
38000, 520, 1, 0
38500, 376, 1, 0
39000, 368, 1, 0
39500, 184, 1, 0
39999, 368, 1, 0
40500, 616, 1, 0
41000, 312, 1, 0
41500, 328, 1, 0
42000, 456, 1, 0
42500, 416, 1, 0
42999, 513, 1, 0
43500, 456, 1, 0
44000, 432, 1, 0
44500, 528, 1, 0
45000, 352, 1, 0
45500, 408, 1, 0
45999, 320, 1, 0
46499, 649, 1, 0
47000, 512, 1, 0
47500, 512, 1, 0
48000, 352, 1, 0
48500, 512, 1, 0
49000, 424, 1, 0
49499, 513, 1, 0
49999, 416, 1, 0
50500, 512, 1, 0
51000, 576, 1, 0
51500, 368, 1, 0
52000, 416, 1, 0
52500, 152, 1, 0
52999, 392, 1, 0
53500, 424, 1, 0
54000, 288, 1, 0
54500, 536, 1, 0
55000, 512, 1, 0
55500, 464, 1, 0
55999, 513, 1, 0
56499, 216, 1, 0
57000, 512, 1, 0
57500, 480, 1, 0
58000, 488, 1, 0
58500, 344, 1, 0
59000, 592, 1, 0
59499, 168, 1, 0
60000, 512, 1, 0
