496, 114, 1, 0
996, 110, 1, 0
1496, 114, 1, 0
1996, 106, 1, 0
2496, 122, 1, 0
2995, 90, 1, 0
3495, 109, 1, 0
3995, 109, 1, 0
4495, 111, 1, 0
4995, 92, 1, 0
5495, 103, 1, 0
5995, 105, 1, 0
6496, 96, 1, 0
6996, 104, 1, 0
7496, 106, 1, 0
7996, 106, 1, 0
8496, 127, 1, 0
8996, 106, 1, 0
9496, 102, 1, 0
9995, 105, 1, 0
10495, 113, 1, 0
10995, 111, 1, 0
11495, 113, 1, 0
11995, 119, 1, 0
12495, 107, 1, 0
12995, 119, 1, 0
13496, 118, 1, 0
13996, 106, 1, 0
14496, 96, 1, 0
14996, 129, 1, 0
15496, 112, 1, 0
15996, 110, 1, 0
16496, 125, 1, 0
16995, 96, 1, 0
17495, 101, 1, 0
17995, 129, 1, 0
18495, 131, 1, 0
18995, 98, 1, 0
19495, 109, 1, 0
19995, 111, 1, 0
20496, 118, 1, 0
20996, 96, 1, 0
21496, 106, 1, 0
21996, 106, 1, 0
22496, 118, 1, 0
22996, 129, 1, 0
23496, 90, 1, 0
23996, 96, 1, 0
24495, 105, 1, 0
24995, 113, 1, 0
25495, 115, 1, 0
25995, 119, 1, 0
26495, 127, 1, 0
26995, 98, 1, 0
27495, 119, 1, 0
27996, 114, 1, 0
28496, 98, 1, 0
28996, 100, 1, 0
29496, 122, 1, 0
29996, 108, 1, 0
30496, 118, 1, 0
30995, 119, 1, 0
31495, 111, 1, 0
31995, 117, 1, 0
32495, 121, 1, 0
32995, 115, 1, 0
33495, 127, 1, 0
33995, 113, 1, 0
34496, 115, 1, 0
34996, 96, 1, 0
35496, 116, 1, 0
35996, 135, 1, 0
36496, 114, 1, 0
36996, 112, 1, 0
37496, 125, 1, 0
37996, 112, 1, 0
38496, 106, 1, 0
38995, 105, 1, 0
39495, 117, 1, 0
39995, 119, 1, 0
40495, 129, 1, 0
40995, 121, 1, 0
41495, 103, 1, 0
41995, 109, 1, 0
42496, 114, 1, 0
42996, 104, 1, 0
43496, 114, 1, 0
43996, 110, 1, 0
44496, 120, 1, 0
44996, 129, 1, 0
45496, 112, 1, 0
45996, 106, 1, 0
46495, 105, 1, 0
46995, 115, 1, 0
47495, 105, 1, 0
47995, 105, 1, 0
48495, 117, 1, 0
48995, 78, 1, 0
49496, 121, 1, 0
49996, 118, 1, 0
50496, 98, 1, 0
50996, 108, 1, 0
51496, 98, 1, 0
51996, 108, 1, 0
52496, 135, 1, 0
52995, 115, 1, 0
53495, 113, 1, 0
53995, 103, 1, 0
54495, 98, 1, 0
54995, 105, 1, 0
55495, 107, 1, 0
55995, 129, 1, 0
56496, 135, 1, 0
56996, 88, 1, 0
57496, 129, 1, 0
57996, 118, 1, 0
58496, 110, 1, 0
58996, 94, 1, 0
59496, 118, 1, 0
59996, 106, 1, 0
