506, 29728, 1, 0
1001, 25783, 1, 0
1503, 36239, 1, 0
2000, 41681, 1, 0
2509, 43914, 1, 0
3000, 31248, 1, 0
3501, 28383, 1, 0
4005, 37526, 1, 0
4505, 29466, 1, 0
5008, 29119, 1, 0
5502, 34276, 1, 0
6009, 47791, 1, 0
6507, 39533, 1, 0
7004, 32711, 1, 0
7500, 28290, 1, 0
8005, 46877, 1, 0
8503, 35329, 1, 0
9004, 39145, 1, 0
9501, 38311, 1, 0
10002, 41891, 1, 0
10509, 43318, 1, 0
11000, 55028, 1, 0
11505, 34560, 1, 0
12005, 30930, 1, 0
12503, 35677, 1, 0
13007, 25378, 1, 0
13502, 40405, 1, 0
14000, 25334, 1, 0
14506, 37406, 1, 0
15004, 31935, 1, 0
15509, 31353, 1, 0
16004, 35899, 1, 0
16501, 33011, 1, 0
17001, 30763, 1, 0
17508, 20099, 1, 0
18006, 24488, 1, 0
18505, 30652, 1, 0
19007, 44499, 1, 0
19510, 19025, 1, 0
20003, 25255, 1, 0
20504, 31923, 1, 0
21000, 35567, 1, 0
21503, 22971, 1, 0
22003, 22966, 1, 0
22502, 27857, 1, 0
23001, 30592, 1, 0
23504, 25695, 1, 0
24006, 27023, 1, 0
24506, 37473, 1, 0
25080, 34328, 1, 0
25504, 39068, 1, 0
26011, 31584, 1, 0
26527, 35209, 1, 0
27001, 20234, 1, 0
27505, 36223, 1, 0
28008, 33951, 1, 0
28504, 29710, 1, 0
29006, 34574, 1, 0
29509, 31953, 1, 0
30005, 22294, 1, 0
30509, 27293, 1, 0
31003, 25928, 1, 0
31501, 36591, 1, 0
32003, 26887, 1, 0
32500, 29922, 1, 0
33004, 32551, 1, 0
33509, 37414, 1, 0
34007, 28988, 1, 0
34502, 21044, 1, 0
35008, 39203, 1, 0
35507, 27220, 1, 0
36009, 30366, 1, 0
36500, 30397, 1, 0
37009, 28209, 1, 0
37502, 32212, 1, 0
38006, 30812, 1, 0
38507, 27445, 1, 0
39006, 24931, 1, 0
39504, 23260, 1, 0
40050, 36825, 1, 0
40508, 27509, 1, 0
41003, 18067, 1, 0
41503, 25929, 1, 0
42004, 20445, 1, 0
42501, 32926, 1, 0
43000, 21278, 1, 0
43508, 22753, 1, 0
44001, 30099, 1, 0
44500, 23715, 1, 0
45004, 24085, 1, 0
45553, 20961, 1, 0
46004, 24520, 1, 0
46508, 31926, 1, 0
47010, 23858, 1, 0
47507, 34231, 1, 0
48001, 31947, 1, 0
48500, 17494, 1, 0
49001, 24053, 1, 0
49500, 23810, 1, 0
50000, 22984, 1, 0
50508, 31365, 1, 0
51031, 21643, 1, 0
51504, 21113, 1, 0
52008, 27114, 1, 0
52502, 28914, 1, 0
53008, 23161, 1, 0
53506, 26319, 1, 0
54001, 31795, 1, 0
54505, 24550, 1, 0
55068, 21285, 1, 0
55502, 30754, 1, 0
56007, 37065, 1, 0
56508, 22337, 1, 0
57007, 30301, 1, 0
57506, 34761, 1, 0
58002, 25019, 1, 0
58508, 31941, 1, 0
59005, 22337, 1, 0
59500, 27761, 1, 0
60001, 23201, 1, 0
