999, 521, 1, 0
1500, 521, 1, 0
2000, 456, 1, 0
2499, 513, 1, 0
2999, 513, 1, 0
3500, 384, 1, 0
4000, 504, 1, 0
4499, 521, 1, 0
4999, 513, 1, 0
5500, 384, 1, 0
6000, 336, 1, 0
6499, 256, 1, 0
6999, 609, 1, 0
7500, 184, 1, 0
8000, 512, 1, 0
8499, 769, 1, 0
8999, 320, 1, 0
9500, 760, 1, 0
10000, 264, 1, 0
10499, 408, 1, 0
10999, 448, 1, 0
11500, 768, 1, 0
12000, 424, 1, 0
12499, 256, 1, 0
12999, 513, 1, 0
13500, 320, 1, 0
14000, 352, 1, 0
14499, 513, 1, 0
14999, 440, 1, 0
15500, 472, 1, 0
16000, 392, 1, 0
16499, 200, 1, 0
16999, 513, 1, 0
17500, 432, 1, 0
18000, 240, 1, 0
18499, 312, 1, 0
18999, 368, 1, 0
19500, 768, 1, 0
20000, 240, 1, 0
20499, 384, 1, 0
20999, 505, 1, 0
21500, 240, 1, 0
22000, 400, 1, 0
22500, 464, 1, 0
22999, 304, 1, 0
23500, 480, 1, 0
24000, 320, 1, 0
24500, 512, 1, 0
24999, 328, 1, 0
25500, 480, 1, 0
26000, 152, 1, 0
26499, 424, 1, 0
26999, 384, 1, 0
27500, 640, 1, 0
28000, 256, 1, 0
28499, 513, 1, 0
28999, 360, 1, 0
29500, 704, 1, 0
30000, 480, 1, 0
30499, 456, 1, 0
30999, 513, 1, 0
31500, 256, 1, 0
32000, 512, 1, 0
32499, 440, 1, 0
32999, 456, 1, 0
33500, 656, 1, 0
34000, 304, 1, 0
34499, 448, 1, 0
34999, 513, 1, 0
35499, 368, 1, 0
36000, 360, 1, 0
36499, 521, 1, 0
37000, 368, 1, 0
37500, 432, 1, 0
38000, 432, 1, 0
38499, 432, 1, 0
39000, 232, 1, 0
39500, 376, 1, 0
40000, 256, 1, 0
40499, 408, 1, 0
41000, 512, 1, 0
41500, 320, 1, 0
42000, 768, 1, 0
42499, 344, 1, 0
43000, 320, 1, 0
43500, 512, 1, 0
44000, 512, 1, 0
44499, 513, 1, 0
45000, 144, 1, 0
45500, 512, 1, 0
46000, 344, 1, 0
46499, 240, 1, 0
47000, 304, 1, 0
47500, 224, 1, 0
48000, 400, 1, 0
48499, 496, 1, 0
49000, 512, 1, 0
49500, 328, 1, 0
50000, 512, 1, 0
50499, 360, 1, 0
51000, 512, 1, 0
51500, 400, 1, 0
52000, 432, 1, 0
52499, 344, 1, 0
53000, 464, 1, 0
53500, 440, 1, 0
54000, 424, 1, 0
54499, 408, 1, 0
55000, 224, 1, 0
55500, 768, 1, 0
55999, 120, 1, 0
56499, 737, 1, 0
57000, 512, 1, 0
57500, 512, 1, 0
57999, 424, 1, 0
58499, 312, 1, 0
59000, 312, 1, 0
59500, 512, 1, 0
59999, 464, 1, 0
