605, 117274491, 1, 0
1121, 150033677, 1, 0
1509, 92697061, 1, 0
2060, 136632963, 1, 0
2654, 164455008, 1, 0
3064, 133710363, 1, 0
3627, 170146509, 1, 0
4036, 129424072, 1, 0
4645, 130892047, 1, 0
5033, 136094440, 1, 0
5590, 173335380, 1, 0
6000, 143261387, 1, 0
6554, 149176268, 1, 0
7010, 106595275, 1, 0
7516, 131563562, 1, 0
8115, 170599751, 1, 0
8513, 182722207, 1, 0
9055, 154760149, 1, 0
9627, 138042386, 1, 0
10001, 130678644, 1, 0
10590, 127906846, 1, 0
11005, 157425545, 1, 0
11536, 101373235, 1, 0
12098, 128922176, 1, 0
12665, 155755957, 1, 0
13032, 172605359, 1, 0
13579, 156438724, 1, 0
14125, 145710544, 1, 0
14665, 144717420, 1, 0
15052, 105049072, 1, 0
15612, 139307685, 1, 0
16010, 115360512, 1, 0
16536, 128823489, 1, 0
17124, 135794915, 1, 0
17503, 131201493, 1, 0
18084, 128146481, 1, 0
18641, 170633534, 1, 0
19026, 179535411, 1, 0
19597, 125925544, 1, 0
20016, 123833943, 1, 0
20599, 113260203, 1, 0
21159, 190156031, 1, 0
21511, 191800311, 1, 0
22043, 128931579, 1, 0
22595, 111687715, 1, 0
23087, 172000198, 1, 0
23642, 202891669, 1, 0
24003, 117760485, 1, 0
24548, 139925654, 1, 0
25113, 161478371, 1, 0
25549, 81000109, 1, 0
26120, 138391497, 1, 0
26503, 174705517, 1, 0
27035, 157726058, 1, 0
27606, 133892527, 1, 0
28132, 162809362, 1, 0
28526, 159712805, 1, 0
29084, 119654836, 1, 0
29616, 125559100, 1, 0
30015, 142766804, 1, 0
30553, 135057929, 1, 0
31092, 160840989, 1, 0
31651, 161650152, 1, 0
32018, 193640582, 1, 0
32567, 176784585, 1, 0
33103, 157319503, 1, 0
33676, 105192799, 1, 0
34127, 113124008, 1, 0
34515, 134957117, 1, 0
35095, 180133433, 1, 0
35616, 198559558, 1, 0
36139, 185764178, 1, 0
36522, 109487130, 1, 0
37133, 115861511, 1, 0
37506, 200121973, 1, 0
38095, 136977773, 1, 0
38515, 123961980, 1, 0
39080, 149621368, 1, 0
39681, 140306394, 1, 0
40084, 112967676, 1, 0
40622, 149064146, 1, 0
41146, 173549099, 1, 0
41529, 128161016, 1, 0
42140, 141526782, 1, 0
42510, 188588059, 1, 0
43117, 127853250, 1, 0
43509, 128556295, 1, 0
44089, 141844745, 1, 0
44632, 165848654, 1, 0
45031, 93008924, 1, 0
45585, 134250056, 1, 0
46155, 133849001, 1, 0
46500, 149117163, 1, 0
47075, 126203644, 1, 0
47615, 168210353, 1, 0
48024, 159321631, 1, 0
48601, 185819983, 1, 0
49001, 143902804, 1, 0
49580, 126222573, 1, 0
50152, 175147761, 1, 0
50518, 112749649, 1, 0
51066, 145339916, 1, 0
51513, 124087528, 1, 0
52082, 121951712, 1, 0
52662, 112436371, 1, 0
53079, 96478843, 1, 0
53674, 189527068, 1, 0
54067, 184667414, 1, 0
54668, 116149021, 1, 0
55046, 187305913, 1, 0
55613, 139962625, 1, 0
56036, 114401615, 1, 0
56602, 141516188, 1, 0
57007, 127793658, 1, 0
57596, 152748474, 1, 0
58158, 148320983, 1, 0
58528, 192750623, 1, 0
59106, 146957628, 1, 0
59652, 175237609, 1, 0
60018, 165960993, 1, 0
60018, 19508233, 1, 0
