498, 34, 1, 0
998, 110, 1, 0
1498, 128, 1, 0
1998, 112, 1, 0
2498, 96, 1, 0
2998, 150, 1, 0
3498, 108, 1, 0
3999, 122, 1, 0
4499, 64, 1, 0
4998, 110, 1, 0
5498, 98, 1, 0
5998, 66, 1, 0
6498, 116, 1, 0
6998, 116, 1, 0
7498, 124, 1, 0
7999, 116, 1, 0
8499, 96, 1, 0
8999, 160, 1, 0
9498, 108, 1, 0
9998, 64, 1, 0
10498, 96, 1, 0
10998, 68, 1, 0
11498, 148, 1, 0
11998, 106, 1, 0
12498, 104, 1, 0
12999, 80, 1, 0
13499, 162, 1, 0
13999, 64, 1, 0
14498, 140, 1, 0
14998, 142, 1, 0
15498, 104, 1, 0
15998, 130, 1, 0
16498, 96, 1, 0
16998, 126, 1, 0
17499, 66, 1, 0
17999, 138, 1, 0
18498, 98, 1, 0
18998, 66, 1, 0
19498, 128, 1, 0
19998, 96, 1, 0
20498, 160, 1, 0
20998, 92, 1, 0
21498, 128, 1, 0
21998, 114, 1, 0
22499, 64, 1, 0
22999, 136, 1, 0
23498, 128, 1, 0
23998, 108, 1, 0
24498, 64, 1, 0
24998, 124, 1, 0
25498, 126, 1, 0
25998, 96, 1, 0
26498, 130, 1, 0
26998, 114, 1, 0
27499, 90, 1, 0
27998, 96, 1, 0
28498, 64, 1, 0
28998, 154, 1, 0
29498, 146, 1, 0
29998, 92, 1, 0
30498, 68, 1, 0
30998, 100, 1, 0
31499, 64, 1, 0
31999, 168, 1, 0
32498, 114, 1, 0
32998, 88, 1, 0
33498, 106, 1, 0
33998, 128, 1, 0
34498, 132, 1, 0
34998, 96, 1, 0
35498, 112, 1, 0
35999, 128, 1, 0
36499, 112, 1, 0
36998, 90, 1, 0
37498, 98, 1, 0
37998, 122, 1, 0
38498, 130, 1, 0
38998, 94, 1, 0
39498, 118, 1, 0
39998, 144, 1, 0
40499, 66, 1, 0
40999, 130, 1, 0
41499, 176, 1, 0
41998, 86, 1, 0
42498, 128, 1, 0
42998, 76, 1, 0
43498, 112, 1, 0
43998, 90, 1, 0
44498, 96, 1, 0
44998, 80, 1, 0
45499, 160, 1, 0
45999, 128, 1, 0
46498, 88, 1, 0
46998, 144, 1, 0
47498, 142, 1, 0
47998, 100, 1, 0
48498, 96, 1, 0
48998, 88, 1, 0
49498, 148, 1, 0
49999, 96, 1, 0
50499, 160, 1, 0
50998, 132, 1, 0
51498, 130, 1, 0
51998, 64, 1, 0
52498, 170, 1, 0
52998, 104, 1, 0
53498, 86, 1, 0
53998, 154, 1, 0
54499, 96, 1, 0
54999, 102, 1, 0
55498, 122, 1, 0
55998, 64, 1, 0
56498, 158, 1, 0
56998, 114, 1, 0
57498, 90, 1, 0
57998, 150, 1, 0
58498, 106, 1, 0
58999, 188, 1, 0
59499, 90, 1, 0
59999, 88, 1, 0
