513, 32741634, 1, 0
1028, 30594875, 1, 0
1509, 34475160, 1, 0
2019, 33780286, 1, 0
2509, 31093516, 1, 0
3006, 30208862, 1, 0
3521, 35629353, 1, 0
4001, 32511615, 1, 0
4521, 32485399, 1, 0
5019, 38433527, 1, 0
5508, 34765370, 1, 0
6010, 31603429, 1, 0
6505, 35667944, 1, 0
7002, 37912079, 1, 0
7507, 32035233, 1, 0
8024, 31655178, 1, 0
8515, 34609055, 1, 0
9012, 39745047, 1, 0
9502, 29615806, 1, 0
10012, 35423272, 1, 0
10523, 30807539, 1, 0
11001, 31743801, 1, 0
11509, 38168107, 1, 0
12017, 37619632, 1, 0
12502, 31890756, 1, 0
13004, 29460643, 1, 0
13510, 29609666, 1, 0
14028, 33982467, 1, 0
14507, 35174728, 1, 0
15027, 28946879, 1, 0
15504, 33860548, 1, 0
16003, 33480096, 1, 0
16509, 31610553, 1, 0
17001, 32939086, 1, 0
17516, 32752171, 1, 0
18011, 32746329, 1, 0
18500, 27736647, 1, 0
19008, 28622886, 1, 0
19507, 33004121, 1, 0
20014, 30095091, 1, 0
20526, 31198999, 1, 0
21013, 31608613, 1, 0
21521, 37878655, 1, 0
22011, 38777722, 1, 0
22508, 30643059, 1, 0
23006, 31084584, 1, 0
23529, 30567493, 1, 0
24001, 31841021, 1, 0
24519, 35403839, 1, 0
25002, 34762977, 1, 0
25516, 31986113, 1, 0
26016, 35853974, 1, 0
26503, 30744210, 1, 0
27009, 30137018, 1, 0
27514, 33681229, 1, 0
28008, 29027977, 1, 0
28523, 32471553, 1, 0
29027, 34836271, 1, 0
29500, 35019605, 1, 0
30011, 32856701, 1, 0
30517, 37759672, 1, 0
31006, 30136004, 1, 0
31514, 32348766, 1, 0
32015, 29917138, 1, 0
32511, 34994167, 1, 0
33002, 28350055, 1, 0
33506, 30545838, 1, 0
34005, 32777187, 1, 0
34507, 31688407, 1, 0
35017, 36876627, 1, 0
35520, 34810127, 1, 0
36000, 26266796, 1, 0
36525, 30268480, 1, 0
37018, 30765861, 1, 0
37528, 29736551, 1, 0
38009, 35959598, 1, 0
38537, 30748860, 1, 0
39003, 32989431, 1, 0
39502, 32879303, 1, 0
40000, 26578737, 1, 0
40504, 31047561, 1, 0
41003, 32788608, 1, 0
41507, 30493783, 1, 0
42023, 34338229, 1, 0
42515, 30766763, 1, 0
43022, 34732156, 1, 0
43511, 34687500, 1, 0
44020, 31120273, 1, 0
44510, 30235494, 1, 0
45003, 32247529, 1, 0
45503, 27124647, 1, 0
46013, 34096777, 1, 0
46512, 32487598, 1, 0
47004, 36938246, 1, 0
47500, 34583615, 1, 0
48012, 29697736, 1, 0
48510, 31294749, 1, 0
49000, 32377138, 1, 0
49518, 28551746, 1, 0
50010, 34590572, 1, 0
50510, 32574360, 1, 0
51012, 32432181, 1, 0
51512, 33600859, 1, 0
52000, 30641475, 1, 0
52518, 29040647, 1, 0
53006, 35326334, 1, 0
53528, 29336067, 1, 0
54011, 29152223, 1, 0
54509, 35023852, 1, 0
55028, 35159535, 1, 0
55511, 30553549, 1, 0
56004, 33726064, 1, 0
56515, 27227166, 1, 0
57002, 33590069, 1, 0
57505, 31406107, 1, 0
58024, 33039523, 1, 0
58505, 31913904, 1, 0
59008, 29683909, 1, 0
59507, 31437481, 1, 0
60002, 30510646, 1, 0
60019, 35286996, 1, 0
