596, 84389097, 1, 0
1103, 159388779, 1, 0
1602, 192946918, 1, 0
2155, 178811465, 1, 0
2527, 169949635, 1, 0
3151, 155265529, 1, 0
3547, 120118120, 1, 0
4159, 137834003, 1, 0
4544, 156438321, 1, 0
5127, 184449735, 1, 0
5501, 173254051, 1, 0
6085, 144997325, 1, 0
6518, 129521402, 1, 0
7104, 134952644, 1, 0
7603, 184066124, 1, 0
8016, 200950887, 1, 0
8573, 154118179, 1, 0
9152, 176507146, 1, 0
9521, 178896960, 1, 0
10077, 179798437, 1, 0
10656, 159757434, 1, 0
11116, 80655608, 1, 0
11669, 176751456, 1, 0
12055, 167215399, 1, 0
12621, 138347378, 1, 0
13014, 170842555, 1, 0
13526, 114962774, 1, 0
14090, 141049239, 1, 0
14600, 164319423, 1, 0
15009, 111082134, 1, 0
15585, 95075553, 1, 0
16001, 126002192, 1, 0
16510, 192260632, 1, 0
17079, 124080570, 1, 0
17625, 137391195, 1, 0
18058, 132873672, 1, 0
18607, 179421108, 1, 0
19126, 178529353, 1, 0
19515, 143531579, 1, 0
20082, 120004839, 1, 0
20646, 188831883, 1, 0
21019, 171072331, 1, 0
21582, 133996567, 1, 0
22128, 117252827, 1, 0
22541, 93205180, 1, 0
23080, 169633124, 1, 0
23504, 121428579, 1, 0
24006, 109899671, 1, 0
24590, 100870064, 1, 0
25012, 139856804, 1, 0
25569, 122205551, 1, 0
26115, 139004756, 1, 0
26505, 175052901, 1, 0
27062, 127946746, 1, 0
27581, 142054468, 1, 0
28151, 104029186, 1, 0
28531, 128797605, 1, 0
29105, 103121613, 1, 0
29637, 126180727, 1, 0
30017, 171321422, 1, 0
30537, 164413609, 1, 0
31129, 127014866, 1, 0
31500, 157188850, 1, 0
32038, 163564197, 1, 0
32613, 176552229, 1, 0
33133, 178844890, 1, 0
33505, 187152297, 1, 0
34162, 125878311, 1, 0
34544, 174214044, 1, 0
35147, 147285125, 1, 0
35509, 118056505, 1, 0
36048, 136875050, 1, 0
36597, 163839625, 1, 0
37171, 150158379, 1, 0
37553, 181762502, 1, 0
38129, 112822767, 1, 0
38517, 184963052, 1, 0
39116, 125401040, 1, 0
39501, 190559590, 1, 0
40057, 127004455, 1, 0
40598, 148386186, 1, 0
41130, 119765727, 1, 0
41514, 118557318, 1, 0
42120, 148785911, 1, 0
42511, 137705818, 1, 0
43096, 112970917, 1, 0
43661, 173121083, 1, 0
44035, 169104673, 1, 0
44596, 133179317, 1, 0
45134, 148752037, 1, 0
45502, 179021750, 1, 0
46066, 152171133, 1, 0
46596, 165901743, 1, 0
47185, 120388667, 1, 0
47578, 132772899, 1, 0
48155, 133631448, 1, 0
48567, 124857186, 1, 0
49133, 126166173, 1, 0
49518, 140295628, 1, 0
50101, 177865050, 1, 0
50657, 222510564, 1, 0
51053, 127643813, 1, 0
51662, 132631622, 1, 0
52049, 175009015, 1, 0
52621, 124976397, 1, 0
53008, 171526289, 1, 0
53611, 122458036, 1, 0
54001, 146043634, 1, 0
54623, 112693225, 1, 0
55015, 128182018, 1, 0
55577, 144270168, 1, 0
56139, 126332856, 1, 0
56531, 175631060, 1, 0
57129, 125750775, 1, 0
57671, 178741440, 1, 0
58032, 168431102, 1, 0
58622, 112840842, 1, 0
59001, 126678415, 1, 0
59607, 147897813, 1, 0
60020, 181881449, 1, 0
60038, 95681850, 1, 0
